CRITICAL - 2023-12-05 12:32:21 --> Too few arguments to function App\Models\getModel::getTotalBayar(), 0 passed in C:\xampp\htdocs\ci-esptpd\dashboard_pasar\app\Controllers\Dashboard.php on line 20 and exactly 2 expected
#0 C:\xampp\htdocs\ci-esptpd\dashboard_pasar\app\Controllers\Dashboard.php(20): App\Models\getModel->getTotalBayar()
#1 C:\xampp\htdocs\ci-esptpd\dashboard_pasar\system\CodeIgniter.php(936): App\Controllers\Dashboard->index()
#2 C:\xampp\htdocs\ci-esptpd\dashboard_pasar\system\CodeIgniter.php(432): CodeIgniter\CodeIgniter->runController(Object(App\Controllers\Dashboard))
#3 C:\xampp\htdocs\ci-esptpd\dashboard_pasar\system\CodeIgniter.php(333): CodeIgniter\CodeIgniter->handleRequest(NULL, Object(Config\Cache), false)
#4 C:\xampp\htdocs\ci-esptpd\dashboard_pasar\index.php(43): CodeIgniter\CodeIgniter->run()
#5 {main}
CRITICAL - 2023-12-05 12:32:58 --> Too few arguments to function App\Models\getModel::getTotalBayar(), 0 passed in C:\xampp\htdocs\ci-esptpd\dashboard_pasar\app\Controllers\Dashboard.php on line 20 and exactly 2 expected
#0 C:\xampp\htdocs\ci-esptpd\dashboard_pasar\app\Controllers\Dashboard.php(20): App\Models\getModel->getTotalBayar()
#1 C:\xampp\htdocs\ci-esptpd\dashboard_pasar\system\CodeIgniter.php(936): App\Controllers\Dashboard->index()
#2 C:\xampp\htdocs\ci-esptpd\dashboard_pasar\system\CodeIgniter.php(432): CodeIgniter\CodeIgniter->runController(Object(App\Controllers\Dashboard))
#3 C:\xampp\htdocs\ci-esptpd\dashboard_pasar\system\CodeIgniter.php(333): CodeIgniter\CodeIgniter->handleRequest(NULL, Object(Config\Cache), false)
#4 C:\xampp\htdocs\ci-esptpd\dashboard_pasar\index.php(43): CodeIgniter\CodeIgniter->run()
#5 {main}
CRITICAL - 2023-12-05 12:34:03 --> Undefined variable: total_bayar
#0 C:\xampp\htdocs\ci-esptpd\dashboard_pasar\app\Controllers\Dashboard.php(29): CodeIgniter\Debug\Exceptions->errorHandler(8, 'Undefined varia...', 'C:\\xampp\\htdocs...', 29, Array)
#1 C:\xampp\htdocs\ci-esptpd\dashboard_pasar\system\CodeIgniter.php(936): App\Controllers\Dashboard->index()
#2 C:\xampp\htdocs\ci-esptpd\dashboard_pasar\system\CodeIgniter.php(432): CodeIgniter\CodeIgniter->runController(Object(App\Controllers\Dashboard))
#3 C:\xampp\htdocs\ci-esptpd\dashboard_pasar\system\CodeIgniter.php(333): CodeIgniter\CodeIgniter->handleRequest(NULL, Object(Config\Cache), false)
#4 C:\xampp\htdocs\ci-esptpd\dashboard_pasar\index.php(43): CodeIgniter\CodeIgniter->run()
#5 {main}
CRITICAL - 2023-12-05 12:34:15 --> Undefined variable: total_bayar
#0 C:\xampp\htdocs\ci-esptpd\dashboard_pasar\app\Views\dashboard.php(50): CodeIgniter\Debug\Exceptions->errorHandler(8, 'Undefined varia...', 'C:\\xampp\\htdocs...', 50, Array)
#1 C:\xampp\htdocs\ci-esptpd\dashboard_pasar\system\View\View.php(220): include('C:\\xampp\\htdocs...')
#2 C:\xampp\htdocs\ci-esptpd\dashboard_pasar\system\View\View.php(222): CodeIgniter\View\View->CodeIgniter\View\{closure}()
#3 C:\xampp\htdocs\ci-esptpd\dashboard_pasar\system\Common.php(1217): CodeIgniter\View\View->render('dashboard', Array, true)
#4 C:\xampp\htdocs\ci-esptpd\dashboard_pasar\app\Controllers\Dashboard.php(36): view('dashboard', Array)
#5 C:\xampp\htdocs\ci-esptpd\dashboard_pasar\system\CodeIgniter.php(936): App\Controllers\Dashboard->index()
#6 C:\xampp\htdocs\ci-esptpd\dashboard_pasar\system\CodeIgniter.php(432): CodeIgniter\CodeIgniter->runController(Object(App\Controllers\Dashboard))
#7 C:\xampp\htdocs\ci-esptpd\dashboard_pasar\system\CodeIgniter.php(333): CodeIgniter\CodeIgniter->handleRequest(NULL, Object(Config\Cache), false)
#8 C:\xampp\htdocs\ci-esptpd\dashboard_pasar\index.php(43): CodeIgniter\CodeIgniter->run()
#9 {main}
ERROR - 2023-12-05 22:08:43 --> ErrorException: pg_query(): Query failed: ERROR:  invalid input syntax for type date: &quot;&quot;
LINE 1: ...etribusi_pasar WHERE DATE(tgl_pembayaran) BETWEEN '' AND '' ...
                                                             ^ in C:\xampp\htdocs\ci-esptpd\dashboard_pasar\system\Database\Postgre\Connection.php:170
Stack trace:
#0 [internal function]: CodeIgniter\Debug\Exceptions->errorHandler(2, 'pg_query(): Que...', 'C:\\xampp\\htdocs...', 170, Array)
#1 C:\xampp\htdocs\ci-esptpd\dashboard_pasar\system\Database\Postgre\Connection.php(170): pg_query(Resource id #113, 'SELECT SUM(tota...')
#2 C:\xampp\htdocs\ci-esptpd\dashboard_pasar\system\Database\BaseConnection.php(685): CodeIgniter\Database\Postgre\Connection->execute('SELECT SUM(tota...')
#3 C:\xampp\htdocs\ci-esptpd\dashboard_pasar\system\Database\BaseConnection.php(621): CodeIgniter\Database\BaseConnection->simpleQuery('SELECT SUM(tota...')
#4 C:\xampp\htdocs\ci-esptpd\dashboard_pasar\app\Models\getModel.php(20): CodeIgniter\Database\BaseConnection->query('SELECT SUM(tota...')
#5 C:\xampp\htdocs\ci-esptpd\dashboard_pasar\app\Controllers\Dashboard.php(41): App\Models\getModel->getTotalBayar(NULL, NULL)
#6 C:\xampp\htdocs\ci-esptpd\dashboard_pasar\system\CodeIgniter.php(936): App\Controllers\Dashboard->get_total_transaksi()
#7 C:\xampp\htdocs\ci-esptpd\dashboard_pasar\system\CodeIgniter.php(432): CodeIgniter\CodeIgniter->runController(Object(App\Controllers\Dashboard))
#8 C:\xampp\htdocs\ci-esptpd\dashboard_pasar\system\CodeIgniter.php(333): CodeIgniter\CodeIgniter->handleRequest(NULL, Object(Config\Cache), false)
#9 C:\xampp\htdocs\ci-esptpd\dashboard_pasar\index.php(43): CodeIgniter\CodeIgniter->run()
#10 {main}
CRITICAL - 2023-12-05 22:08:43 --> pg_query(): Query failed: ERROR:  invalid input syntax for type date: &quot;&quot;
LINE 1: ...etribusi_pasar WHERE DATE(tgl_pembayaran) BETWEEN '' AND '' ...
                                                             ^
#0 [internal function]: CodeIgniter\Debug\Exceptions->errorHandler(2, 'pg_query(): Que...', 'C:\\xampp\\htdocs...', 170, Array)
#1 C:\xampp\htdocs\ci-esptpd\dashboard_pasar\system\Database\Postgre\Connection.php(170): pg_query(Resource id #113, 'SELECT SUM(tota...')
#2 C:\xampp\htdocs\ci-esptpd\dashboard_pasar\system\Database\BaseConnection.php(685): CodeIgniter\Database\Postgre\Connection->execute('SELECT SUM(tota...')
#3 C:\xampp\htdocs\ci-esptpd\dashboard_pasar\system\Database\BaseConnection.php(621): CodeIgniter\Database\BaseConnection->simpleQuery('SELECT SUM(tota...')
#4 C:\xampp\htdocs\ci-esptpd\dashboard_pasar\app\Models\getModel.php(20): CodeIgniter\Database\BaseConnection->query('SELECT SUM(tota...')
#5 C:\xampp\htdocs\ci-esptpd\dashboard_pasar\app\Controllers\Dashboard.php(41): App\Models\getModel->getTotalBayar(NULL, NULL)
#6 C:\xampp\htdocs\ci-esptpd\dashboard_pasar\system\CodeIgniter.php(936): App\Controllers\Dashboard->get_total_transaksi()
#7 C:\xampp\htdocs\ci-esptpd\dashboard_pasar\system\CodeIgniter.php(432): CodeIgniter\CodeIgniter->runController(Object(App\Controllers\Dashboard))
#8 C:\xampp\htdocs\ci-esptpd\dashboard_pasar\system\CodeIgniter.php(333): CodeIgniter\CodeIgniter->handleRequest(NULL, Object(Config\Cache), false)
#9 C:\xampp\htdocs\ci-esptpd\dashboard_pasar\index.php(43): CodeIgniter\CodeIgniter->run()
#10 {main}
