CRITICAL - 2021-11-11 20:05:55 --> Undefined index: NAMA_BADAN_USAHA
#0 E:\adon\Application\Website\Epotensi-Batu\app\Views\hotel\admin\data.php(58): CodeIgniter\Debug\Exceptions->errorHandler(8, 'Undefined index...', 'E:\\adon\\Applica...', 58, Array)
#1 E:\adon\Application\Website\Epotensi-Batu\system\View\View.php(220): include('E:\\adon\\Applica...')
#2 E:\adon\Application\Website\Epotensi-Batu\system\View\View.php(222): CodeIgniter\View\View->CodeIgniter\View\{closure}()
#3 E:\adon\Application\Website\Epotensi-Batu\system\Common.php(1217): CodeIgniter\View\View->render('hotel/admin/dat...', Array, true)
#4 E:\adon\Application\Website\Epotensi-Batu\app\Controllers\Hotel.php(36): view('hotel/admin/dat...', Array)
#5 E:\adon\Application\Website\Epotensi-Batu\system\CodeIgniter.php(936): App\Controllers\Hotel->dataadmin()
#6 E:\adon\Application\Website\Epotensi-Batu\system\CodeIgniter.php(432): CodeIgniter\CodeIgniter->runController(Object(App\Controllers\Hotel))
#7 E:\adon\Application\Website\Epotensi-Batu\system\CodeIgniter.php(333): CodeIgniter\CodeIgniter->handleRequest(NULL, Object(Config\Cache), false)
#8 E:\adon\Application\Website\Epotensi-Batu\public\index.php(44): CodeIgniter\CodeIgniter->run()
#9 E:\adon\Application\Website\Epotensi-Batu\system\Commands\Server\rewrite.php(45): require_once('E:\\adon\\Applica...')
#10 {main}
CRITICAL - 2021-11-11 20:17:12 --> Trying to get property 'username' of non-object
#0 E:\adon\Application\Website\Epotensi-Batu\app\Views\layout\main.php(73): CodeIgniter\Debug\Exceptions->errorHandler(8, 'Trying to get p...', 'E:\\adon\\Applica...', 73, Array)
#1 E:\adon\Application\Website\Epotensi-Batu\system\View\View.php(220): include('E:\\adon\\Applica...')
#2 E:\adon\Application\Website\Epotensi-Batu\system\View\View.php(222): CodeIgniter\View\View->CodeIgniter\View\{closure}()
#3 E:\adon\Application\Website\Epotensi-Batu\system\View\View.php(236): CodeIgniter\View\View->render('layout/main', Array, true)
#4 E:\adon\Application\Website\Epotensi-Batu\system\View\View.php(236): CodeIgniter\View\View->render('layout/menu', Array, true)
#5 E:\adon\Application\Website\Epotensi-Batu\system\Common.php(1217): CodeIgniter\View\View->render('layout/home', Array, true)
#6 E:\adon\Application\Website\Epotensi-Batu\app\Controllers\Layout.php(28): view('layout/home', Array)
#7 E:\adon\Application\Website\Epotensi-Batu\system\CodeIgniter.php(936): App\Controllers\Layout->index()
#8 E:\adon\Application\Website\Epotensi-Batu\system\CodeIgniter.php(432): CodeIgniter\CodeIgniter->runController(Object(App\Controllers\Layout))
#9 E:\adon\Application\Website\Epotensi-Batu\system\CodeIgniter.php(333): CodeIgniter\CodeIgniter->handleRequest(NULL, Object(Config\Cache), false)
#10 E:\adon\Application\Website\Epotensi-Batu\public\index.php(44): CodeIgniter\CodeIgniter->run()
#11 E:\adon\Application\Website\Epotensi-Batu\system\Commands\Server\rewrite.php(45): require_once('E:\\adon\\Applica...')
#12 {main}
CRITICAL - 2021-11-11 20:17:21 --> Trying to get property 'username' of non-object
#0 E:\adon\Application\Website\Epotensi-Batu\app\Views\layout\main.php(73): CodeIgniter\Debug\Exceptions->errorHandler(8, 'Trying to get p...', 'E:\\adon\\Applica...', 73, Array)
#1 E:\adon\Application\Website\Epotensi-Batu\system\View\View.php(220): include('E:\\adon\\Applica...')
#2 E:\adon\Application\Website\Epotensi-Batu\system\View\View.php(222): CodeIgniter\View\View->CodeIgniter\View\{closure}()
#3 E:\adon\Application\Website\Epotensi-Batu\system\View\View.php(236): CodeIgniter\View\View->render('layout/main', Array, true)
#4 E:\adon\Application\Website\Epotensi-Batu\system\View\View.php(236): CodeIgniter\View\View->render('layout/menu', Array, true)
#5 E:\adon\Application\Website\Epotensi-Batu\system\Common.php(1217): CodeIgniter\View\View->render('layout/home', Array, true)
#6 E:\adon\Application\Website\Epotensi-Batu\app\Controllers\Layout.php(28): view('layout/home', Array)
#7 E:\adon\Application\Website\Epotensi-Batu\system\CodeIgniter.php(936): App\Controllers\Layout->index()
#8 E:\adon\Application\Website\Epotensi-Batu\system\CodeIgniter.php(432): CodeIgniter\CodeIgniter->runController(Object(App\Controllers\Layout))
#9 E:\adon\Application\Website\Epotensi-Batu\system\CodeIgniter.php(333): CodeIgniter\CodeIgniter->handleRequest(NULL, Object(Config\Cache), false)
#10 E:\adon\Application\Website\Epotensi-Batu\public\index.php(44): CodeIgniter\CodeIgniter->run()
#11 E:\adon\Application\Website\Epotensi-Batu\system\Commands\Server\rewrite.php(45): require_once('E:\\adon\\Applica...')
#12 {main}
CRITICAL - 2021-11-11 20:17:21 --> Trying to get property 'username' of non-object
#0 E:\adon\Application\Website\Epotensi-Batu\app\Views\layout\main.php(73): CodeIgniter\Debug\Exceptions->errorHandler(8, 'Trying to get p...', 'E:\\adon\\Applica...', 73, Array)
#1 E:\adon\Application\Website\Epotensi-Batu\system\View\View.php(220): include('E:\\adon\\Applica...')
#2 E:\adon\Application\Website\Epotensi-Batu\system\View\View.php(222): CodeIgniter\View\View->CodeIgniter\View\{closure}()
#3 E:\adon\Application\Website\Epotensi-Batu\system\View\View.php(236): CodeIgniter\View\View->render('layout/main', Array, true)
#4 E:\adon\Application\Website\Epotensi-Batu\system\View\View.php(236): CodeIgniter\View\View->render('layout/menu', Array, true)
#5 E:\adon\Application\Website\Epotensi-Batu\system\Common.php(1217): CodeIgniter\View\View->render('layout/home', Array, true)
#6 E:\adon\Application\Website\Epotensi-Batu\app\Controllers\Layout.php(28): view('layout/home', Array)
#7 E:\adon\Application\Website\Epotensi-Batu\system\CodeIgniter.php(936): App\Controllers\Layout->index()
#8 E:\adon\Application\Website\Epotensi-Batu\system\CodeIgniter.php(432): CodeIgniter\CodeIgniter->runController(Object(App\Controllers\Layout))
#9 E:\adon\Application\Website\Epotensi-Batu\system\CodeIgniter.php(333): CodeIgniter\CodeIgniter->handleRequest(NULL, Object(Config\Cache), false)
#10 E:\adon\Application\Website\Epotensi-Batu\public\index.php(44): CodeIgniter\CodeIgniter->run()
#11 E:\adon\Application\Website\Epotensi-Batu\system\Commands\Server\rewrite.php(45): require_once('E:\\adon\\Applica...')
#12 {main}
CRITICAL - 2021-11-11 20:20:29 --> Trying to get property 'username' of non-object
#0 E:\adon\Application\Website\Epotensi-Batu\app\Views\layout\main.php(73): CodeIgniter\Debug\Exceptions->errorHandler(8, 'Trying to get p...', 'E:\\adon\\Applica...', 73, Array)
#1 E:\adon\Application\Website\Epotensi-Batu\system\View\View.php(220): include('E:\\adon\\Applica...')
#2 E:\adon\Application\Website\Epotensi-Batu\system\View\View.php(222): CodeIgniter\View\View->CodeIgniter\View\{closure}()
#3 E:\adon\Application\Website\Epotensi-Batu\system\View\View.php(236): CodeIgniter\View\View->render('layout/main', Array, true)
#4 E:\adon\Application\Website\Epotensi-Batu\system\View\View.php(236): CodeIgniter\View\View->render('layout/menu', Array, true)
#5 E:\adon\Application\Website\Epotensi-Batu\system\Common.php(1217): CodeIgniter\View\View->render('layout/home', Array, true)
#6 E:\adon\Application\Website\Epotensi-Batu\app\Controllers\Layout.php(28): view('layout/home', Array)
#7 E:\adon\Application\Website\Epotensi-Batu\system\CodeIgniter.php(936): App\Controllers\Layout->index()
#8 E:\adon\Application\Website\Epotensi-Batu\system\CodeIgniter.php(432): CodeIgniter\CodeIgniter->runController(Object(App\Controllers\Layout))
#9 E:\adon\Application\Website\Epotensi-Batu\system\CodeIgniter.php(333): CodeIgniter\CodeIgniter->handleRequest(NULL, Object(Config\Cache), false)
#10 E:\adon\Application\Website\Epotensi-Batu\public\index.php(44): CodeIgniter\CodeIgniter->run()
#11 E:\adon\Application\Website\Epotensi-Batu\system\Commands\Server\rewrite.php(45): require_once('E:\\adon\\Applica...')
#12 {main}
