CRITICAL - 2021-12-01 08:55:53 --> Invalid argument supplied for foreach()
#0 C:\xampp\htdocs\e-potensi\app\Views\hotel\admin\editpotensi.php(85): CodeIgniter\Debug\Exceptions->errorHandler(2, 'Invalid argumen...', 'C:\\xampp\\htdocs...', 85, Array)
#1 C:\xampp\htdocs\e-potensi\system\View\View.php(220): include('C:\\xampp\\htdocs...')
#2 C:\xampp\htdocs\e-potensi\system\View\View.php(222): CodeIgniter\View\View->CodeIgniter\View\{closure}()
#3 C:\xampp\htdocs\e-potensi\system\Common.php(1217): CodeIgniter\View\View->render('hotel/admin/edi...', Array, true)
#4 C:\xampp\htdocs\e-potensi\app\Controllers\Hotel.php(457): view('hotel/admin/edi...', Array)
#5 C:\xampp\htdocs\e-potensi\system\CodeIgniter.php(936): App\Controllers\Hotel->editpotensiadmin('28')
#6 C:\xampp\htdocs\e-potensi\system\CodeIgniter.php(432): CodeIgniter\CodeIgniter->runController(Object(App\Controllers\Hotel))
#7 C:\xampp\htdocs\e-potensi\system\CodeIgniter.php(333): CodeIgniter\CodeIgniter->handleRequest(NULL, Object(Config\Cache), false)
#8 C:\xampp\htdocs\e-potensi\public\index.php(44): CodeIgniter\CodeIgniter->run()
#9 {main}
CRITICAL - 2021-12-01 13:17:00 --> Illegal string offset 'nama_objek'
#0 C:\xampp\htdocs\e-potensi\app\Views\restoran\user\editpotensi.php(417): CodeIgniter\Debug\Exceptions->errorHandler(2, 'Illegal string ...', 'C:\\xampp\\htdocs...', 417, Array)
#1 C:\xampp\htdocs\e-potensi\system\View\View.php(220): include('C:\\xampp\\htdocs...')
#2 C:\xampp\htdocs\e-potensi\system\View\View.php(222): CodeIgniter\View\View->CodeIgniter\View\{closure}()
#3 C:\xampp\htdocs\e-potensi\system\Common.php(1217): CodeIgniter\View\View->render('restoran/user/e...', Array, true)
#4 C:\xampp\htdocs\e-potensi\app\Controllers\Restoran.php(443): view('restoran/user/e...', Array)
#5 C:\xampp\htdocs\e-potensi\system\CodeIgniter.php(936): App\Controllers\Restoran->editpotensiuser('14')
#6 C:\xampp\htdocs\e-potensi\system\CodeIgniter.php(432): CodeIgniter\CodeIgniter->runController(Object(App\Controllers\Restoran))
#7 C:\xampp\htdocs\e-potensi\system\CodeIgniter.php(333): CodeIgniter\CodeIgniter->handleRequest(NULL, Object(Config\Cache), false)
#8 C:\xampp\htdocs\e-potensi\public\index.php(44): CodeIgniter\CodeIgniter->run()
#9 {main}
CRITICAL - 2021-12-01 13:17:44 --> Illegal string offset 'nama_objek'
#0 C:\xampp\htdocs\e-potensi\app\Views\restoran\user\editpotensi.php(417): CodeIgniter\Debug\Exceptions->errorHandler(2, 'Illegal string ...', 'C:\\xampp\\htdocs...', 417, Array)
#1 C:\xampp\htdocs\e-potensi\system\View\View.php(220): include('C:\\xampp\\htdocs...')
#2 C:\xampp\htdocs\e-potensi\system\View\View.php(222): CodeIgniter\View\View->CodeIgniter\View\{closure}()
#3 C:\xampp\htdocs\e-potensi\system\Common.php(1217): CodeIgniter\View\View->render('restoran/user/e...', Array, true)
#4 C:\xampp\htdocs\e-potensi\app\Controllers\Restoran.php(443): view('restoran/user/e...', Array)
#5 C:\xampp\htdocs\e-potensi\system\CodeIgniter.php(936): App\Controllers\Restoran->editpotensiuser('14')
#6 C:\xampp\htdocs\e-potensi\system\CodeIgniter.php(432): CodeIgniter\CodeIgniter->runController(Object(App\Controllers\Restoran))
#7 C:\xampp\htdocs\e-potensi\system\CodeIgniter.php(333): CodeIgniter\CodeIgniter->handleRequest(NULL, Object(Config\Cache), false)
#8 C:\xampp\htdocs\e-potensi\public\index.php(44): CodeIgniter\CodeIgniter->run()
#9 {main}
CRITICAL - 2021-12-01 13:19:11 --> Illegal string offset 'nama_objek'
#0 C:\xampp\htdocs\e-potensi\app\Views\restoran\user\editpotensi.php(417): CodeIgniter\Debug\Exceptions->errorHandler(2, 'Illegal string ...', 'C:\\xampp\\htdocs...', 417, Array)
#1 C:\xampp\htdocs\e-potensi\system\View\View.php(220): include('C:\\xampp\\htdocs...')
#2 C:\xampp\htdocs\e-potensi\system\View\View.php(222): CodeIgniter\View\View->CodeIgniter\View\{closure}()
#3 C:\xampp\htdocs\e-potensi\system\Common.php(1217): CodeIgniter\View\View->render('restoran/user/e...', Array, true)
#4 C:\xampp\htdocs\e-potensi\app\Controllers\Restoran.php(443): view('restoran/user/e...', Array)
#5 C:\xampp\htdocs\e-potensi\system\CodeIgniter.php(936): App\Controllers\Restoran->editpotensiuser('14')
#6 C:\xampp\htdocs\e-potensi\system\CodeIgniter.php(432): CodeIgniter\CodeIgniter->runController(Object(App\Controllers\Restoran))
#7 C:\xampp\htdocs\e-potensi\system\CodeIgniter.php(333): CodeIgniter\CodeIgniter->handleRequest(NULL, Object(Config\Cache), false)
#8 C:\xampp\htdocs\e-potensi\public\index.php(44): CodeIgniter\CodeIgniter->run()
#9 {main}
CRITICAL - 2021-12-01 13:19:18 --> Illegal string offset 'nama_objek'
#0 C:\xampp\htdocs\e-potensi\app\Views\restoran\user\editpotensi.php(417): CodeIgniter\Debug\Exceptions->errorHandler(2, 'Illegal string ...', 'C:\\xampp\\htdocs...', 417, Array)
#1 C:\xampp\htdocs\e-potensi\system\View\View.php(220): include('C:\\xampp\\htdocs...')
#2 C:\xampp\htdocs\e-potensi\system\View\View.php(222): CodeIgniter\View\View->CodeIgniter\View\{closure}()
#3 C:\xampp\htdocs\e-potensi\system\Common.php(1217): CodeIgniter\View\View->render('restoran/user/e...', Array, true)
#4 C:\xampp\htdocs\e-potensi\app\Controllers\Restoran.php(443): view('restoran/user/e...', Array)
#5 C:\xampp\htdocs\e-potensi\system\CodeIgniter.php(936): App\Controllers\Restoran->editpotensiuser('14')
#6 C:\xampp\htdocs\e-potensi\system\CodeIgniter.php(432): CodeIgniter\CodeIgniter->runController(Object(App\Controllers\Restoran))
#7 C:\xampp\htdocs\e-potensi\system\CodeIgniter.php(333): CodeIgniter\CodeIgniter->handleRequest(NULL, Object(Config\Cache), false)
#8 C:\xampp\htdocs\e-potensi\public\index.php(44): CodeIgniter\CodeIgniter->run()
#9 {main}
CRITICAL - 2021-12-01 13:21:29 --> Illegal string offset 'username'
#0 C:\xampp\htdocs\e-potensi\app\Views\restoran\user\editpotensi.php(383): CodeIgniter\Debug\Exceptions->errorHandler(2, 'Illegal string ...', 'C:\\xampp\\htdocs...', 383, Array)
#1 C:\xampp\htdocs\e-potensi\system\View\View.php(220): include('C:\\xampp\\htdocs...')
#2 C:\xampp\htdocs\e-potensi\system\View\View.php(222): CodeIgniter\View\View->CodeIgniter\View\{closure}()
#3 C:\xampp\htdocs\e-potensi\system\Common.php(1217): CodeIgniter\View\View->render('restoran/user/e...', Array, true)
#4 C:\xampp\htdocs\e-potensi\app\Controllers\Restoran.php(445): view('restoran/user/e...', Array)
#5 C:\xampp\htdocs\e-potensi\system\CodeIgniter.php(936): App\Controllers\Restoran->editpotensiuser('14')
#6 C:\xampp\htdocs\e-potensi\system\CodeIgniter.php(432): CodeIgniter\CodeIgniter->runController(Object(App\Controllers\Restoran))
#7 C:\xampp\htdocs\e-potensi\system\CodeIgniter.php(333): CodeIgniter\CodeIgniter->handleRequest(NULL, Object(Config\Cache), false)
#8 C:\xampp\htdocs\e-potensi\public\index.php(44): CodeIgniter\CodeIgniter->run()
#9 {main}
CRITICAL - 2021-12-01 13:21:41 --> Illegal string offset 'username'
#0 C:\xampp\htdocs\e-potensi\app\Views\restoran\user\editpotensi.php(383): CodeIgniter\Debug\Exceptions->errorHandler(2, 'Illegal string ...', 'C:\\xampp\\htdocs...', 383, Array)
#1 C:\xampp\htdocs\e-potensi\system\View\View.php(220): include('C:\\xampp\\htdocs...')
#2 C:\xampp\htdocs\e-potensi\system\View\View.php(222): CodeIgniter\View\View->CodeIgniter\View\{closure}()
#3 C:\xampp\htdocs\e-potensi\system\Common.php(1217): CodeIgniter\View\View->render('restoran/user/e...', Array, true)
#4 C:\xampp\htdocs\e-potensi\app\Controllers\Restoran.php(445): view('restoran/user/e...', Array)
#5 C:\xampp\htdocs\e-potensi\system\CodeIgniter.php(936): App\Controllers\Restoran->editpotensiuser('14')
#6 C:\xampp\htdocs\e-potensi\system\CodeIgniter.php(432): CodeIgniter\CodeIgniter->runController(Object(App\Controllers\Restoran))
#7 C:\xampp\htdocs\e-potensi\system\CodeIgniter.php(333): CodeIgniter\CodeIgniter->handleRequest(NULL, Object(Config\Cache), false)
#8 C:\xampp\htdocs\e-potensi\public\index.php(44): CodeIgniter\CodeIgniter->run()
#9 {main}
CRITICAL - 2021-12-01 13:22:04 --> Illegal string offset 'nama_objek'
#0 C:\xampp\htdocs\e-potensi\app\Views\restoran\user\editpotensi.php(417): CodeIgniter\Debug\Exceptions->errorHandler(2, 'Illegal string ...', 'C:\\xampp\\htdocs...', 417, Array)
#1 C:\xampp\htdocs\e-potensi\system\View\View.php(220): include('C:\\xampp\\htdocs...')
#2 C:\xampp\htdocs\e-potensi\system\View\View.php(222): CodeIgniter\View\View->CodeIgniter\View\{closure}()
#3 C:\xampp\htdocs\e-potensi\system\Common.php(1217): CodeIgniter\View\View->render('restoran/user/e...', Array, true)
#4 C:\xampp\htdocs\e-potensi\app\Controllers\Restoran.php(445): view('restoran/user/e...', Array)
#5 C:\xampp\htdocs\e-potensi\system\CodeIgniter.php(936): App\Controllers\Restoran->editpotensiuser('14')
#6 C:\xampp\htdocs\e-potensi\system\CodeIgniter.php(432): CodeIgniter\CodeIgniter->runController(Object(App\Controllers\Restoran))
#7 C:\xampp\htdocs\e-potensi\system\CodeIgniter.php(333): CodeIgniter\CodeIgniter->handleRequest(NULL, Object(Config\Cache), false)
#8 C:\xampp\htdocs\e-potensi\public\index.php(44): CodeIgniter\CodeIgniter->run()
#9 {main}
CRITICAL - 2021-12-01 13:24:31 --> Illegal string offset 'nama_objek'
#0 C:\xampp\htdocs\e-potensi\app\Views\restoran\user\editpotensi.php(417): CodeIgniter\Debug\Exceptions->errorHandler(2, 'Illegal string ...', 'C:\\xampp\\htdocs...', 417, Array)
#1 C:\xampp\htdocs\e-potensi\system\View\View.php(220): include('C:\\xampp\\htdocs...')
#2 C:\xampp\htdocs\e-potensi\system\View\View.php(222): CodeIgniter\View\View->CodeIgniter\View\{closure}()
#3 C:\xampp\htdocs\e-potensi\system\Common.php(1217): CodeIgniter\View\View->render('restoran/user/e...', Array, true)
#4 C:\xampp\htdocs\e-potensi\app\Controllers\Restoran.php(443): view('restoran/user/e...', Array)
#5 C:\xampp\htdocs\e-potensi\system\CodeIgniter.php(936): App\Controllers\Restoran->editpotensiuser('14')
#6 C:\xampp\htdocs\e-potensi\system\CodeIgniter.php(432): CodeIgniter\CodeIgniter->runController(Object(App\Controllers\Restoran))
#7 C:\xampp\htdocs\e-potensi\system\CodeIgniter.php(333): CodeIgniter\CodeIgniter->handleRequest(NULL, Object(Config\Cache), false)
#8 C:\xampp\htdocs\e-potensi\public\index.php(44): CodeIgniter\CodeIgniter->run()
#9 {main}
CRITICAL - 2021-12-01 13:24:54 --> Illegal string offset 'username'
#0 C:\xampp\htdocs\e-potensi\app\Views\restoran\user\editpotensi.php(148): CodeIgniter\Debug\Exceptions->errorHandler(2, 'Illegal string ...', 'C:\\xampp\\htdocs...', 148, Array)
#1 C:\xampp\htdocs\e-potensi\system\View\View.php(220): include('C:\\xampp\\htdocs...')
#2 C:\xampp\htdocs\e-potensi\system\View\View.php(222): CodeIgniter\View\View->CodeIgniter\View\{closure}()
#3 C:\xampp\htdocs\e-potensi\system\Common.php(1217): CodeIgniter\View\View->render('restoran/user/e...', Array, true)
#4 C:\xampp\htdocs\e-potensi\app\Controllers\Restoran.php(443): view('restoran/user/e...', Array)
#5 C:\xampp\htdocs\e-potensi\system\CodeIgniter.php(936): App\Controllers\Restoran->editpotensiuser('14')
#6 C:\xampp\htdocs\e-potensi\system\CodeIgniter.php(432): CodeIgniter\CodeIgniter->runController(Object(App\Controllers\Restoran))
#7 C:\xampp\htdocs\e-potensi\system\CodeIgniter.php(333): CodeIgniter\CodeIgniter->handleRequest(NULL, Object(Config\Cache), false)
#8 C:\xampp\htdocs\e-potensi\public\index.php(44): CodeIgniter\CodeIgniter->run()
#9 {main}
CRITICAL - 2021-12-01 00:26:19 --> Argument 2 passed to CodeIgniter\Database\BaseBuilder::set() must be of the type string or null, array given, called in C:\xampp\htdocs\e-potensi\system\Model.php on line 350
#0 C:\xampp\htdocs\e-potensi\system\Model.php(350): CodeIgniter\Database\BaseBuilder->set('meja_tersedia', Array, NULL)
#1 C:\xampp\htdocs\e-potensi\system\BaseModel.php(901): CodeIgniter\Model->doUpdate(Array, Array)
#2 C:\xampp\htdocs\e-potensi\system\Model.php(737): CodeIgniter\BaseModel->update(Array, Array)
#3 C:\xampp\htdocs\e-potensi\system\BaseModel.php(663): CodeIgniter\Model->update('14', Array)
#4 C:\xampp\htdocs\e-potensi\app\Controllers\Restoran.php(566): CodeIgniter\BaseModel->save(Array)
#5 C:\xampp\htdocs\e-potensi\system\CodeIgniter.php(936): App\Controllers\Restoran->updatepotensiuser('14')
#6 C:\xampp\htdocs\e-potensi\system\CodeIgniter.php(432): CodeIgniter\CodeIgniter->runController(Object(App\Controllers\Restoran))
#7 C:\xampp\htdocs\e-potensi\system\CodeIgniter.php(333): CodeIgniter\CodeIgniter->handleRequest(NULL, Object(Config\Cache), false)
#8 C:\xampp\htdocs\e-potensi\public\index.php(44): CodeIgniter\CodeIgniter->run()
#9 {main}
CRITICAL - 2021-12-01 14:39:59 --> Invalid argument supplied for foreach()
#0 C:\xampp\htdocs\e-potensi\app\Views\hotel\admin\editpotensi.php(85): CodeIgniter\Debug\Exceptions->errorHandler(2, 'Invalid argumen...', 'C:\\xampp\\htdocs...', 85, Array)
#1 C:\xampp\htdocs\e-potensi\system\View\View.php(220): include('C:\\xampp\\htdocs...')
#2 C:\xampp\htdocs\e-potensi\system\View\View.php(222): CodeIgniter\View\View->CodeIgniter\View\{closure}()
#3 C:\xampp\htdocs\e-potensi\system\Common.php(1217): CodeIgniter\View\View->render('hotel/admin/edi...', Array, true)
#4 C:\xampp\htdocs\e-potensi\app\Controllers\Hotel.php(457): view('hotel/admin/edi...', Array)
#5 C:\xampp\htdocs\e-potensi\system\CodeIgniter.php(936): App\Controllers\Hotel->editpotensiadmin('28')
#6 C:\xampp\htdocs\e-potensi\system\CodeIgniter.php(432): CodeIgniter\CodeIgniter->runController(Object(App\Controllers\Hotel))
#7 C:\xampp\htdocs\e-potensi\system\CodeIgniter.php(333): CodeIgniter\CodeIgniter->handleRequest(NULL, Object(Config\Cache), false)
#8 C:\xampp\htdocs\e-potensi\public\index.php(44): CodeIgniter\CodeIgniter->run()
#9 {main}
CRITICAL - 2021-12-01 14:40:09 --> Invalid argument supplied for foreach()
#0 C:\xampp\htdocs\e-potensi\app\Views\hotel\admin\editpotensi.php(85): CodeIgniter\Debug\Exceptions->errorHandler(2, 'Invalid argumen...', 'C:\\xampp\\htdocs...', 85, Array)
#1 C:\xampp\htdocs\e-potensi\system\View\View.php(220): include('C:\\xampp\\htdocs...')
#2 C:\xampp\htdocs\e-potensi\system\View\View.php(222): CodeIgniter\View\View->CodeIgniter\View\{closure}()
#3 C:\xampp\htdocs\e-potensi\system\Common.php(1217): CodeIgniter\View\View->render('hotel/admin/edi...', Array, true)
#4 C:\xampp\htdocs\e-potensi\app\Controllers\Hotel.php(457): view('hotel/admin/edi...', Array)
#5 C:\xampp\htdocs\e-potensi\system\CodeIgniter.php(936): App\Controllers\Hotel->editpotensiadmin('28')
#6 C:\xampp\htdocs\e-potensi\system\CodeIgniter.php(432): CodeIgniter\CodeIgniter->runController(Object(App\Controllers\Hotel))
#7 C:\xampp\htdocs\e-potensi\system\CodeIgniter.php(333): CodeIgniter\CodeIgniter->handleRequest(NULL, Object(Config\Cache), false)
#8 C:\xampp\htdocs\e-potensi\public\index.php(44): CodeIgniter\CodeIgniter->run()
#9 {main}
CRITICAL - 2021-12-01 14:41:07 --> Invalid argument supplied for foreach()
#0 C:\xampp\htdocs\e-potensi\app\Views\hotel\admin\editpotensi.php(85): CodeIgniter\Debug\Exceptions->errorHandler(2, 'Invalid argumen...', 'C:\\xampp\\htdocs...', 85, Array)
#1 C:\xampp\htdocs\e-potensi\system\View\View.php(220): include('C:\\xampp\\htdocs...')
#2 C:\xampp\htdocs\e-potensi\system\View\View.php(222): CodeIgniter\View\View->CodeIgniter\View\{closure}()
#3 C:\xampp\htdocs\e-potensi\system\Common.php(1217): CodeIgniter\View\View->render('hotel/admin/edi...', Array, true)
#4 C:\xampp\htdocs\e-potensi\app\Controllers\Hotel.php(457): view('hotel/admin/edi...', Array)
#5 C:\xampp\htdocs\e-potensi\system\CodeIgniter.php(936): App\Controllers\Hotel->editpotensiadmin('28')
#6 C:\xampp\htdocs\e-potensi\system\CodeIgniter.php(432): CodeIgniter\CodeIgniter->runController(Object(App\Controllers\Hotel))
#7 C:\xampp\htdocs\e-potensi\system\CodeIgniter.php(333): CodeIgniter\CodeIgniter->handleRequest(NULL, Object(Config\Cache), false)
#8 C:\xampp\htdocs\e-potensi\public\index.php(44): CodeIgniter\CodeIgniter->run()
#9 {main}
CRITICAL - 2021-12-01 14:43:10 --> Illegal string offset 'jenis_kamar'
#0 C:\xampp\htdocs\e-potensi\app\Views\hotel\admin\editpotensi.php(87): CodeIgniter\Debug\Exceptions->errorHandler(2, 'Illegal string ...', 'C:\\xampp\\htdocs...', 87, Array)
#1 C:\xampp\htdocs\e-potensi\system\View\View.php(220): include('C:\\xampp\\htdocs...')
#2 C:\xampp\htdocs\e-potensi\system\View\View.php(222): CodeIgniter\View\View->CodeIgniter\View\{closure}()
#3 C:\xampp\htdocs\e-potensi\system\Common.php(1217): CodeIgniter\View\View->render('hotel/admin/edi...', Array, true)
#4 C:\xampp\htdocs\e-potensi\app\Controllers\Hotel.php(457): view('hotel/admin/edi...', Array)
#5 C:\xampp\htdocs\e-potensi\system\CodeIgniter.php(936): App\Controllers\Hotel->editpotensiadmin('28')
#6 C:\xampp\htdocs\e-potensi\system\CodeIgniter.php(432): CodeIgniter\CodeIgniter->runController(Object(App\Controllers\Hotel))
#7 C:\xampp\htdocs\e-potensi\system\CodeIgniter.php(333): CodeIgniter\CodeIgniter->handleRequest(NULL, Object(Config\Cache), false)
#8 C:\xampp\htdocs\e-potensi\public\index.php(44): CodeIgniter\CodeIgniter->run()
#9 {main}
CRITICAL - 2021-12-01 14:45:53 --> Allowed memory size of 536870912 bytes exhausted (tried to allocate 266354688 bytes)
#0 [internal function]: CodeIgniter\Debug\Exceptions->shutdownHandler()
#1 {main}
ERROR - 2021-12-01 02:21:40 --> mysqli_sql_exception: Unknown column 'role_id' in 'where clause' in C:\xampp\htdocs\e-potensi\system\Database\MySQLi\Connection.php:314
Stack trace:
#0 C:\xampp\htdocs\e-potensi\system\Database\MySQLi\Connection.php(314): mysqli->query('SELECT *\nFROM `...')
#1 C:\xampp\htdocs\e-potensi\system\Database\BaseConnection.php(713): CodeIgniter\Database\MySQLi\Connection->execute('SELECT *\nFROM `...')
#2 C:\xampp\htdocs\e-potensi\system\Database\BaseConnection.php(641): CodeIgniter\Database\BaseConnection->simpleQuery('SELECT *\nFROM `...')
#3 C:\xampp\htdocs\e-potensi\system\Database\BaseBuilder.php(2035): CodeIgniter\Database\BaseConnection->query('SELECT *\nFROM `...', Array, false)
#4 C:\xampp\htdocs\e-potensi\system\Model.php(836): CodeIgniter\Database\BaseBuilder->getWhere(Array)
#5 C:\xampp\htdocs\e-potensi\app\Controllers\Pengaturan.php(770): CodeIgniter\Model->__call('getWhere', Array)
#6 C:\xampp\htdocs\e-potensi\system\CodeIgniter.php(936): App\Controllers\Pengaturan->roleaccess('1')
#7 C:\xampp\htdocs\e-potensi\system\CodeIgniter.php(432): CodeIgniter\CodeIgniter->runController(Object(App\Controllers\Pengaturan))
#8 C:\xampp\htdocs\e-potensi\system\CodeIgniter.php(333): CodeIgniter\CodeIgniter->handleRequest(NULL, Object(Config\Cache), false)
#9 C:\xampp\htdocs\e-potensi\public\index.php(44): CodeIgniter\CodeIgniter->run()
#10 {main}
CRITICAL - 2021-12-01 02:21:40 --> Unknown column 'role_id' in 'where clause'
#0 C:\xampp\htdocs\e-potensi\system\Database\MySQLi\Connection.php(314): mysqli->query('SELECT *\nFROM `...')
#1 C:\xampp\htdocs\e-potensi\system\Database\BaseConnection.php(713): CodeIgniter\Database\MySQLi\Connection->execute('SELECT *\nFROM `...')
#2 C:\xampp\htdocs\e-potensi\system\Database\BaseConnection.php(641): CodeIgniter\Database\BaseConnection->simpleQuery('SELECT *\nFROM `...')
#3 C:\xampp\htdocs\e-potensi\system\Database\BaseBuilder.php(2035): CodeIgniter\Database\BaseConnection->query('SELECT *\nFROM `...', Array, false)
#4 C:\xampp\htdocs\e-potensi\system\Model.php(836): CodeIgniter\Database\BaseBuilder->getWhere(Array)
#5 C:\xampp\htdocs\e-potensi\app\Controllers\Pengaturan.php(770): CodeIgniter\Model->__call('getWhere', Array)
#6 C:\xampp\htdocs\e-potensi\system\CodeIgniter.php(936): App\Controllers\Pengaturan->roleaccess('1')
#7 C:\xampp\htdocs\e-potensi\system\CodeIgniter.php(432): CodeIgniter\CodeIgniter->runController(Object(App\Controllers\Pengaturan))
#8 C:\xampp\htdocs\e-potensi\system\CodeIgniter.php(333): CodeIgniter\CodeIgniter->handleRequest(NULL, Object(Config\Cache), false)
#9 C:\xampp\htdocs\e-potensi\public\index.php(44): CodeIgniter\CodeIgniter->run()
#10 {main}
ERROR - 2021-12-01 02:21:45 --> mysqli_sql_exception: Unknown column 'role_id' in 'where clause' in C:\xampp\htdocs\e-potensi\system\Database\MySQLi\Connection.php:314
Stack trace:
#0 C:\xampp\htdocs\e-potensi\system\Database\MySQLi\Connection.php(314): mysqli->query('SELECT *\nFROM `...')
#1 C:\xampp\htdocs\e-potensi\system\Database\BaseConnection.php(713): CodeIgniter\Database\MySQLi\Connection->execute('SELECT *\nFROM `...')
#2 C:\xampp\htdocs\e-potensi\system\Database\BaseConnection.php(641): CodeIgniter\Database\BaseConnection->simpleQuery('SELECT *\nFROM `...')
#3 C:\xampp\htdocs\e-potensi\system\Database\BaseBuilder.php(2035): CodeIgniter\Database\BaseConnection->query('SELECT *\nFROM `...', Array, false)
#4 C:\xampp\htdocs\e-potensi\system\Model.php(836): CodeIgniter\Database\BaseBuilder->getWhere(Array)
#5 C:\xampp\htdocs\e-potensi\app\Controllers\Pengaturan.php(770): CodeIgniter\Model->__call('getWhere', Array)
#6 C:\xampp\htdocs\e-potensi\system\CodeIgniter.php(936): App\Controllers\Pengaturan->roleaccess('1')
#7 C:\xampp\htdocs\e-potensi\system\CodeIgniter.php(432): CodeIgniter\CodeIgniter->runController(Object(App\Controllers\Pengaturan))
#8 C:\xampp\htdocs\e-potensi\system\CodeIgniter.php(333): CodeIgniter\CodeIgniter->handleRequest(NULL, Object(Config\Cache), false)
#9 C:\xampp\htdocs\e-potensi\public\index.php(44): CodeIgniter\CodeIgniter->run()
#10 {main}
CRITICAL - 2021-12-01 02:21:45 --> Unknown column 'role_id' in 'where clause'
#0 C:\xampp\htdocs\e-potensi\system\Database\MySQLi\Connection.php(314): mysqli->query('SELECT *\nFROM `...')
#1 C:\xampp\htdocs\e-potensi\system\Database\BaseConnection.php(713): CodeIgniter\Database\MySQLi\Connection->execute('SELECT *\nFROM `...')
#2 C:\xampp\htdocs\e-potensi\system\Database\BaseConnection.php(641): CodeIgniter\Database\BaseConnection->simpleQuery('SELECT *\nFROM `...')
#3 C:\xampp\htdocs\e-potensi\system\Database\BaseBuilder.php(2035): CodeIgniter\Database\BaseConnection->query('SELECT *\nFROM `...', Array, false)
#4 C:\xampp\htdocs\e-potensi\system\Model.php(836): CodeIgniter\Database\BaseBuilder->getWhere(Array)
#5 C:\xampp\htdocs\e-potensi\app\Controllers\Pengaturan.php(770): CodeIgniter\Model->__call('getWhere', Array)
#6 C:\xampp\htdocs\e-potensi\system\CodeIgniter.php(936): App\Controllers\Pengaturan->roleaccess('1')
#7 C:\xampp\htdocs\e-potensi\system\CodeIgniter.php(432): CodeIgniter\CodeIgniter->runController(Object(App\Controllers\Pengaturan))
#8 C:\xampp\htdocs\e-potensi\system\CodeIgniter.php(333): CodeIgniter\CodeIgniter->handleRequest(NULL, Object(Config\Cache), false)
#9 C:\xampp\htdocs\e-potensi\public\index.php(44): CodeIgniter\CodeIgniter->run()
#10 {main}
ERROR - 2021-12-01 02:21:58 --> mysqli_sql_exception: Unknown column 'role_id' in 'where clause' in C:\xampp\htdocs\e-potensi\system\Database\MySQLi\Connection.php:314
Stack trace:
#0 C:\xampp\htdocs\e-potensi\system\Database\MySQLi\Connection.php(314): mysqli->query('SELECT *\nFROM `...')
#1 C:\xampp\htdocs\e-potensi\system\Database\BaseConnection.php(713): CodeIgniter\Database\MySQLi\Connection->execute('SELECT *\nFROM `...')
#2 C:\xampp\htdocs\e-potensi\system\Database\BaseConnection.php(641): CodeIgniter\Database\BaseConnection->simpleQuery('SELECT *\nFROM `...')
#3 C:\xampp\htdocs\e-potensi\system\Database\BaseBuilder.php(2035): CodeIgniter\Database\BaseConnection->query('SELECT *\nFROM `...', Array, false)
#4 C:\xampp\htdocs\e-potensi\system\Model.php(836): CodeIgniter\Database\BaseBuilder->getWhere(Array)
#5 C:\xampp\htdocs\e-potensi\app\Controllers\Pengaturan.php(770): CodeIgniter\Model->__call('getWhere', Array)
#6 C:\xampp\htdocs\e-potensi\system\CodeIgniter.php(936): App\Controllers\Pengaturan->roleaccess('1')
#7 C:\xampp\htdocs\e-potensi\system\CodeIgniter.php(432): CodeIgniter\CodeIgniter->runController(Object(App\Controllers\Pengaturan))
#8 C:\xampp\htdocs\e-potensi\system\CodeIgniter.php(333): CodeIgniter\CodeIgniter->handleRequest(NULL, Object(Config\Cache), false)
#9 C:\xampp\htdocs\e-potensi\public\index.php(44): CodeIgniter\CodeIgniter->run()
#10 {main}
ERROR - 2021-12-01 02:22:27 --> mysqli_sql_exception: Unknown column 'role_id' in 'where clause' in C:\xampp\htdocs\e-potensi\system\Database\MySQLi\Connection.php:314
Stack trace:
#0 C:\xampp\htdocs\e-potensi\system\Database\MySQLi\Connection.php(314): mysqli->query('SELECT *\nFROM `...')
#1 C:\xampp\htdocs\e-potensi\system\Database\BaseConnection.php(713): CodeIgniter\Database\MySQLi\Connection->execute('SELECT *\nFROM `...')
#2 C:\xampp\htdocs\e-potensi\system\Database\BaseConnection.php(641): CodeIgniter\Database\BaseConnection->simpleQuery('SELECT *\nFROM `...')
#3 C:\xampp\htdocs\e-potensi\system\Database\BaseBuilder.php(2035): CodeIgniter\Database\BaseConnection->query('SELECT *\nFROM `...', Array, false)
#4 C:\xampp\htdocs\e-potensi\system\Model.php(836): CodeIgniter\Database\BaseBuilder->getWhere(Array)
#5 C:\xampp\htdocs\e-potensi\app\Controllers\Pengaturan.php(770): CodeIgniter\Model->__call('getWhere', Array)
#6 C:\xampp\htdocs\e-potensi\system\CodeIgniter.php(936): App\Controllers\Pengaturan->roleaccess('1')
#7 C:\xampp\htdocs\e-potensi\system\CodeIgniter.php(432): CodeIgniter\CodeIgniter->runController(Object(App\Controllers\Pengaturan))
#8 C:\xampp\htdocs\e-potensi\system\CodeIgniter.php(333): CodeIgniter\CodeIgniter->handleRequest(NULL, Object(Config\Cache), false)
#9 C:\xampp\htdocs\e-potensi\public\index.php(44): CodeIgniter\CodeIgniter->run()
#10 {main}
CRITICAL - 2021-12-01 02:22:27 --> Unknown column 'role_id' in 'where clause'
#0 C:\xampp\htdocs\e-potensi\system\Database\MySQLi\Connection.php(314): mysqli->query('SELECT *\nFROM `...')
#1 C:\xampp\htdocs\e-potensi\system\Database\BaseConnection.php(713): CodeIgniter\Database\MySQLi\Connection->execute('SELECT *\nFROM `...')
#2 C:\xampp\htdocs\e-potensi\system\Database\BaseConnection.php(641): CodeIgniter\Database\BaseConnection->simpleQuery('SELECT *\nFROM `...')
#3 C:\xampp\htdocs\e-potensi\system\Database\BaseBuilder.php(2035): CodeIgniter\Database\BaseConnection->query('SELECT *\nFROM `...', Array, false)
#4 C:\xampp\htdocs\e-potensi\system\Model.php(836): CodeIgniter\Database\BaseBuilder->getWhere(Array)
#5 C:\xampp\htdocs\e-potensi\app\Controllers\Pengaturan.php(770): CodeIgniter\Model->__call('getWhere', Array)
#6 C:\xampp\htdocs\e-potensi\system\CodeIgniter.php(936): App\Controllers\Pengaturan->roleaccess('1')
#7 C:\xampp\htdocs\e-potensi\system\CodeIgniter.php(432): CodeIgniter\CodeIgniter->runController(Object(App\Controllers\Pengaturan))
#8 C:\xampp\htdocs\e-potensi\system\CodeIgniter.php(333): CodeIgniter\CodeIgniter->handleRequest(NULL, Object(Config\Cache), false)
#9 C:\xampp\htdocs\e-potensi\public\index.php(44): CodeIgniter\CodeIgniter->run()
#10 {main}
ERROR - 2021-12-01 02:22:40 --> mysqli_sql_exception: Unknown column 'role_id' in 'where clause' in C:\xampp\htdocs\e-potensi\system\Database\MySQLi\Connection.php:314
Stack trace:
#0 C:\xampp\htdocs\e-potensi\system\Database\MySQLi\Connection.php(314): mysqli->query('SELECT *\nFROM `...')
#1 C:\xampp\htdocs\e-potensi\system\Database\BaseConnection.php(713): CodeIgniter\Database\MySQLi\Connection->execute('SELECT *\nFROM `...')
#2 C:\xampp\htdocs\e-potensi\system\Database\BaseConnection.php(641): CodeIgniter\Database\BaseConnection->simpleQuery('SELECT *\nFROM `...')
#3 C:\xampp\htdocs\e-potensi\system\Database\BaseBuilder.php(2035): CodeIgniter\Database\BaseConnection->query('SELECT *\nFROM `...', Array, false)
#4 C:\xampp\htdocs\e-potensi\system\Model.php(836): CodeIgniter\Database\BaseBuilder->getWhere(Array)
#5 C:\xampp\htdocs\e-potensi\app\Controllers\Pengaturan.php(770): CodeIgniter\Model->__call('getWhere', Array)
#6 C:\xampp\htdocs\e-potensi\system\CodeIgniter.php(936): App\Controllers\Pengaturan->roleaccess('1')
#7 C:\xampp\htdocs\e-potensi\system\CodeIgniter.php(432): CodeIgniter\CodeIgniter->runController(Object(App\Controllers\Pengaturan))
#8 C:\xampp\htdocs\e-potensi\system\CodeIgniter.php(333): CodeIgniter\CodeIgniter->handleRequest(NULL, Object(Config\Cache), false)
#9 C:\xampp\htdocs\e-potensi\public\index.php(44): CodeIgniter\CodeIgniter->run()
#10 {main}
CRITICAL - 2021-12-01 02:22:40 --> Call to undefined method CodeIgniter\Database\MySQLi\Result::first()
#0 C:\xampp\htdocs\e-potensi\system\CodeIgniter.php(936): App\Controllers\Pengaturan->roleaccess('1')
#1 C:\xampp\htdocs\e-potensi\system\CodeIgniter.php(432): CodeIgniter\CodeIgniter->runController(Object(App\Controllers\Pengaturan))
#2 C:\xampp\htdocs\e-potensi\system\CodeIgniter.php(333): CodeIgniter\CodeIgniter->handleRequest(NULL, Object(Config\Cache), false)
#3 C:\xampp\htdocs\e-potensi\public\index.php(44): CodeIgniter\CodeIgniter->run()
#4 {main}
CRITICAL - 2021-12-01 02:35:26 --> Invalid argument supplied for foreach()
#0 C:\xampp\htdocs\e-potensi\app\Views\menu\roleaccess.php(26): CodeIgniter\Debug\Exceptions->errorHandler(2, 'Invalid argumen...', 'C:\\xampp\\htdocs...', 26, Array)
#1 C:\xampp\htdocs\e-potensi\system\View\View.php(220): include('C:\\xampp\\htdocs...')
#2 C:\xampp\htdocs\e-potensi\system\View\View.php(222): CodeIgniter\View\View->CodeIgniter\View\{closure}()
#3 C:\xampp\htdocs\e-potensi\system\Common.php(1217): CodeIgniter\View\View->render('menu/roleaccess', Array, true)
#4 C:\xampp\htdocs\e-potensi\app\Controllers\Pengaturan.php(777): view('menu/roleaccess', Array)
#5 C:\xampp\htdocs\e-potensi\system\CodeIgniter.php(936): App\Controllers\Pengaturan->roleaccess('1')
#6 C:\xampp\htdocs\e-potensi\system\CodeIgniter.php(432): CodeIgniter\CodeIgniter->runController(Object(App\Controllers\Pengaturan))
#7 C:\xampp\htdocs\e-potensi\system\CodeIgniter.php(333): CodeIgniter\CodeIgniter->handleRequest(NULL, Object(Config\Cache), false)
#8 C:\xampp\htdocs\e-potensi\public\index.php(44): CodeIgniter\CodeIgniter->run()
#9 {main}
CRITICAL - 2021-12-01 02:35:41 --> Undefined variable: menu
#0 C:\xampp\htdocs\e-potensi\app\Views\menu\roleaccess.php(26): CodeIgniter\Debug\Exceptions->errorHandler(8, 'Undefined varia...', 'C:\\xampp\\htdocs...', 26, Array)
#1 C:\xampp\htdocs\e-potensi\system\View\View.php(220): include('C:\\xampp\\htdocs...')
#2 C:\xampp\htdocs\e-potensi\system\View\View.php(222): CodeIgniter\View\View->CodeIgniter\View\{closure}()
#3 C:\xampp\htdocs\e-potensi\system\Common.php(1217): CodeIgniter\View\View->render('menu/roleaccess', Array, true)
#4 C:\xampp\htdocs\e-potensi\app\Controllers\Pengaturan.php(777): view('menu/roleaccess', Array)
#5 C:\xampp\htdocs\e-potensi\system\CodeIgniter.php(936): App\Controllers\Pengaturan->roleaccess('1')
#6 C:\xampp\htdocs\e-potensi\system\CodeIgniter.php(432): CodeIgniter\CodeIgniter->runController(Object(App\Controllers\Pengaturan))
#7 C:\xampp\htdocs\e-potensi\system\CodeIgniter.php(333): CodeIgniter\CodeIgniter->handleRequest(NULL, Object(Config\Cache), false)
#8 C:\xampp\htdocs\e-potensi\public\index.php(44): CodeIgniter\CodeIgniter->run()
#9 {main}
CRITICAL - 2021-12-01 03:02:13 --> Call to undefined function check_access()
#0 C:\xampp\htdocs\e-potensi\system\View\View.php(220): include()
#1 C:\xampp\htdocs\e-potensi\system\View\View.php(222): CodeIgniter\View\View->CodeIgniter\View\{closure}()
#2 C:\xampp\htdocs\e-potensi\system\Common.php(1217): CodeIgniter\View\View->render('menu/roleaccess', Array, true)
#3 C:\xampp\htdocs\e-potensi\app\Controllers\Pengaturan.php(778): view('menu/roleaccess', Array)
#4 C:\xampp\htdocs\e-potensi\system\CodeIgniter.php(936): App\Controllers\Pengaturan->roleaccess('1')
#5 C:\xampp\htdocs\e-potensi\system\CodeIgniter.php(432): CodeIgniter\CodeIgniter->runController(Object(App\Controllers\Pengaturan))
#6 C:\xampp\htdocs\e-potensi\system\CodeIgniter.php(333): CodeIgniter\CodeIgniter->handleRequest(NULL, Object(Config\Cache), false)
#7 C:\xampp\htdocs\e-potensi\public\index.php(44): CodeIgniter\CodeIgniter->run()
#8 {main}
CRITICAL - 2021-12-01 04:13:07 --> Call to undefined function check_access()
#0 C:\xampp\htdocs\e-potensi\system\View\View.php(220): include()
#1 C:\xampp\htdocs\e-potensi\system\View\View.php(222): CodeIgniter\View\View->CodeIgniter\View\{closure}()
#2 C:\xampp\htdocs\e-potensi\system\Common.php(1217): CodeIgniter\View\View->render('menu/roleaccess', Array, true)
#3 C:\xampp\htdocs\e-potensi\app\Controllers\Pengaturan.php(778): view('menu/roleaccess', Array)
#4 C:\xampp\htdocs\e-potensi\system\CodeIgniter.php(936): App\Controllers\Pengaturan->roleaccess('1')
#5 C:\xampp\htdocs\e-potensi\system\CodeIgniter.php(432): CodeIgniter\CodeIgniter->runController(Object(App\Controllers\Pengaturan))
#6 C:\xampp\htdocs\e-potensi\system\CodeIgniter.php(333): CodeIgniter\CodeIgniter->handleRequest(NULL, Object(Config\Cache), false)
#7 C:\xampp\htdocs\e-potensi\public\index.php(44): CodeIgniter\CodeIgniter->run()
#8 {main}
CRITICAL - 2021-12-01 06:49:50 --> syntax error, unexpected '}', expecting ';'
#0 C:\xampp\htdocs\e-potensi\system\Controller.php(92): helper(Array)
#1 C:\xampp\htdocs\e-potensi\app\Controllers\BaseController.php(49): CodeIgniter\Controller->initController(Object(CodeIgniter\HTTP\IncomingRequest), Object(CodeIgniter\HTTP\Response), Object(CodeIgniter\Log\Logger))
#2 C:\xampp\htdocs\e-potensi\system\CodeIgniter.php(909): App\Controllers\BaseController->initController(Object(CodeIgniter\HTTP\IncomingRequest), Object(CodeIgniter\HTTP\Response), Object(CodeIgniter\Log\Logger))
#3 C:\xampp\htdocs\e-potensi\system\CodeIgniter.php(422): CodeIgniter\CodeIgniter->createController()
#4 C:\xampp\htdocs\e-potensi\system\CodeIgniter.php(333): CodeIgniter\CodeIgniter->handleRequest(NULL, Object(Config\Cache), false)
#5 C:\xampp\htdocs\e-potensi\public\index.php(44): CodeIgniter\CodeIgniter->run()
#6 {main}
CRITICAL - 2021-12-01 06:50:02 --> syntax error, unexpected '}', expecting ';'
#0 C:\xampp\htdocs\e-potensi\system\Controller.php(92): helper(Array)
#1 C:\xampp\htdocs\e-potensi\app\Controllers\BaseController.php(49): CodeIgniter\Controller->initController(Object(CodeIgniter\HTTP\IncomingRequest), Object(CodeIgniter\HTTP\Response), Object(CodeIgniter\Log\Logger))
#2 C:\xampp\htdocs\e-potensi\system\CodeIgniter.php(909): App\Controllers\BaseController->initController(Object(CodeIgniter\HTTP\IncomingRequest), Object(CodeIgniter\HTTP\Response), Object(CodeIgniter\Log\Logger))
#3 C:\xampp\htdocs\e-potensi\system\CodeIgniter.php(422): CodeIgniter\CodeIgniter->createController()
#4 C:\xampp\htdocs\e-potensi\system\CodeIgniter.php(333): CodeIgniter\CodeIgniter->handleRequest(NULL, Object(Config\Cache), false)
#5 C:\xampp\htdocs\e-potensi\public\index.php(44): CodeIgniter\CodeIgniter->run()
#6 {main}
CRITICAL - 2021-12-01 06:50:23 --> syntax error, unexpected '}', expecting ';'
#0 C:\xampp\htdocs\e-potensi\system\Controller.php(92): helper(Array)
#1 C:\xampp\htdocs\e-potensi\app\Controllers\BaseController.php(49): CodeIgniter\Controller->initController(Object(CodeIgniter\HTTP\IncomingRequest), Object(CodeIgniter\HTTP\Response), Object(CodeIgniter\Log\Logger))
#2 C:\xampp\htdocs\e-potensi\system\CodeIgniter.php(909): App\Controllers\BaseController->initController(Object(CodeIgniter\HTTP\IncomingRequest), Object(CodeIgniter\HTTP\Response), Object(CodeIgniter\Log\Logger))
#3 C:\xampp\htdocs\e-potensi\system\CodeIgniter.php(422): CodeIgniter\CodeIgniter->createController()
#4 C:\xampp\htdocs\e-potensi\system\CodeIgniter.php(333): CodeIgniter\CodeIgniter->handleRequest(NULL, Object(Config\Cache), false)
#5 C:\xampp\htdocs\e-potensi\public\index.php(44): CodeIgniter\CodeIgniter->run()
#6 {main}
CRITICAL - 2021-12-01 07:24:48 --> Call to undefined method stdClass::getNumRows()
#0 C:\xampp\htdocs\e-potensi\app\Views\menu\roleaccess.php(34): check_access('2', '1')
#1 C:\xampp\htdocs\e-potensi\system\View\View.php(220): include('C:\\xampp\\htdocs...')
#2 C:\xampp\htdocs\e-potensi\system\View\View.php(222): CodeIgniter\View\View->CodeIgniter\View\{closure}()
#3 C:\xampp\htdocs\e-potensi\system\Common.php(1217): CodeIgniter\View\View->render('menu/roleaccess', Array, true)
#4 C:\xampp\htdocs\e-potensi\app\Controllers\Pengaturan.php(778): view('menu/roleaccess', Array)
#5 C:\xampp\htdocs\e-potensi\system\CodeIgniter.php(936): App\Controllers\Pengaturan->roleaccess('2')
#6 C:\xampp\htdocs\e-potensi\system\CodeIgniter.php(432): CodeIgniter\CodeIgniter->runController(Object(App\Controllers\Pengaturan))
#7 C:\xampp\htdocs\e-potensi\system\CodeIgniter.php(333): CodeIgniter\CodeIgniter->handleRequest(NULL, Object(Config\Cache), false)
#8 C:\xampp\htdocs\e-potensi\public\index.php(44): CodeIgniter\CodeIgniter->run()
#9 {main}
CRITICAL - 2021-12-01 07:24:58 --> Call to undefined method stdClass::getNumRows()
#0 C:\xampp\htdocs\e-potensi\app\Views\menu\roleaccess.php(34): check_access('2', '1')
#1 C:\xampp\htdocs\e-potensi\system\View\View.php(220): include('C:\\xampp\\htdocs...')
#2 C:\xampp\htdocs\e-potensi\system\View\View.php(222): CodeIgniter\View\View->CodeIgniter\View\{closure}()
#3 C:\xampp\htdocs\e-potensi\system\Common.php(1217): CodeIgniter\View\View->render('menu/roleaccess', Array, true)
#4 C:\xampp\htdocs\e-potensi\app\Controllers\Pengaturan.php(778): view('menu/roleaccess', Array)
#5 C:\xampp\htdocs\e-potensi\system\CodeIgniter.php(936): App\Controllers\Pengaturan->roleaccess('2')
#6 C:\xampp\htdocs\e-potensi\system\CodeIgniter.php(432): CodeIgniter\CodeIgniter->runController(Object(App\Controllers\Pengaturan))
#7 C:\xampp\htdocs\e-potensi\system\CodeIgniter.php(333): CodeIgniter\CodeIgniter->handleRequest(NULL, Object(Config\Cache), false)
#8 C:\xampp\htdocs\e-potensi\public\index.php(44): CodeIgniter\CodeIgniter->run()
#9 {main}
CRITICAL - 2021-12-01 07:25:28 --> Call to undefined method stdClass::getUnbufferedRow()
#0 C:\xampp\htdocs\e-potensi\app\Views\menu\roleaccess.php(34): check_access('2', '1')
#1 C:\xampp\htdocs\e-potensi\system\View\View.php(220): include('C:\\xampp\\htdocs...')
#2 C:\xampp\htdocs\e-potensi\system\View\View.php(222): CodeIgniter\View\View->CodeIgniter\View\{closure}()
#3 C:\xampp\htdocs\e-potensi\system\Common.php(1217): CodeIgniter\View\View->render('menu/roleaccess', Array, true)
#4 C:\xampp\htdocs\e-potensi\app\Controllers\Pengaturan.php(778): view('menu/roleaccess', Array)
#5 C:\xampp\htdocs\e-potensi\system\CodeIgniter.php(936): App\Controllers\Pengaturan->roleaccess('2')
#6 C:\xampp\htdocs\e-potensi\system\CodeIgniter.php(432): CodeIgniter\CodeIgniter->runController(Object(App\Controllers\Pengaturan))
#7 C:\xampp\htdocs\e-potensi\system\CodeIgniter.php(333): CodeIgniter\CodeIgniter->handleRequest(NULL, Object(Config\Cache), false)
#8 C:\xampp\htdocs\e-potensi\public\index.php(44): CodeIgniter\CodeIgniter->run()
#9 {main}
CRITICAL - 2021-12-01 07:49:39 --> Object of class CodeIgniter\Database\MySQLi\Builder could not be converted to string
#0 C:\xampp\htdocs\e-potensi\app\Views\menu\roleaccess.php(34): check_access('2', '1')
#1 C:\xampp\htdocs\e-potensi\system\View\View.php(220): include('C:\\xampp\\htdocs...')
#2 C:\xampp\htdocs\e-potensi\system\View\View.php(222): CodeIgniter\View\View->CodeIgniter\View\{closure}()
#3 C:\xampp\htdocs\e-potensi\system\Common.php(1217): CodeIgniter\View\View->render('menu/roleaccess', Array, true)
#4 C:\xampp\htdocs\e-potensi\app\Controllers\Pengaturan.php(778): view('menu/roleaccess', Array)
#5 C:\xampp\htdocs\e-potensi\system\CodeIgniter.php(936): App\Controllers\Pengaturan->roleaccess('2')
#6 C:\xampp\htdocs\e-potensi\system\CodeIgniter.php(432): CodeIgniter\CodeIgniter->runController(Object(App\Controllers\Pengaturan))
#7 C:\xampp\htdocs\e-potensi\system\CodeIgniter.php(333): CodeIgniter\CodeIgniter->handleRequest(NULL, Object(Config\Cache), false)
#8 C:\xampp\htdocs\e-potensi\public\index.php(44): CodeIgniter\CodeIgniter->run()
#9 {main}
CRITICAL - 2021-12-01 07:55:15 --> Call to undefined method App\Models\Modeluserrole::getResultArray
#0 C:\xampp\htdocs\e-potensi\app\Controllers\Pengaturan.php(758): CodeIgniter\Model->__call('getResultArray', Array)
#1 C:\xampp\htdocs\e-potensi\system\CodeIgniter.php(936): App\Controllers\Pengaturan->role()
#2 C:\xampp\htdocs\e-potensi\system\CodeIgniter.php(432): CodeIgniter\CodeIgniter->runController(Object(App\Controllers\Pengaturan))
#3 C:\xampp\htdocs\e-potensi\system\CodeIgniter.php(333): CodeIgniter\CodeIgniter->handleRequest(NULL, Object(Config\Cache), false)
#4 C:\xampp\htdocs\e-potensi\public\index.php(44): CodeIgniter\CodeIgniter->run()
#5 {main}
CRITICAL - 2021-12-01 08:18:51 --> syntax error, unexpected '}'
#0 C:\xampp\htdocs\e-potensi\system\Controller.php(92): helper(Array)
#1 C:\xampp\htdocs\e-potensi\app\Controllers\BaseController.php(49): CodeIgniter\Controller->initController(Object(CodeIgniter\HTTP\IncomingRequest), Object(CodeIgniter\HTTP\Response), Object(CodeIgniter\Log\Logger))
#2 C:\xampp\htdocs\e-potensi\system\CodeIgniter.php(909): App\Controllers\BaseController->initController(Object(CodeIgniter\HTTP\IncomingRequest), Object(CodeIgniter\HTTP\Response), Object(CodeIgniter\Log\Logger))
#3 C:\xampp\htdocs\e-potensi\system\CodeIgniter.php(422): CodeIgniter\CodeIgniter->createController()
#4 C:\xampp\htdocs\e-potensi\system\CodeIgniter.php(333): CodeIgniter\CodeIgniter->handleRequest(NULL, Object(Config\Cache), false)
#5 C:\xampp\htdocs\e-potensi\public\index.php(44): CodeIgniter\CodeIgniter->run()
#6 {main}
CRITICAL - 2021-12-01 08:19:17 --> Argument 1 passed to CodeIgniter\Database\BaseBuilder::get() must be of the type int or null, string given, called in C:\xampp\htdocs\e-potensi\app\Helpers\custom_helper.php on line 8
#0 C:\xampp\htdocs\e-potensi\app\Helpers\custom_helper.php(8): CodeIgniter\Database\BaseBuilder->get('user_access_men...')
#1 C:\xampp\htdocs\e-potensi\app\Views\menu\roleaccess.php(33): check_access('2', '1')
#2 C:\xampp\htdocs\e-potensi\system\View\View.php(220): include('C:\\xampp\\htdocs...')
#3 C:\xampp\htdocs\e-potensi\system\View\View.php(222): CodeIgniter\View\View->CodeIgniter\View\{closure}()
#4 C:\xampp\htdocs\e-potensi\system\Common.php(1217): CodeIgniter\View\View->render('menu/roleaccess', Array, true)
#5 C:\xampp\htdocs\e-potensi\app\Controllers\Pengaturan.php(778): view('menu/roleaccess', Array)
#6 C:\xampp\htdocs\e-potensi\system\CodeIgniter.php(936): App\Controllers\Pengaturan->roleaccess('2')
#7 C:\xampp\htdocs\e-potensi\system\CodeIgniter.php(432): CodeIgniter\CodeIgniter->runController(Object(App\Controllers\Pengaturan))
#8 C:\xampp\htdocs\e-potensi\system\CodeIgniter.php(333): CodeIgniter\CodeIgniter->handleRequest(NULL, Object(Config\Cache), false)
#9 C:\xampp\htdocs\e-potensi\public\index.php(44): CodeIgniter\CodeIgniter->run()
#10 {main}
CRITICAL - 2021-12-01 08:19:33 --> Argument 1 passed to CodeIgniter\Database\BaseBuilder::get() must be of the type int or null, string given, called in C:\xampp\htdocs\e-potensi\app\Helpers\custom_helper.php on line 8
#0 C:\xampp\htdocs\e-potensi\app\Helpers\custom_helper.php(8): CodeIgniter\Database\BaseBuilder->get('user_access_men...')
#1 C:\xampp\htdocs\e-potensi\app\Views\menu\roleaccess.php(33): check_access('2', '1')
#2 C:\xampp\htdocs\e-potensi\system\View\View.php(220): include('C:\\xampp\\htdocs...')
#3 C:\xampp\htdocs\e-potensi\system\View\View.php(222): CodeIgniter\View\View->CodeIgniter\View\{closure}()
#4 C:\xampp\htdocs\e-potensi\system\Common.php(1217): CodeIgniter\View\View->render('menu/roleaccess', Array, true)
#5 C:\xampp\htdocs\e-potensi\app\Controllers\Pengaturan.php(778): view('menu/roleaccess', Array)
#6 C:\xampp\htdocs\e-potensi\system\CodeIgniter.php(936): App\Controllers\Pengaturan->roleaccess('2')
#7 C:\xampp\htdocs\e-potensi\system\CodeIgniter.php(432): CodeIgniter\CodeIgniter->runController(Object(App\Controllers\Pengaturan))
#8 C:\xampp\htdocs\e-potensi\system\CodeIgniter.php(333): CodeIgniter\CodeIgniter->handleRequest(NULL, Object(Config\Cache), false)
#9 C:\xampp\htdocs\e-potensi\public\index.php(44): CodeIgniter\CodeIgniter->run()
#10 {main}
CRITICAL - 2021-12-01 08:19:46 --> Argument 1 passed to CodeIgniter\Database\BaseBuilder::get() must be of the type int or null, string given, called in C:\xampp\htdocs\e-potensi\app\Helpers\custom_helper.php on line 8
#0 C:\xampp\htdocs\e-potensi\app\Helpers\custom_helper.php(8): CodeIgniter\Database\BaseBuilder->get('user_access_men...')
#1 C:\xampp\htdocs\e-potensi\app\Views\menu\roleaccess.php(33): check_access('2', '1')
#2 C:\xampp\htdocs\e-potensi\system\View\View.php(220): include('C:\\xampp\\htdocs...')
#3 C:\xampp\htdocs\e-potensi\system\View\View.php(222): CodeIgniter\View\View->CodeIgniter\View\{closure}()
#4 C:\xampp\htdocs\e-potensi\system\Common.php(1217): CodeIgniter\View\View->render('menu/roleaccess', Array, true)
#5 C:\xampp\htdocs\e-potensi\app\Controllers\Pengaturan.php(778): view('menu/roleaccess', Array)
#6 C:\xampp\htdocs\e-potensi\system\CodeIgniter.php(936): App\Controllers\Pengaturan->roleaccess('2')
#7 C:\xampp\htdocs\e-potensi\system\CodeIgniter.php(432): CodeIgniter\CodeIgniter->runController(Object(App\Controllers\Pengaturan))
#8 C:\xampp\htdocs\e-potensi\system\CodeIgniter.php(333): CodeIgniter\CodeIgniter->handleRequest(NULL, Object(Config\Cache), false)
#9 C:\xampp\htdocs\e-potensi\public\index.php(44): CodeIgniter\CodeIgniter->run()
#10 {main}
CRITICAL - 2021-12-01 08:20:08 --> Argument 1 passed to CodeIgniter\Database\BaseBuilder::get() must be of the type int or null, string given, called in C:\xampp\htdocs\e-potensi\app\Helpers\custom_helper.php on line 8
#0 C:\xampp\htdocs\e-potensi\app\Helpers\custom_helper.php(8): CodeIgniter\Database\BaseBuilder->get('user_access_men...')
#1 C:\xampp\htdocs\e-potensi\app\Views\menu\roleaccess.php(33): check_access('2', '1')
#2 C:\xampp\htdocs\e-potensi\system\View\View.php(220): include('C:\\xampp\\htdocs...')
#3 C:\xampp\htdocs\e-potensi\system\View\View.php(222): CodeIgniter\View\View->CodeIgniter\View\{closure}()
#4 C:\xampp\htdocs\e-potensi\system\Common.php(1217): CodeIgniter\View\View->render('menu/roleaccess', Array, true)
#5 C:\xampp\htdocs\e-potensi\app\Controllers\Pengaturan.php(778): view('menu/roleaccess', Array)
#6 C:\xampp\htdocs\e-potensi\system\CodeIgniter.php(936): App\Controllers\Pengaturan->roleaccess('2')
#7 C:\xampp\htdocs\e-potensi\system\CodeIgniter.php(432): CodeIgniter\CodeIgniter->runController(Object(App\Controllers\Pengaturan))
#8 C:\xampp\htdocs\e-potensi\system\CodeIgniter.php(333): CodeIgniter\CodeIgniter->handleRequest(NULL, Object(Config\Cache), false)
#9 C:\xampp\htdocs\e-potensi\public\index.php(44): CodeIgniter\CodeIgniter->run()
#10 {main}
CRITICAL - 2021-12-01 08:22:00 --> Call to undefined method stdClass::getNumRowsArray()
#0 C:\xampp\htdocs\e-potensi\app\Views\menu\roleaccess.php(33): check_access('2', '1')
#1 C:\xampp\htdocs\e-potensi\system\View\View.php(220): include('C:\\xampp\\htdocs...')
#2 C:\xampp\htdocs\e-potensi\system\View\View.php(222): CodeIgniter\View\View->CodeIgniter\View\{closure}()
#3 C:\xampp\htdocs\e-potensi\system\Common.php(1217): CodeIgniter\View\View->render('menu/roleaccess', Array, true)
#4 C:\xampp\htdocs\e-potensi\app\Controllers\Pengaturan.php(778): view('menu/roleaccess', Array)
#5 C:\xampp\htdocs\e-potensi\system\CodeIgniter.php(936): App\Controllers\Pengaturan->roleaccess('2')
#6 C:\xampp\htdocs\e-potensi\system\CodeIgniter.php(432): CodeIgniter\CodeIgniter->runController(Object(App\Controllers\Pengaturan))
#7 C:\xampp\htdocs\e-potensi\system\CodeIgniter.php(333): CodeIgniter\CodeIgniter->handleRequest(NULL, Object(Config\Cache), false)
#8 C:\xampp\htdocs\e-potensi\public\index.php(44): CodeIgniter\CodeIgniter->run()
#9 {main}
CRITICAL - 2021-12-01 08:22:10 --> Call to undefined method stdClass::getNumRows()
#0 C:\xampp\htdocs\e-potensi\app\Views\menu\roleaccess.php(33): check_access('2', '1')
#1 C:\xampp\htdocs\e-potensi\system\View\View.php(220): include('C:\\xampp\\htdocs...')
#2 C:\xampp\htdocs\e-potensi\system\View\View.php(222): CodeIgniter\View\View->CodeIgniter\View\{closure}()
#3 C:\xampp\htdocs\e-potensi\system\Common.php(1217): CodeIgniter\View\View->render('menu/roleaccess', Array, true)
#4 C:\xampp\htdocs\e-potensi\app\Controllers\Pengaturan.php(778): view('menu/roleaccess', Array)
#5 C:\xampp\htdocs\e-potensi\system\CodeIgniter.php(936): App\Controllers\Pengaturan->roleaccess('2')
#6 C:\xampp\htdocs\e-potensi\system\CodeIgniter.php(432): CodeIgniter\CodeIgniter->runController(Object(App\Controllers\Pengaturan))
#7 C:\xampp\htdocs\e-potensi\system\CodeIgniter.php(333): CodeIgniter\CodeIgniter->handleRequest(NULL, Object(Config\Cache), false)
#8 C:\xampp\htdocs\e-potensi\public\index.php(44): CodeIgniter\CodeIgniter->run()
#9 {main}
CRITICAL - 2021-12-01 08:22:26 --> Call to undefined method stdClass::getNumRows()
#0 C:\xampp\htdocs\e-potensi\app\Views\menu\roleaccess.php(33): check_access('2', '1')
#1 C:\xampp\htdocs\e-potensi\system\View\View.php(220): include('C:\\xampp\\htdocs...')
#2 C:\xampp\htdocs\e-potensi\system\View\View.php(222): CodeIgniter\View\View->CodeIgniter\View\{closure}()
#3 C:\xampp\htdocs\e-potensi\system\Common.php(1217): CodeIgniter\View\View->render('menu/roleaccess', Array, true)
#4 C:\xampp\htdocs\e-potensi\app\Controllers\Pengaturan.php(778): view('menu/roleaccess', Array)
#5 C:\xampp\htdocs\e-potensi\system\CodeIgniter.php(936): App\Controllers\Pengaturan->roleaccess('2')
#6 C:\xampp\htdocs\e-potensi\system\CodeIgniter.php(432): CodeIgniter\CodeIgniter->runController(Object(App\Controllers\Pengaturan))
#7 C:\xampp\htdocs\e-potensi\system\CodeIgniter.php(333): CodeIgniter\CodeIgniter->handleRequest(NULL, Object(Config\Cache), false)
#8 C:\xampp\htdocs\e-potensi\public\index.php(44): CodeIgniter\CodeIgniter->run()
#9 {main}
CRITICAL - 2021-12-01 08:23:03 --> Call to undefined method stdClass::getNumRowsArray()
#0 C:\xampp\htdocs\e-potensi\app\Views\menu\roleaccess.php(33): check_access('2', '1')
#1 C:\xampp\htdocs\e-potensi\system\View\View.php(220): include('C:\\xampp\\htdocs...')
#2 C:\xampp\htdocs\e-potensi\system\View\View.php(222): CodeIgniter\View\View->CodeIgniter\View\{closure}()
#3 C:\xampp\htdocs\e-potensi\system\Common.php(1217): CodeIgniter\View\View->render('menu/roleaccess', Array, true)
#4 C:\xampp\htdocs\e-potensi\app\Controllers\Pengaturan.php(778): view('menu/roleaccess', Array)
#5 C:\xampp\htdocs\e-potensi\system\CodeIgniter.php(936): App\Controllers\Pengaturan->roleaccess('2')
#6 C:\xampp\htdocs\e-potensi\system\CodeIgniter.php(432): CodeIgniter\CodeIgniter->runController(Object(App\Controllers\Pengaturan))
#7 C:\xampp\htdocs\e-potensi\system\CodeIgniter.php(333): CodeIgniter\CodeIgniter->handleRequest(NULL, Object(Config\Cache), false)
#8 C:\xampp\htdocs\e-potensi\public\index.php(44): CodeIgniter\CodeIgniter->run()
#9 {main}
CRITICAL - 2021-12-01 08:24:41 --> Call to undefined method stdClass::getNumRows()
#0 C:\xampp\htdocs\e-potensi\app\Views\menu\roleaccess.php(33): check_access('2', '1')
#1 C:\xampp\htdocs\e-potensi\system\View\View.php(220): include('C:\\xampp\\htdocs...')
#2 C:\xampp\htdocs\e-potensi\system\View\View.php(222): CodeIgniter\View\View->CodeIgniter\View\{closure}()
#3 C:\xampp\htdocs\e-potensi\system\Common.php(1217): CodeIgniter\View\View->render('menu/roleaccess', Array, true)
#4 C:\xampp\htdocs\e-potensi\app\Controllers\Pengaturan.php(778): view('menu/roleaccess', Array)
#5 C:\xampp\htdocs\e-potensi\system\CodeIgniter.php(936): App\Controllers\Pengaturan->roleaccess('2')
#6 C:\xampp\htdocs\e-potensi\system\CodeIgniter.php(432): CodeIgniter\CodeIgniter->runController(Object(App\Controllers\Pengaturan))
#7 C:\xampp\htdocs\e-potensi\system\CodeIgniter.php(333): CodeIgniter\CodeIgniter->handleRequest(NULL, Object(Config\Cache), false)
#8 C:\xampp\htdocs\e-potensi\public\index.php(44): CodeIgniter\CodeIgniter->run()
#9 {main}
CRITICAL - 2021-12-01 08:47:43 --> Call to a member function getNumRows() on array
#0 C:\xampp\htdocs\e-potensi\app\Views\menu\roleaccess.php(33): check_access('2', '1')
#1 C:\xampp\htdocs\e-potensi\system\View\View.php(220): include('C:\\xampp\\htdocs...')
#2 C:\xampp\htdocs\e-potensi\system\View\View.php(222): CodeIgniter\View\View->CodeIgniter\View\{closure}()
#3 C:\xampp\htdocs\e-potensi\system\Common.php(1217): CodeIgniter\View\View->render('menu/roleaccess', Array, true)
#4 C:\xampp\htdocs\e-potensi\app\Controllers\Pengaturan.php(778): view('menu/roleaccess', Array)
#5 C:\xampp\htdocs\e-potensi\system\CodeIgniter.php(936): App\Controllers\Pengaturan->roleaccess('2')
#6 C:\xampp\htdocs\e-potensi\system\CodeIgniter.php(432): CodeIgniter\CodeIgniter->runController(Object(App\Controllers\Pengaturan))
#7 C:\xampp\htdocs\e-potensi\system\CodeIgniter.php(333): CodeIgniter\CodeIgniter->handleRequest(NULL, Object(Config\Cache), false)
#8 C:\xampp\htdocs\e-potensi\public\index.php(44): CodeIgniter\CodeIgniter->run()
#9 {main}
CRITICAL - 2021-12-01 08:47:45 --> Call to a member function getNumRows() on array
#0 C:\xampp\htdocs\e-potensi\app\Views\menu\roleaccess.php(33): check_access('1', '1')
#1 C:\xampp\htdocs\e-potensi\system\View\View.php(220): include('C:\\xampp\\htdocs...')
#2 C:\xampp\htdocs\e-potensi\system\View\View.php(222): CodeIgniter\View\View->CodeIgniter\View\{closure}()
#3 C:\xampp\htdocs\e-potensi\system\Common.php(1217): CodeIgniter\View\View->render('menu/roleaccess', Array, true)
#4 C:\xampp\htdocs\e-potensi\app\Controllers\Pengaturan.php(778): view('menu/roleaccess', Array)
#5 C:\xampp\htdocs\e-potensi\system\CodeIgniter.php(936): App\Controllers\Pengaturan->roleaccess('1')
#6 C:\xampp\htdocs\e-potensi\system\CodeIgniter.php(432): CodeIgniter\CodeIgniter->runController(Object(App\Controllers\Pengaturan))
#7 C:\xampp\htdocs\e-potensi\system\CodeIgniter.php(333): CodeIgniter\CodeIgniter->handleRequest(NULL, Object(Config\Cache), false)
#8 C:\xampp\htdocs\e-potensi\public\index.php(44): CodeIgniter\CodeIgniter->run()
#9 {main}
CRITICAL - 2021-12-01 08:47:50 --> Call to a member function getNumRows() on array
#0 C:\xampp\htdocs\e-potensi\app\Views\menu\roleaccess.php(33): check_access('2', '1')
#1 C:\xampp\htdocs\e-potensi\system\View\View.php(220): include('C:\\xampp\\htdocs...')
#2 C:\xampp\htdocs\e-potensi\system\View\View.php(222): CodeIgniter\View\View->CodeIgniter\View\{closure}()
#3 C:\xampp\htdocs\e-potensi\system\Common.php(1217): CodeIgniter\View\View->render('menu/roleaccess', Array, true)
#4 C:\xampp\htdocs\e-potensi\app\Controllers\Pengaturan.php(778): view('menu/roleaccess', Array)
#5 C:\xampp\htdocs\e-potensi\system\CodeIgniter.php(936): App\Controllers\Pengaturan->roleaccess('2')
#6 C:\xampp\htdocs\e-potensi\system\CodeIgniter.php(432): CodeIgniter\CodeIgniter->runController(Object(App\Controllers\Pengaturan))
#7 C:\xampp\htdocs\e-potensi\system\CodeIgniter.php(333): CodeIgniter\CodeIgniter->handleRequest(NULL, Object(Config\Cache), false)
#8 C:\xampp\htdocs\e-potensi\public\index.php(44): CodeIgniter\CodeIgniter->run()
#9 {main}
CRITICAL - 2021-12-01 08:47:53 --> Call to a member function getNumRows() on array
#0 C:\xampp\htdocs\e-potensi\app\Views\menu\roleaccess.php(33): check_access('1', '1')
#1 C:\xampp\htdocs\e-potensi\system\View\View.php(220): include('C:\\xampp\\htdocs...')
#2 C:\xampp\htdocs\e-potensi\system\View\View.php(222): CodeIgniter\View\View->CodeIgniter\View\{closure}()
#3 C:\xampp\htdocs\e-potensi\system\Common.php(1217): CodeIgniter\View\View->render('menu/roleaccess', Array, true)
#4 C:\xampp\htdocs\e-potensi\app\Controllers\Pengaturan.php(778): view('menu/roleaccess', Array)
#5 C:\xampp\htdocs\e-potensi\system\CodeIgniter.php(936): App\Controllers\Pengaturan->roleaccess('1')
#6 C:\xampp\htdocs\e-potensi\system\CodeIgniter.php(432): CodeIgniter\CodeIgniter->runController(Object(App\Controllers\Pengaturan))
#7 C:\xampp\htdocs\e-potensi\system\CodeIgniter.php(333): CodeIgniter\CodeIgniter->handleRequest(NULL, Object(Config\Cache), false)
#8 C:\xampp\htdocs\e-potensi\public\index.php(44): CodeIgniter\CodeIgniter->run()
#9 {main}
CRITICAL - 2021-12-01 08:51:47 --> Call to a member function num_rows() on array
#0 C:\xampp\htdocs\e-potensi\app\Views\menu\roleaccess.php(33): check_access('2', '1')
#1 C:\xampp\htdocs\e-potensi\system\View\View.php(220): include('C:\\xampp\\htdocs...')
#2 C:\xampp\htdocs\e-potensi\system\View\View.php(222): CodeIgniter\View\View->CodeIgniter\View\{closure}()
#3 C:\xampp\htdocs\e-potensi\system\Common.php(1217): CodeIgniter\View\View->render('menu/roleaccess', Array, true)
#4 C:\xampp\htdocs\e-potensi\app\Controllers\Pengaturan.php(778): view('menu/roleaccess', Array)
#5 C:\xampp\htdocs\e-potensi\system\CodeIgniter.php(936): App\Controllers\Pengaturan->roleaccess('2')
#6 C:\xampp\htdocs\e-potensi\system\CodeIgniter.php(432): CodeIgniter\CodeIgniter->runController(Object(App\Controllers\Pengaturan))
#7 C:\xampp\htdocs\e-potensi\system\CodeIgniter.php(333): CodeIgniter\CodeIgniter->handleRequest(NULL, Object(Config\Cache), false)
#8 C:\xampp\htdocs\e-potensi\public\index.php(44): CodeIgniter\CodeIgniter->run()
#9 {main}
CRITICAL - 2021-12-01 09:02:56 --> Call to a member function getNumRows() on array
#0 C:\xampp\htdocs\e-potensi\app\Views\menu\roleaccess.php(33): check_access('2', '1')
#1 C:\xampp\htdocs\e-potensi\system\View\View.php(220): include('C:\\xampp\\htdocs...')
#2 C:\xampp\htdocs\e-potensi\system\View\View.php(222): CodeIgniter\View\View->CodeIgniter\View\{closure}()
#3 C:\xampp\htdocs\e-potensi\system\Common.php(1217): CodeIgniter\View\View->render('menu/roleaccess', Array, true)
#4 C:\xampp\htdocs\e-potensi\app\Controllers\Pengaturan.php(778): view('menu/roleaccess', Array)
#5 C:\xampp\htdocs\e-potensi\system\CodeIgniter.php(936): App\Controllers\Pengaturan->roleaccess('2')
#6 C:\xampp\htdocs\e-potensi\system\CodeIgniter.php(432): CodeIgniter\CodeIgniter->runController(Object(App\Controllers\Pengaturan))
#7 C:\xampp\htdocs\e-potensi\system\CodeIgniter.php(333): CodeIgniter\CodeIgniter->handleRequest(NULL, Object(Config\Cache), false)
#8 C:\xampp\htdocs\e-potensi\public\index.php(44): CodeIgniter\CodeIgniter->run()
#9 {main}
CRITICAL - 2021-12-01 09:03:11 --> Call to a member function getNumRows() on array
#0 C:\xampp\htdocs\e-potensi\app\Views\menu\roleaccess.php(33): check_access('2', '1')
#1 C:\xampp\htdocs\e-potensi\system\View\View.php(220): include('C:\\xampp\\htdocs...')
#2 C:\xampp\htdocs\e-potensi\system\View\View.php(222): CodeIgniter\View\View->CodeIgniter\View\{closure}()
#3 C:\xampp\htdocs\e-potensi\system\Common.php(1217): CodeIgniter\View\View->render('menu/roleaccess', Array, true)
#4 C:\xampp\htdocs\e-potensi\app\Controllers\Pengaturan.php(778): view('menu/roleaccess', Array)
#5 C:\xampp\htdocs\e-potensi\system\CodeIgniter.php(936): App\Controllers\Pengaturan->roleaccess('2')
#6 C:\xampp\htdocs\e-potensi\system\CodeIgniter.php(432): CodeIgniter\CodeIgniter->runController(Object(App\Controllers\Pengaturan))
#7 C:\xampp\htdocs\e-potensi\system\CodeIgniter.php(333): CodeIgniter\CodeIgniter->handleRequest(NULL, Object(Config\Cache), false)
#8 C:\xampp\htdocs\e-potensi\public\index.php(44): CodeIgniter\CodeIgniter->run()
#9 {main}
CRITICAL - 2021-12-01 09:03:30 --> Call to undefined method stdClass::getNumRows()
#0 C:\xampp\htdocs\e-potensi\app\Views\menu\roleaccess.php(33): check_access('2', '1')
#1 C:\xampp\htdocs\e-potensi\system\View\View.php(220): include('C:\\xampp\\htdocs...')
#2 C:\xampp\htdocs\e-potensi\system\View\View.php(222): CodeIgniter\View\View->CodeIgniter\View\{closure}()
#3 C:\xampp\htdocs\e-potensi\system\Common.php(1217): CodeIgniter\View\View->render('menu/roleaccess', Array, true)
#4 C:\xampp\htdocs\e-potensi\app\Controllers\Pengaturan.php(778): view('menu/roleaccess', Array)
#5 C:\xampp\htdocs\e-potensi\system\CodeIgniter.php(936): App\Controllers\Pengaturan->roleaccess('2')
#6 C:\xampp\htdocs\e-potensi\system\CodeIgniter.php(432): CodeIgniter\CodeIgniter->runController(Object(App\Controllers\Pengaturan))
#7 C:\xampp\htdocs\e-potensi\system\CodeIgniter.php(333): CodeIgniter\CodeIgniter->handleRequest(NULL, Object(Config\Cache), false)
#8 C:\xampp\htdocs\e-potensi\public\index.php(44): CodeIgniter\CodeIgniter->run()
#9 {main}
CRITICAL - 2021-12-01 09:10:01 --> Call to undefined method stdClass::getNumRows()
#0 C:\xampp\htdocs\e-potensi\app\Views\menu\roleaccess.php(33): check_access('2', '1')
#1 C:\xampp\htdocs\e-potensi\system\View\View.php(220): include('C:\\xampp\\htdocs...')
#2 C:\xampp\htdocs\e-potensi\system\View\View.php(222): CodeIgniter\View\View->CodeIgniter\View\{closure}()
#3 C:\xampp\htdocs\e-potensi\system\Common.php(1217): CodeIgniter\View\View->render('menu/roleaccess', Array, true)
#4 C:\xampp\htdocs\e-potensi\app\Controllers\Pengaturan.php(778): view('menu/roleaccess', Array)
#5 C:\xampp\htdocs\e-potensi\system\CodeIgniter.php(936): App\Controllers\Pengaturan->roleaccess('2')
#6 C:\xampp\htdocs\e-potensi\system\CodeIgniter.php(432): CodeIgniter\CodeIgniter->runController(Object(App\Controllers\Pengaturan))
#7 C:\xampp\htdocs\e-potensi\system\CodeIgniter.php(333): CodeIgniter\CodeIgniter->handleRequest(NULL, Object(Config\Cache), false)
#8 C:\xampp\htdocs\e-potensi\public\index.php(44): CodeIgniter\CodeIgniter->run()
#9 {main}
CRITICAL - 2021-12-01 09:10:08 --> Call to undefined method stdClass::getNumRows()
#0 C:\xampp\htdocs\e-potensi\app\Views\menu\roleaccess.php(33): check_access('2', '1')
#1 C:\xampp\htdocs\e-potensi\system\View\View.php(220): include('C:\\xampp\\htdocs...')
#2 C:\xampp\htdocs\e-potensi\system\View\View.php(222): CodeIgniter\View\View->CodeIgniter\View\{closure}()
#3 C:\xampp\htdocs\e-potensi\system\Common.php(1217): CodeIgniter\View\View->render('menu/roleaccess', Array, true)
#4 C:\xampp\htdocs\e-potensi\app\Controllers\Pengaturan.php(778): view('menu/roleaccess', Array)
#5 C:\xampp\htdocs\e-potensi\system\CodeIgniter.php(936): App\Controllers\Pengaturan->roleaccess('2')
#6 C:\xampp\htdocs\e-potensi\system\CodeIgniter.php(432): CodeIgniter\CodeIgniter->runController(Object(App\Controllers\Pengaturan))
#7 C:\xampp\htdocs\e-potensi\system\CodeIgniter.php(333): CodeIgniter\CodeIgniter->handleRequest(NULL, Object(Config\Cache), false)
#8 C:\xampp\htdocs\e-potensi\public\index.php(44): CodeIgniter\CodeIgniter->run()
#9 {main}
CRITICAL - 2021-12-01 09:10:43 --> Call to undefined method stdClass::getNumRows()
#0 C:\xampp\htdocs\e-potensi\app\Views\menu\roleaccess.php(33): check_access('2', '1')
#1 C:\xampp\htdocs\e-potensi\system\View\View.php(220): include('C:\\xampp\\htdocs...')
#2 C:\xampp\htdocs\e-potensi\system\View\View.php(222): CodeIgniter\View\View->CodeIgniter\View\{closure}()
#3 C:\xampp\htdocs\e-potensi\system\Common.php(1217): CodeIgniter\View\View->render('menu/roleaccess', Array, true)
#4 C:\xampp\htdocs\e-potensi\app\Controllers\Pengaturan.php(778): view('menu/roleaccess', Array)
#5 C:\xampp\htdocs\e-potensi\system\CodeIgniter.php(936): App\Controllers\Pengaturan->roleaccess('2')
#6 C:\xampp\htdocs\e-potensi\system\CodeIgniter.php(432): CodeIgniter\CodeIgniter->runController(Object(App\Controllers\Pengaturan))
#7 C:\xampp\htdocs\e-potensi\system\CodeIgniter.php(333): CodeIgniter\CodeIgniter->handleRequest(NULL, Object(Config\Cache), false)
#8 C:\xampp\htdocs\e-potensi\public\index.php(44): CodeIgniter\CodeIgniter->run()
#9 {main}
CRITICAL - 2021-12-01 09:11:12 --> Object of class stdClass could not be converted to string
#0 C:\xampp\htdocs\e-potensi\system\View\View.php(220): include()
#1 C:\xampp\htdocs\e-potensi\system\View\View.php(222): CodeIgniter\View\View->CodeIgniter\View\{closure}()
#2 C:\xampp\htdocs\e-potensi\system\Common.php(1217): CodeIgniter\View\View->render('menu/roleaccess', Array, true)
#3 C:\xampp\htdocs\e-potensi\app\Controllers\Pengaturan.php(778): view('menu/roleaccess', Array)
#4 C:\xampp\htdocs\e-potensi\system\CodeIgniter.php(936): App\Controllers\Pengaturan->roleaccess('2')
#5 C:\xampp\htdocs\e-potensi\system\CodeIgniter.php(432): CodeIgniter\CodeIgniter->runController(Object(App\Controllers\Pengaturan))
#6 C:\xampp\htdocs\e-potensi\system\CodeIgniter.php(333): CodeIgniter\CodeIgniter->handleRequest(NULL, Object(Config\Cache), false)
#7 C:\xampp\htdocs\e-potensi\public\index.php(44): CodeIgniter\CodeIgniter->run()
#8 {main}
CRITICAL - 2021-12-01 19:38:10 --> Too few arguments to function App\Controllers\Hotel::updatepotensiadmin(), 0 passed in C:\xampp\htdocs\e-potensi\system\CodeIgniter.php on line 936 and exactly 1 expected
#0 C:\xampp\htdocs\e-potensi\system\CodeIgniter.php(936): App\Controllers\Hotel->updatepotensiadmin()
#1 C:\xampp\htdocs\e-potensi\system\CodeIgniter.php(432): CodeIgniter\CodeIgniter->runController(Object(App\Controllers\Hotel))
#2 C:\xampp\htdocs\e-potensi\system\CodeIgniter.php(333): CodeIgniter\CodeIgniter->handleRequest(NULL, Object(Config\Cache), false)
#3 C:\xampp\htdocs\e-potensi\public\index.php(44): CodeIgniter\CodeIgniter->run()
#4 {main}
CRITICAL - 2021-12-01 19:39:28 --> Too few arguments to function App\Controllers\Hotel::updatepotensiadmin(), 0 passed in C:\xampp\htdocs\e-potensi\system\CodeIgniter.php on line 936 and exactly 1 expected
#0 C:\xampp\htdocs\e-potensi\system\CodeIgniter.php(936): App\Controllers\Hotel->updatepotensiadmin()
#1 C:\xampp\htdocs\e-potensi\system\CodeIgniter.php(432): CodeIgniter\CodeIgniter->runController(Object(App\Controllers\Hotel))
#2 C:\xampp\htdocs\e-potensi\system\CodeIgniter.php(333): CodeIgniter\CodeIgniter->handleRequest(NULL, Object(Config\Cache), false)
#3 C:\xampp\htdocs\e-potensi\public\index.php(44): CodeIgniter\CodeIgniter->run()
#4 {main}
CRITICAL - 2021-12-01 22:35:36 --> Too few arguments to function App\Controllers\Parkir::updatepotensiadmin(), 0 passed in C:\xampp\htdocs\e-potensi\system\CodeIgniter.php on line 936 and exactly 1 expected
#0 C:\xampp\htdocs\e-potensi\system\CodeIgniter.php(936): App\Controllers\Parkir->updatepotensiadmin()
#1 C:\xampp\htdocs\e-potensi\system\CodeIgniter.php(432): CodeIgniter\CodeIgniter->runController(Object(App\Controllers\Parkir))
#2 C:\xampp\htdocs\e-potensi\system\CodeIgniter.php(333): CodeIgniter\CodeIgniter->handleRequest(NULL, Object(Config\Cache), false)
#3 C:\xampp\htdocs\e-potensi\public\index.php(44): CodeIgniter\CodeIgniter->run()
#4 {main}
