ERROR - 2024-05-06 12:16:32 --> ErrorException: pg_query(): Query failed: ERROR:  column &quot;total_bayar&quot; does not exist
LINE 1: SELECT SUM(total_bayar) as total_bayar FROM payment.pembayar...
                   ^ in C:\xampp\htdocs\ci-esptpd\dashboard_pdl\system\Database\Postgre\Connection.php:170
Stack trace:
#0 [internal function]: CodeIgniter\Debug\Exceptions->errorHandler(2, 'pg_query(): Que...', 'C:\\xampp\\htdocs...', 170, Array)
#1 C:\xampp\htdocs\ci-esptpd\dashboard_pdl\system\Database\Postgre\Connection.php(170): pg_query(Resource id #112, 'SELECT SUM(tota...')
#2 C:\xampp\htdocs\ci-esptpd\dashboard_pdl\system\Database\BaseConnection.php(685): CodeIgniter\Database\Postgre\Connection->execute('SELECT SUM(tota...')
#3 C:\xampp\htdocs\ci-esptpd\dashboard_pdl\system\Database\BaseConnection.php(621): CodeIgniter\Database\BaseConnection->simpleQuery('SELECT SUM(tota...')
#4 C:\xampp\htdocs\ci-esptpd\dashboard_pdl\app\Models\getModel.php(36): CodeIgniter\Database\BaseConnection->query('SELECT SUM(tota...')
#5 C:\xampp\htdocs\ci-esptpd\dashboard_pdl\app\Controllers\Dashboard.php(32): App\Models\getModel->getTotalBayarTiapPajak('41101', '2024-05-01', '2024-05-06')
#6 C:\xampp\htdocs\ci-esptpd\dashboard_pdl\system\CodeIgniter.php(936): App\Controllers\Dashboard->get_total_transaksi()
#7 C:\xampp\htdocs\ci-esptpd\dashboard_pdl\system\CodeIgniter.php(432): CodeIgniter\CodeIgniter->runController(Object(App\Controllers\Dashboard))
#8 C:\xampp\htdocs\ci-esptpd\dashboard_pdl\system\CodeIgniter.php(333): CodeIgniter\CodeIgniter->handleRequest(NULL, Object(Config\Cache), false)
#9 C:\xampp\htdocs\ci-esptpd\dashboard_pdl\index.php(43): CodeIgniter\CodeIgniter->run()
#10 {main}
CRITICAL - 2024-05-06 12:16:32 --> pg_query(): Query failed: ERROR:  column &quot;total_bayar&quot; does not exist
LINE 1: SELECT SUM(total_bayar) as total_bayar FROM payment.pembayar...
                   ^
#0 [internal function]: CodeIgniter\Debug\Exceptions->errorHandler(2, 'pg_query(): Que...', 'C:\\xampp\\htdocs...', 170, Array)
#1 C:\xampp\htdocs\ci-esptpd\dashboard_pdl\system\Database\Postgre\Connection.php(170): pg_query(Resource id #112, 'SELECT SUM(tota...')
#2 C:\xampp\htdocs\ci-esptpd\dashboard_pdl\system\Database\BaseConnection.php(685): CodeIgniter\Database\Postgre\Connection->execute('SELECT SUM(tota...')
#3 C:\xampp\htdocs\ci-esptpd\dashboard_pdl\system\Database\BaseConnection.php(621): CodeIgniter\Database\BaseConnection->simpleQuery('SELECT SUM(tota...')
#4 C:\xampp\htdocs\ci-esptpd\dashboard_pdl\app\Models\getModel.php(36): CodeIgniter\Database\BaseConnection->query('SELECT SUM(tota...')
#5 C:\xampp\htdocs\ci-esptpd\dashboard_pdl\app\Controllers\Dashboard.php(32): App\Models\getModel->getTotalBayarTiapPajak('41101', '2024-05-01', '2024-05-06')
#6 C:\xampp\htdocs\ci-esptpd\dashboard_pdl\system\CodeIgniter.php(936): App\Controllers\Dashboard->get_total_transaksi()
#7 C:\xampp\htdocs\ci-esptpd\dashboard_pdl\system\CodeIgniter.php(432): CodeIgniter\CodeIgniter->runController(Object(App\Controllers\Dashboard))
#8 C:\xampp\htdocs\ci-esptpd\dashboard_pdl\system\CodeIgniter.php(333): CodeIgniter\CodeIgniter->handleRequest(NULL, Object(Config\Cache), false)
#9 C:\xampp\htdocs\ci-esptpd\dashboard_pdl\index.php(43): CodeIgniter\CodeIgniter->run()
#10 {main}
ERROR - 2024-05-06 12:17:19 --> ErrorException: pg_query(): Query failed: ERROR:  column &quot;total_bayar&quot; does not exist
LINE 1: SELECT SUM(total_bayar) as total_bayar FROM payment.pembayar...
                   ^ in C:\xampp\htdocs\ci-esptpd\dashboard_pdl\system\Database\Postgre\Connection.php:170
Stack trace:
#0 [internal function]: CodeIgniter\Debug\Exceptions->errorHandler(2, 'pg_query(): Que...', 'C:\\xampp\\htdocs...', 170, Array)
#1 C:\xampp\htdocs\ci-esptpd\dashboard_pdl\system\Database\Postgre\Connection.php(170): pg_query(Resource id #112, 'SELECT SUM(tota...')
#2 C:\xampp\htdocs\ci-esptpd\dashboard_pdl\system\Database\BaseConnection.php(685): CodeIgniter\Database\Postgre\Connection->execute('SELECT SUM(tota...')
#3 C:\xampp\htdocs\ci-esptpd\dashboard_pdl\system\Database\BaseConnection.php(621): CodeIgniter\Database\BaseConnection->simpleQuery('SELECT SUM(tota...')
#4 C:\xampp\htdocs\ci-esptpd\dashboard_pdl\app\Models\getModel.php(36): CodeIgniter\Database\BaseConnection->query('SELECT SUM(tota...')
#5 C:\xampp\htdocs\ci-esptpd\dashboard_pdl\app\Controllers\Dashboard.php(32): App\Models\getModel->getTotalBayarTiapPajak('41101', '2024-05-01', '2024-05-06')
#6 C:\xampp\htdocs\ci-esptpd\dashboard_pdl\system\CodeIgniter.php(936): App\Controllers\Dashboard->get_total_transaksi()
#7 C:\xampp\htdocs\ci-esptpd\dashboard_pdl\system\CodeIgniter.php(432): CodeIgniter\CodeIgniter->runController(Object(App\Controllers\Dashboard))
#8 C:\xampp\htdocs\ci-esptpd\dashboard_pdl\system\CodeIgniter.php(333): CodeIgniter\CodeIgniter->handleRequest(NULL, Object(Config\Cache), false)
#9 C:\xampp\htdocs\ci-esptpd\dashboard_pdl\index.php(43): CodeIgniter\CodeIgniter->run()
#10 {main}
CRITICAL - 2024-05-06 12:17:19 --> pg_query(): Query failed: ERROR:  column &quot;total_bayar&quot; does not exist
LINE 1: SELECT SUM(total_bayar) as total_bayar FROM payment.pembayar...
                   ^
#0 [internal function]: CodeIgniter\Debug\Exceptions->errorHandler(2, 'pg_query(): Que...', 'C:\\xampp\\htdocs...', 170, Array)
#1 C:\xampp\htdocs\ci-esptpd\dashboard_pdl\system\Database\Postgre\Connection.php(170): pg_query(Resource id #112, 'SELECT SUM(tota...')
#2 C:\xampp\htdocs\ci-esptpd\dashboard_pdl\system\Database\BaseConnection.php(685): CodeIgniter\Database\Postgre\Connection->execute('SELECT SUM(tota...')
#3 C:\xampp\htdocs\ci-esptpd\dashboard_pdl\system\Database\BaseConnection.php(621): CodeIgniter\Database\BaseConnection->simpleQuery('SELECT SUM(tota...')
#4 C:\xampp\htdocs\ci-esptpd\dashboard_pdl\app\Models\getModel.php(36): CodeIgniter\Database\BaseConnection->query('SELECT SUM(tota...')
#5 C:\xampp\htdocs\ci-esptpd\dashboard_pdl\app\Controllers\Dashboard.php(32): App\Models\getModel->getTotalBayarTiapPajak('41101', '2024-05-01', '2024-05-06')
#6 C:\xampp\htdocs\ci-esptpd\dashboard_pdl\system\CodeIgniter.php(936): App\Controllers\Dashboard->get_total_transaksi()
#7 C:\xampp\htdocs\ci-esptpd\dashboard_pdl\system\CodeIgniter.php(432): CodeIgniter\CodeIgniter->runController(Object(App\Controllers\Dashboard))
#8 C:\xampp\htdocs\ci-esptpd\dashboard_pdl\system\CodeIgniter.php(333): CodeIgniter\CodeIgniter->handleRequest(NULL, Object(Config\Cache), false)
#9 C:\xampp\htdocs\ci-esptpd\dashboard_pdl\index.php(43): CodeIgniter\CodeIgniter->run()
#10 {main}
ERROR - 2024-05-06 12:17:35 --> ErrorException: pg_query(): Query failed: ERROR:  invalid input syntax for type date: &quot;&quot;
LINE 1: ...mbayaran_sptpd WHERE DATE(tgl_pembayaran) BETWEEN '' AND '' ...
                                                             ^ in C:\xampp\htdocs\ci-esptpd\dashboard_pdl\system\Database\Postgre\Connection.php:170
Stack trace:
#0 [internal function]: CodeIgniter\Debug\Exceptions->errorHandler(2, 'pg_query(): Que...', 'C:\\xampp\\htdocs...', 170, Array)
#1 C:\xampp\htdocs\ci-esptpd\dashboard_pdl\system\Database\Postgre\Connection.php(170): pg_query(Resource id #112, 'SELECT SUM(sptp...')
#2 C:\xampp\htdocs\ci-esptpd\dashboard_pdl\system\Database\BaseConnection.php(685): CodeIgniter\Database\Postgre\Connection->execute('SELECT SUM(sptp...')
#3 C:\xampp\htdocs\ci-esptpd\dashboard_pdl\system\Database\BaseConnection.php(621): CodeIgniter\Database\BaseConnection->simpleQuery('SELECT SUM(sptp...')
#4 C:\xampp\htdocs\ci-esptpd\dashboard_pdl\app\Models\getModel.php(20): CodeIgniter\Database\BaseConnection->query('SELECT SUM(sptp...')
#5 C:\xampp\htdocs\ci-esptpd\dashboard_pdl\app\Controllers\Dashboard.php(30): App\Models\getModel->getTotalBayar(NULL, NULL)
#6 C:\xampp\htdocs\ci-esptpd\dashboard_pdl\system\CodeIgniter.php(936): App\Controllers\Dashboard->get_total_transaksi()
#7 C:\xampp\htdocs\ci-esptpd\dashboard_pdl\system\CodeIgniter.php(432): CodeIgniter\CodeIgniter->runController(Object(App\Controllers\Dashboard))
#8 C:\xampp\htdocs\ci-esptpd\dashboard_pdl\system\CodeIgniter.php(333): CodeIgniter\CodeIgniter->handleRequest(NULL, Object(Config\Cache), false)
#9 C:\xampp\htdocs\ci-esptpd\dashboard_pdl\index.php(43): CodeIgniter\CodeIgniter->run()
#10 {main}
CRITICAL - 2024-05-06 12:17:35 --> pg_query(): Query failed: ERROR:  invalid input syntax for type date: &quot;&quot;
LINE 1: ...mbayaran_sptpd WHERE DATE(tgl_pembayaran) BETWEEN '' AND '' ...
                                                             ^
#0 [internal function]: CodeIgniter\Debug\Exceptions->errorHandler(2, 'pg_query(): Que...', 'C:\\xampp\\htdocs...', 170, Array)
#1 C:\xampp\htdocs\ci-esptpd\dashboard_pdl\system\Database\Postgre\Connection.php(170): pg_query(Resource id #112, 'SELECT SUM(sptp...')
#2 C:\xampp\htdocs\ci-esptpd\dashboard_pdl\system\Database\BaseConnection.php(685): CodeIgniter\Database\Postgre\Connection->execute('SELECT SUM(sptp...')
#3 C:\xampp\htdocs\ci-esptpd\dashboard_pdl\system\Database\BaseConnection.php(621): CodeIgniter\Database\BaseConnection->simpleQuery('SELECT SUM(sptp...')
#4 C:\xampp\htdocs\ci-esptpd\dashboard_pdl\app\Models\getModel.php(20): CodeIgniter\Database\BaseConnection->query('SELECT SUM(sptp...')
#5 C:\xampp\htdocs\ci-esptpd\dashboard_pdl\app\Controllers\Dashboard.php(30): App\Models\getModel->getTotalBayar(NULL, NULL)
#6 C:\xampp\htdocs\ci-esptpd\dashboard_pdl\system\CodeIgniter.php(936): App\Controllers\Dashboard->get_total_transaksi()
#7 C:\xampp\htdocs\ci-esptpd\dashboard_pdl\system\CodeIgniter.php(432): CodeIgniter\CodeIgniter->runController(Object(App\Controllers\Dashboard))
#8 C:\xampp\htdocs\ci-esptpd\dashboard_pdl\system\CodeIgniter.php(333): CodeIgniter\CodeIgniter->handleRequest(NULL, Object(Config\Cache), false)
#9 C:\xampp\htdocs\ci-esptpd\dashboard_pdl\index.php(43): CodeIgniter\CodeIgniter->run()
#10 {main}
ERROR - 2024-05-06 12:18:38 --> ErrorException: pg_query(): Query failed: ERROR:  invalid input syntax for type date: &quot;&quot;
LINE 1: ...mbayaran_sptpd WHERE DATE(tgl_pembayaran) BETWEEN '' AND '' ...
                                                             ^ in C:\xampp\htdocs\ci-esptpd\dashboard_pdl\system\Database\Postgre\Connection.php:170
Stack trace:
#0 [internal function]: CodeIgniter\Debug\Exceptions->errorHandler(2, 'pg_query(): Que...', 'C:\\xampp\\htdocs...', 170, Array)
#1 C:\xampp\htdocs\ci-esptpd\dashboard_pdl\system\Database\Postgre\Connection.php(170): pg_query(Resource id #112, 'SELECT SUM(sptp...')
#2 C:\xampp\htdocs\ci-esptpd\dashboard_pdl\system\Database\BaseConnection.php(685): CodeIgniter\Database\Postgre\Connection->execute('SELECT SUM(sptp...')
#3 C:\xampp\htdocs\ci-esptpd\dashboard_pdl\system\Database\BaseConnection.php(621): CodeIgniter\Database\BaseConnection->simpleQuery('SELECT SUM(sptp...')
#4 C:\xampp\htdocs\ci-esptpd\dashboard_pdl\app\Models\getModel.php(20): CodeIgniter\Database\BaseConnection->query('SELECT SUM(sptp...')
#5 C:\xampp\htdocs\ci-esptpd\dashboard_pdl\app\Controllers\Dashboard.php(30): App\Models\getModel->getTotalBayar(NULL, NULL)
#6 C:\xampp\htdocs\ci-esptpd\dashboard_pdl\system\CodeIgniter.php(936): App\Controllers\Dashboard->get_total_transaksi()
#7 C:\xampp\htdocs\ci-esptpd\dashboard_pdl\system\CodeIgniter.php(432): CodeIgniter\CodeIgniter->runController(Object(App\Controllers\Dashboard))
#8 C:\xampp\htdocs\ci-esptpd\dashboard_pdl\system\CodeIgniter.php(333): CodeIgniter\CodeIgniter->handleRequest(NULL, Object(Config\Cache), false)
#9 C:\xampp\htdocs\ci-esptpd\dashboard_pdl\index.php(43): CodeIgniter\CodeIgniter->run()
#10 {main}
CRITICAL - 2024-05-06 12:18:38 --> pg_query(): Query failed: ERROR:  invalid input syntax for type date: &quot;&quot;
LINE 1: ...mbayaran_sptpd WHERE DATE(tgl_pembayaran) BETWEEN '' AND '' ...
                                                             ^
#0 [internal function]: CodeIgniter\Debug\Exceptions->errorHandler(2, 'pg_query(): Que...', 'C:\\xampp\\htdocs...', 170, Array)
#1 C:\xampp\htdocs\ci-esptpd\dashboard_pdl\system\Database\Postgre\Connection.php(170): pg_query(Resource id #112, 'SELECT SUM(sptp...')
#2 C:\xampp\htdocs\ci-esptpd\dashboard_pdl\system\Database\BaseConnection.php(685): CodeIgniter\Database\Postgre\Connection->execute('SELECT SUM(sptp...')
#3 C:\xampp\htdocs\ci-esptpd\dashboard_pdl\system\Database\BaseConnection.php(621): CodeIgniter\Database\BaseConnection->simpleQuery('SELECT SUM(sptp...')
#4 C:\xampp\htdocs\ci-esptpd\dashboard_pdl\app\Models\getModel.php(20): CodeIgniter\Database\BaseConnection->query('SELECT SUM(sptp...')
#5 C:\xampp\htdocs\ci-esptpd\dashboard_pdl\app\Controllers\Dashboard.php(30): App\Models\getModel->getTotalBayar(NULL, NULL)
#6 C:\xampp\htdocs\ci-esptpd\dashboard_pdl\system\CodeIgniter.php(936): App\Controllers\Dashboard->get_total_transaksi()
#7 C:\xampp\htdocs\ci-esptpd\dashboard_pdl\system\CodeIgniter.php(432): CodeIgniter\CodeIgniter->runController(Object(App\Controllers\Dashboard))
#8 C:\xampp\htdocs\ci-esptpd\dashboard_pdl\system\CodeIgniter.php(333): CodeIgniter\CodeIgniter->handleRequest(NULL, Object(Config\Cache), false)
#9 C:\xampp\htdocs\ci-esptpd\dashboard_pdl\index.php(43): CodeIgniter\CodeIgniter->run()
#10 {main}
ERROR - 2024-05-06 14:25:01 --> ErrorException: pg_query(): Query failed: ERROR:  column a.npwrd does not exist
LINE 1: ...embayaran_sptpd AS a LEFT JOIN app_reg_wr AS b ON a.npwrd=b....
                                                             ^
HINT:  Perhaps you meant to reference the column &quot;a.npwprd&quot; or the column &quot;b.npwrd&quot;. in C:\xampp\htdocs\ci-esptpd\dashboard_pdl\system\Database\Postgre\Connection.php:170
Stack trace:
#0 [internal function]: CodeIgniter\Debug\Exceptions->errorHandler(2, 'pg_query(): Que...', 'C:\\xampp\\htdocs...', 170, Array)
#1 C:\xampp\htdocs\ci-esptpd\dashboard_pdl\system\Database\Postgre\Connection.php(170): pg_query(Resource id #112, 'SELECT a.npwrd,...')
#2 C:\xampp\htdocs\ci-esptpd\dashboard_pdl\system\Database\BaseConnection.php(685): CodeIgniter\Database\Postgre\Connection->execute('SELECT a.npwrd,...')
#3 C:\xampp\htdocs\ci-esptpd\dashboard_pdl\system\Database\BaseConnection.php(621): CodeIgniter\Database\BaseConnection->simpleQuery('SELECT a.npwrd,...')
#4 C:\xampp\htdocs\ci-esptpd\dashboard_pdl\app\Models\getModel.php(68): CodeIgniter\Database\BaseConnection->query('SELECT a.npwrd,...')
#5 C:\xampp\htdocs\ci-esptpd\dashboard_pdl\app\Controllers\Dashboard.php(56): App\Models\getModel->getDataBayarTiapPasar('41101', '2024-05-06', '2024-05-06')
#6 C:\xampp\htdocs\ci-esptpd\dashboard_pdl\system\CodeIgniter.php(936): App\Controllers\Dashboard->detail_pajak('41101', '2024-05-06', '2024-05-06')
#7 C:\xampp\htdocs\ci-esptpd\dashboard_pdl\system\CodeIgniter.php(432): CodeIgniter\CodeIgniter->runController(Object(App\Controllers\Dashboard))
#8 C:\xampp\htdocs\ci-esptpd\dashboard_pdl\system\CodeIgniter.php(333): CodeIgniter\CodeIgniter->handleRequest(NULL, Object(Config\Cache), false)
#9 C:\xampp\htdocs\ci-esptpd\dashboard_pdl\index.php(43): CodeIgniter\CodeIgniter->run()
#10 {main}
CRITICAL - 2024-05-06 14:25:01 --> pg_query(): Query failed: ERROR:  column a.npwrd does not exist
LINE 1: ...embayaran_sptpd AS a LEFT JOIN app_reg_wr AS b ON a.npwrd=b....
                                                             ^
HINT:  Perhaps you meant to reference the column &quot;a.npwprd&quot; or the column &quot;b.npwrd&quot;.
#0 [internal function]: CodeIgniter\Debug\Exceptions->errorHandler(2, 'pg_query(): Que...', 'C:\\xampp\\htdocs...', 170, Array)
#1 C:\xampp\htdocs\ci-esptpd\dashboard_pdl\system\Database\Postgre\Connection.php(170): pg_query(Resource id #112, 'SELECT a.npwrd,...')
#2 C:\xampp\htdocs\ci-esptpd\dashboard_pdl\system\Database\BaseConnection.php(685): CodeIgniter\Database\Postgre\Connection->execute('SELECT a.npwrd,...')
#3 C:\xampp\htdocs\ci-esptpd\dashboard_pdl\system\Database\BaseConnection.php(621): CodeIgniter\Database\BaseConnection->simpleQuery('SELECT a.npwrd,...')
#4 C:\xampp\htdocs\ci-esptpd\dashboard_pdl\app\Models\getModel.php(68): CodeIgniter\Database\BaseConnection->query('SELECT a.npwrd,...')
#5 C:\xampp\htdocs\ci-esptpd\dashboard_pdl\app\Controllers\Dashboard.php(56): App\Models\getModel->getDataBayarTiapPasar('41101', '2024-05-06', '2024-05-06')
#6 C:\xampp\htdocs\ci-esptpd\dashboard_pdl\system\CodeIgniter.php(936): App\Controllers\Dashboard->detail_pajak('41101', '2024-05-06', '2024-05-06')
#7 C:\xampp\htdocs\ci-esptpd\dashboard_pdl\system\CodeIgniter.php(432): CodeIgniter\CodeIgniter->runController(Object(App\Controllers\Dashboard))
#8 C:\xampp\htdocs\ci-esptpd\dashboard_pdl\system\CodeIgniter.php(333): CodeIgniter\CodeIgniter->handleRequest(NULL, Object(Config\Cache), false)
#9 C:\xampp\htdocs\ci-esptpd\dashboard_pdl\index.php(43): CodeIgniter\CodeIgniter->run()
#10 {main}
ERROR - 2024-05-06 14:30:26 --> ErrorException: pg_query(): Query failed: ERROR:  column a.npwrd does not exist
LINE 1: ...ent.pembayaran_sptpd AS a LEFT JOIN wp_wr AS b ON a.npwrd=b....
                                                             ^
HINT:  Perhaps you meant to reference the column &quot;a.npwprd&quot;. in C:\xampp\htdocs\ci-esptpd\dashboard_pdl\system\Database\Postgre\Connection.php:170
Stack trace:
#0 [internal function]: CodeIgniter\Debug\Exceptions->errorHandler(2, 'pg_query(): Que...', 'C:\\xampp\\htdocs...', 170, Array)
#1 C:\xampp\htdocs\ci-esptpd\dashboard_pdl\system\Database\Postgre\Connection.php(170): pg_query(Resource id #112, 'SELECT a.*, b.w...')
#2 C:\xampp\htdocs\ci-esptpd\dashboard_pdl\system\Database\BaseConnection.php(685): CodeIgniter\Database\Postgre\Connection->execute('SELECT a.*, b.w...')
#3 C:\xampp\htdocs\ci-esptpd\dashboard_pdl\system\Database\BaseConnection.php(621): CodeIgniter\Database\BaseConnection->simpleQuery('SELECT a.*, b.w...')
#4 C:\xampp\htdocs\ci-esptpd\dashboard_pdl\app\Models\getModel.php(68): CodeIgniter\Database\BaseConnection->query('SELECT a.*, b.w...')
#5 C:\xampp\htdocs\ci-esptpd\dashboard_pdl\app\Controllers\Dashboard.php(56): App\Models\getModel->getDataBayarTiapPasar('41101', '2024-05-06', '2024-05-06')
#6 C:\xampp\htdocs\ci-esptpd\dashboard_pdl\system\CodeIgniter.php(936): App\Controllers\Dashboard->detail_pajak('41101', '2024-05-06', '2024-05-06')
#7 C:\xampp\htdocs\ci-esptpd\dashboard_pdl\system\CodeIgniter.php(432): CodeIgniter\CodeIgniter->runController(Object(App\Controllers\Dashboard))
#8 C:\xampp\htdocs\ci-esptpd\dashboard_pdl\system\CodeIgniter.php(333): CodeIgniter\CodeIgniter->handleRequest(NULL, Object(Config\Cache), false)
#9 C:\xampp\htdocs\ci-esptpd\dashboard_pdl\index.php(43): CodeIgniter\CodeIgniter->run()
#10 {main}
CRITICAL - 2024-05-06 14:30:26 --> pg_query(): Query failed: ERROR:  column a.npwrd does not exist
LINE 1: ...ent.pembayaran_sptpd AS a LEFT JOIN wp_wr AS b ON a.npwrd=b....
                                                             ^
HINT:  Perhaps you meant to reference the column &quot;a.npwprd&quot;.
#0 [internal function]: CodeIgniter\Debug\Exceptions->errorHandler(2, 'pg_query(): Que...', 'C:\\xampp\\htdocs...', 170, Array)
#1 C:\xampp\htdocs\ci-esptpd\dashboard_pdl\system\Database\Postgre\Connection.php(170): pg_query(Resource id #112, 'SELECT a.*, b.w...')
#2 C:\xampp\htdocs\ci-esptpd\dashboard_pdl\system\Database\BaseConnection.php(685): CodeIgniter\Database\Postgre\Connection->execute('SELECT a.*, b.w...')
#3 C:\xampp\htdocs\ci-esptpd\dashboard_pdl\system\Database\BaseConnection.php(621): CodeIgniter\Database\BaseConnection->simpleQuery('SELECT a.*, b.w...')
#4 C:\xampp\htdocs\ci-esptpd\dashboard_pdl\app\Models\getModel.php(68): CodeIgniter\Database\BaseConnection->query('SELECT a.*, b.w...')
#5 C:\xampp\htdocs\ci-esptpd\dashboard_pdl\app\Controllers\Dashboard.php(56): App\Models\getModel->getDataBayarTiapPasar('41101', '2024-05-06', '2024-05-06')
#6 C:\xampp\htdocs\ci-esptpd\dashboard_pdl\system\CodeIgniter.php(936): App\Controllers\Dashboard->detail_pajak('41101', '2024-05-06', '2024-05-06')
#7 C:\xampp\htdocs\ci-esptpd\dashboard_pdl\system\CodeIgniter.php(432): CodeIgniter\CodeIgniter->runController(Object(App\Controllers\Dashboard))
#8 C:\xampp\htdocs\ci-esptpd\dashboard_pdl\system\CodeIgniter.php(333): CodeIgniter\CodeIgniter->handleRequest(NULL, Object(Config\Cache), false)
#9 C:\xampp\htdocs\ci-esptpd\dashboard_pdl\index.php(43): CodeIgniter\CodeIgniter->run()
#10 {main}
CRITICAL - 2024-05-06 14:33:49 --> Invalid file: detail_bayar_pasar.php
#0 C:\xampp\htdocs\ci-esptpd\dashboard_pdl\system\View\View.php(203): CodeIgniter\Exceptions\FrameworkException::forInvalidFile('detail_bayar_pa...')
#1 C:\xampp\htdocs\ci-esptpd\dashboard_pdl\system\Common.php(1217): CodeIgniter\View\View->render('detail_bayar_pa...', Array, true)
#2 C:\xampp\htdocs\ci-esptpd\dashboard_pdl\app\Controllers\Dashboard.php(62): view('detail_bayar_pa...', Array)
#3 C:\xampp\htdocs\ci-esptpd\dashboard_pdl\system\CodeIgniter.php(936): App\Controllers\Dashboard->detail_pajak('41101', '2024-05-06', '2024-05-06')
#4 C:\xampp\htdocs\ci-esptpd\dashboard_pdl\system\CodeIgniter.php(432): CodeIgniter\CodeIgniter->runController(Object(App\Controllers\Dashboard))
#5 C:\xampp\htdocs\ci-esptpd\dashboard_pdl\system\CodeIgniter.php(333): CodeIgniter\CodeIgniter->handleRequest(NULL, Object(Config\Cache), false)
#6 C:\xampp\htdocs\ci-esptpd\dashboard_pdl\index.php(43): CodeIgniter\CodeIgniter->run()
#7 {main}
CRITICAL - 2024-05-06 14:34:07 --> Invalid file: detail_bayar_pasar.php
#0 C:\xampp\htdocs\ci-esptpd\dashboard_pdl\system\View\View.php(203): CodeIgniter\Exceptions\FrameworkException::forInvalidFile('detail_bayar_pa...')
#1 C:\xampp\htdocs\ci-esptpd\dashboard_pdl\system\Common.php(1217): CodeIgniter\View\View->render('detail_bayar_pa...', Array, true)
#2 C:\xampp\htdocs\ci-esptpd\dashboard_pdl\app\Controllers\Dashboard.php(62): view('detail_bayar_pa...', Array)
#3 C:\xampp\htdocs\ci-esptpd\dashboard_pdl\system\CodeIgniter.php(936): App\Controllers\Dashboard->detail_pajak('41101', '2024-05-06', '2024-05-06')
#4 C:\xampp\htdocs\ci-esptpd\dashboard_pdl\system\CodeIgniter.php(432): CodeIgniter\CodeIgniter->runController(Object(App\Controllers\Dashboard))
#5 C:\xampp\htdocs\ci-esptpd\dashboard_pdl\system\CodeIgniter.php(333): CodeIgniter\CodeIgniter->handleRequest(NULL, Object(Config\Cache), false)
#6 C:\xampp\htdocs\ci-esptpd\dashboard_pdl\index.php(43): CodeIgniter\CodeIgniter->run()
#7 {main}
CRITICAL - 2024-05-06 14:35:00 --> Invalid file: detail_bayar_pasar.php
#0 C:\xampp\htdocs\ci-esptpd\dashboard_pdl\system\View\View.php(203): CodeIgniter\Exceptions\FrameworkException::forInvalidFile('detail_bayar_pa...')
#1 C:\xampp\htdocs\ci-esptpd\dashboard_pdl\system\Common.php(1217): CodeIgniter\View\View->render('detail_bayar_pa...', Array, true)
#2 C:\xampp\htdocs\ci-esptpd\dashboard_pdl\app\Controllers\Dashboard.php(62): view('detail_bayar_pa...', Array)
#3 C:\xampp\htdocs\ci-esptpd\dashboard_pdl\system\CodeIgniter.php(936): App\Controllers\Dashboard->detail_pajak('41101', '2024-05-06', '2024-05-06')
#4 C:\xampp\htdocs\ci-esptpd\dashboard_pdl\system\CodeIgniter.php(432): CodeIgniter\CodeIgniter->runController(Object(App\Controllers\Dashboard))
#5 C:\xampp\htdocs\ci-esptpd\dashboard_pdl\system\CodeIgniter.php(333): CodeIgniter\CodeIgniter->handleRequest(NULL, Object(Config\Cache), false)
#6 C:\xampp\htdocs\ci-esptpd\dashboard_pdl\index.php(43): CodeIgniter\CodeIgniter->run()
#7 {main}
CRITICAL - 2024-05-06 14:35:43 --> Invalid file: detail_bayar_pasar.php
#0 C:\xampp\htdocs\ci-esptpd\dashboard_pdl\system\View\View.php(203): CodeIgniter\Exceptions\FrameworkException::forInvalidFile('detail_bayar_pa...')
#1 C:\xampp\htdocs\ci-esptpd\dashboard_pdl\system\Common.php(1217): CodeIgniter\View\View->render('detail_bayar_pa...', Array, true)
#2 C:\xampp\htdocs\ci-esptpd\dashboard_pdl\app\Controllers\Dashboard.php(62): view('detail_bayar_pa...', Array)
#3 C:\xampp\htdocs\ci-esptpd\dashboard_pdl\system\CodeIgniter.php(936): App\Controllers\Dashboard->detail_pajak('41101', '2024-05-06', '2024-05-06')
#4 C:\xampp\htdocs\ci-esptpd\dashboard_pdl\system\CodeIgniter.php(432): CodeIgniter\CodeIgniter->runController(Object(App\Controllers\Dashboard))
#5 C:\xampp\htdocs\ci-esptpd\dashboard_pdl\system\CodeIgniter.php(333): CodeIgniter\CodeIgniter->handleRequest(NULL, Object(Config\Cache), false)
#6 C:\xampp\htdocs\ci-esptpd\dashboard_pdl\index.php(43): CodeIgniter\CodeIgniter->run()
#7 {main}
