CRITICAL - 2021-11-12 00:11:26 --> Call to undefined function set_value()
#0 E:\adon\Application\Website\Epotensi-Batu\system\View\View.php(220): include()
#1 E:\adon\Application\Website\Epotensi-Batu\system\View\View.php(222): CodeIgniter\View\View->CodeIgniter\View\{closure}()
#2 E:\adon\Application\Website\Epotensi-Batu\system\Common.php(1217): CodeIgniter\View\View->render('\\App\\Views\\Auth...', Array, true)
#3 E:\adon\Application\Website\Epotensi-Batu\vendor\myth\auth\src\Controllers\AuthController.php(402): view('\\App\\Views\\Auth...', Array)
#4 E:\adon\Application\Website\Epotensi-Batu\vendor\myth\auth\src\Controllers\AuthController.php(133): Myth\Auth\Controllers\AuthController->_render('\\App\\Views\\Auth...', Array)
#5 E:\adon\Application\Website\Epotensi-Batu\system\CodeIgniter.php(936): Myth\Auth\Controllers\AuthController->register()
#6 E:\adon\Application\Website\Epotensi-Batu\system\CodeIgniter.php(432): CodeIgniter\CodeIgniter->runController(Object(Myth\Auth\Controllers\AuthController))
#7 E:\adon\Application\Website\Epotensi-Batu\system\CodeIgniter.php(333): CodeIgniter\CodeIgniter->handleRequest(NULL, Object(Config\Cache), false)
#8 E:\adon\Application\Website\Epotensi-Batu\public\index.php(44): CodeIgniter\CodeIgniter->run()
#9 E:\adon\Application\Website\Epotensi-Batu\system\Commands\Server\rewrite.php(45): require_once('E:\\adon\\Applica...')
#10 {main}
ERROR - 2021-11-12 00:31:44 --> mysqli_sql_exception: Duplicate entry '84736fehd' for key 'npwpd' in E:\adon\Application\Website\Epotensi-Batu\system\Database\MySQLi\Connection.php:314
Stack trace:
#0 E:\adon\Application\Website\Epotensi-Batu\system\Database\MySQLi\Connection.php(314): mysqli->query('INSERT INTO `us...')
#1 E:\adon\Application\Website\Epotensi-Batu\system\Database\BaseConnection.php(713): CodeIgniter\Database\MySQLi\Connection->execute('INSERT INTO `us...')
#2 E:\adon\Application\Website\Epotensi-Batu\system\Database\BaseConnection.php(641): CodeIgniter\Database\BaseConnection->simpleQuery('INSERT INTO `us...')
#3 E:\adon\Application\Website\Epotensi-Batu\system\Database\BaseBuilder.php(2263): CodeIgniter\Database\BaseConnection->query('INSERT INTO `us...', Array, false)
#4 E:\adon\Application\Website\Epotensi-Batu\system\Model.php(278): CodeIgniter\Database\BaseBuilder->insert()
#5 E:\adon\Application\Website\Epotensi-Batu\system\BaseModel.php(758): CodeIgniter\Model->doInsert(Array)
#6 E:\adon\Application\Website\Epotensi-Batu\system\Model.php(705): CodeIgniter\BaseModel->insert(Array, false)
#7 E:\adon\Application\Website\Epotensi-Batu\system\BaseModel.php(667): CodeIgniter\Model->insert(Array, false)
#8 E:\adon\Application\Website\Epotensi-Batu\app\Controllers\Register.php(40): CodeIgniter\BaseModel->save(Array)
#9 E:\adon\Application\Website\Epotensi-Batu\system\CodeIgniter.php(936): App\Controllers\Register->save()
#10 E:\adon\Application\Website\Epotensi-Batu\system\CodeIgniter.php(432): CodeIgniter\CodeIgniter->runController(Object(App\Controllers\Register))
#11 E:\adon\Application\Website\Epotensi-Batu\system\CodeIgniter.php(333): CodeIgniter\CodeIgniter->handleRequest(NULL, Object(Config\Cache), false)
#12 E:\adon\Application\Website\Epotensi-Batu\public\index.php(44): CodeIgniter\CodeIgniter->run()
#13 E:\adon\Application\Website\Epotensi-Batu\system\Commands\Server\rewrite.php(45): require_once('E:\\adon\\Applica...')
#14 {main}
CRITICAL - 2021-11-12 00:31:44 --> Duplicate entry '84736fehd' for key 'npwpd'
#0 E:\adon\Application\Website\Epotensi-Batu\system\Database\MySQLi\Connection.php(314): mysqli->query('INSERT INTO `us...')
#1 E:\adon\Application\Website\Epotensi-Batu\system\Database\BaseConnection.php(713): CodeIgniter\Database\MySQLi\Connection->execute('INSERT INTO `us...')
#2 E:\adon\Application\Website\Epotensi-Batu\system\Database\BaseConnection.php(641): CodeIgniter\Database\BaseConnection->simpleQuery('INSERT INTO `us...')
#3 E:\adon\Application\Website\Epotensi-Batu\system\Database\BaseBuilder.php(2263): CodeIgniter\Database\BaseConnection->query('INSERT INTO `us...', Array, false)
#4 E:\adon\Application\Website\Epotensi-Batu\system\Model.php(278): CodeIgniter\Database\BaseBuilder->insert()
#5 E:\adon\Application\Website\Epotensi-Batu\system\BaseModel.php(758): CodeIgniter\Model->doInsert(Array)
#6 E:\adon\Application\Website\Epotensi-Batu\system\Model.php(705): CodeIgniter\BaseModel->insert(Array, false)
#7 E:\adon\Application\Website\Epotensi-Batu\system\BaseModel.php(667): CodeIgniter\Model->insert(Array, false)
#8 E:\adon\Application\Website\Epotensi-Batu\app\Controllers\Register.php(40): CodeIgniter\BaseModel->save(Array)
#9 E:\adon\Application\Website\Epotensi-Batu\system\CodeIgniter.php(936): App\Controllers\Register->save()
#10 E:\adon\Application\Website\Epotensi-Batu\system\CodeIgniter.php(432): CodeIgniter\CodeIgniter->runController(Object(App\Controllers\Register))
#11 E:\adon\Application\Website\Epotensi-Batu\system\CodeIgniter.php(333): CodeIgniter\CodeIgniter->handleRequest(NULL, Object(Config\Cache), false)
#12 E:\adon\Application\Website\Epotensi-Batu\public\index.php(44): CodeIgniter\CodeIgniter->run()
#13 E:\adon\Application\Website\Epotensi-Batu\system\Commands\Server\rewrite.php(45): require_once('E:\\adon\\Applica...')
#14 {main}
CRITICAL - 2021-11-12 00:34:27 --> Undefined index: user_password
#0 E:\adon\Application\Website\Epotensi-Batu\app\Controllers\Login.php(24): CodeIgniter\Debug\Exceptions->errorHandler(8, 'Undefined index...', 'E:\\adon\\Applica...', 24, Array)
#1 E:\adon\Application\Website\Epotensi-Batu\system\CodeIgniter.php(936): App\Controllers\Login->auth()
#2 E:\adon\Application\Website\Epotensi-Batu\system\CodeIgniter.php(432): CodeIgniter\CodeIgniter->runController(Object(App\Controllers\Login))
#3 E:\adon\Application\Website\Epotensi-Batu\system\CodeIgniter.php(333): CodeIgniter\CodeIgniter->handleRequest(NULL, Object(Config\Cache), false)
#4 E:\adon\Application\Website\Epotensi-Batu\public\index.php(44): CodeIgniter\CodeIgniter->run()
#5 E:\adon\Application\Website\Epotensi-Batu\system\Commands\Server\rewrite.php(45): require_once('E:\\adon\\Applica...')
#6 {main}
CRITICAL - 2021-11-12 00:36:20 --> Trying to get property 'username' of non-object
#0 E:\adon\Application\Website\Epotensi-Batu\app\Views\layout\main.php(73): CodeIgniter\Debug\Exceptions->errorHandler(8, 'Trying to get p...', 'E:\\adon\\Applica...', 73, Array)
#1 E:\adon\Application\Website\Epotensi-Batu\system\View\View.php(220): include('E:\\adon\\Applica...')
#2 E:\adon\Application\Website\Epotensi-Batu\system\View\View.php(222): CodeIgniter\View\View->CodeIgniter\View\{closure}()
#3 E:\adon\Application\Website\Epotensi-Batu\system\View\View.php(236): CodeIgniter\View\View->render('layout/main', Array, true)
#4 E:\adon\Application\Website\Epotensi-Batu\system\View\View.php(236): CodeIgniter\View\View->render('layout/menu', Array, true)
#5 E:\adon\Application\Website\Epotensi-Batu\system\Common.php(1217): CodeIgniter\View\View->render('layout/home', Array, true)
#6 E:\adon\Application\Website\Epotensi-Batu\app\Controllers\Layout.php(28): view('layout/home', Array)
#7 E:\adon\Application\Website\Epotensi-Batu\system\CodeIgniter.php(936): App\Controllers\Layout->index()
#8 E:\adon\Application\Website\Epotensi-Batu\system\CodeIgniter.php(432): CodeIgniter\CodeIgniter->runController(Object(App\Controllers\Layout))
#9 E:\adon\Application\Website\Epotensi-Batu\system\CodeIgniter.php(333): CodeIgniter\CodeIgniter->handleRequest(NULL, Object(Config\Cache), false)
#10 E:\adon\Application\Website\Epotensi-Batu\public\index.php(44): CodeIgniter\CodeIgniter->run()
#11 E:\adon\Application\Website\Epotensi-Batu\system\Commands\Server\rewrite.php(45): require_once('E:\\adon\\Applica...')
#12 {main}
CRITICAL - 2021-11-12 00:37:45 --> Undefined variable: data
#0 E:\adon\Application\Website\Epotensi-Batu\app\Views\layout\main.php(73): CodeIgniter\Debug\Exceptions->errorHandler(8, 'Undefined varia...', 'E:\\adon\\Applica...', 73, Array)
#1 E:\adon\Application\Website\Epotensi-Batu\system\View\View.php(220): include('E:\\adon\\Applica...')
#2 E:\adon\Application\Website\Epotensi-Batu\system\View\View.php(222): CodeIgniter\View\View->CodeIgniter\View\{closure}()
#3 E:\adon\Application\Website\Epotensi-Batu\system\View\View.php(236): CodeIgniter\View\View->render('layout/main', Array, true)
#4 E:\adon\Application\Website\Epotensi-Batu\system\View\View.php(236): CodeIgniter\View\View->render('layout/menu', Array, true)
#5 E:\adon\Application\Website\Epotensi-Batu\system\Common.php(1217): CodeIgniter\View\View->render('layout/home', Array, true)
#6 E:\adon\Application\Website\Epotensi-Batu\app\Controllers\Layout.php(28): view('layout/home', Array)
#7 E:\adon\Application\Website\Epotensi-Batu\system\CodeIgniter.php(936): App\Controllers\Layout->index()
#8 E:\adon\Application\Website\Epotensi-Batu\system\CodeIgniter.php(432): CodeIgniter\CodeIgniter->runController(Object(App\Controllers\Layout))
#9 E:\adon\Application\Website\Epotensi-Batu\system\CodeIgniter.php(333): CodeIgniter\CodeIgniter->handleRequest(NULL, Object(Config\Cache), false)
#10 E:\adon\Application\Website\Epotensi-Batu\public\index.php(44): CodeIgniter\CodeIgniter->run()
#11 E:\adon\Application\Website\Epotensi-Batu\system\Commands\Server\rewrite.php(45): require_once('E:\\adon\\Applica...')
#12 {main}
CRITICAL - 2021-11-12 00:38:30 --> Undefined variable: session
#0 E:\adon\Application\Website\Epotensi-Batu\app\Views\layout\main.php(73): CodeIgniter\Debug\Exceptions->errorHandler(8, 'Undefined varia...', 'E:\\adon\\Applica...', 73, Array)
#1 E:\adon\Application\Website\Epotensi-Batu\system\View\View.php(220): include('E:\\adon\\Applica...')
#2 E:\adon\Application\Website\Epotensi-Batu\system\View\View.php(222): CodeIgniter\View\View->CodeIgniter\View\{closure}()
#3 E:\adon\Application\Website\Epotensi-Batu\system\View\View.php(236): CodeIgniter\View\View->render('layout/main', Array, true)
#4 E:\adon\Application\Website\Epotensi-Batu\system\View\View.php(236): CodeIgniter\View\View->render('layout/menu', Array, true)
#5 E:\adon\Application\Website\Epotensi-Batu\system\Common.php(1217): CodeIgniter\View\View->render('layout/home', Array, true)
#6 E:\adon\Application\Website\Epotensi-Batu\app\Controllers\Layout.php(28): view('layout/home', Array)
#7 E:\adon\Application\Website\Epotensi-Batu\system\CodeIgniter.php(936): App\Controllers\Layout->index()
#8 E:\adon\Application\Website\Epotensi-Batu\system\CodeIgniter.php(432): CodeIgniter\CodeIgniter->runController(Object(App\Controllers\Layout))
#9 E:\adon\Application\Website\Epotensi-Batu\system\CodeIgniter.php(333): CodeIgniter\CodeIgniter->handleRequest(NULL, Object(Config\Cache), false)
#10 E:\adon\Application\Website\Epotensi-Batu\public\index.php(44): CodeIgniter\CodeIgniter->run()
#11 E:\adon\Application\Website\Epotensi-Batu\system\Commands\Server\rewrite.php(45): require_once('E:\\adon\\Applica...')
#12 {main}
CRITICAL - 2021-11-12 01:55:02 --> Undefined variable: username
#0 E:\adon\Application\Website\Epotensi-Batu\app\Views\layout\main.php(73): CodeIgniter\Debug\Exceptions->errorHandler(8, 'Undefined varia...', 'E:\\adon\\Applica...', 73, Array)
#1 E:\adon\Application\Website\Epotensi-Batu\system\View\View.php(220): include('E:\\adon\\Applica...')
#2 E:\adon\Application\Website\Epotensi-Batu\system\View\View.php(222): CodeIgniter\View\View->CodeIgniter\View\{closure}()
#3 E:\adon\Application\Website\Epotensi-Batu\system\View\View.php(236): CodeIgniter\View\View->render('layout/main', Array, true)
#4 E:\adon\Application\Website\Epotensi-Batu\system\View\View.php(236): CodeIgniter\View\View->render('layout/menu', Array, true)
#5 E:\adon\Application\Website\Epotensi-Batu\system\Common.php(1217): CodeIgniter\View\View->render('layout/home', Array, true)
#6 E:\adon\Application\Website\Epotensi-Batu\app\Controllers\Layout.php(28): view('layout/home', Array)
#7 E:\adon\Application\Website\Epotensi-Batu\system\CodeIgniter.php(936): App\Controllers\Layout->index()
#8 E:\adon\Application\Website\Epotensi-Batu\system\CodeIgniter.php(432): CodeIgniter\CodeIgniter->runController(Object(App\Controllers\Layout))
#9 E:\adon\Application\Website\Epotensi-Batu\system\CodeIgniter.php(333): CodeIgniter\CodeIgniter->handleRequest(NULL, Object(Config\Cache), false)
#10 E:\adon\Application\Website\Epotensi-Batu\public\index.php(44): CodeIgniter\CodeIgniter->run()
#11 E:\adon\Application\Website\Epotensi-Batu\system\Commands\Server\rewrite.php(45): require_once('E:\\adon\\Applica...')
#12 {main}
CRITICAL - 2021-11-12 01:55:25 --> Undefined variable: data
#0 E:\adon\Application\Website\Epotensi-Batu\app\Views\layout\main.php(73): CodeIgniter\Debug\Exceptions->errorHandler(8, 'Undefined varia...', 'E:\\adon\\Applica...', 73, Array)
#1 E:\adon\Application\Website\Epotensi-Batu\system\View\View.php(220): include('E:\\adon\\Applica...')
#2 E:\adon\Application\Website\Epotensi-Batu\system\View\View.php(222): CodeIgniter\View\View->CodeIgniter\View\{closure}()
#3 E:\adon\Application\Website\Epotensi-Batu\system\View\View.php(236): CodeIgniter\View\View->render('layout/main', Array, true)
#4 E:\adon\Application\Website\Epotensi-Batu\system\View\View.php(236): CodeIgniter\View\View->render('layout/menu', Array, true)
#5 E:\adon\Application\Website\Epotensi-Batu\system\Common.php(1217): CodeIgniter\View\View->render('layout/home', Array, true)
#6 E:\adon\Application\Website\Epotensi-Batu\app\Controllers\Layout.php(28): view('layout/home', Array)
#7 E:\adon\Application\Website\Epotensi-Batu\system\CodeIgniter.php(936): App\Controllers\Layout->index()
#8 E:\adon\Application\Website\Epotensi-Batu\system\CodeIgniter.php(432): CodeIgniter\CodeIgniter->runController(Object(App\Controllers\Layout))
#9 E:\adon\Application\Website\Epotensi-Batu\system\CodeIgniter.php(333): CodeIgniter\CodeIgniter->handleRequest(NULL, Object(Config\Cache), false)
#10 E:\adon\Application\Website\Epotensi-Batu\public\index.php(44): CodeIgniter\CodeIgniter->run()
#11 E:\adon\Application\Website\Epotensi-Batu\system\Commands\Server\rewrite.php(45): require_once('E:\\adon\\Applica...')
#12 {main}
CRITICAL - 2021-11-12 02:20:00 --> Undefined variable: ses_data
#0 E:\adon\Application\Website\Epotensi-Batu\app\Views\layout\main.php(73): CodeIgniter\Debug\Exceptions->errorHandler(8, 'Undefined varia...', 'E:\\adon\\Applica...', 73, Array)
#1 E:\adon\Application\Website\Epotensi-Batu\system\View\View.php(220): include('E:\\adon\\Applica...')
#2 E:\adon\Application\Website\Epotensi-Batu\system\View\View.php(222): CodeIgniter\View\View->CodeIgniter\View\{closure}()
#3 E:\adon\Application\Website\Epotensi-Batu\system\View\View.php(236): CodeIgniter\View\View->render('layout/main', Array, true)
#4 E:\adon\Application\Website\Epotensi-Batu\system\View\View.php(236): CodeIgniter\View\View->render('layout/menu', Array, true)
#5 E:\adon\Application\Website\Epotensi-Batu\system\Common.php(1217): CodeIgniter\View\View->render('layout/home', Array, true)
#6 E:\adon\Application\Website\Epotensi-Batu\app\Controllers\Layout.php(28): view('layout/home', Array)
#7 E:\adon\Application\Website\Epotensi-Batu\system\CodeIgniter.php(936): App\Controllers\Layout->index()
#8 E:\adon\Application\Website\Epotensi-Batu\system\CodeIgniter.php(432): CodeIgniter\CodeIgniter->runController(Object(App\Controllers\Layout))
#9 E:\adon\Application\Website\Epotensi-Batu\system\CodeIgniter.php(333): CodeIgniter\CodeIgniter->handleRequest(NULL, Object(Config\Cache), false)
#10 E:\adon\Application\Website\Epotensi-Batu\public\index.php(44): CodeIgniter\CodeIgniter->run()
#11 E:\adon\Application\Website\Epotensi-Batu\system\Commands\Server\rewrite.php(45): require_once('E:\\adon\\Applica...')
#12 {main}
CRITICAL - 2021-11-12 02:23:00 --> Cannot use object of type CodeIgniter\Session\Session as array
#0 E:\adon\Application\Website\Epotensi-Batu\system\View\View.php(220): include()
#1 E:\adon\Application\Website\Epotensi-Batu\system\View\View.php(222): CodeIgniter\View\View->CodeIgniter\View\{closure}()
#2 E:\adon\Application\Website\Epotensi-Batu\system\View\View.php(236): CodeIgniter\View\View->render('layout/main', Array, true)
#3 E:\adon\Application\Website\Epotensi-Batu\system\View\View.php(236): CodeIgniter\View\View->render('layout/menu', Array, true)
#4 E:\adon\Application\Website\Epotensi-Batu\system\Common.php(1217): CodeIgniter\View\View->render('layout/home', Array, true)
#5 E:\adon\Application\Website\Epotensi-Batu\app\Controllers\Layout.php(30): view('layout/home', Array)
#6 E:\adon\Application\Website\Epotensi-Batu\system\CodeIgniter.php(936): App\Controllers\Layout->index()
#7 E:\adon\Application\Website\Epotensi-Batu\system\CodeIgniter.php(432): CodeIgniter\CodeIgniter->runController(Object(App\Controllers\Layout))
#8 E:\adon\Application\Website\Epotensi-Batu\system\CodeIgniter.php(333): CodeIgniter\CodeIgniter->handleRequest(NULL, Object(Config\Cache), false)
#9 E:\adon\Application\Website\Epotensi-Batu\public\index.php(44): CodeIgniter\CodeIgniter->run()
#10 E:\adon\Application\Website\Epotensi-Batu\system\Commands\Server\rewrite.php(45): require_once('E:\\adon\\Applica...')
#11 {main}
