ERROR - 2022-08-10 04:45:57 --> mysqli_sql_exception: Table 'ujian.potensi_hotel' doesn't exist in /Applications/MAMP/htdocs/p_saichulhudaromadlon/system/Database/MySQLi/Connection.php:314
Stack trace:
#0 /Applications/MAMP/htdocs/p_saichulhudaromadlon/system/Database/MySQLi/Connection.php(314): mysqli->query('SELECT COUNT(*)...')
#1 /Applications/MAMP/htdocs/p_saichulhudaromadlon/system/Database/BaseConnection.php(685): CodeIgniter\Database\MySQLi\Connection->execute('SELECT COUNT(*)...')
#2 /Applications/MAMP/htdocs/p_saichulhudaromadlon/system/Database/BaseConnection.php(621): CodeIgniter\Database\BaseConnection->simpleQuery('SELECT COUNT(*)...')
#3 /Applications/MAMP/htdocs/p_saichulhudaromadlon/system/Database/BaseBuilder.php(1903): CodeIgniter\Database\BaseConnection->query('SELECT COUNT(*)...', NULL, false)
#4 /Applications/MAMP/htdocs/p_saichulhudaromadlon/app/Models/Modelhome.php(15): CodeIgniter\Database\BaseBuilder->countAll()
#5 /Applications/MAMP/htdocs/p_saichulhudaromadlon/app/Controllers/Admin.php(18): App\Models\Modelhome->tot_hotel()
#6 /Applications/MAMP/htdocs/p_saichulhudaromadlon/system/CodeIgniter.php(936): App\Controllers\Admin->index()
#7 /Applications/MAMP/htdocs/p_saichulhudaromadlon/system/CodeIgniter.php(432): CodeIgniter\CodeIgniter->runController(Object(App\Controllers\Admin))
#8 /Applications/MAMP/htdocs/p_saichulhudaromadlon/system/CodeIgniter.php(333): CodeIgniter\CodeIgniter->handleRequest(NULL, Object(Config\Cache), false)
#9 /Applications/MAMP/htdocs/p_saichulhudaromadlon/index.php(43): CodeIgniter\CodeIgniter->run()
#10 {main}
CRITICAL - 2022-08-10 04:45:57 --> Table 'ujian.potensi_hotel' doesn't exist
#0 /Applications/MAMP/htdocs/p_saichulhudaromadlon/system/Database/MySQLi/Connection.php(314): mysqli->query('SELECT COUNT(*)...')
#1 /Applications/MAMP/htdocs/p_saichulhudaromadlon/system/Database/BaseConnection.php(685): CodeIgniter\Database\MySQLi\Connection->execute('SELECT COUNT(*)...')
#2 /Applications/MAMP/htdocs/p_saichulhudaromadlon/system/Database/BaseConnection.php(621): CodeIgniter\Database\BaseConnection->simpleQuery('SELECT COUNT(*)...')
#3 /Applications/MAMP/htdocs/p_saichulhudaromadlon/system/Database/BaseBuilder.php(1903): CodeIgniter\Database\BaseConnection->query('SELECT COUNT(*)...', NULL, false)
#4 /Applications/MAMP/htdocs/p_saichulhudaromadlon/app/Models/Modelhome.php(15): CodeIgniter\Database\BaseBuilder->countAll()
#5 /Applications/MAMP/htdocs/p_saichulhudaromadlon/app/Controllers/Admin.php(18): App\Models\Modelhome->tot_hotel()
#6 /Applications/MAMP/htdocs/p_saichulhudaromadlon/system/CodeIgniter.php(936): App\Controllers\Admin->index()
#7 /Applications/MAMP/htdocs/p_saichulhudaromadlon/system/CodeIgniter.php(432): CodeIgniter\CodeIgniter->runController(Object(App\Controllers\Admin))
#8 /Applications/MAMP/htdocs/p_saichulhudaromadlon/system/CodeIgniter.php(333): CodeIgniter\CodeIgniter->handleRequest(NULL, Object(Config\Cache), false)
#9 /Applications/MAMP/htdocs/p_saichulhudaromadlon/index.php(43): CodeIgniter\CodeIgniter->run()
#10 {main}
ERROR - 2022-08-10 04:46:22 --> mysqli_sql_exception: Table 'ujian.potensi_hotel' doesn't exist in /Applications/MAMP/htdocs/p_saichulhudaromadlon/system/Database/MySQLi/Connection.php:314
Stack trace:
#0 /Applications/MAMP/htdocs/p_saichulhudaromadlon/system/Database/MySQLi/Connection.php(314): mysqli->query('SELECT COUNT(*)...')
#1 /Applications/MAMP/htdocs/p_saichulhudaromadlon/system/Database/BaseConnection.php(685): CodeIgniter\Database\MySQLi\Connection->execute('SELECT COUNT(*)...')
#2 /Applications/MAMP/htdocs/p_saichulhudaromadlon/system/Database/BaseConnection.php(621): CodeIgniter\Database\BaseConnection->simpleQuery('SELECT COUNT(*)...')
#3 /Applications/MAMP/htdocs/p_saichulhudaromadlon/system/Database/BaseBuilder.php(1903): CodeIgniter\Database\BaseConnection->query('SELECT COUNT(*)...', NULL, false)
#4 /Applications/MAMP/htdocs/p_saichulhudaromadlon/app/Models/Modelhome.php(15): CodeIgniter\Database\BaseBuilder->countAll()
#5 /Applications/MAMP/htdocs/p_saichulhudaromadlon/app/Controllers/Admin.php(18): App\Models\Modelhome->tot_hotel()
#6 /Applications/MAMP/htdocs/p_saichulhudaromadlon/system/CodeIgniter.php(936): App\Controllers\Admin->index()
#7 /Applications/MAMP/htdocs/p_saichulhudaromadlon/system/CodeIgniter.php(432): CodeIgniter\CodeIgniter->runController(Object(App\Controllers\Admin))
#8 /Applications/MAMP/htdocs/p_saichulhudaromadlon/system/CodeIgniter.php(333): CodeIgniter\CodeIgniter->handleRequest(NULL, Object(Config\Cache), false)
#9 /Applications/MAMP/htdocs/p_saichulhudaromadlon/index.php(43): CodeIgniter\CodeIgniter->run()
#10 {main}
ERROR - 2022-08-10 04:46:22 --> mysqli_sql_exception: Table 'ujian.potensi_restoran' doesn't exist in /Applications/MAMP/htdocs/p_saichulhudaromadlon/system/Database/MySQLi/Connection.php:314
Stack trace:
#0 /Applications/MAMP/htdocs/p_saichulhudaromadlon/system/Database/MySQLi/Connection.php(314): mysqli->query('SELECT COUNT(*)...')
#1 /Applications/MAMP/htdocs/p_saichulhudaromadlon/system/Database/BaseConnection.php(685): CodeIgniter\Database\MySQLi\Connection->execute('SELECT COUNT(*)...')
#2 /Applications/MAMP/htdocs/p_saichulhudaromadlon/system/Database/BaseConnection.php(621): CodeIgniter\Database\BaseConnection->simpleQuery('SELECT COUNT(*)...')
#3 /Applications/MAMP/htdocs/p_saichulhudaromadlon/system/Database/BaseBuilder.php(1903): CodeIgniter\Database\BaseConnection->query('SELECT COUNT(*)...', NULL, false)
#4 /Applications/MAMP/htdocs/p_saichulhudaromadlon/app/Models/Modelhome.php(19): CodeIgniter\Database\BaseBuilder->countAll()
#5 /Applications/MAMP/htdocs/p_saichulhudaromadlon/app/Controllers/Admin.php(19): App\Models\Modelhome->tot_restoran()
#6 /Applications/MAMP/htdocs/p_saichulhudaromadlon/system/CodeIgniter.php(936): App\Controllers\Admin->index()
#7 /Applications/MAMP/htdocs/p_saichulhudaromadlon/system/CodeIgniter.php(432): CodeIgniter\CodeIgniter->runController(Object(App\Controllers\Admin))
#8 /Applications/MAMP/htdocs/p_saichulhudaromadlon/system/CodeIgniter.php(333): CodeIgniter\CodeIgniter->handleRequest(NULL, Object(Config\Cache), false)
#9 /Applications/MAMP/htdocs/p_saichulhudaromadlon/index.php(43): CodeIgniter\CodeIgniter->run()
#10 {main}
ERROR - 2022-08-10 04:46:22 --> mysqli_sql_exception: Table 'ujian.potensi_hiburan' doesn't exist in /Applications/MAMP/htdocs/p_saichulhudaromadlon/system/Database/MySQLi/Connection.php:314
Stack trace:
#0 /Applications/MAMP/htdocs/p_saichulhudaromadlon/system/Database/MySQLi/Connection.php(314): mysqli->query('SELECT COUNT(*)...')
#1 /Applications/MAMP/htdocs/p_saichulhudaromadlon/system/Database/BaseConnection.php(685): CodeIgniter\Database\MySQLi\Connection->execute('SELECT COUNT(*)...')
#2 /Applications/MAMP/htdocs/p_saichulhudaromadlon/system/Database/BaseConnection.php(621): CodeIgniter\Database\BaseConnection->simpleQuery('SELECT COUNT(*)...')
#3 /Applications/MAMP/htdocs/p_saichulhudaromadlon/system/Database/BaseBuilder.php(1903): CodeIgniter\Database\BaseConnection->query('SELECT COUNT(*)...', NULL, false)
#4 /Applications/MAMP/htdocs/p_saichulhudaromadlon/app/Models/Modelhome.php(23): CodeIgniter\Database\BaseBuilder->countAll()
#5 /Applications/MAMP/htdocs/p_saichulhudaromadlon/app/Controllers/Admin.php(20): App\Models\Modelhome->tot_hiburan()
#6 /Applications/MAMP/htdocs/p_saichulhudaromadlon/system/CodeIgniter.php(936): App\Controllers\Admin->index()
#7 /Applications/MAMP/htdocs/p_saichulhudaromadlon/system/CodeIgniter.php(432): CodeIgniter\CodeIgniter->runController(Object(App\Controllers\Admin))
#8 /Applications/MAMP/htdocs/p_saichulhudaromadlon/system/CodeIgniter.php(333): CodeIgniter\CodeIgniter->handleRequest(NULL, Object(Config\Cache), false)
#9 /Applications/MAMP/htdocs/p_saichulhudaromadlon/index.php(43): CodeIgniter\CodeIgniter->run()
#10 {main}
ERROR - 2022-08-10 04:46:22 --> mysqli_sql_exception: Table 'ujian.potensi_reklame' doesn't exist in /Applications/MAMP/htdocs/p_saichulhudaromadlon/system/Database/MySQLi/Connection.php:314
Stack trace:
#0 /Applications/MAMP/htdocs/p_saichulhudaromadlon/system/Database/MySQLi/Connection.php(314): mysqli->query('SELECT COUNT(*)...')
#1 /Applications/MAMP/htdocs/p_saichulhudaromadlon/system/Database/BaseConnection.php(685): CodeIgniter\Database\MySQLi\Connection->execute('SELECT COUNT(*)...')
#2 /Applications/MAMP/htdocs/p_saichulhudaromadlon/system/Database/BaseConnection.php(621): CodeIgniter\Database\BaseConnection->simpleQuery('SELECT COUNT(*)...')
#3 /Applications/MAMP/htdocs/p_saichulhudaromadlon/system/Database/BaseBuilder.php(1903): CodeIgniter\Database\BaseConnection->query('SELECT COUNT(*)...', NULL, false)
#4 /Applications/MAMP/htdocs/p_saichulhudaromadlon/app/Models/Modelhome.php(27): CodeIgniter\Database\BaseBuilder->countAll()
#5 /Applications/MAMP/htdocs/p_saichulhudaromadlon/app/Controllers/Admin.php(21): App\Models\Modelhome->tot_reklame()
#6 /Applications/MAMP/htdocs/p_saichulhudaromadlon/system/CodeIgniter.php(936): App\Controllers\Admin->index()
#7 /Applications/MAMP/htdocs/p_saichulhudaromadlon/system/CodeIgniter.php(432): CodeIgniter\CodeIgniter->runController(Object(App\Controllers\Admin))
#8 /Applications/MAMP/htdocs/p_saichulhudaromadlon/system/CodeIgniter.php(333): CodeIgniter\CodeIgniter->handleRequest(NULL, Object(Config\Cache), false)
#9 /Applications/MAMP/htdocs/p_saichulhudaromadlon/index.php(43): CodeIgniter\CodeIgniter->run()
#10 {main}
ERROR - 2022-08-10 04:46:22 --> mysqli_sql_exception: Table 'ujian.potensi_pj' doesn't exist in /Applications/MAMP/htdocs/p_saichulhudaromadlon/system/Database/MySQLi/Connection.php:314
Stack trace:
#0 /Applications/MAMP/htdocs/p_saichulhudaromadlon/system/Database/MySQLi/Connection.php(314): mysqli->query('SELECT COUNT(*)...')
#1 /Applications/MAMP/htdocs/p_saichulhudaromadlon/system/Database/BaseConnection.php(685): CodeIgniter\Database\MySQLi\Connection->execute('SELECT COUNT(*)...')
#2 /Applications/MAMP/htdocs/p_saichulhudaromadlon/system/Database/BaseConnection.php(621): CodeIgniter\Database\BaseConnection->simpleQuery('SELECT COUNT(*)...')
#3 /Applications/MAMP/htdocs/p_saichulhudaromadlon/system/Database/BaseBuilder.php(1903): CodeIgniter\Database\BaseConnection->query('SELECT COUNT(*)...', NULL, false)
#4 /Applications/MAMP/htdocs/p_saichulhudaromadlon/app/Models/Modelhome.php(31): CodeIgniter\Database\BaseBuilder->countAll()
#5 /Applications/MAMP/htdocs/p_saichulhudaromadlon/app/Controllers/Admin.php(22): App\Models\Modelhome->tot_pj()
#6 /Applications/MAMP/htdocs/p_saichulhudaromadlon/system/CodeIgniter.php(936): App\Controllers\Admin->index()
#7 /Applications/MAMP/htdocs/p_saichulhudaromadlon/system/CodeIgniter.php(432): CodeIgniter\CodeIgniter->runController(Object(App\Controllers\Admin))
#8 /Applications/MAMP/htdocs/p_saichulhudaromadlon/system/CodeIgniter.php(333): CodeIgniter\CodeIgniter->handleRequest(NULL, Object(Config\Cache), false)
#9 /Applications/MAMP/htdocs/p_saichulhudaromadlon/index.php(43): CodeIgniter\CodeIgniter->run()
#10 {main}
ERROR - 2022-08-10 04:46:22 --> mysqli_sql_exception: Table 'ujian.potensi_parkir' doesn't exist in /Applications/MAMP/htdocs/p_saichulhudaromadlon/system/Database/MySQLi/Connection.php:314
Stack trace:
#0 /Applications/MAMP/htdocs/p_saichulhudaromadlon/system/Database/MySQLi/Connection.php(314): mysqli->query('SELECT COUNT(*)...')
#1 /Applications/MAMP/htdocs/p_saichulhudaromadlon/system/Database/BaseConnection.php(685): CodeIgniter\Database\MySQLi\Connection->execute('SELECT COUNT(*)...')
#2 /Applications/MAMP/htdocs/p_saichulhudaromadlon/system/Database/BaseConnection.php(621): CodeIgniter\Database\BaseConnection->simpleQuery('SELECT COUNT(*)...')
#3 /Applications/MAMP/htdocs/p_saichulhudaromadlon/system/Database/BaseBuilder.php(1903): CodeIgniter\Database\BaseConnection->query('SELECT COUNT(*)...', NULL, false)
#4 /Applications/MAMP/htdocs/p_saichulhudaromadlon/app/Models/Modelhome.php(35): CodeIgniter\Database\BaseBuilder->countAll()
#5 /Applications/MAMP/htdocs/p_saichulhudaromadlon/app/Controllers/Admin.php(23): App\Models\Modelhome->tot_parkir()
#6 /Applications/MAMP/htdocs/p_saichulhudaromadlon/system/CodeIgniter.php(936): App\Controllers\Admin->index()
#7 /Applications/MAMP/htdocs/p_saichulhudaromadlon/system/CodeIgniter.php(432): CodeIgniter\CodeIgniter->runController(Object(App\Controllers\Admin))
#8 /Applications/MAMP/htdocs/p_saichulhudaromadlon/system/CodeIgniter.php(333): CodeIgniter\CodeIgniter->handleRequest(NULL, Object(Config\Cache), false)
#9 /Applications/MAMP/htdocs/p_saichulhudaromadlon/index.php(43): CodeIgniter\CodeIgniter->run()
#10 {main}
ERROR - 2022-08-10 04:46:22 --> mysqli_sql_exception: Table 'ujian.potensi_abt' doesn't exist in /Applications/MAMP/htdocs/p_saichulhudaromadlon/system/Database/MySQLi/Connection.php:314
Stack trace:
#0 /Applications/MAMP/htdocs/p_saichulhudaromadlon/system/Database/MySQLi/Connection.php(314): mysqli->query('SELECT COUNT(*)...')
#1 /Applications/MAMP/htdocs/p_saichulhudaromadlon/system/Database/BaseConnection.php(685): CodeIgniter\Database\MySQLi\Connection->execute('SELECT COUNT(*)...')
#2 /Applications/MAMP/htdocs/p_saichulhudaromadlon/system/Database/BaseConnection.php(621): CodeIgniter\Database\BaseConnection->simpleQuery('SELECT COUNT(*)...')
#3 /Applications/MAMP/htdocs/p_saichulhudaromadlon/system/Database/BaseBuilder.php(1903): CodeIgniter\Database\BaseConnection->query('SELECT COUNT(*)...', NULL, false)
#4 /Applications/MAMP/htdocs/p_saichulhudaromadlon/app/Models/Modelhome.php(39): CodeIgniter\Database\BaseBuilder->countAll()
#5 /Applications/MAMP/htdocs/p_saichulhudaromadlon/app/Controllers/Admin.php(24): App\Models\Modelhome->tot_abt()
#6 /Applications/MAMP/htdocs/p_saichulhudaromadlon/system/CodeIgniter.php(936): App\Controllers\Admin->index()
#7 /Applications/MAMP/htdocs/p_saichulhudaromadlon/system/CodeIgniter.php(432): CodeIgniter\CodeIgniter->runController(Object(App\Controllers\Admin))
#8 /Applications/MAMP/htdocs/p_saichulhudaromadlon/system/CodeIgniter.php(333): CodeIgniter\CodeIgniter->handleRequest(NULL, Object(Config\Cache), false)
#9 /Applications/MAMP/htdocs/p_saichulhudaromadlon/index.php(43): CodeIgniter\CodeIgniter->run()
#10 {main}
ERROR - 2022-08-10 04:46:22 --> mysqli_sql_exception: Table 'ujian.potensi_mblb' doesn't exist in /Applications/MAMP/htdocs/p_saichulhudaromadlon/system/Database/MySQLi/Connection.php:314
Stack trace:
#0 /Applications/MAMP/htdocs/p_saichulhudaromadlon/system/Database/MySQLi/Connection.php(314): mysqli->query('SELECT COUNT(*)...')
#1 /Applications/MAMP/htdocs/p_saichulhudaromadlon/system/Database/BaseConnection.php(685): CodeIgniter\Database\MySQLi\Connection->execute('SELECT COUNT(*)...')
#2 /Applications/MAMP/htdocs/p_saichulhudaromadlon/system/Database/BaseConnection.php(621): CodeIgniter\Database\BaseConnection->simpleQuery('SELECT COUNT(*)...')
#3 /Applications/MAMP/htdocs/p_saichulhudaromadlon/system/Database/BaseBuilder.php(1903): CodeIgniter\Database\BaseConnection->query('SELECT COUNT(*)...', NULL, false)
#4 /Applications/MAMP/htdocs/p_saichulhudaromadlon/app/Models/Modelhome.php(43): CodeIgniter\Database\BaseBuilder->countAll()
#5 /Applications/MAMP/htdocs/p_saichulhudaromadlon/app/Controllers/Admin.php(25): App\Models\Modelhome->tot_mblb()
#6 /Applications/MAMP/htdocs/p_saichulhudaromadlon/system/CodeIgniter.php(936): App\Controllers\Admin->index()
#7 /Applications/MAMP/htdocs/p_saichulhudaromadlon/system/CodeIgniter.php(432): CodeIgniter\CodeIgniter->runController(Object(App\Controllers\Admin))
#8 /Applications/MAMP/htdocs/p_saichulhudaromadlon/system/CodeIgniter.php(333): CodeIgniter\CodeIgniter->handleRequest(NULL, Object(Config\Cache), false)
#9 /Applications/MAMP/htdocs/p_saichulhudaromadlon/index.php(43): CodeIgniter\CodeIgniter->run()
#10 {main}
ERROR - 2022-08-10 04:46:22 --> mysqli_sql_exception: Table 'ujian.potensi_hotel' doesn't exist in /Applications/MAMP/htdocs/p_saichulhudaromadlon/system/Database/MySQLi/Connection.php:314
Stack trace:
#0 /Applications/MAMP/htdocs/p_saichulhudaromadlon/system/Database/MySQLi/Connection.php(314): mysqli->query('SELECT SUM(`pot...')
#1 /Applications/MAMP/htdocs/p_saichulhudaromadlon/system/Database/BaseConnection.php(685): CodeIgniter\Database\MySQLi\Connection->execute('SELECT SUM(`pot...')
#2 /Applications/MAMP/htdocs/p_saichulhudaromadlon/system/Database/BaseConnection.php(621): CodeIgniter\Database\BaseConnection->simpleQuery('SELECT SUM(`pot...')
#3 /Applications/MAMP/htdocs/p_saichulhudaromadlon/system/Database/BaseBuilder.php(1866): CodeIgniter\Database\BaseConnection->query('SELECT SUM(`pot...', Array, false)
#4 /Applications/MAMP/htdocs/p_saichulhudaromadlon/app/Models/Modelhome.php(50): CodeIgniter\Database\BaseBuilder->get()
#5 /Applications/MAMP/htdocs/p_saichulhudaromadlon/app/Controllers/Admin.php(27): App\Models\Modelhome->pot_hotel()
#6 /Applications/MAMP/htdocs/p_saichulhudaromadlon/system/CodeIgniter.php(936): App\Controllers\Admin->index()
#7 /Applications/MAMP/htdocs/p_saichulhudaromadlon/system/CodeIgniter.php(432): CodeIgniter\CodeIgniter->runController(Object(App\Controllers\Admin))
#8 /Applications/MAMP/htdocs/p_saichulhudaromadlon/system/CodeIgniter.php(333): CodeIgniter\CodeIgniter->handleRequest(NULL, Object(Config\Cache), false)
#9 /Applications/MAMP/htdocs/p_saichulhudaromadlon/index.php(43): CodeIgniter\CodeIgniter->run()
#10 {main}
ERROR - 2022-08-10 04:46:22 --> mysqli_sql_exception: Table 'ujian.potensi_restoran' doesn't exist in /Applications/MAMP/htdocs/p_saichulhudaromadlon/system/Database/MySQLi/Connection.php:314
Stack trace:
#0 /Applications/MAMP/htdocs/p_saichulhudaromadlon/system/Database/MySQLi/Connection.php(314): mysqli->query('SELECT SUM(`pot...')
#1 /Applications/MAMP/htdocs/p_saichulhudaromadlon/system/Database/BaseConnection.php(685): CodeIgniter\Database\MySQLi\Connection->execute('SELECT SUM(`pot...')
#2 /Applications/MAMP/htdocs/p_saichulhudaromadlon/system/Database/BaseConnection.php(621): CodeIgniter\Database\BaseConnection->simpleQuery('SELECT SUM(`pot...')
#3 /Applications/MAMP/htdocs/p_saichulhudaromadlon/system/Database/BaseBuilder.php(1866): CodeIgniter\Database\BaseConnection->query('SELECT SUM(`pot...', Array, false)
#4 /Applications/MAMP/htdocs/p_saichulhudaromadlon/app/Models/Modelhome.php(58): CodeIgniter\Database\BaseBuilder->get()
#5 /Applications/MAMP/htdocs/p_saichulhudaromadlon/app/Controllers/Admin.php(28): App\Models\Modelhome->pot_restoran()
#6 /Applications/MAMP/htdocs/p_saichulhudaromadlon/system/CodeIgniter.php(936): App\Controllers\Admin->index()
#7 /Applications/MAMP/htdocs/p_saichulhudaromadlon/system/CodeIgniter.php(432): CodeIgniter\CodeIgniter->runController(Object(App\Controllers\Admin))
#8 /Applications/MAMP/htdocs/p_saichulhudaromadlon/system/CodeIgniter.php(333): CodeIgniter\CodeIgniter->handleRequest(NULL, Object(Config\Cache), false)
#9 /Applications/MAMP/htdocs/p_saichulhudaromadlon/index.php(43): CodeIgniter\CodeIgniter->run()
#10 {main}
ERROR - 2022-08-10 04:46:22 --> mysqli_sql_exception: Table 'ujian.potensi_hiburan' doesn't exist in /Applications/MAMP/htdocs/p_saichulhudaromadlon/system/Database/MySQLi/Connection.php:314
Stack trace:
#0 /Applications/MAMP/htdocs/p_saichulhudaromadlon/system/Database/MySQLi/Connection.php(314): mysqli->query('SELECT SUM(`pot...')
#1 /Applications/MAMP/htdocs/p_saichulhudaromadlon/system/Database/BaseConnection.php(685): CodeIgniter\Database\MySQLi\Connection->execute('SELECT SUM(`pot...')
#2 /Applications/MAMP/htdocs/p_saichulhudaromadlon/system/Database/BaseConnection.php(621): CodeIgniter\Database\BaseConnection->simpleQuery('SELECT SUM(`pot...')
#3 /Applications/MAMP/htdocs/p_saichulhudaromadlon/system/Database/BaseBuilder.php(1866): CodeIgniter\Database\BaseConnection->query('SELECT SUM(`pot...', Array, false)
#4 /Applications/MAMP/htdocs/p_saichulhudaromadlon/app/Models/Modelhome.php(66): CodeIgniter\Database\BaseBuilder->get()
#5 /Applications/MAMP/htdocs/p_saichulhudaromadlon/app/Controllers/Admin.php(29): App\Models\Modelhome->pot_hiburan()
#6 /Applications/MAMP/htdocs/p_saichulhudaromadlon/system/CodeIgniter.php(936): App\Controllers\Admin->index()
#7 /Applications/MAMP/htdocs/p_saichulhudaromadlon/system/CodeIgniter.php(432): CodeIgniter\CodeIgniter->runController(Object(App\Controllers\Admin))
#8 /Applications/MAMP/htdocs/p_saichulhudaromadlon/system/CodeIgniter.php(333): CodeIgniter\CodeIgniter->handleRequest(NULL, Object(Config\Cache), false)
#9 /Applications/MAMP/htdocs/p_saichulhudaromadlon/index.php(43): CodeIgniter\CodeIgniter->run()
#10 {main}
ERROR - 2022-08-10 04:46:22 --> mysqli_sql_exception: Table 'ujian.potensi_reklame' doesn't exist in /Applications/MAMP/htdocs/p_saichulhudaromadlon/system/Database/MySQLi/Connection.php:314
Stack trace:
#0 /Applications/MAMP/htdocs/p_saichulhudaromadlon/system/Database/MySQLi/Connection.php(314): mysqli->query('SELECT SUM(`pot...')
#1 /Applications/MAMP/htdocs/p_saichulhudaromadlon/system/Database/BaseConnection.php(685): CodeIgniter\Database\MySQLi\Connection->execute('SELECT SUM(`pot...')
#2 /Applications/MAMP/htdocs/p_saichulhudaromadlon/system/Database/BaseConnection.php(621): CodeIgniter\Database\BaseConnection->simpleQuery('SELECT SUM(`pot...')
#3 /Applications/MAMP/htdocs/p_saichulhudaromadlon/system/Database/BaseBuilder.php(1866): CodeIgniter\Database\BaseConnection->query('SELECT SUM(`pot...', Array, false)
#4 /Applications/MAMP/htdocs/p_saichulhudaromadlon/app/Models/Modelhome.php(74): CodeIgniter\Database\BaseBuilder->get()
#5 /Applications/MAMP/htdocs/p_saichulhudaromadlon/app/Controllers/Admin.php(30): App\Models\Modelhome->pot_reklame()
#6 /Applications/MAMP/htdocs/p_saichulhudaromadlon/system/CodeIgniter.php(936): App\Controllers\Admin->index()
#7 /Applications/MAMP/htdocs/p_saichulhudaromadlon/system/CodeIgniter.php(432): CodeIgniter\CodeIgniter->runController(Object(App\Controllers\Admin))
#8 /Applications/MAMP/htdocs/p_saichulhudaromadlon/system/CodeIgniter.php(333): CodeIgniter\CodeIgniter->handleRequest(NULL, Object(Config\Cache), false)
#9 /Applications/MAMP/htdocs/p_saichulhudaromadlon/index.php(43): CodeIgniter\CodeIgniter->run()
#10 {main}
ERROR - 2022-08-10 04:46:22 --> mysqli_sql_exception: Table 'ujian.potensi_pj' doesn't exist in /Applications/MAMP/htdocs/p_saichulhudaromadlon/system/Database/MySQLi/Connection.php:314
Stack trace:
#0 /Applications/MAMP/htdocs/p_saichulhudaromadlon/system/Database/MySQLi/Connection.php(314): mysqli->query('SELECT SUM(`pot...')
#1 /Applications/MAMP/htdocs/p_saichulhudaromadlon/system/Database/BaseConnection.php(685): CodeIgniter\Database\MySQLi\Connection->execute('SELECT SUM(`pot...')
#2 /Applications/MAMP/htdocs/p_saichulhudaromadlon/system/Database/BaseConnection.php(621): CodeIgniter\Database\BaseConnection->simpleQuery('SELECT SUM(`pot...')
#3 /Applications/MAMP/htdocs/p_saichulhudaromadlon/system/Database/BaseBuilder.php(1866): CodeIgniter\Database\BaseConnection->query('SELECT SUM(`pot...', Array, false)
#4 /Applications/MAMP/htdocs/p_saichulhudaromadlon/app/Models/Modelhome.php(82): CodeIgniter\Database\BaseBuilder->get()
#5 /Applications/MAMP/htdocs/p_saichulhudaromadlon/app/Controllers/Admin.php(31): App\Models\Modelhome->pot_pj()
#6 /Applications/MAMP/htdocs/p_saichulhudaromadlon/system/CodeIgniter.php(936): App\Controllers\Admin->index()
#7 /Applications/MAMP/htdocs/p_saichulhudaromadlon/system/CodeIgniter.php(432): CodeIgniter\CodeIgniter->runController(Object(App\Controllers\Admin))
#8 /Applications/MAMP/htdocs/p_saichulhudaromadlon/system/CodeIgniter.php(333): CodeIgniter\CodeIgniter->handleRequest(NULL, Object(Config\Cache), false)
#9 /Applications/MAMP/htdocs/p_saichulhudaromadlon/index.php(43): CodeIgniter\CodeIgniter->run()
#10 {main}
ERROR - 2022-08-10 04:46:22 --> mysqli_sql_exception: Table 'ujian.potensi_parkir' doesn't exist in /Applications/MAMP/htdocs/p_saichulhudaromadlon/system/Database/MySQLi/Connection.php:314
Stack trace:
#0 /Applications/MAMP/htdocs/p_saichulhudaromadlon/system/Database/MySQLi/Connection.php(314): mysqli->query('SELECT SUM(`pot...')
#1 /Applications/MAMP/htdocs/p_saichulhudaromadlon/system/Database/BaseConnection.php(685): CodeIgniter\Database\MySQLi\Connection->execute('SELECT SUM(`pot...')
#2 /Applications/MAMP/htdocs/p_saichulhudaromadlon/system/Database/BaseConnection.php(621): CodeIgniter\Database\BaseConnection->simpleQuery('SELECT SUM(`pot...')
#3 /Applications/MAMP/htdocs/p_saichulhudaromadlon/system/Database/BaseBuilder.php(1866): CodeIgniter\Database\BaseConnection->query('SELECT SUM(`pot...', Array, false)
#4 /Applications/MAMP/htdocs/p_saichulhudaromadlon/app/Models/Modelhome.php(90): CodeIgniter\Database\BaseBuilder->get()
#5 /Applications/MAMP/htdocs/p_saichulhudaromadlon/app/Controllers/Admin.php(32): App\Models\Modelhome->pot_parkir()
#6 /Applications/MAMP/htdocs/p_saichulhudaromadlon/system/CodeIgniter.php(936): App\Controllers\Admin->index()
#7 /Applications/MAMP/htdocs/p_saichulhudaromadlon/system/CodeIgniter.php(432): CodeIgniter\CodeIgniter->runController(Object(App\Controllers\Admin))
#8 /Applications/MAMP/htdocs/p_saichulhudaromadlon/system/CodeIgniter.php(333): CodeIgniter\CodeIgniter->handleRequest(NULL, Object(Config\Cache), false)
#9 /Applications/MAMP/htdocs/p_saichulhudaromadlon/index.php(43): CodeIgniter\CodeIgniter->run()
#10 {main}
ERROR - 2022-08-10 04:46:22 --> mysqli_sql_exception: Table 'ujian.potensi_abt' doesn't exist in /Applications/MAMP/htdocs/p_saichulhudaromadlon/system/Database/MySQLi/Connection.php:314
Stack trace:
#0 /Applications/MAMP/htdocs/p_saichulhudaromadlon/system/Database/MySQLi/Connection.php(314): mysqli->query('SELECT SUM(`pot...')
#1 /Applications/MAMP/htdocs/p_saichulhudaromadlon/system/Database/BaseConnection.php(685): CodeIgniter\Database\MySQLi\Connection->execute('SELECT SUM(`pot...')
#2 /Applications/MAMP/htdocs/p_saichulhudaromadlon/system/Database/BaseConnection.php(621): CodeIgniter\Database\BaseConnection->simpleQuery('SELECT SUM(`pot...')
#3 /Applications/MAMP/htdocs/p_saichulhudaromadlon/system/Database/BaseBuilder.php(1866): CodeIgniter\Database\BaseConnection->query('SELECT SUM(`pot...', Array, false)
#4 /Applications/MAMP/htdocs/p_saichulhudaromadlon/app/Models/Modelhome.php(98): CodeIgniter\Database\BaseBuilder->get()
#5 /Applications/MAMP/htdocs/p_saichulhudaromadlon/app/Controllers/Admin.php(33): App\Models\Modelhome->pot_abt()
#6 /Applications/MAMP/htdocs/p_saichulhudaromadlon/system/CodeIgniter.php(936): App\Controllers\Admin->index()
#7 /Applications/MAMP/htdocs/p_saichulhudaromadlon/system/CodeIgniter.php(432): CodeIgniter\CodeIgniter->runController(Object(App\Controllers\Admin))
#8 /Applications/MAMP/htdocs/p_saichulhudaromadlon/system/CodeIgniter.php(333): CodeIgniter\CodeIgniter->handleRequest(NULL, Object(Config\Cache), false)
#9 /Applications/MAMP/htdocs/p_saichulhudaromadlon/index.php(43): CodeIgniter\CodeIgniter->run()
#10 {main}
ERROR - 2022-08-10 04:46:22 --> mysqli_sql_exception: Table 'ujian.potensi_mblb' doesn't exist in /Applications/MAMP/htdocs/p_saichulhudaromadlon/system/Database/MySQLi/Connection.php:314
Stack trace:
#0 /Applications/MAMP/htdocs/p_saichulhudaromadlon/system/Database/MySQLi/Connection.php(314): mysqli->query('SELECT SUM(`pot...')
#1 /Applications/MAMP/htdocs/p_saichulhudaromadlon/system/Database/BaseConnection.php(685): CodeIgniter\Database\MySQLi\Connection->execute('SELECT SUM(`pot...')
#2 /Applications/MAMP/htdocs/p_saichulhudaromadlon/system/Database/BaseConnection.php(621): CodeIgniter\Database\BaseConnection->simpleQuery('SELECT SUM(`pot...')
#3 /Applications/MAMP/htdocs/p_saichulhudaromadlon/system/Database/BaseBuilder.php(1866): CodeIgniter\Database\BaseConnection->query('SELECT SUM(`pot...', Array, false)
#4 /Applications/MAMP/htdocs/p_saichulhudaromadlon/app/Models/Modelhome.php(106): CodeIgniter\Database\BaseBuilder->get()
#5 /Applications/MAMP/htdocs/p_saichulhudaromadlon/app/Controllers/Admin.php(34): App\Models\Modelhome->pot_mblb()
#6 /Applications/MAMP/htdocs/p_saichulhudaromadlon/system/CodeIgniter.php(936): App\Controllers\Admin->index()
#7 /Applications/MAMP/htdocs/p_saichulhudaromadlon/system/CodeIgniter.php(432): CodeIgniter\CodeIgniter->runController(Object(App\Controllers\Admin))
#8 /Applications/MAMP/htdocs/p_saichulhudaromadlon/system/CodeIgniter.php(333): CodeIgniter\CodeIgniter->handleRequest(NULL, Object(Config\Cache), false)
#9 /Applications/MAMP/htdocs/p_saichulhudaromadlon/index.php(43): CodeIgniter\CodeIgniter->run()
#10 {main}
ERROR - 2022-08-10 04:50:24 --> mysqli_sql_exception: Table 'ujian.potensi_hotel' doesn't exist in /Applications/MAMP/htdocs/p_saichulhudaromadlon/system/Database/MySQLi/Connection.php:314
Stack trace:
#0 /Applications/MAMP/htdocs/p_saichulhudaromadlon/system/Database/MySQLi/Connection.php(314): mysqli->query('SELECT COUNT(*)...')
#1 /Applications/MAMP/htdocs/p_saichulhudaromadlon/system/Database/BaseConnection.php(685): CodeIgniter\Database\MySQLi\Connection->execute('SELECT COUNT(*)...')
#2 /Applications/MAMP/htdocs/p_saichulhudaromadlon/system/Database/BaseConnection.php(621): CodeIgniter\Database\BaseConnection->simpleQuery('SELECT COUNT(*)...')
#3 /Applications/MAMP/htdocs/p_saichulhudaromadlon/system/Database/BaseBuilder.php(1903): CodeIgniter\Database\BaseConnection->query('SELECT COUNT(*)...', NULL, false)
#4 /Applications/MAMP/htdocs/p_saichulhudaromadlon/app/Models/Modelhome.php(15): CodeIgniter\Database\BaseBuilder->countAll()
#5 /Applications/MAMP/htdocs/p_saichulhudaromadlon/app/Controllers/Admin.php(18): App\Models\Modelhome->tot_hotel()
#6 /Applications/MAMP/htdocs/p_saichulhudaromadlon/system/CodeIgniter.php(936): App\Controllers\Admin->index()
#7 /Applications/MAMP/htdocs/p_saichulhudaromadlon/system/CodeIgniter.php(432): CodeIgniter\CodeIgniter->runController(Object(App\Controllers\Admin))
#8 /Applications/MAMP/htdocs/p_saichulhudaromadlon/system/CodeIgniter.php(333): CodeIgniter\CodeIgniter->handleRequest(NULL, Object(Config\Cache), false)
#9 /Applications/MAMP/htdocs/p_saichulhudaromadlon/index.php(43): CodeIgniter\CodeIgniter->run()
#10 {main}
CRITICAL - 2022-08-10 04:50:24 --> Table 'ujian.potensi_hotel' doesn't exist
#0 /Applications/MAMP/htdocs/p_saichulhudaromadlon/system/Database/MySQLi/Connection.php(314): mysqli->query('SELECT COUNT(*)...')
#1 /Applications/MAMP/htdocs/p_saichulhudaromadlon/system/Database/BaseConnection.php(685): CodeIgniter\Database\MySQLi\Connection->execute('SELECT COUNT(*)...')
#2 /Applications/MAMP/htdocs/p_saichulhudaromadlon/system/Database/BaseConnection.php(621): CodeIgniter\Database\BaseConnection->simpleQuery('SELECT COUNT(*)...')
#3 /Applications/MAMP/htdocs/p_saichulhudaromadlon/system/Database/BaseBuilder.php(1903): CodeIgniter\Database\BaseConnection->query('SELECT COUNT(*)...', NULL, false)
#4 /Applications/MAMP/htdocs/p_saichulhudaromadlon/app/Models/Modelhome.php(15): CodeIgniter\Database\BaseBuilder->countAll()
#5 /Applications/MAMP/htdocs/p_saichulhudaromadlon/app/Controllers/Admin.php(18): App\Models\Modelhome->tot_hotel()
#6 /Applications/MAMP/htdocs/p_saichulhudaromadlon/system/CodeIgniter.php(936): App\Controllers\Admin->index()
#7 /Applications/MAMP/htdocs/p_saichulhudaromadlon/system/CodeIgniter.php(432): CodeIgniter\CodeIgniter->runController(Object(App\Controllers\Admin))
#8 /Applications/MAMP/htdocs/p_saichulhudaromadlon/system/CodeIgniter.php(333): CodeIgniter\CodeIgniter->handleRequest(NULL, Object(Config\Cache), false)
#9 /Applications/MAMP/htdocs/p_saichulhudaromadlon/index.php(43): CodeIgniter\CodeIgniter->run()
#10 {main}
ERROR - 2022-08-10 04:50:25 --> mysqli_sql_exception: Table 'ujian.potensi_hotel' doesn't exist in /Applications/MAMP/htdocs/p_saichulhudaromadlon/system/Database/MySQLi/Connection.php:314
Stack trace:
#0 /Applications/MAMP/htdocs/p_saichulhudaromadlon/system/Database/MySQLi/Connection.php(314): mysqli->query('SELECT COUNT(*)...')
#1 /Applications/MAMP/htdocs/p_saichulhudaromadlon/system/Database/BaseConnection.php(685): CodeIgniter\Database\MySQLi\Connection->execute('SELECT COUNT(*)...')
#2 /Applications/MAMP/htdocs/p_saichulhudaromadlon/system/Database/BaseConnection.php(621): CodeIgniter\Database\BaseConnection->simpleQuery('SELECT COUNT(*)...')
#3 /Applications/MAMP/htdocs/p_saichulhudaromadlon/system/Database/BaseBuilder.php(1903): CodeIgniter\Database\BaseConnection->query('SELECT COUNT(*)...', NULL, false)
#4 /Applications/MAMP/htdocs/p_saichulhudaromadlon/app/Models/Modelhome.php(15): CodeIgniter\Database\BaseBuilder->countAll()
#5 /Applications/MAMP/htdocs/p_saichulhudaromadlon/app/Controllers/Admin.php(18): App\Models\Modelhome->tot_hotel()
#6 /Applications/MAMP/htdocs/p_saichulhudaromadlon/system/CodeIgniter.php(936): App\Controllers\Admin->index()
#7 /Applications/MAMP/htdocs/p_saichulhudaromadlon/system/CodeIgniter.php(432): CodeIgniter\CodeIgniter->runController(Object(App\Controllers\Admin))
#8 /Applications/MAMP/htdocs/p_saichulhudaromadlon/system/CodeIgniter.php(333): CodeIgniter\CodeIgniter->handleRequest(NULL, Object(Config\Cache), false)
#9 /Applications/MAMP/htdocs/p_saichulhudaromadlon/index.php(43): CodeIgniter\CodeIgniter->run()
#10 {main}
CRITICAL - 2022-08-10 04:50:25 --> Table 'ujian.potensi_hotel' doesn't exist
#0 /Applications/MAMP/htdocs/p_saichulhudaromadlon/system/Database/MySQLi/Connection.php(314): mysqli->query('SELECT COUNT(*)...')
#1 /Applications/MAMP/htdocs/p_saichulhudaromadlon/system/Database/BaseConnection.php(685): CodeIgniter\Database\MySQLi\Connection->execute('SELECT COUNT(*)...')
#2 /Applications/MAMP/htdocs/p_saichulhudaromadlon/system/Database/BaseConnection.php(621): CodeIgniter\Database\BaseConnection->simpleQuery('SELECT COUNT(*)...')
#3 /Applications/MAMP/htdocs/p_saichulhudaromadlon/system/Database/BaseBuilder.php(1903): CodeIgniter\Database\BaseConnection->query('SELECT COUNT(*)...', NULL, false)
#4 /Applications/MAMP/htdocs/p_saichulhudaromadlon/app/Models/Modelhome.php(15): CodeIgniter\Database\BaseBuilder->countAll()
#5 /Applications/MAMP/htdocs/p_saichulhudaromadlon/app/Controllers/Admin.php(18): App\Models\Modelhome->tot_hotel()
#6 /Applications/MAMP/htdocs/p_saichulhudaromadlon/system/CodeIgniter.php(936): App\Controllers\Admin->index()
#7 /Applications/MAMP/htdocs/p_saichulhudaromadlon/system/CodeIgniter.php(432): CodeIgniter\CodeIgniter->runController(Object(App\Controllers\Admin))
#8 /Applications/MAMP/htdocs/p_saichulhudaromadlon/system/CodeIgniter.php(333): CodeIgniter\CodeIgniter->handleRequest(NULL, Object(Config\Cache), false)
#9 /Applications/MAMP/htdocs/p_saichulhudaromadlon/index.php(43): CodeIgniter\CodeIgniter->run()
#10 {main}
ERROR - 2022-08-10 04:50:55 --> mysqli_sql_exception: Table 'ujian.potensi_hotel' doesn't exist in /Applications/MAMP/htdocs/p_saichulhudaromadlon/system/Database/MySQLi/Connection.php:314
Stack trace:
#0 /Applications/MAMP/htdocs/p_saichulhudaromadlon/system/Database/MySQLi/Connection.php(314): mysqli->query('SELECT COUNT(*)...')
#1 /Applications/MAMP/htdocs/p_saichulhudaromadlon/system/Database/BaseConnection.php(685): CodeIgniter\Database\MySQLi\Connection->execute('SELECT COUNT(*)...')
#2 /Applications/MAMP/htdocs/p_saichulhudaromadlon/system/Database/BaseConnection.php(621): CodeIgniter\Database\BaseConnection->simpleQuery('SELECT COUNT(*)...')
#3 /Applications/MAMP/htdocs/p_saichulhudaromadlon/system/Database/BaseBuilder.php(1903): CodeIgniter\Database\BaseConnection->query('SELECT COUNT(*)...', NULL, false)
#4 /Applications/MAMP/htdocs/p_saichulhudaromadlon/app/Models/Modelhome.php(15): CodeIgniter\Database\BaseBuilder->countAll()
#5 /Applications/MAMP/htdocs/p_saichulhudaromadlon/app/Controllers/Admin.php(18): App\Models\Modelhome->tot_hotel()
#6 /Applications/MAMP/htdocs/p_saichulhudaromadlon/system/CodeIgniter.php(936): App\Controllers\Admin->index()
#7 /Applications/MAMP/htdocs/p_saichulhudaromadlon/system/CodeIgniter.php(432): CodeIgniter\CodeIgniter->runController(Object(App\Controllers\Admin))
#8 /Applications/MAMP/htdocs/p_saichulhudaromadlon/system/CodeIgniter.php(333): CodeIgniter\CodeIgniter->handleRequest(NULL, Object(Config\Cache), false)
#9 /Applications/MAMP/htdocs/p_saichulhudaromadlon/index.php(43): CodeIgniter\CodeIgniter->run()
#10 {main}
ERROR - 2022-08-10 04:50:55 --> mysqli_sql_exception: Table 'ujian.potensi_restoran' doesn't exist in /Applications/MAMP/htdocs/p_saichulhudaromadlon/system/Database/MySQLi/Connection.php:314
Stack trace:
#0 /Applications/MAMP/htdocs/p_saichulhudaromadlon/system/Database/MySQLi/Connection.php(314): mysqli->query('SELECT COUNT(*)...')
#1 /Applications/MAMP/htdocs/p_saichulhudaromadlon/system/Database/BaseConnection.php(685): CodeIgniter\Database\MySQLi\Connection->execute('SELECT COUNT(*)...')
#2 /Applications/MAMP/htdocs/p_saichulhudaromadlon/system/Database/BaseConnection.php(621): CodeIgniter\Database\BaseConnection->simpleQuery('SELECT COUNT(*)...')
#3 /Applications/MAMP/htdocs/p_saichulhudaromadlon/system/Database/BaseBuilder.php(1903): CodeIgniter\Database\BaseConnection->query('SELECT COUNT(*)...', NULL, false)
#4 /Applications/MAMP/htdocs/p_saichulhudaromadlon/app/Models/Modelhome.php(19): CodeIgniter\Database\BaseBuilder->countAll()
#5 /Applications/MAMP/htdocs/p_saichulhudaromadlon/app/Controllers/Admin.php(19): App\Models\Modelhome->tot_restoran()
#6 /Applications/MAMP/htdocs/p_saichulhudaromadlon/system/CodeIgniter.php(936): App\Controllers\Admin->index()
#7 /Applications/MAMP/htdocs/p_saichulhudaromadlon/system/CodeIgniter.php(432): CodeIgniter\CodeIgniter->runController(Object(App\Controllers\Admin))
#8 /Applications/MAMP/htdocs/p_saichulhudaromadlon/system/CodeIgniter.php(333): CodeIgniter\CodeIgniter->handleRequest(NULL, Object(Config\Cache), false)
#9 /Applications/MAMP/htdocs/p_saichulhudaromadlon/index.php(43): CodeIgniter\CodeIgniter->run()
#10 {main}
ERROR - 2022-08-10 04:50:55 --> mysqli_sql_exception: Table 'ujian.potensi_hiburan' doesn't exist in /Applications/MAMP/htdocs/p_saichulhudaromadlon/system/Database/MySQLi/Connection.php:314
Stack trace:
#0 /Applications/MAMP/htdocs/p_saichulhudaromadlon/system/Database/MySQLi/Connection.php(314): mysqli->query('SELECT COUNT(*)...')
#1 /Applications/MAMP/htdocs/p_saichulhudaromadlon/system/Database/BaseConnection.php(685): CodeIgniter\Database\MySQLi\Connection->execute('SELECT COUNT(*)...')
#2 /Applications/MAMP/htdocs/p_saichulhudaromadlon/system/Database/BaseConnection.php(621): CodeIgniter\Database\BaseConnection->simpleQuery('SELECT COUNT(*)...')
#3 /Applications/MAMP/htdocs/p_saichulhudaromadlon/system/Database/BaseBuilder.php(1903): CodeIgniter\Database\BaseConnection->query('SELECT COUNT(*)...', NULL, false)
#4 /Applications/MAMP/htdocs/p_saichulhudaromadlon/app/Models/Modelhome.php(23): CodeIgniter\Database\BaseBuilder->countAll()
#5 /Applications/MAMP/htdocs/p_saichulhudaromadlon/app/Controllers/Admin.php(20): App\Models\Modelhome->tot_hiburan()
#6 /Applications/MAMP/htdocs/p_saichulhudaromadlon/system/CodeIgniter.php(936): App\Controllers\Admin->index()
#7 /Applications/MAMP/htdocs/p_saichulhudaromadlon/system/CodeIgniter.php(432): CodeIgniter\CodeIgniter->runController(Object(App\Controllers\Admin))
#8 /Applications/MAMP/htdocs/p_saichulhudaromadlon/system/CodeIgniter.php(333): CodeIgniter\CodeIgniter->handleRequest(NULL, Object(Config\Cache), false)
#9 /Applications/MAMP/htdocs/p_saichulhudaromadlon/index.php(43): CodeIgniter\CodeIgniter->run()
#10 {main}
ERROR - 2022-08-10 04:50:55 --> mysqli_sql_exception: Table 'ujian.potensi_reklame' doesn't exist in /Applications/MAMP/htdocs/p_saichulhudaromadlon/system/Database/MySQLi/Connection.php:314
Stack trace:
#0 /Applications/MAMP/htdocs/p_saichulhudaromadlon/system/Database/MySQLi/Connection.php(314): mysqli->query('SELECT COUNT(*)...')
#1 /Applications/MAMP/htdocs/p_saichulhudaromadlon/system/Database/BaseConnection.php(685): CodeIgniter\Database\MySQLi\Connection->execute('SELECT COUNT(*)...')
#2 /Applications/MAMP/htdocs/p_saichulhudaromadlon/system/Database/BaseConnection.php(621): CodeIgniter\Database\BaseConnection->simpleQuery('SELECT COUNT(*)...')
#3 /Applications/MAMP/htdocs/p_saichulhudaromadlon/system/Database/BaseBuilder.php(1903): CodeIgniter\Database\BaseConnection->query('SELECT COUNT(*)...', NULL, false)
#4 /Applications/MAMP/htdocs/p_saichulhudaromadlon/app/Models/Modelhome.php(27): CodeIgniter\Database\BaseBuilder->countAll()
#5 /Applications/MAMP/htdocs/p_saichulhudaromadlon/app/Controllers/Admin.php(21): App\Models\Modelhome->tot_reklame()
#6 /Applications/MAMP/htdocs/p_saichulhudaromadlon/system/CodeIgniter.php(936): App\Controllers\Admin->index()
#7 /Applications/MAMP/htdocs/p_saichulhudaromadlon/system/CodeIgniter.php(432): CodeIgniter\CodeIgniter->runController(Object(App\Controllers\Admin))
#8 /Applications/MAMP/htdocs/p_saichulhudaromadlon/system/CodeIgniter.php(333): CodeIgniter\CodeIgniter->handleRequest(NULL, Object(Config\Cache), false)
#9 /Applications/MAMP/htdocs/p_saichulhudaromadlon/index.php(43): CodeIgniter\CodeIgniter->run()
#10 {main}
ERROR - 2022-08-10 04:50:55 --> mysqli_sql_exception: Table 'ujian.potensi_pj' doesn't exist in /Applications/MAMP/htdocs/p_saichulhudaromadlon/system/Database/MySQLi/Connection.php:314
Stack trace:
#0 /Applications/MAMP/htdocs/p_saichulhudaromadlon/system/Database/MySQLi/Connection.php(314): mysqli->query('SELECT COUNT(*)...')
#1 /Applications/MAMP/htdocs/p_saichulhudaromadlon/system/Database/BaseConnection.php(685): CodeIgniter\Database\MySQLi\Connection->execute('SELECT COUNT(*)...')
#2 /Applications/MAMP/htdocs/p_saichulhudaromadlon/system/Database/BaseConnection.php(621): CodeIgniter\Database\BaseConnection->simpleQuery('SELECT COUNT(*)...')
#3 /Applications/MAMP/htdocs/p_saichulhudaromadlon/system/Database/BaseBuilder.php(1903): CodeIgniter\Database\BaseConnection->query('SELECT COUNT(*)...', NULL, false)
#4 /Applications/MAMP/htdocs/p_saichulhudaromadlon/app/Models/Modelhome.php(31): CodeIgniter\Database\BaseBuilder->countAll()
#5 /Applications/MAMP/htdocs/p_saichulhudaromadlon/app/Controllers/Admin.php(22): App\Models\Modelhome->tot_pj()
#6 /Applications/MAMP/htdocs/p_saichulhudaromadlon/system/CodeIgniter.php(936): App\Controllers\Admin->index()
#7 /Applications/MAMP/htdocs/p_saichulhudaromadlon/system/CodeIgniter.php(432): CodeIgniter\CodeIgniter->runController(Object(App\Controllers\Admin))
#8 /Applications/MAMP/htdocs/p_saichulhudaromadlon/system/CodeIgniter.php(333): CodeIgniter\CodeIgniter->handleRequest(NULL, Object(Config\Cache), false)
#9 /Applications/MAMP/htdocs/p_saichulhudaromadlon/index.php(43): CodeIgniter\CodeIgniter->run()
#10 {main}
ERROR - 2022-08-10 04:50:55 --> mysqli_sql_exception: Table 'ujian.potensi_parkir' doesn't exist in /Applications/MAMP/htdocs/p_saichulhudaromadlon/system/Database/MySQLi/Connection.php:314
Stack trace:
#0 /Applications/MAMP/htdocs/p_saichulhudaromadlon/system/Database/MySQLi/Connection.php(314): mysqli->query('SELECT COUNT(*)...')
#1 /Applications/MAMP/htdocs/p_saichulhudaromadlon/system/Database/BaseConnection.php(685): CodeIgniter\Database\MySQLi\Connection->execute('SELECT COUNT(*)...')
#2 /Applications/MAMP/htdocs/p_saichulhudaromadlon/system/Database/BaseConnection.php(621): CodeIgniter\Database\BaseConnection->simpleQuery('SELECT COUNT(*)...')
#3 /Applications/MAMP/htdocs/p_saichulhudaromadlon/system/Database/BaseBuilder.php(1903): CodeIgniter\Database\BaseConnection->query('SELECT COUNT(*)...', NULL, false)
#4 /Applications/MAMP/htdocs/p_saichulhudaromadlon/app/Models/Modelhome.php(35): CodeIgniter\Database\BaseBuilder->countAll()
#5 /Applications/MAMP/htdocs/p_saichulhudaromadlon/app/Controllers/Admin.php(23): App\Models\Modelhome->tot_parkir()
#6 /Applications/MAMP/htdocs/p_saichulhudaromadlon/system/CodeIgniter.php(936): App\Controllers\Admin->index()
#7 /Applications/MAMP/htdocs/p_saichulhudaromadlon/system/CodeIgniter.php(432): CodeIgniter\CodeIgniter->runController(Object(App\Controllers\Admin))
#8 /Applications/MAMP/htdocs/p_saichulhudaromadlon/system/CodeIgniter.php(333): CodeIgniter\CodeIgniter->handleRequest(NULL, Object(Config\Cache), false)
#9 /Applications/MAMP/htdocs/p_saichulhudaromadlon/index.php(43): CodeIgniter\CodeIgniter->run()
#10 {main}
ERROR - 2022-08-10 04:50:55 --> mysqli_sql_exception: Table 'ujian.potensi_abt' doesn't exist in /Applications/MAMP/htdocs/p_saichulhudaromadlon/system/Database/MySQLi/Connection.php:314
Stack trace:
#0 /Applications/MAMP/htdocs/p_saichulhudaromadlon/system/Database/MySQLi/Connection.php(314): mysqli->query('SELECT COUNT(*)...')
#1 /Applications/MAMP/htdocs/p_saichulhudaromadlon/system/Database/BaseConnection.php(685): CodeIgniter\Database\MySQLi\Connection->execute('SELECT COUNT(*)...')
#2 /Applications/MAMP/htdocs/p_saichulhudaromadlon/system/Database/BaseConnection.php(621): CodeIgniter\Database\BaseConnection->simpleQuery('SELECT COUNT(*)...')
#3 /Applications/MAMP/htdocs/p_saichulhudaromadlon/system/Database/BaseBuilder.php(1903): CodeIgniter\Database\BaseConnection->query('SELECT COUNT(*)...', NULL, false)
#4 /Applications/MAMP/htdocs/p_saichulhudaromadlon/app/Models/Modelhome.php(39): CodeIgniter\Database\BaseBuilder->countAll()
#5 /Applications/MAMP/htdocs/p_saichulhudaromadlon/app/Controllers/Admin.php(24): App\Models\Modelhome->tot_abt()
#6 /Applications/MAMP/htdocs/p_saichulhudaromadlon/system/CodeIgniter.php(936): App\Controllers\Admin->index()
#7 /Applications/MAMP/htdocs/p_saichulhudaromadlon/system/CodeIgniter.php(432): CodeIgniter\CodeIgniter->runController(Object(App\Controllers\Admin))
#8 /Applications/MAMP/htdocs/p_saichulhudaromadlon/system/CodeIgniter.php(333): CodeIgniter\CodeIgniter->handleRequest(NULL, Object(Config\Cache), false)
#9 /Applications/MAMP/htdocs/p_saichulhudaromadlon/index.php(43): CodeIgniter\CodeIgniter->run()
#10 {main}
ERROR - 2022-08-10 04:50:55 --> mysqli_sql_exception: Table 'ujian.potensi_mblb' doesn't exist in /Applications/MAMP/htdocs/p_saichulhudaromadlon/system/Database/MySQLi/Connection.php:314
Stack trace:
#0 /Applications/MAMP/htdocs/p_saichulhudaromadlon/system/Database/MySQLi/Connection.php(314): mysqli->query('SELECT COUNT(*)...')
#1 /Applications/MAMP/htdocs/p_saichulhudaromadlon/system/Database/BaseConnection.php(685): CodeIgniter\Database\MySQLi\Connection->execute('SELECT COUNT(*)...')
#2 /Applications/MAMP/htdocs/p_saichulhudaromadlon/system/Database/BaseConnection.php(621): CodeIgniter\Database\BaseConnection->simpleQuery('SELECT COUNT(*)...')
#3 /Applications/MAMP/htdocs/p_saichulhudaromadlon/system/Database/BaseBuilder.php(1903): CodeIgniter\Database\BaseConnection->query('SELECT COUNT(*)...', NULL, false)
#4 /Applications/MAMP/htdocs/p_saichulhudaromadlon/app/Models/Modelhome.php(43): CodeIgniter\Database\BaseBuilder->countAll()
#5 /Applications/MAMP/htdocs/p_saichulhudaromadlon/app/Controllers/Admin.php(25): App\Models\Modelhome->tot_mblb()
#6 /Applications/MAMP/htdocs/p_saichulhudaromadlon/system/CodeIgniter.php(936): App\Controllers\Admin->index()
#7 /Applications/MAMP/htdocs/p_saichulhudaromadlon/system/CodeIgniter.php(432): CodeIgniter\CodeIgniter->runController(Object(App\Controllers\Admin))
#8 /Applications/MAMP/htdocs/p_saichulhudaromadlon/system/CodeIgniter.php(333): CodeIgniter\CodeIgniter->handleRequest(NULL, Object(Config\Cache), false)
#9 /Applications/MAMP/htdocs/p_saichulhudaromadlon/index.php(43): CodeIgniter\CodeIgniter->run()
#10 {main}
ERROR - 2022-08-10 04:50:55 --> mysqli_sql_exception: Table 'ujian.potensi_hotel' doesn't exist in /Applications/MAMP/htdocs/p_saichulhudaromadlon/system/Database/MySQLi/Connection.php:314
Stack trace:
#0 /Applications/MAMP/htdocs/p_saichulhudaromadlon/system/Database/MySQLi/Connection.php(314): mysqli->query('SELECT SUM(`pot...')
#1 /Applications/MAMP/htdocs/p_saichulhudaromadlon/system/Database/BaseConnection.php(685): CodeIgniter\Database\MySQLi\Connection->execute('SELECT SUM(`pot...')
#2 /Applications/MAMP/htdocs/p_saichulhudaromadlon/system/Database/BaseConnection.php(621): CodeIgniter\Database\BaseConnection->simpleQuery('SELECT SUM(`pot...')
#3 /Applications/MAMP/htdocs/p_saichulhudaromadlon/system/Database/BaseBuilder.php(1866): CodeIgniter\Database\BaseConnection->query('SELECT SUM(`pot...', Array, false)
#4 /Applications/MAMP/htdocs/p_saichulhudaromadlon/app/Models/Modelhome.php(50): CodeIgniter\Database\BaseBuilder->get()
#5 /Applications/MAMP/htdocs/p_saichulhudaromadlon/app/Controllers/Admin.php(27): App\Models\Modelhome->pot_hotel()
#6 /Applications/MAMP/htdocs/p_saichulhudaromadlon/system/CodeIgniter.php(936): App\Controllers\Admin->index()
#7 /Applications/MAMP/htdocs/p_saichulhudaromadlon/system/CodeIgniter.php(432): CodeIgniter\CodeIgniter->runController(Object(App\Controllers\Admin))
#8 /Applications/MAMP/htdocs/p_saichulhudaromadlon/system/CodeIgniter.php(333): CodeIgniter\CodeIgniter->handleRequest(NULL, Object(Config\Cache), false)
#9 /Applications/MAMP/htdocs/p_saichulhudaromadlon/index.php(43): CodeIgniter\CodeIgniter->run()
#10 {main}
ERROR - 2022-08-10 04:50:55 --> mysqli_sql_exception: Table 'ujian.potensi_restoran' doesn't exist in /Applications/MAMP/htdocs/p_saichulhudaromadlon/system/Database/MySQLi/Connection.php:314
Stack trace:
#0 /Applications/MAMP/htdocs/p_saichulhudaromadlon/system/Database/MySQLi/Connection.php(314): mysqli->query('SELECT SUM(`pot...')
#1 /Applications/MAMP/htdocs/p_saichulhudaromadlon/system/Database/BaseConnection.php(685): CodeIgniter\Database\MySQLi\Connection->execute('SELECT SUM(`pot...')
#2 /Applications/MAMP/htdocs/p_saichulhudaromadlon/system/Database/BaseConnection.php(621): CodeIgniter\Database\BaseConnection->simpleQuery('SELECT SUM(`pot...')
#3 /Applications/MAMP/htdocs/p_saichulhudaromadlon/system/Database/BaseBuilder.php(1866): CodeIgniter\Database\BaseConnection->query('SELECT SUM(`pot...', Array, false)
#4 /Applications/MAMP/htdocs/p_saichulhudaromadlon/app/Models/Modelhome.php(58): CodeIgniter\Database\BaseBuilder->get()
#5 /Applications/MAMP/htdocs/p_saichulhudaromadlon/app/Controllers/Admin.php(28): App\Models\Modelhome->pot_restoran()
#6 /Applications/MAMP/htdocs/p_saichulhudaromadlon/system/CodeIgniter.php(936): App\Controllers\Admin->index()
#7 /Applications/MAMP/htdocs/p_saichulhudaromadlon/system/CodeIgniter.php(432): CodeIgniter\CodeIgniter->runController(Object(App\Controllers\Admin))
#8 /Applications/MAMP/htdocs/p_saichulhudaromadlon/system/CodeIgniter.php(333): CodeIgniter\CodeIgniter->handleRequest(NULL, Object(Config\Cache), false)
#9 /Applications/MAMP/htdocs/p_saichulhudaromadlon/index.php(43): CodeIgniter\CodeIgniter->run()
#10 {main}
ERROR - 2022-08-10 04:50:55 --> mysqli_sql_exception: Table 'ujian.potensi_hiburan' doesn't exist in /Applications/MAMP/htdocs/p_saichulhudaromadlon/system/Database/MySQLi/Connection.php:314
Stack trace:
#0 /Applications/MAMP/htdocs/p_saichulhudaromadlon/system/Database/MySQLi/Connection.php(314): mysqli->query('SELECT SUM(`pot...')
#1 /Applications/MAMP/htdocs/p_saichulhudaromadlon/system/Database/BaseConnection.php(685): CodeIgniter\Database\MySQLi\Connection->execute('SELECT SUM(`pot...')
#2 /Applications/MAMP/htdocs/p_saichulhudaromadlon/system/Database/BaseConnection.php(621): CodeIgniter\Database\BaseConnection->simpleQuery('SELECT SUM(`pot...')
#3 /Applications/MAMP/htdocs/p_saichulhudaromadlon/system/Database/BaseBuilder.php(1866): CodeIgniter\Database\BaseConnection->query('SELECT SUM(`pot...', Array, false)
#4 /Applications/MAMP/htdocs/p_saichulhudaromadlon/app/Models/Modelhome.php(66): CodeIgniter\Database\BaseBuilder->get()
#5 /Applications/MAMP/htdocs/p_saichulhudaromadlon/app/Controllers/Admin.php(29): App\Models\Modelhome->pot_hiburan()
#6 /Applications/MAMP/htdocs/p_saichulhudaromadlon/system/CodeIgniter.php(936): App\Controllers\Admin->index()
#7 /Applications/MAMP/htdocs/p_saichulhudaromadlon/system/CodeIgniter.php(432): CodeIgniter\CodeIgniter->runController(Object(App\Controllers\Admin))
#8 /Applications/MAMP/htdocs/p_saichulhudaromadlon/system/CodeIgniter.php(333): CodeIgniter\CodeIgniter->handleRequest(NULL, Object(Config\Cache), false)
#9 /Applications/MAMP/htdocs/p_saichulhudaromadlon/index.php(43): CodeIgniter\CodeIgniter->run()
#10 {main}
ERROR - 2022-08-10 04:50:55 --> mysqli_sql_exception: Table 'ujian.potensi_reklame' doesn't exist in /Applications/MAMP/htdocs/p_saichulhudaromadlon/system/Database/MySQLi/Connection.php:314
Stack trace:
#0 /Applications/MAMP/htdocs/p_saichulhudaromadlon/system/Database/MySQLi/Connection.php(314): mysqli->query('SELECT SUM(`pot...')
#1 /Applications/MAMP/htdocs/p_saichulhudaromadlon/system/Database/BaseConnection.php(685): CodeIgniter\Database\MySQLi\Connection->execute('SELECT SUM(`pot...')
#2 /Applications/MAMP/htdocs/p_saichulhudaromadlon/system/Database/BaseConnection.php(621): CodeIgniter\Database\BaseConnection->simpleQuery('SELECT SUM(`pot...')
#3 /Applications/MAMP/htdocs/p_saichulhudaromadlon/system/Database/BaseBuilder.php(1866): CodeIgniter\Database\BaseConnection->query('SELECT SUM(`pot...', Array, false)
#4 /Applications/MAMP/htdocs/p_saichulhudaromadlon/app/Models/Modelhome.php(74): CodeIgniter\Database\BaseBuilder->get()
#5 /Applications/MAMP/htdocs/p_saichulhudaromadlon/app/Controllers/Admin.php(30): App\Models\Modelhome->pot_reklame()
#6 /Applications/MAMP/htdocs/p_saichulhudaromadlon/system/CodeIgniter.php(936): App\Controllers\Admin->index()
#7 /Applications/MAMP/htdocs/p_saichulhudaromadlon/system/CodeIgniter.php(432): CodeIgniter\CodeIgniter->runController(Object(App\Controllers\Admin))
#8 /Applications/MAMP/htdocs/p_saichulhudaromadlon/system/CodeIgniter.php(333): CodeIgniter\CodeIgniter->handleRequest(NULL, Object(Config\Cache), false)
#9 /Applications/MAMP/htdocs/p_saichulhudaromadlon/index.php(43): CodeIgniter\CodeIgniter->run()
#10 {main}
ERROR - 2022-08-10 04:50:55 --> mysqli_sql_exception: Table 'ujian.potensi_pj' doesn't exist in /Applications/MAMP/htdocs/p_saichulhudaromadlon/system/Database/MySQLi/Connection.php:314
Stack trace:
#0 /Applications/MAMP/htdocs/p_saichulhudaromadlon/system/Database/MySQLi/Connection.php(314): mysqli->query('SELECT SUM(`pot...')
#1 /Applications/MAMP/htdocs/p_saichulhudaromadlon/system/Database/BaseConnection.php(685): CodeIgniter\Database\MySQLi\Connection->execute('SELECT SUM(`pot...')
#2 /Applications/MAMP/htdocs/p_saichulhudaromadlon/system/Database/BaseConnection.php(621): CodeIgniter\Database\BaseConnection->simpleQuery('SELECT SUM(`pot...')
#3 /Applications/MAMP/htdocs/p_saichulhudaromadlon/system/Database/BaseBuilder.php(1866): CodeIgniter\Database\BaseConnection->query('SELECT SUM(`pot...', Array, false)
#4 /Applications/MAMP/htdocs/p_saichulhudaromadlon/app/Models/Modelhome.php(82): CodeIgniter\Database\BaseBuilder->get()
#5 /Applications/MAMP/htdocs/p_saichulhudaromadlon/app/Controllers/Admin.php(31): App\Models\Modelhome->pot_pj()
#6 /Applications/MAMP/htdocs/p_saichulhudaromadlon/system/CodeIgniter.php(936): App\Controllers\Admin->index()
#7 /Applications/MAMP/htdocs/p_saichulhudaromadlon/system/CodeIgniter.php(432): CodeIgniter\CodeIgniter->runController(Object(App\Controllers\Admin))
#8 /Applications/MAMP/htdocs/p_saichulhudaromadlon/system/CodeIgniter.php(333): CodeIgniter\CodeIgniter->handleRequest(NULL, Object(Config\Cache), false)
#9 /Applications/MAMP/htdocs/p_saichulhudaromadlon/index.php(43): CodeIgniter\CodeIgniter->run()
#10 {main}
ERROR - 2022-08-10 04:50:55 --> mysqli_sql_exception: Table 'ujian.potensi_parkir' doesn't exist in /Applications/MAMP/htdocs/p_saichulhudaromadlon/system/Database/MySQLi/Connection.php:314
Stack trace:
#0 /Applications/MAMP/htdocs/p_saichulhudaromadlon/system/Database/MySQLi/Connection.php(314): mysqli->query('SELECT SUM(`pot...')
#1 /Applications/MAMP/htdocs/p_saichulhudaromadlon/system/Database/BaseConnection.php(685): CodeIgniter\Database\MySQLi\Connection->execute('SELECT SUM(`pot...')
#2 /Applications/MAMP/htdocs/p_saichulhudaromadlon/system/Database/BaseConnection.php(621): CodeIgniter\Database\BaseConnection->simpleQuery('SELECT SUM(`pot...')
#3 /Applications/MAMP/htdocs/p_saichulhudaromadlon/system/Database/BaseBuilder.php(1866): CodeIgniter\Database\BaseConnection->query('SELECT SUM(`pot...', Array, false)
#4 /Applications/MAMP/htdocs/p_saichulhudaromadlon/app/Models/Modelhome.php(90): CodeIgniter\Database\BaseBuilder->get()
#5 /Applications/MAMP/htdocs/p_saichulhudaromadlon/app/Controllers/Admin.php(32): App\Models\Modelhome->pot_parkir()
#6 /Applications/MAMP/htdocs/p_saichulhudaromadlon/system/CodeIgniter.php(936): App\Controllers\Admin->index()
#7 /Applications/MAMP/htdocs/p_saichulhudaromadlon/system/CodeIgniter.php(432): CodeIgniter\CodeIgniter->runController(Object(App\Controllers\Admin))
#8 /Applications/MAMP/htdocs/p_saichulhudaromadlon/system/CodeIgniter.php(333): CodeIgniter\CodeIgniter->handleRequest(NULL, Object(Config\Cache), false)
#9 /Applications/MAMP/htdocs/p_saichulhudaromadlon/index.php(43): CodeIgniter\CodeIgniter->run()
#10 {main}
ERROR - 2022-08-10 04:50:55 --> mysqli_sql_exception: Table 'ujian.potensi_abt' doesn't exist in /Applications/MAMP/htdocs/p_saichulhudaromadlon/system/Database/MySQLi/Connection.php:314
Stack trace:
#0 /Applications/MAMP/htdocs/p_saichulhudaromadlon/system/Database/MySQLi/Connection.php(314): mysqli->query('SELECT SUM(`pot...')
#1 /Applications/MAMP/htdocs/p_saichulhudaromadlon/system/Database/BaseConnection.php(685): CodeIgniter\Database\MySQLi\Connection->execute('SELECT SUM(`pot...')
#2 /Applications/MAMP/htdocs/p_saichulhudaromadlon/system/Database/BaseConnection.php(621): CodeIgniter\Database\BaseConnection->simpleQuery('SELECT SUM(`pot...')
#3 /Applications/MAMP/htdocs/p_saichulhudaromadlon/system/Database/BaseBuilder.php(1866): CodeIgniter\Database\BaseConnection->query('SELECT SUM(`pot...', Array, false)
#4 /Applications/MAMP/htdocs/p_saichulhudaromadlon/app/Models/Modelhome.php(98): CodeIgniter\Database\BaseBuilder->get()
#5 /Applications/MAMP/htdocs/p_saichulhudaromadlon/app/Controllers/Admin.php(33): App\Models\Modelhome->pot_abt()
#6 /Applications/MAMP/htdocs/p_saichulhudaromadlon/system/CodeIgniter.php(936): App\Controllers\Admin->index()
#7 /Applications/MAMP/htdocs/p_saichulhudaromadlon/system/CodeIgniter.php(432): CodeIgniter\CodeIgniter->runController(Object(App\Controllers\Admin))
#8 /Applications/MAMP/htdocs/p_saichulhudaromadlon/system/CodeIgniter.php(333): CodeIgniter\CodeIgniter->handleRequest(NULL, Object(Config\Cache), false)
#9 /Applications/MAMP/htdocs/p_saichulhudaromadlon/index.php(43): CodeIgniter\CodeIgniter->run()
#10 {main}
ERROR - 2022-08-10 04:50:55 --> mysqli_sql_exception: Table 'ujian.potensi_mblb' doesn't exist in /Applications/MAMP/htdocs/p_saichulhudaromadlon/system/Database/MySQLi/Connection.php:314
Stack trace:
#0 /Applications/MAMP/htdocs/p_saichulhudaromadlon/system/Database/MySQLi/Connection.php(314): mysqli->query('SELECT SUM(`pot...')
#1 /Applications/MAMP/htdocs/p_saichulhudaromadlon/system/Database/BaseConnection.php(685): CodeIgniter\Database\MySQLi\Connection->execute('SELECT SUM(`pot...')
#2 /Applications/MAMP/htdocs/p_saichulhudaromadlon/system/Database/BaseConnection.php(621): CodeIgniter\Database\BaseConnection->simpleQuery('SELECT SUM(`pot...')
#3 /Applications/MAMP/htdocs/p_saichulhudaromadlon/system/Database/BaseBuilder.php(1866): CodeIgniter\Database\BaseConnection->query('SELECT SUM(`pot...', Array, false)
#4 /Applications/MAMP/htdocs/p_saichulhudaromadlon/app/Models/Modelhome.php(106): CodeIgniter\Database\BaseBuilder->get()
#5 /Applications/MAMP/htdocs/p_saichulhudaromadlon/app/Controllers/Admin.php(34): App\Models\Modelhome->pot_mblb()
#6 /Applications/MAMP/htdocs/p_saichulhudaromadlon/system/CodeIgniter.php(936): App\Controllers\Admin->index()
#7 /Applications/MAMP/htdocs/p_saichulhudaromadlon/system/CodeIgniter.php(432): CodeIgniter\CodeIgniter->runController(Object(App\Controllers\Admin))
#8 /Applications/MAMP/htdocs/p_saichulhudaromadlon/system/CodeIgniter.php(333): CodeIgniter\CodeIgniter->handleRequest(NULL, Object(Config\Cache), false)
#9 /Applications/MAMP/htdocs/p_saichulhudaromadlon/index.php(43): CodeIgniter\CodeIgniter->run()
#10 {main}
ERROR - 2022-08-10 04:51:24 --> mysqli_sql_exception: Table 'ujian.potensi_hotel' doesn't exist in /Applications/MAMP/htdocs/p_saichulhudaromadlon/system/Database/MySQLi/Connection.php:314
Stack trace:
#0 /Applications/MAMP/htdocs/p_saichulhudaromadlon/system/Database/MySQLi/Connection.php(314): mysqli->query('SELECT COUNT(*)...')
#1 /Applications/MAMP/htdocs/p_saichulhudaromadlon/system/Database/BaseConnection.php(685): CodeIgniter\Database\MySQLi\Connection->execute('SELECT COUNT(*)...')
#2 /Applications/MAMP/htdocs/p_saichulhudaromadlon/system/Database/BaseConnection.php(621): CodeIgniter\Database\BaseConnection->simpleQuery('SELECT COUNT(*)...')
#3 /Applications/MAMP/htdocs/p_saichulhudaromadlon/system/Database/BaseBuilder.php(1903): CodeIgniter\Database\BaseConnection->query('SELECT COUNT(*)...', NULL, false)
#4 /Applications/MAMP/htdocs/p_saichulhudaromadlon/app/Models/Modelhome.php(15): CodeIgniter\Database\BaseBuilder->countAll()
#5 /Applications/MAMP/htdocs/p_saichulhudaromadlon/app/Controllers/Admin.php(18): App\Models\Modelhome->tot_hotel()
#6 /Applications/MAMP/htdocs/p_saichulhudaromadlon/system/CodeIgniter.php(936): App\Controllers\Admin->index()
#7 /Applications/MAMP/htdocs/p_saichulhudaromadlon/system/CodeIgniter.php(432): CodeIgniter\CodeIgniter->runController(Object(App\Controllers\Admin))
#8 /Applications/MAMP/htdocs/p_saichulhudaromadlon/system/CodeIgniter.php(333): CodeIgniter\CodeIgniter->handleRequest(NULL, Object(Config\Cache), false)
#9 /Applications/MAMP/htdocs/p_saichulhudaromadlon/index.php(43): CodeIgniter\CodeIgniter->run()
#10 {main}
CRITICAL - 2022-08-10 04:51:24 --> Table 'ujian.potensi_hotel' doesn't exist
#0 /Applications/MAMP/htdocs/p_saichulhudaromadlon/system/Database/MySQLi/Connection.php(314): mysqli->query('SELECT COUNT(*)...')
#1 /Applications/MAMP/htdocs/p_saichulhudaromadlon/system/Database/BaseConnection.php(685): CodeIgniter\Database\MySQLi\Connection->execute('SELECT COUNT(*)...')
#2 /Applications/MAMP/htdocs/p_saichulhudaromadlon/system/Database/BaseConnection.php(621): CodeIgniter\Database\BaseConnection->simpleQuery('SELECT COUNT(*)...')
#3 /Applications/MAMP/htdocs/p_saichulhudaromadlon/system/Database/BaseBuilder.php(1903): CodeIgniter\Database\BaseConnection->query('SELECT COUNT(*)...', NULL, false)
#4 /Applications/MAMP/htdocs/p_saichulhudaromadlon/app/Models/Modelhome.php(15): CodeIgniter\Database\BaseBuilder->countAll()
#5 /Applications/MAMP/htdocs/p_saichulhudaromadlon/app/Controllers/Admin.php(18): App\Models\Modelhome->tot_hotel()
#6 /Applications/MAMP/htdocs/p_saichulhudaromadlon/system/CodeIgniter.php(936): App\Controllers\Admin->index()
#7 /Applications/MAMP/htdocs/p_saichulhudaromadlon/system/CodeIgniter.php(432): CodeIgniter\CodeIgniter->runController(Object(App\Controllers\Admin))
#8 /Applications/MAMP/htdocs/p_saichulhudaromadlon/system/CodeIgniter.php(333): CodeIgniter\CodeIgniter->handleRequest(NULL, Object(Config\Cache), false)
#9 /Applications/MAMP/htdocs/p_saichulhudaromadlon/index.php(43): CodeIgniter\CodeIgniter->run()
#10 {main}
ERROR - 2022-08-10 04:51:32 --> mysqli_sql_exception: Table 'ujian.potensi_hotel' doesn't exist in /Applications/MAMP/htdocs/p_saichulhudaromadlon/system/Database/MySQLi/Connection.php:314
Stack trace:
#0 /Applications/MAMP/htdocs/p_saichulhudaromadlon/system/Database/MySQLi/Connection.php(314): mysqli->query('SELECT COUNT(*)...')
#1 /Applications/MAMP/htdocs/p_saichulhudaromadlon/system/Database/BaseConnection.php(685): CodeIgniter\Database\MySQLi\Connection->execute('SELECT COUNT(*)...')
#2 /Applications/MAMP/htdocs/p_saichulhudaromadlon/system/Database/BaseConnection.php(621): CodeIgniter\Database\BaseConnection->simpleQuery('SELECT COUNT(*)...')
#3 /Applications/MAMP/htdocs/p_saichulhudaromadlon/system/Database/BaseBuilder.php(1903): CodeIgniter\Database\BaseConnection->query('SELECT COUNT(*)...', NULL, false)
#4 /Applications/MAMP/htdocs/p_saichulhudaromadlon/app/Models/Modelhome.php(15): CodeIgniter\Database\BaseBuilder->countAll()
#5 /Applications/MAMP/htdocs/p_saichulhudaromadlon/app/Controllers/Admin.php(18): App\Models\Modelhome->tot_hotel()
#6 /Applications/MAMP/htdocs/p_saichulhudaromadlon/system/CodeIgniter.php(936): App\Controllers\Admin->index()
#7 /Applications/MAMP/htdocs/p_saichulhudaromadlon/system/CodeIgniter.php(432): CodeIgniter\CodeIgniter->runController(Object(App\Controllers\Admin))
#8 /Applications/MAMP/htdocs/p_saichulhudaromadlon/system/CodeIgniter.php(333): CodeIgniter\CodeIgniter->handleRequest(NULL, Object(Config\Cache), false)
#9 /Applications/MAMP/htdocs/p_saichulhudaromadlon/index.php(43): CodeIgniter\CodeIgniter->run()
#10 {main}
CRITICAL - 2022-08-10 04:51:32 --> Table 'ujian.potensi_hotel' doesn't exist
#0 /Applications/MAMP/htdocs/p_saichulhudaromadlon/system/Database/MySQLi/Connection.php(314): mysqli->query('SELECT COUNT(*)...')
#1 /Applications/MAMP/htdocs/p_saichulhudaromadlon/system/Database/BaseConnection.php(685): CodeIgniter\Database\MySQLi\Connection->execute('SELECT COUNT(*)...')
#2 /Applications/MAMP/htdocs/p_saichulhudaromadlon/system/Database/BaseConnection.php(621): CodeIgniter\Database\BaseConnection->simpleQuery('SELECT COUNT(*)...')
#3 /Applications/MAMP/htdocs/p_saichulhudaromadlon/system/Database/BaseBuilder.php(1903): CodeIgniter\Database\BaseConnection->query('SELECT COUNT(*)...', NULL, false)
#4 /Applications/MAMP/htdocs/p_saichulhudaromadlon/app/Models/Modelhome.php(15): CodeIgniter\Database\BaseBuilder->countAll()
#5 /Applications/MAMP/htdocs/p_saichulhudaromadlon/app/Controllers/Admin.php(18): App\Models\Modelhome->tot_hotel()
#6 /Applications/MAMP/htdocs/p_saichulhudaromadlon/system/CodeIgniter.php(936): App\Controllers\Admin->index()
#7 /Applications/MAMP/htdocs/p_saichulhudaromadlon/system/CodeIgniter.php(432): CodeIgniter\CodeIgniter->runController(Object(App\Controllers\Admin))
#8 /Applications/MAMP/htdocs/p_saichulhudaromadlon/system/CodeIgniter.php(333): CodeIgniter\CodeIgniter->handleRequest(NULL, Object(Config\Cache), false)
#9 /Applications/MAMP/htdocs/p_saichulhudaromadlon/index.php(43): CodeIgniter\CodeIgniter->run()
#10 {main}
ERROR - 2022-08-10 04:53:47 --> mysqli_sql_exception: Table 'ujian.potensi_hotel' doesn't exist in /Applications/MAMP/htdocs/p_saichulhudaromadlon/system/Database/MySQLi/Connection.php:314
Stack trace:
#0 /Applications/MAMP/htdocs/p_saichulhudaromadlon/system/Database/MySQLi/Connection.php(314): mysqli->query('SELECT COUNT(*)...')
#1 /Applications/MAMP/htdocs/p_saichulhudaromadlon/system/Database/BaseConnection.php(685): CodeIgniter\Database\MySQLi\Connection->execute('SELECT COUNT(*)...')
#2 /Applications/MAMP/htdocs/p_saichulhudaromadlon/system/Database/BaseConnection.php(621): CodeIgniter\Database\BaseConnection->simpleQuery('SELECT COUNT(*)...')
#3 /Applications/MAMP/htdocs/p_saichulhudaromadlon/system/Database/BaseBuilder.php(1903): CodeIgniter\Database\BaseConnection->query('SELECT COUNT(*)...', NULL, false)
#4 /Applications/MAMP/htdocs/p_saichulhudaromadlon/app/Models/Modelhome.php(15): CodeIgniter\Database\BaseBuilder->countAll()
#5 /Applications/MAMP/htdocs/p_saichulhudaromadlon/app/Controllers/Admin.php(18): App\Models\Modelhome->tot_hotel()
#6 /Applications/MAMP/htdocs/p_saichulhudaromadlon/system/CodeIgniter.php(936): App\Controllers\Admin->index()
#7 /Applications/MAMP/htdocs/p_saichulhudaromadlon/system/CodeIgniter.php(432): CodeIgniter\CodeIgniter->runController(Object(App\Controllers\Admin))
#8 /Applications/MAMP/htdocs/p_saichulhudaromadlon/system/CodeIgniter.php(333): CodeIgniter\CodeIgniter->handleRequest(NULL, Object(Config\Cache), false)
#9 /Applications/MAMP/htdocs/p_saichulhudaromadlon/index.php(43): CodeIgniter\CodeIgniter->run()
#10 {main}
CRITICAL - 2022-08-10 04:53:47 --> Table 'ujian.potensi_hotel' doesn't exist
#0 /Applications/MAMP/htdocs/p_saichulhudaromadlon/system/Database/MySQLi/Connection.php(314): mysqli->query('SELECT COUNT(*)...')
#1 /Applications/MAMP/htdocs/p_saichulhudaromadlon/system/Database/BaseConnection.php(685): CodeIgniter\Database\MySQLi\Connection->execute('SELECT COUNT(*)...')
#2 /Applications/MAMP/htdocs/p_saichulhudaromadlon/system/Database/BaseConnection.php(621): CodeIgniter\Database\BaseConnection->simpleQuery('SELECT COUNT(*)...')
#3 /Applications/MAMP/htdocs/p_saichulhudaromadlon/system/Database/BaseBuilder.php(1903): CodeIgniter\Database\BaseConnection->query('SELECT COUNT(*)...', NULL, false)
#4 /Applications/MAMP/htdocs/p_saichulhudaromadlon/app/Models/Modelhome.php(15): CodeIgniter\Database\BaseBuilder->countAll()
#5 /Applications/MAMP/htdocs/p_saichulhudaromadlon/app/Controllers/Admin.php(18): App\Models\Modelhome->tot_hotel()
#6 /Applications/MAMP/htdocs/p_saichulhudaromadlon/system/CodeIgniter.php(936): App\Controllers\Admin->index()
#7 /Applications/MAMP/htdocs/p_saichulhudaromadlon/system/CodeIgniter.php(432): CodeIgniter\CodeIgniter->runController(Object(App\Controllers\Admin))
#8 /Applications/MAMP/htdocs/p_saichulhudaromadlon/system/CodeIgniter.php(333): CodeIgniter\CodeIgniter->handleRequest(NULL, Object(Config\Cache), false)
#9 /Applications/MAMP/htdocs/p_saichulhudaromadlon/index.php(43): CodeIgniter\CodeIgniter->run()
#10 {main}
CRITICAL - 2022-08-10 05:03:11 --> Call to a member function hasError() on null
#0 /Applications/MAMP/htdocs/p_saichulhudaromadlon/system/View/View.php(220): include()
#1 /Applications/MAMP/htdocs/p_saichulhudaromadlon/system/View/View.php(222): CodeIgniter\View\View->CodeIgniter\View\{closure}()
#2 /Applications/MAMP/htdocs/p_saichulhudaromadlon/system/Common.php(1217): CodeIgniter\View\View->render('auth/login', Array, true)
#3 /Applications/MAMP/htdocs/p_saichulhudaromadlon/app/Controllers/Home.php(9): view('auth/login')
#4 /Applications/MAMP/htdocs/p_saichulhudaromadlon/system/CodeIgniter.php(936): App\Controllers\Home->index()
#5 /Applications/MAMP/htdocs/p_saichulhudaromadlon/system/CodeIgniter.php(432): CodeIgniter\CodeIgniter->runController(Object(App\Controllers\Home))
#6 /Applications/MAMP/htdocs/p_saichulhudaromadlon/system/CodeIgniter.php(333): CodeIgniter\CodeIgniter->handleRequest(NULL, Object(Config\Cache), false)
#7 /Applications/MAMP/htdocs/p_saichulhudaromadlon/index.php(43): CodeIgniter\CodeIgniter->run()
#8 {main}
CRITICAL - 2022-08-10 05:10:27 --> Invalid argument supplied for foreach()
#0 /Applications/MAMP/htdocs/p_saichulhudaromadlon/app/Views/layout/admin.php(75): CodeIgniter\Debug\Exceptions->errorHandler(2, 'Invalid argumen...', '/Applications/M...', 75, Array)
#1 /Applications/MAMP/htdocs/p_saichulhudaromadlon/system/View/View.php(220): include('/Applications/M...')
#2 /Applications/MAMP/htdocs/p_saichulhudaromadlon/system/View/View.php(222): CodeIgniter\View\View->CodeIgniter\View\{closure}()
#3 /Applications/MAMP/htdocs/p_saichulhudaromadlon/system/Common.php(1217): CodeIgniter\View\View->render('layout/admin', Array, true)
#4 /Applications/MAMP/htdocs/p_saichulhudaromadlon/app/Controllers/Admin.php(49): view('layout/admin', Array)
#5 /Applications/MAMP/htdocs/p_saichulhudaromadlon/system/CodeIgniter.php(936): App\Controllers\Admin->index()
#6 /Applications/MAMP/htdocs/p_saichulhudaromadlon/system/CodeIgniter.php(432): CodeIgniter\CodeIgniter->runController(Object(App\Controllers\Admin))
#7 /Applications/MAMP/htdocs/p_saichulhudaromadlon/system/CodeIgniter.php(333): CodeIgniter\CodeIgniter->handleRequest(NULL, Object(Config\Cache), false)
#8 /Applications/MAMP/htdocs/p_saichulhudaromadlon/index.php(43): CodeIgniter\CodeIgniter->run()
#9 {main}
CRITICAL - 2022-08-10 05:17:04 --> Invalid argument supplied for foreach()
#0 /Applications/MAMP/htdocs/p_saichulhudaromadlon/app/Views/layout/admin.php(75): CodeIgniter\Debug\Exceptions->errorHandler(2, 'Invalid argumen...', '/Applications/M...', 75, Array)
#1 /Applications/MAMP/htdocs/p_saichulhudaromadlon/system/View/View.php(220): include('/Applications/M...')
#2 /Applications/MAMP/htdocs/p_saichulhudaromadlon/system/View/View.php(222): CodeIgniter\View\View->CodeIgniter\View\{closure}()
#3 /Applications/MAMP/htdocs/p_saichulhudaromadlon/system/Common.php(1217): CodeIgniter\View\View->render('layout/admin', Array, true)
#4 /Applications/MAMP/htdocs/p_saichulhudaromadlon/app/Controllers/Admin.php(49): view('layout/admin', Array)
#5 /Applications/MAMP/htdocs/p_saichulhudaromadlon/system/CodeIgniter.php(936): App\Controllers\Admin->index()
#6 /Applications/MAMP/htdocs/p_saichulhudaromadlon/system/CodeIgniter.php(432): CodeIgniter\CodeIgniter->runController(Object(App\Controllers\Admin))
#7 /Applications/MAMP/htdocs/p_saichulhudaromadlon/system/CodeIgniter.php(333): CodeIgniter\CodeIgniter->handleRequest(NULL, Object(Config\Cache), false)
#8 /Applications/MAMP/htdocs/p_saichulhudaromadlon/index.php(43): CodeIgniter\CodeIgniter->run()
#9 {main}
CRITICAL - 2022-08-10 05:19:49 --> Invalid argument supplied for foreach()
#0 /Applications/MAMP/htdocs/p_saichulhudaromadlon/app/Views/layout/admin.php(75): CodeIgniter\Debug\Exceptions->errorHandler(2, 'Invalid argumen...', '/Applications/M...', 75, Array)
#1 /Applications/MAMP/htdocs/p_saichulhudaromadlon/system/View/View.php(220): include('/Applications/M...')
#2 /Applications/MAMP/htdocs/p_saichulhudaromadlon/system/View/View.php(222): CodeIgniter\View\View->CodeIgniter\View\{closure}()
#3 /Applications/MAMP/htdocs/p_saichulhudaromadlon/system/Common.php(1217): CodeIgniter\View\View->render('layout/admin', Array, true)
#4 /Applications/MAMP/htdocs/p_saichulhudaromadlon/app/Controllers/Admin.php(49): view('layout/admin', Array)
#5 /Applications/MAMP/htdocs/p_saichulhudaromadlon/system/CodeIgniter.php(936): App\Controllers\Admin->index()
#6 /Applications/MAMP/htdocs/p_saichulhudaromadlon/system/CodeIgniter.php(432): CodeIgniter\CodeIgniter->runController(Object(App\Controllers\Admin))
#7 /Applications/MAMP/htdocs/p_saichulhudaromadlon/system/CodeIgniter.php(333): CodeIgniter\CodeIgniter->handleRequest(NULL, Object(Config\Cache), false)
#8 /Applications/MAMP/htdocs/p_saichulhudaromadlon/index.php(43): CodeIgniter\CodeIgniter->run()
#9 {main}
CRITICAL - 2022-08-10 05:21:25 --> Invalid argument supplied for foreach()
#0 /Applications/MAMP/htdocs/p_saichulhudaromadlon/app/Views/layout/admin.php(75): CodeIgniter\Debug\Exceptions->errorHandler(2, 'Invalid argumen...', '/Applications/M...', 75, Array)
#1 /Applications/MAMP/htdocs/p_saichulhudaromadlon/system/View/View.php(220): include('/Applications/M...')
#2 /Applications/MAMP/htdocs/p_saichulhudaromadlon/system/View/View.php(222): CodeIgniter\View\View->CodeIgniter\View\{closure}()
#3 /Applications/MAMP/htdocs/p_saichulhudaromadlon/system/Common.php(1217): CodeIgniter\View\View->render('layout/admin', Array, true)
#4 /Applications/MAMP/htdocs/p_saichulhudaromadlon/app/Controllers/Admin.php(49): view('layout/admin', Array)
#5 /Applications/MAMP/htdocs/p_saichulhudaromadlon/system/CodeIgniter.php(936): App\Controllers\Admin->index()
#6 /Applications/MAMP/htdocs/p_saichulhudaromadlon/system/CodeIgniter.php(432): CodeIgniter\CodeIgniter->runController(Object(App\Controllers\Admin))
#7 /Applications/MAMP/htdocs/p_saichulhudaromadlon/system/CodeIgniter.php(333): CodeIgniter\CodeIgniter->handleRequest(NULL, Object(Config\Cache), false)
#8 /Applications/MAMP/htdocs/p_saichulhudaromadlon/index.php(43): CodeIgniter\CodeIgniter->run()
#9 {main}
CRITICAL - 2022-08-10 05:23:47 --> Invalid argument supplied for foreach()
#0 /Applications/MAMP/htdocs/p_saichulhudaromadlon/app/Views/layout/admin.php(77): CodeIgniter\Debug\Exceptions->errorHandler(2, 'Invalid argumen...', '/Applications/M...', 77, Array)
#1 /Applications/MAMP/htdocs/p_saichulhudaromadlon/system/View/View.php(220): include('/Applications/M...')
#2 /Applications/MAMP/htdocs/p_saichulhudaromadlon/system/View/View.php(222): CodeIgniter\View\View->CodeIgniter\View\{closure}()
#3 /Applications/MAMP/htdocs/p_saichulhudaromadlon/system/Common.php(1217): CodeIgniter\View\View->render('layout/admin', Array, true)
#4 /Applications/MAMP/htdocs/p_saichulhudaromadlon/app/Controllers/Admin.php(49): view('layout/admin', Array)
#5 /Applications/MAMP/htdocs/p_saichulhudaromadlon/system/CodeIgniter.php(936): App\Controllers\Admin->index()
#6 /Applications/MAMP/htdocs/p_saichulhudaromadlon/system/CodeIgniter.php(432): CodeIgniter\CodeIgniter->runController(Object(App\Controllers\Admin))
#7 /Applications/MAMP/htdocs/p_saichulhudaromadlon/system/CodeIgniter.php(333): CodeIgniter\CodeIgniter->handleRequest(NULL, Object(Config\Cache), false)
#8 /Applications/MAMP/htdocs/p_saichulhudaromadlon/index.php(43): CodeIgniter\CodeIgniter->run()
#9 {main}
CRITICAL - 2022-08-10 05:25:18 --> Invalid argument supplied for foreach()
#0 /Applications/MAMP/htdocs/p_saichulhudaromadlon/app/Views/layout/admin.php(75): CodeIgniter\Debug\Exceptions->errorHandler(2, 'Invalid argumen...', '/Applications/M...', 75, Array)
#1 /Applications/MAMP/htdocs/p_saichulhudaromadlon/system/View/View.php(220): include('/Applications/M...')
#2 /Applications/MAMP/htdocs/p_saichulhudaromadlon/system/View/View.php(222): CodeIgniter\View\View->CodeIgniter\View\{closure}()
#3 /Applications/MAMP/htdocs/p_saichulhudaromadlon/system/Common.php(1217): CodeIgniter\View\View->render('layout/admin', Array, true)
#4 /Applications/MAMP/htdocs/p_saichulhudaromadlon/app/Controllers/Admin.php(49): view('layout/admin', Array)
#5 /Applications/MAMP/htdocs/p_saichulhudaromadlon/system/CodeIgniter.php(936): App\Controllers\Admin->index()
#6 /Applications/MAMP/htdocs/p_saichulhudaromadlon/system/CodeIgniter.php(432): CodeIgniter\CodeIgniter->runController(Object(App\Controllers\Admin))
#7 /Applications/MAMP/htdocs/p_saichulhudaromadlon/system/CodeIgniter.php(333): CodeIgniter\CodeIgniter->handleRequest(NULL, Object(Config\Cache), false)
#8 /Applications/MAMP/htdocs/p_saichulhudaromadlon/index.php(43): CodeIgniter\CodeIgniter->run()
#9 {main}
CRITICAL - 2022-08-10 05:25:57 --> Invalid argument supplied for foreach()
#0 /Applications/MAMP/htdocs/p_saichulhudaromadlon/app/Views/layout/admin.php(75): CodeIgniter\Debug\Exceptions->errorHandler(2, 'Invalid argumen...', '/Applications/M...', 75, Array)
#1 /Applications/MAMP/htdocs/p_saichulhudaromadlon/system/View/View.php(220): include('/Applications/M...')
#2 /Applications/MAMP/htdocs/p_saichulhudaromadlon/system/View/View.php(222): CodeIgniter\View\View->CodeIgniter\View\{closure}()
#3 /Applications/MAMP/htdocs/p_saichulhudaromadlon/system/Common.php(1217): CodeIgniter\View\View->render('layout/admin', Array, true)
#4 /Applications/MAMP/htdocs/p_saichulhudaromadlon/app/Controllers/Admin.php(49): view('layout/admin', Array)
#5 /Applications/MAMP/htdocs/p_saichulhudaromadlon/system/CodeIgniter.php(936): App\Controllers\Admin->index()
#6 /Applications/MAMP/htdocs/p_saichulhudaromadlon/system/CodeIgniter.php(432): CodeIgniter\CodeIgniter->runController(Object(App\Controllers\Admin))
#7 /Applications/MAMP/htdocs/p_saichulhudaromadlon/system/CodeIgniter.php(333): CodeIgniter\CodeIgniter->handleRequest(NULL, Object(Config\Cache), false)
#8 /Applications/MAMP/htdocs/p_saichulhudaromadlon/index.php(43): CodeIgniter\CodeIgniter->run()
#9 {main}
CRITICAL - 2022-08-10 05:34:16 --> Invalid argument supplied for foreach()
#0 /Applications/MAMP/htdocs/p_saichulhudaromadlon/app/Views/layout/main.php(32): CodeIgniter\Debug\Exceptions->errorHandler(2, 'Invalid argumen...', '/Applications/M...', 32, Array)
#1 /Applications/MAMP/htdocs/p_saichulhudaromadlon/system/View/View.php(220): include('/Applications/M...')
#2 /Applications/MAMP/htdocs/p_saichulhudaromadlon/system/View/View.php(222): CodeIgniter\View\View->CodeIgniter\View\{closure}()
#3 /Applications/MAMP/htdocs/p_saichulhudaromadlon/system/Common.php(1217): CodeIgniter\View\View->render('layout/main', Array, true)
#4 /Applications/MAMP/htdocs/p_saichulhudaromadlon/app/Controllers/Admin.php(49): view('layout/main', Array)
#5 /Applications/MAMP/htdocs/p_saichulhudaromadlon/system/CodeIgniter.php(936): App\Controllers\Admin->index()
#6 /Applications/MAMP/htdocs/p_saichulhudaromadlon/system/CodeIgniter.php(432): CodeIgniter\CodeIgniter->runController(Object(App\Controllers\Admin))
#7 /Applications/MAMP/htdocs/p_saichulhudaromadlon/system/CodeIgniter.php(333): CodeIgniter\CodeIgniter->handleRequest(NULL, Object(Config\Cache), false)
#8 /Applications/MAMP/htdocs/p_saichulhudaromadlon/index.php(43): CodeIgniter\CodeIgniter->run()
#9 {main}
CRITICAL - 2022-08-10 05:34:18 --> Invalid argument supplied for foreach()
#0 /Applications/MAMP/htdocs/p_saichulhudaromadlon/app/Views/layout/main.php(32): CodeIgniter\Debug\Exceptions->errorHandler(2, 'Invalid argumen...', '/Applications/M...', 32, Array)
#1 /Applications/MAMP/htdocs/p_saichulhudaromadlon/system/View/View.php(220): include('/Applications/M...')
#2 /Applications/MAMP/htdocs/p_saichulhudaromadlon/system/View/View.php(222): CodeIgniter\View\View->CodeIgniter\View\{closure}()
#3 /Applications/MAMP/htdocs/p_saichulhudaromadlon/system/Common.php(1217): CodeIgniter\View\View->render('layout/main', Array, true)
#4 /Applications/MAMP/htdocs/p_saichulhudaromadlon/app/Controllers/Admin.php(49): view('layout/main', Array)
#5 /Applications/MAMP/htdocs/p_saichulhudaromadlon/system/CodeIgniter.php(936): App\Controllers\Admin->index()
#6 /Applications/MAMP/htdocs/p_saichulhudaromadlon/system/CodeIgniter.php(432): CodeIgniter\CodeIgniter->runController(Object(App\Controllers\Admin))
#7 /Applications/MAMP/htdocs/p_saichulhudaromadlon/system/CodeIgniter.php(333): CodeIgniter\CodeIgniter->handleRequest(NULL, Object(Config\Cache), false)
#8 /Applications/MAMP/htdocs/p_saichulhudaromadlon/index.php(43): CodeIgniter\CodeIgniter->run()
#9 {main}
CRITICAL - 2022-08-10 05:35:08 --> Invalid argument supplied for foreach()
#0 /Applications/MAMP/htdocs/p_saichulhudaromadlon/app/Views/layout/main.php(32): CodeIgniter\Debug\Exceptions->errorHandler(2, 'Invalid argumen...', '/Applications/M...', 32, Array)
#1 /Applications/MAMP/htdocs/p_saichulhudaromadlon/system/View/View.php(220): include('/Applications/M...')
#2 /Applications/MAMP/htdocs/p_saichulhudaromadlon/system/View/View.php(222): CodeIgniter\View\View->CodeIgniter\View\{closure}()
#3 /Applications/MAMP/htdocs/p_saichulhudaromadlon/system/Common.php(1217): CodeIgniter\View\View->render('layout/main', Array, true)
#4 /Applications/MAMP/htdocs/p_saichulhudaromadlon/app/Controllers/Admin.php(49): view('layout/main', Array)
#5 /Applications/MAMP/htdocs/p_saichulhudaromadlon/system/CodeIgniter.php(936): App\Controllers\Admin->index()
#6 /Applications/MAMP/htdocs/p_saichulhudaromadlon/system/CodeIgniter.php(432): CodeIgniter\CodeIgniter->runController(Object(App\Controllers\Admin))
#7 /Applications/MAMP/htdocs/p_saichulhudaromadlon/system/CodeIgniter.php(333): CodeIgniter\CodeIgniter->handleRequest(NULL, Object(Config\Cache), false)
#8 /Applications/MAMP/htdocs/p_saichulhudaromadlon/index.php(43): CodeIgniter\CodeIgniter->run()
#9 {main}
CRITICAL - 2022-08-10 05:35:09 --> Invalid argument supplied for foreach()
#0 /Applications/MAMP/htdocs/p_saichulhudaromadlon/app/Views/layout/main.php(32): CodeIgniter\Debug\Exceptions->errorHandler(2, 'Invalid argumen...', '/Applications/M...', 32, Array)
#1 /Applications/MAMP/htdocs/p_saichulhudaromadlon/system/View/View.php(220): include('/Applications/M...')
#2 /Applications/MAMP/htdocs/p_saichulhudaromadlon/system/View/View.php(222): CodeIgniter\View\View->CodeIgniter\View\{closure}()
#3 /Applications/MAMP/htdocs/p_saichulhudaromadlon/system/Common.php(1217): CodeIgniter\View\View->render('layout/main', Array, true)
#4 /Applications/MAMP/htdocs/p_saichulhudaromadlon/app/Controllers/Admin.php(49): view('layout/main', Array)
#5 /Applications/MAMP/htdocs/p_saichulhudaromadlon/system/CodeIgniter.php(936): App\Controllers\Admin->index()
#6 /Applications/MAMP/htdocs/p_saichulhudaromadlon/system/CodeIgniter.php(432): CodeIgniter\CodeIgniter->runController(Object(App\Controllers\Admin))
#7 /Applications/MAMP/htdocs/p_saichulhudaromadlon/system/CodeIgniter.php(333): CodeIgniter\CodeIgniter->handleRequest(NULL, Object(Config\Cache), false)
#8 /Applications/MAMP/htdocs/p_saichulhudaromadlon/index.php(43): CodeIgniter\CodeIgniter->run()
#9 {main}
CRITICAL - 2022-08-10 05:37:03 --> Undefined variable: tot_user
#0 /Applications/MAMP/htdocs/p_saichulhudaromadlon/app/Views/layout/admin.php(40): CodeIgniter\Debug\Exceptions->errorHandler(8, 'Undefined varia...', '/Applications/M...', 40, Array)
#1 /Applications/MAMP/htdocs/p_saichulhudaromadlon/system/View/View.php(220): include('/Applications/M...')
#2 /Applications/MAMP/htdocs/p_saichulhudaromadlon/system/View/View.php(222): CodeIgniter\View\View->CodeIgniter\View\{closure}()
#3 /Applications/MAMP/htdocs/p_saichulhudaromadlon/system/Common.php(1217): CodeIgniter\View\View->render('layout/admin', Array, true)
#4 /Applications/MAMP/htdocs/p_saichulhudaromadlon/app/Controllers/Admin.php(49): view('layout/admin', Array)
#5 /Applications/MAMP/htdocs/p_saichulhudaromadlon/system/CodeIgniter.php(936): App\Controllers\Admin->index()
#6 /Applications/MAMP/htdocs/p_saichulhudaromadlon/system/CodeIgniter.php(432): CodeIgniter\CodeIgniter->runController(Object(App\Controllers\Admin))
#7 /Applications/MAMP/htdocs/p_saichulhudaromadlon/system/CodeIgniter.php(333): CodeIgniter\CodeIgniter->handleRequest(NULL, Object(Config\Cache), false)
#8 /Applications/MAMP/htdocs/p_saichulhudaromadlon/index.php(43): CodeIgniter\CodeIgniter->run()
#9 {main}
CRITICAL - 2022-08-10 05:37:50 --> Undefined variable: user
#0 /Applications/MAMP/htdocs/p_saichulhudaromadlon/app/Views/layout/menu.php(5): CodeIgniter\Debug\Exceptions->errorHandler(8, 'Undefined varia...', '/Applications/M...', 5, Array)
#1 /Applications/MAMP/htdocs/p_saichulhudaromadlon/system/View/View.php(220): include('/Applications/M...')
#2 /Applications/MAMP/htdocs/p_saichulhudaromadlon/system/View/View.php(222): CodeIgniter\View\View->CodeIgniter\View\{closure}()
#3 /Applications/MAMP/htdocs/p_saichulhudaromadlon/system/View/View.php(236): CodeIgniter\View\View->render('layout/menu', Array, true)
#4 /Applications/MAMP/htdocs/p_saichulhudaromadlon/system/Common.php(1217): CodeIgniter\View\View->render('layout/admin', Array, true)
#5 /Applications/MAMP/htdocs/p_saichulhudaromadlon/app/Controllers/Admin.php(49): view('layout/admin', Array)
#6 /Applications/MAMP/htdocs/p_saichulhudaromadlon/system/CodeIgniter.php(936): App\Controllers\Admin->index()
#7 /Applications/MAMP/htdocs/p_saichulhudaromadlon/system/CodeIgniter.php(432): CodeIgniter\CodeIgniter->runController(Object(App\Controllers\Admin))
#8 /Applications/MAMP/htdocs/p_saichulhudaromadlon/system/CodeIgniter.php(333): CodeIgniter\CodeIgniter->handleRequest(NULL, Object(Config\Cache), false)
#9 /Applications/MAMP/htdocs/p_saichulhudaromadlon/index.php(43): CodeIgniter\CodeIgniter->run()
#10 {main}
CRITICAL - 2022-08-10 05:48:53 --> Cannot use object of type stdClass as array
#0 /Applications/MAMP/htdocs/p_saichulhudaromadlon/system/View/View.php(220): include()
#1 /Applications/MAMP/htdocs/p_saichulhudaromadlon/system/View/View.php(222): CodeIgniter\View\View->CodeIgniter\View\{closure}()
#2 /Applications/MAMP/htdocs/p_saichulhudaromadlon/system/View/View.php(236): CodeIgniter\View\View->render('layout/menu', Array, true)
#3 /Applications/MAMP/htdocs/p_saichulhudaromadlon/system/Common.php(1217): CodeIgniter\View\View->render('layout/admin', Array, true)
#4 /Applications/MAMP/htdocs/p_saichulhudaromadlon/app/Controllers/Admin.php(49): view('layout/admin', Array)
#5 /Applications/MAMP/htdocs/p_saichulhudaromadlon/system/CodeIgniter.php(936): App\Controllers\Admin->index()
#6 /Applications/MAMP/htdocs/p_saichulhudaromadlon/system/CodeIgniter.php(432): CodeIgniter\CodeIgniter->runController(Object(App\Controllers\Admin))
#7 /Applications/MAMP/htdocs/p_saichulhudaromadlon/system/CodeIgniter.php(333): CodeIgniter\CodeIgniter->handleRequest(NULL, Object(Config\Cache), false)
#8 /Applications/MAMP/htdocs/p_saichulhudaromadlon/index.php(43): CodeIgniter\CodeIgniter->run()
#9 {main}
CRITICAL - 2022-08-10 05:50:21 --> Illegal string offset 'image'
#0 /Applications/MAMP/htdocs/p_saichulhudaromadlon/app/Views/layout/user.php(17): CodeIgniter\Debug\Exceptions->errorHandler(2, 'Illegal string ...', '/Applications/M...', 17, Array)
#1 /Applications/MAMP/htdocs/p_saichulhudaromadlon/system/View/View.php(220): include('/Applications/M...')
#2 /Applications/MAMP/htdocs/p_saichulhudaromadlon/system/View/View.php(222): CodeIgniter\View\View->CodeIgniter\View\{closure}()
#3 /Applications/MAMP/htdocs/p_saichulhudaromadlon/system/Common.php(1217): CodeIgniter\View\View->render('layout/user', Array, true)
#4 /Applications/MAMP/htdocs/p_saichulhudaromadlon/app/Controllers/User.php(21): view('layout/user', Array)
#5 /Applications/MAMP/htdocs/p_saichulhudaromadlon/system/CodeIgniter.php(936): App\Controllers\User->index()
#6 /Applications/MAMP/htdocs/p_saichulhudaromadlon/system/CodeIgniter.php(432): CodeIgniter\CodeIgniter->runController(Object(App\Controllers\User))
#7 /Applications/MAMP/htdocs/p_saichulhudaromadlon/system/CodeIgniter.php(333): CodeIgniter\CodeIgniter->handleRequest(NULL, Object(Config\Cache), false)
#8 /Applications/MAMP/htdocs/p_saichulhudaromadlon/index.php(43): CodeIgniter\CodeIgniter->run()
#9 {main}
CRITICAL - 2022-08-10 05:53:35 --> Cannot use object of type stdClass as array
#0 /Applications/MAMP/htdocs/p_saichulhudaromadlon/system/View/View.php(220): include()
#1 /Applications/MAMP/htdocs/p_saichulhudaromadlon/system/View/View.php(222): CodeIgniter\View\View->CodeIgniter\View\{closure}()
#2 /Applications/MAMP/htdocs/p_saichulhudaromadlon/system/Common.php(1217): CodeIgniter\View\View->render('layout/user', Array, true)
#3 /Applications/MAMP/htdocs/p_saichulhudaromadlon/app/Controllers/User.php(21): view('layout/user', Array)
#4 /Applications/MAMP/htdocs/p_saichulhudaromadlon/system/CodeIgniter.php(936): App\Controllers\User->index()
#5 /Applications/MAMP/htdocs/p_saichulhudaromadlon/system/CodeIgniter.php(432): CodeIgniter\CodeIgniter->runController(Object(App\Controllers\User))
#6 /Applications/MAMP/htdocs/p_saichulhudaromadlon/system/CodeIgniter.php(333): CodeIgniter\CodeIgniter->handleRequest(NULL, Object(Config\Cache), false)
#7 /Applications/MAMP/htdocs/p_saichulhudaromadlon/index.php(43): CodeIgniter\CodeIgniter->run()
#8 {main}
CRITICAL - 2022-08-10 05:53:35 --> Cannot use object of type stdClass as array
#0 /Applications/MAMP/htdocs/p_saichulhudaromadlon/system/View/View.php(220): include()
#1 /Applications/MAMP/htdocs/p_saichulhudaromadlon/system/View/View.php(222): CodeIgniter\View\View->CodeIgniter\View\{closure}()
#2 /Applications/MAMP/htdocs/p_saichulhudaromadlon/system/Common.php(1217): CodeIgniter\View\View->render('layout/user', Array, true)
#3 /Applications/MAMP/htdocs/p_saichulhudaromadlon/app/Controllers/User.php(21): view('layout/user', Array)
#4 /Applications/MAMP/htdocs/p_saichulhudaromadlon/system/CodeIgniter.php(936): App\Controllers\User->index()
#5 /Applications/MAMP/htdocs/p_saichulhudaromadlon/system/CodeIgniter.php(432): CodeIgniter\CodeIgniter->runController(Object(App\Controllers\User))
#6 /Applications/MAMP/htdocs/p_saichulhudaromadlon/system/CodeIgniter.php(333): CodeIgniter\CodeIgniter->handleRequest(NULL, Object(Config\Cache), false)
#7 /Applications/MAMP/htdocs/p_saichulhudaromadlon/index.php(43): CodeIgniter\CodeIgniter->run()
#8 {main}
ERROR - 2022-08-10 05:55:18 --> mysqli_sql_exception: Table 'ujian.potensi_hotel' doesn't exist in /Applications/MAMP/htdocs/p_saichulhudaromadlon/system/Database/MySQLi/Connection.php:314
Stack trace:
#0 /Applications/MAMP/htdocs/p_saichulhudaromadlon/system/Database/MySQLi/Connection.php(314): mysqli->query('SELECT `tanggal...')
#1 /Applications/MAMP/htdocs/p_saichulhudaromadlon/system/Database/BaseConnection.php(685): CodeIgniter\Database\MySQLi\Connection->execute('SELECT `tanggal...')
#2 /Applications/MAMP/htdocs/p_saichulhudaromadlon/system/Database/BaseConnection.php(621): CodeIgniter\Database\BaseConnection->simpleQuery('SELECT `tanggal...')
#3 /Applications/MAMP/htdocs/p_saichulhudaromadlon/system/Database/BaseBuilder.php(1866): CodeIgniter\Database\BaseConnection->query('SELECT `tanggal...', Array, false)
#4 /Applications/MAMP/htdocs/p_saichulhudaromadlon/app/Models/Modellaporan.php(14): CodeIgniter\Database\BaseBuilder->get()
#5 /Applications/MAMP/htdocs/p_saichulhudaromadlon/app/Controllers/Laporan.php(30): App\Models\Modellaporan->getHasilRekap()
#6 /Applications/MAMP/htdocs/p_saichulhudaromadlon/system/CodeIgniter.php(936): App\Controllers\Laporan->hasilRekap()
#7 /Applications/MAMP/htdocs/p_saichulhudaromadlon/system/CodeIgniter.php(432): CodeIgniter\CodeIgniter->runController(Object(App\Controllers\Laporan))
#8 /Applications/MAMP/htdocs/p_saichulhudaromadlon/system/CodeIgniter.php(333): CodeIgniter\CodeIgniter->handleRequest(NULL, Object(Config\Cache), false)
#9 /Applications/MAMP/htdocs/p_saichulhudaromadlon/index.php(43): CodeIgniter\CodeIgniter->run()
#10 {main}
CRITICAL - 2022-08-10 05:55:18 --> Table 'ujian.potensi_hotel' doesn't exist
#0 /Applications/MAMP/htdocs/p_saichulhudaromadlon/system/Database/MySQLi/Connection.php(314): mysqli->query('SELECT `tanggal...')
#1 /Applications/MAMP/htdocs/p_saichulhudaromadlon/system/Database/BaseConnection.php(685): CodeIgniter\Database\MySQLi\Connection->execute('SELECT `tanggal...')
#2 /Applications/MAMP/htdocs/p_saichulhudaromadlon/system/Database/BaseConnection.php(621): CodeIgniter\Database\BaseConnection->simpleQuery('SELECT `tanggal...')
#3 /Applications/MAMP/htdocs/p_saichulhudaromadlon/system/Database/BaseBuilder.php(1866): CodeIgniter\Database\BaseConnection->query('SELECT `tanggal...', Array, false)
#4 /Applications/MAMP/htdocs/p_saichulhudaromadlon/app/Models/Modellaporan.php(14): CodeIgniter\Database\BaseBuilder->get()
#5 /Applications/MAMP/htdocs/p_saichulhudaromadlon/app/Controllers/Laporan.php(30): App\Models\Modellaporan->getHasilRekap()
#6 /Applications/MAMP/htdocs/p_saichulhudaromadlon/system/CodeIgniter.php(936): App\Controllers\Laporan->hasilRekap()
#7 /Applications/MAMP/htdocs/p_saichulhudaromadlon/system/CodeIgniter.php(432): CodeIgniter\CodeIgniter->runController(Object(App\Controllers\Laporan))
#8 /Applications/MAMP/htdocs/p_saichulhudaromadlon/system/CodeIgniter.php(333): CodeIgniter\CodeIgniter->handleRequest(NULL, Object(Config\Cache), false)
#9 /Applications/MAMP/htdocs/p_saichulhudaromadlon/index.php(43): CodeIgniter\CodeIgniter->run()
#10 {main}
CRITICAL - 2022-08-10 22:14:37 --> Invalid argument supplied for foreach()
#0 /Applications/MAMP/htdocs/p_saichulhudaromadlon/app/Views/insertdata/datapelanggan.php(46): CodeIgniter\Debug\Exceptions->errorHandler(2, 'Invalid argumen...', '/Applications/M...', 46, Array)
#1 /Applications/MAMP/htdocs/p_saichulhudaromadlon/system/View/View.php(220): include('/Applications/M...')
#2 /Applications/MAMP/htdocs/p_saichulhudaromadlon/system/View/View.php(222): CodeIgniter\View\View->CodeIgniter\View\{closure}()
#3 /Applications/MAMP/htdocs/p_saichulhudaromadlon/system/Common.php(1217): CodeIgniter\View\View->render('insertdata/data...', Array, true)
#4 /Applications/MAMP/htdocs/p_saichulhudaromadlon/app/Controllers/Insertdata.php(21): view('insertdata/data...', Array)
#5 /Applications/MAMP/htdocs/p_saichulhudaromadlon/system/CodeIgniter.php(936): App\Controllers\InsertData->index()
#6 /Applications/MAMP/htdocs/p_saichulhudaromadlon/system/CodeIgniter.php(432): CodeIgniter\CodeIgniter->runController(Object(App\Controllers\InsertData))
#7 /Applications/MAMP/htdocs/p_saichulhudaromadlon/system/CodeIgniter.php(333): CodeIgniter\CodeIgniter->handleRequest(NULL, Object(Config\Cache), false)
#8 /Applications/MAMP/htdocs/p_saichulhudaromadlon/index.php(43): CodeIgniter\CodeIgniter->run()
#9 {main}
