ERROR - 2024-12-06 14:29:21 --> ErrorException: pg_query(): Query failed: ERROR:  relation &quot;payment.pembayaran_sptpds&quot; does not exist
LINE 1: SELECT a.*, b.wp_wr_nama, b.wp_wr_almt FROM payment.pembayar...
                                                    ^ in C:\xampp\htdocs\ci-esptpd\dashboard_pdl\system\Database\Postgre\Connection.php:170
Stack trace:
#0 [internal function]: CodeIgniter\Debug\Exceptions->errorHandler(2, 'pg_query(): Que...', 'C:\\xampp\\htdocs...', 170, Array)
#1 C:\xampp\htdocs\ci-esptpd\dashboard_pdl\system\Database\Postgre\Connection.php(170): pg_query(Resource id #112, 'SELECT a.*, b.w...')
#2 C:\xampp\htdocs\ci-esptpd\dashboard_pdl\system\Database\BaseConnection.php(685): CodeIgniter\Database\Postgre\Connection->execute('SELECT a.*, b.w...')
#3 C:\xampp\htdocs\ci-esptpd\dashboard_pdl\system\Database\BaseConnection.php(621): CodeIgniter\Database\BaseConnection->simpleQuery('SELECT a.*, b.w...')
#4 C:\xampp\htdocs\ci-esptpd\dashboard_pdl\app\Models\getModel.php(61): CodeIgniter\Database\BaseConnection->query('SELECT a.*, b.w...')
#5 C:\xampp\htdocs\ci-esptpd\dashboard_pdl\app\Controllers\Report.php(37): App\Models\getModel->getHasilRekap(Array)
#6 C:\xampp\htdocs\ci-esptpd\dashboard_pdl\system\CodeIgniter.php(936): App\Controllers\Report->hasil_rekap()
#7 C:\xampp\htdocs\ci-esptpd\dashboard_pdl\system\CodeIgniter.php(432): CodeIgniter\CodeIgniter->runController(Object(App\Controllers\Report))
#8 C:\xampp\htdocs\ci-esptpd\dashboard_pdl\system\CodeIgniter.php(333): CodeIgniter\CodeIgniter->handleRequest(NULL, Object(Config\Cache), false)
#9 C:\xampp\htdocs\ci-esptpd\dashboard_pdl\index.php(43): CodeIgniter\CodeIgniter->run()
#10 {main}
CRITICAL - 2024-12-06 14:29:21 --> pg_query(): Query failed: ERROR:  relation &quot;payment.pembayaran_sptpds&quot; does not exist
LINE 1: SELECT a.*, b.wp_wr_nama, b.wp_wr_almt FROM payment.pembayar...
                                                    ^
#0 [internal function]: CodeIgniter\Debug\Exceptions->errorHandler(2, 'pg_query(): Que...', 'C:\\xampp\\htdocs...', 170, Array)
#1 C:\xampp\htdocs\ci-esptpd\dashboard_pdl\system\Database\Postgre\Connection.php(170): pg_query(Resource id #112, 'SELECT a.*, b.w...')
#2 C:\xampp\htdocs\ci-esptpd\dashboard_pdl\system\Database\BaseConnection.php(685): CodeIgniter\Database\Postgre\Connection->execute('SELECT a.*, b.w...')
#3 C:\xampp\htdocs\ci-esptpd\dashboard_pdl\system\Database\BaseConnection.php(621): CodeIgniter\Database\BaseConnection->simpleQuery('SELECT a.*, b.w...')
#4 C:\xampp\htdocs\ci-esptpd\dashboard_pdl\app\Models\getModel.php(61): CodeIgniter\Database\BaseConnection->query('SELECT a.*, b.w...')
#5 C:\xampp\htdocs\ci-esptpd\dashboard_pdl\app\Controllers\Report.php(37): App\Models\getModel->getHasilRekap(Array)
#6 C:\xampp\htdocs\ci-esptpd\dashboard_pdl\system\CodeIgniter.php(936): App\Controllers\Report->hasil_rekap()
#7 C:\xampp\htdocs\ci-esptpd\dashboard_pdl\system\CodeIgniter.php(432): CodeIgniter\CodeIgniter->runController(Object(App\Controllers\Report))
#8 C:\xampp\htdocs\ci-esptpd\dashboard_pdl\system\CodeIgniter.php(333): CodeIgniter\CodeIgniter->handleRequest(NULL, Object(Config\Cache), false)
#9 C:\xampp\htdocs\ci-esptpd\dashboard_pdl\index.php(43): CodeIgniter\CodeIgniter->run()
#10 {main}
