CRITICAL - 2021-08-04 02:32:40 --> syntax error, unexpected '<', expecting end of file
#0 C:\Users\dbi\Downloads\Compressed\pointofsales ci4_2\pointofsales ci4\ci4-pos\system\View\View.php(222): CodeIgniter\View\View->CodeIgniter\View\{closure}()
#1 C:\Users\dbi\Downloads\Compressed\pointofsales ci4_2\pointofsales ci4\ci4-pos\system\Common.php(1217): CodeIgniter\View\View->render('hotel/detailpot...', Array, true)
#2 C:\Users\dbi\Downloads\Compressed\pointofsales ci4_2\pointofsales ci4\ci4-pos\app\Controllers\Hotel.php(228): view('hotel/detailpot...', Array)
#3 C:\Users\dbi\Downloads\Compressed\pointofsales ci4_2\pointofsales ci4\ci4-pos\system\CodeIgniter.php(936): App\Controllers\Hotel->detail('12')
#4 C:\Users\dbi\Downloads\Compressed\pointofsales ci4_2\pointofsales ci4\ci4-pos\system\CodeIgniter.php(432): CodeIgniter\CodeIgniter->runController(Object(App\Controllers\Hotel))
#5 C:\Users\dbi\Downloads\Compressed\pointofsales ci4_2\pointofsales ci4\ci4-pos\system\CodeIgniter.php(333): CodeIgniter\CodeIgniter->handleRequest(NULL, Object(Config\Cache), false)
#6 C:\Users\dbi\Downloads\Compressed\pointofsales ci4_2\pointofsales ci4\ci4-pos\public\index.php(44): CodeIgniter\CodeIgniter->run()
#7 C:\Users\dbi\Downloads\Compressed\pointofsales ci4_2\pointofsales ci4\ci4-pos\system\Commands\Server\rewrite.php(45): require_once('C:\\Users\\dbi\\Do...')
#8 {main}
CRITICAL - 2021-08-04 03:04:40 --> Undefined index: tingkathunian
#0 C:\Users\dbi\Downloads\Compressed\pointofsales ci4_2\pointofsales ci4\ci4-pos\app\Views\hotel\detailpotensi.php(131): CodeIgniter\Debug\Exceptions->errorHandler(8, 'Undefined index...', 'C:\\Users\\dbi\\Do...', 131, Array)
#1 C:\Users\dbi\Downloads\Compressed\pointofsales ci4_2\pointofsales ci4\ci4-pos\system\View\View.php(220): include('C:\\Users\\dbi\\Do...')
#2 C:\Users\dbi\Downloads\Compressed\pointofsales ci4_2\pointofsales ci4\ci4-pos\system\View\View.php(222): CodeIgniter\View\View->CodeIgniter\View\{closure}()
#3 C:\Users\dbi\Downloads\Compressed\pointofsales ci4_2\pointofsales ci4\ci4-pos\system\Common.php(1217): CodeIgniter\View\View->render('hotel/detailpot...', Array, true)
#4 C:\Users\dbi\Downloads\Compressed\pointofsales ci4_2\pointofsales ci4\ci4-pos\app\Controllers\Hotel.php(228): view('hotel/detailpot...', Array)
#5 C:\Users\dbi\Downloads\Compressed\pointofsales ci4_2\pointofsales ci4\ci4-pos\system\CodeIgniter.php(936): App\Controllers\Hotel->detail('11')
#6 C:\Users\dbi\Downloads\Compressed\pointofsales ci4_2\pointofsales ci4\ci4-pos\system\CodeIgniter.php(432): CodeIgniter\CodeIgniter->runController(Object(App\Controllers\Hotel))
#7 C:\Users\dbi\Downloads\Compressed\pointofsales ci4_2\pointofsales ci4\ci4-pos\system\CodeIgniter.php(333): CodeIgniter\CodeIgniter->handleRequest(NULL, Object(Config\Cache), false)
#8 C:\Users\dbi\Downloads\Compressed\pointofsales ci4_2\pointofsales ci4\ci4-pos\public\index.php(44): CodeIgniter\CodeIgniter->run()
#9 C:\Users\dbi\Downloads\Compressed\pointofsales ci4_2\pointofsales ci4\ci4-pos\system\Commands\Server\rewrite.php(45): require_once('C:\\Users\\dbi\\Do...')
#10 {main}
