CRITICAL - 2021-12-13 04:34:57 --> Invalid argument supplied for foreach()
#0 C:\xampp\htdocs\e-potensi\app\Views\hotel\admin\data.php(47): CodeIgniter\Debug\Exceptions->errorHandler(2, 'Invalid argumen...', 'C:\\xampp\\htdocs...', 47, Array)
#1 C:\xampp\htdocs\e-potensi\system\View\View.php(220): include('C:\\xampp\\htdocs...')
#2 C:\xampp\htdocs\e-potensi\system\View\View.php(222): CodeIgniter\View\View->CodeIgniter\View\{closure}()
#3 C:\xampp\htdocs\e-potensi\system\Common.php(1217): CodeIgniter\View\View->render('hotel/admin/dat...', Array, true)
#4 C:\xampp\htdocs\e-potensi\app\Controllers\Hotel.php(32): view('hotel/admin/dat...', Array)
#5 C:\xampp\htdocs\e-potensi\system\CodeIgniter.php(936): App\Controllers\Hotel->dataadmin()
#6 C:\xampp\htdocs\e-potensi\system\CodeIgniter.php(432): CodeIgniter\CodeIgniter->runController(Object(App\Controllers\Hotel))
#7 C:\xampp\htdocs\e-potensi\system\CodeIgniter.php(333): CodeIgniter\CodeIgniter->handleRequest(NULL, Object(Config\Cache), false)
#8 C:\xampp\htdocs\e-potensi\public\index.php(44): CodeIgniter\CodeIgniter->run()
#9 {main}
CRITICAL - 2021-12-13 04:35:10 --> Undefined property: CodeIgniter\Database\MySQLi\Result::$getResultArray
#0 C:\xampp\htdocs\e-potensi\app\Controllers\Hotel.php(25): CodeIgniter\Debug\Exceptions->errorHandler(8, 'Undefined prope...', 'C:\\xampp\\htdocs...', 25, Array)
#1 C:\xampp\htdocs\e-potensi\system\CodeIgniter.php(936): App\Controllers\Hotel->dataadmin()
#2 C:\xampp\htdocs\e-potensi\system\CodeIgniter.php(432): CodeIgniter\CodeIgniter->runController(Object(App\Controllers\Hotel))
#3 C:\xampp\htdocs\e-potensi\system\CodeIgniter.php(333): CodeIgniter\CodeIgniter->handleRequest(NULL, Object(Config\Cache), false)
#4 C:\xampp\htdocs\e-potensi\public\index.php(44): CodeIgniter\CodeIgniter->run()
#5 {main}
CRITICAL - 2021-12-13 04:40:14 --> Call to undefined method CodeIgniter\Database\MySQLi\Result::get()
#0 C:\xampp\htdocs\e-potensi\system\CodeIgniter.php(936): App\Controllers\Hotel->datauser()
#1 C:\xampp\htdocs\e-potensi\system\CodeIgniter.php(432): CodeIgniter\CodeIgniter->runController(Object(App\Controllers\Hotel))
#2 C:\xampp\htdocs\e-potensi\system\CodeIgniter.php(333): CodeIgniter\CodeIgniter->handleRequest(NULL, Object(Config\Cache), false)
#3 C:\xampp\htdocs\e-potensi\public\index.php(44): CodeIgniter\CodeIgniter->run()
#4 {main}
CRITICAL - 2021-12-13 08:26:18 --> Call to undefined method CodeIgniter\Database\MySQLi\Result::get()
#0 C:\xampp\htdocs\e-potensi\system\CodeIgniter.php(936): App\Controllers\Pengaturan->roleaccess('1')
#1 C:\xampp\htdocs\e-potensi\system\CodeIgniter.php(432): CodeIgniter\CodeIgniter->runController(Object(App\Controllers\Pengaturan))
#2 C:\xampp\htdocs\e-potensi\system\CodeIgniter.php(333): CodeIgniter\CodeIgniter->handleRequest(NULL, Object(Config\Cache), false)
#3 C:\xampp\htdocs\e-potensi\public\index.php(44): CodeIgniter\CodeIgniter->run()
#4 {main}
