CRITICAL - 2021-10-08 01:30:30 --> syntax error, unexpected end of file
#0 E:\adon\Application\Epotensi-Batu\system\View\View.php(222): CodeIgniter\View\View->CodeIgniter\View\{closure}()
#1 E:\adon\Application\Epotensi-Batu\system\Common.php(1217): CodeIgniter\View\View->render('manajemen/data', Array, true)
#2 E:\adon\Application\Epotensi-Batu\app\Controllers\Manajemen.php(16): view('manajemen/data')
#3 E:\adon\Application\Epotensi-Batu\system\CodeIgniter.php(936): App\Controllers\Manajemen->index()
#4 E:\adon\Application\Epotensi-Batu\system\CodeIgniter.php(432): CodeIgniter\CodeIgniter->runController(Object(App\Controllers\Manajemen))
#5 E:\adon\Application\Epotensi-Batu\system\CodeIgniter.php(333): CodeIgniter\CodeIgniter->handleRequest(NULL, Object(Config\Cache), false)
#6 E:\adon\Application\Epotensi-Batu\public\index.php(44): CodeIgniter\CodeIgniter->run()
#7 E:\adon\Application\Epotensi-Batu\system\Commands\Server\rewrite.php(45): require_once('E:\\adon\\Applica...')
#8 {main}
CRITICAL - 2021-10-08 01:36:16 --> Undefined variable: nohalaman
#0 E:\adon\Application\Epotensi-Batu\app\Views\manajemen\data.php(54): CodeIgniter\Debug\Exceptions->errorHandler(8, 'Undefined varia...', 'E:\\adon\\Applica...', 54, Array)
#1 E:\adon\Application\Epotensi-Batu\system\View\View.php(220): include('E:\\adon\\Applica...')
#2 E:\adon\Application\Epotensi-Batu\system\View\View.php(222): CodeIgniter\View\View->CodeIgniter\View\{closure}()
#3 E:\adon\Application\Epotensi-Batu\system\Common.php(1217): CodeIgniter\View\View->render('manajemen/data', Array, true)
#4 E:\adon\Application\Epotensi-Batu\app\Controllers\Manajemen.php(16): view('manajemen/data')
#5 E:\adon\Application\Epotensi-Batu\system\CodeIgniter.php(936): App\Controllers\Manajemen->index()
#6 E:\adon\Application\Epotensi-Batu\system\CodeIgniter.php(432): CodeIgniter\CodeIgniter->runController(Object(App\Controllers\Manajemen))
#7 E:\adon\Application\Epotensi-Batu\system\CodeIgniter.php(333): CodeIgniter\CodeIgniter->handleRequest(NULL, Object(Config\Cache), false)
#8 E:\adon\Application\Epotensi-Batu\public\index.php(44): CodeIgniter\CodeIgniter->run()
#9 E:\adon\Application\Epotensi-Batu\system\Commands\Server\rewrite.php(45): require_once('E:\\adon\\Applica...')
#10 {main}
CRITICAL - 2021-10-08 01:36:22 --> Undefined variable: nohalaman
#0 E:\adon\Application\Epotensi-Batu\app\Views\manajemen\data.php(54): CodeIgniter\Debug\Exceptions->errorHandler(8, 'Undefined varia...', 'E:\\adon\\Applica...', 54, Array)
#1 E:\adon\Application\Epotensi-Batu\system\View\View.php(220): include('E:\\adon\\Applica...')
#2 E:\adon\Application\Epotensi-Batu\system\View\View.php(222): CodeIgniter\View\View->CodeIgniter\View\{closure}()
#3 E:\adon\Application\Epotensi-Batu\system\Common.php(1217): CodeIgniter\View\View->render('manajemen/data', Array, true)
#4 E:\adon\Application\Epotensi-Batu\app\Controllers\Manajemen.php(16): view('manajemen/data')
#5 E:\adon\Application\Epotensi-Batu\system\CodeIgniter.php(936): App\Controllers\Manajemen->index()
#6 E:\adon\Application\Epotensi-Batu\system\CodeIgniter.php(432): CodeIgniter\CodeIgniter->runController(Object(App\Controllers\Manajemen))
#7 E:\adon\Application\Epotensi-Batu\system\CodeIgniter.php(333): CodeIgniter\CodeIgniter->handleRequest(NULL, Object(Config\Cache), false)
#8 E:\adon\Application\Epotensi-Batu\public\index.php(44): CodeIgniter\CodeIgniter->run()
#9 E:\adon\Application\Epotensi-Batu\system\Commands\Server\rewrite.php(45): require_once('E:\\adon\\Applica...')
#10 {main}
CRITICAL - 2021-10-08 01:40:07 --> Undefined variable: nohalaman
#0 E:\adon\Application\Epotensi-Batu\app\Views\manajemen\data.php(47): CodeIgniter\Debug\Exceptions->errorHandler(8, 'Undefined varia...', 'E:\\adon\\Applica...', 47, Array)
#1 E:\adon\Application\Epotensi-Batu\system\View\View.php(220): include('E:\\adon\\Applica...')
#2 E:\adon\Application\Epotensi-Batu\system\View\View.php(222): CodeIgniter\View\View->CodeIgniter\View\{closure}()
#3 E:\adon\Application\Epotensi-Batu\system\Common.php(1217): CodeIgniter\View\View->render('manajemen/data', Array, true)
#4 E:\adon\Application\Epotensi-Batu\app\Controllers\Manajemen.php(16): view('manajemen/data')
#5 E:\adon\Application\Epotensi-Batu\system\CodeIgniter.php(936): App\Controllers\Manajemen->index()
#6 E:\adon\Application\Epotensi-Batu\system\CodeIgniter.php(432): CodeIgniter\CodeIgniter->runController(Object(App\Controllers\Manajemen))
#7 E:\adon\Application\Epotensi-Batu\system\CodeIgniter.php(333): CodeIgniter\CodeIgniter->handleRequest(NULL, Object(Config\Cache), false)
#8 E:\adon\Application\Epotensi-Batu\public\index.php(44): CodeIgniter\CodeIgniter->run()
#9 E:\adon\Application\Epotensi-Batu\system\Commands\Server\rewrite.php(45): require_once('E:\\adon\\Applica...')
#10 {main}
CRITICAL - 2021-10-08 01:40:28 --> Undefined variable: nohalaman
#0 E:\adon\Application\Epotensi-Batu\app\Views\manajemen\data.php(47): CodeIgniter\Debug\Exceptions->errorHandler(8, 'Undefined varia...', 'E:\\adon\\Applica...', 47, Array)
#1 E:\adon\Application\Epotensi-Batu\system\View\View.php(220): include('E:\\adon\\Applica...')
#2 E:\adon\Application\Epotensi-Batu\system\View\View.php(222): CodeIgniter\View\View->CodeIgniter\View\{closure}()
#3 E:\adon\Application\Epotensi-Batu\system\Common.php(1217): CodeIgniter\View\View->render('manajemen/data', Array, true)
#4 E:\adon\Application\Epotensi-Batu\app\Controllers\Manajemen.php(16): view('manajemen/data')
#5 E:\adon\Application\Epotensi-Batu\system\CodeIgniter.php(936): App\Controllers\Manajemen->index()
#6 E:\adon\Application\Epotensi-Batu\system\CodeIgniter.php(432): CodeIgniter\CodeIgniter->runController(Object(App\Controllers\Manajemen))
#7 E:\adon\Application\Epotensi-Batu\system\CodeIgniter.php(333): CodeIgniter\CodeIgniter->handleRequest(NULL, Object(Config\Cache), false)
#8 E:\adon\Application\Epotensi-Batu\public\index.php(44): CodeIgniter\CodeIgniter->run()
#9 E:\adon\Application\Epotensi-Batu\system\Commands\Server\rewrite.php(45): require_once('E:\\adon\\Applica...')
#10 {main}
CRITICAL - 2021-10-08 01:40:50 --> syntax error, unexpected 'endforeach' (T_ENDFOREACH), expecting end of file
#0 E:\adon\Application\Epotensi-Batu\system\View\View.php(222): CodeIgniter\View\View->CodeIgniter\View\{closure}()
#1 E:\adon\Application\Epotensi-Batu\system\Common.php(1217): CodeIgniter\View\View->render('manajemen/data', Array, true)
#2 E:\adon\Application\Epotensi-Batu\app\Controllers\Manajemen.php(16): view('manajemen/data')
#3 E:\adon\Application\Epotensi-Batu\system\CodeIgniter.php(936): App\Controllers\Manajemen->index()
#4 E:\adon\Application\Epotensi-Batu\system\CodeIgniter.php(432): CodeIgniter\CodeIgniter->runController(Object(App\Controllers\Manajemen))
#5 E:\adon\Application\Epotensi-Batu\system\CodeIgniter.php(333): CodeIgniter\CodeIgniter->handleRequest(NULL, Object(Config\Cache), false)
#6 E:\adon\Application\Epotensi-Batu\public\index.php(44): CodeIgniter\CodeIgniter->run()
#7 E:\adon\Application\Epotensi-Batu\system\Commands\Server\rewrite.php(45): require_once('E:\\adon\\Applica...')
#8 {main}
CRITICAL - 2021-10-08 01:45:45 --> Undefined variable: dataabt
#0 E:\adon\Application\Epotensi-Batu\app\Views\abt\data.php(55): CodeIgniter\Debug\Exceptions->errorHandler(8, 'Undefined varia...', 'E:\\adon\\Applica...', 55, Array)
#1 E:\adon\Application\Epotensi-Batu\system\View\View.php(220): include('E:\\adon\\Applica...')
#2 E:\adon\Application\Epotensi-Batu\system\View\View.php(222): CodeIgniter\View\View->CodeIgniter\View\{closure}()
#3 E:\adon\Application\Epotensi-Batu\system\Common.php(1217): CodeIgniter\View\View->render('abt/data', Array, true)
#4 E:\adon\Application\Epotensi-Batu\app\Controllers\Manajemen.php(34): view('abt/data', Array)
#5 E:\adon\Application\Epotensi-Batu\system\CodeIgniter.php(936): App\Controllers\Manajemen->index()
#6 E:\adon\Application\Epotensi-Batu\system\CodeIgniter.php(432): CodeIgniter\CodeIgniter->runController(Object(App\Controllers\Manajemen))
#7 E:\adon\Application\Epotensi-Batu\system\CodeIgniter.php(333): CodeIgniter\CodeIgniter->handleRequest(NULL, Object(Config\Cache), false)
#8 E:\adon\Application\Epotensi-Batu\public\index.php(44): CodeIgniter\CodeIgniter->run()
#9 E:\adon\Application\Epotensi-Batu\system\Commands\Server\rewrite.php(45): require_once('E:\\adon\\Applica...')
#10 {main}
CRITICAL - 2021-10-08 02:09:57 --> Undefined variable: aksi
#0 E:\adon\Application\Epotensi-Batu\app\Views\manajemen\modalformtambah.php(12): CodeIgniter\Debug\Exceptions->errorHandler(8, 'Undefined varia...', 'E:\\adon\\Applica...', 12, Array)
#1 E:\adon\Application\Epotensi-Batu\system\View\View.php(220): include('E:\\adon\\Applica...')
#2 E:\adon\Application\Epotensi-Batu\system\View\View.php(222): CodeIgniter\View\View->CodeIgniter\View\{closure}()
#3 E:\adon\Application\Epotensi-Batu\system\Common.php(1217): CodeIgniter\View\View->render('manajemen/modal...', Array, true)
#4 E:\adon\Application\Epotensi-Batu\app\Controllers\Manajemen.php(41): view('manajemen/modal...')
#5 E:\adon\Application\Epotensi-Batu\system\CodeIgniter.php(936): App\Controllers\Manajemen->formTambah()
#6 E:\adon\Application\Epotensi-Batu\system\CodeIgniter.php(432): CodeIgniter\CodeIgniter->runController(Object(App\Controllers\Manajemen))
#7 E:\adon\Application\Epotensi-Batu\system\CodeIgniter.php(333): CodeIgniter\CodeIgniter->handleRequest(NULL, Object(Config\Cache), false)
#8 E:\adon\Application\Epotensi-Batu\public\index.php(44): CodeIgniter\CodeIgniter->run()
#9 E:\adon\Application\Epotensi-Batu\system\Commands\Server\rewrite.php(45): require_once('E:\\adon\\Applica...')
#10 {main}
CRITICAL - 2021-10-08 02:12:38 --> Undefined variable: aksi
#0 E:\adon\Application\Epotensi-Batu\app\Views\manajemen\modalformtambah.php(12): CodeIgniter\Debug\Exceptions->errorHandler(8, 'Undefined varia...', 'E:\\adon\\Applica...', 12, Array)
#1 E:\adon\Application\Epotensi-Batu\system\View\View.php(220): include('E:\\adon\\Applica...')
#2 E:\adon\Application\Epotensi-Batu\system\View\View.php(222): CodeIgniter\View\View->CodeIgniter\View\{closure}()
#3 E:\adon\Application\Epotensi-Batu\system\Common.php(1217): CodeIgniter\View\View->render('manajemen/modal...', Array, true)
#4 E:\adon\Application\Epotensi-Batu\app\Controllers\Manajemen.php(41): view('manajemen/modal...')
#5 E:\adon\Application\Epotensi-Batu\system\CodeIgniter.php(936): App\Controllers\Manajemen->formTambah()
#6 E:\adon\Application\Epotensi-Batu\system\CodeIgniter.php(432): CodeIgniter\CodeIgniter->runController(Object(App\Controllers\Manajemen))
#7 E:\adon\Application\Epotensi-Batu\system\CodeIgniter.php(333): CodeIgniter\CodeIgniter->handleRequest(NULL, Object(Config\Cache), false)
#8 E:\adon\Application\Epotensi-Batu\public\index.php(44): CodeIgniter\CodeIgniter->run()
#9 E:\adon\Application\Epotensi-Batu\system\Commands\Server\rewrite.php(45): require_once('E:\\adon\\Applica...')
#10 {main}
CRITICAL - 2021-10-08 03:57:08 --> Undefined property: App\Controllers\Manajemen::$abt
#0 E:\adon\Application\Epotensi-Batu\app\Controllers\Manajemen.php(60): CodeIgniter\Debug\Exceptions->errorHandler(8, 'Undefined prope...', 'E:\\adon\\Applica...', 60, Array)
#1 E:\adon\Application\Epotensi-Batu\system\CodeIgniter.php(936): App\Controllers\Manajemen->hapus()
#2 E:\adon\Application\Epotensi-Batu\system\CodeIgniter.php(432): CodeIgniter\CodeIgniter->runController(Object(App\Controllers\Manajemen))
#3 E:\adon\Application\Epotensi-Batu\system\CodeIgniter.php(333): CodeIgniter\CodeIgniter->handleRequest(NULL, Object(Config\Cache), false)
#4 E:\adon\Application\Epotensi-Batu\public\index.php(44): CodeIgniter\CodeIgniter->run()
#5 E:\adon\Application\Epotensi-Batu\system\Commands\Server\rewrite.php(45): require_once('E:\\adon\\Applica...')
#6 {main}
