CRITICAL - 2021-11-13 08:13:57 --> Undefined variable: title
#0 E:\adon\Application\Website\Epotensi-Batu\app\Views\auth\templates\index.php(12): CodeIgniter\Debug\Exceptions->errorHandler(8, 'Undefined varia...', 'E:\\adon\\Applica...', 12, Array)
#1 E:\adon\Application\Website\Epotensi-Batu\system\View\View.php(220): include('E:\\adon\\Applica...')
#2 E:\adon\Application\Website\Epotensi-Batu\system\View\View.php(222): CodeIgniter\View\View->CodeIgniter\View\{closure}()
#3 E:\adon\Application\Website\Epotensi-Batu\system\View\View.php(236): CodeIgniter\View\View->render('auth/templates/...', Array, true)
#4 E:\adon\Application\Website\Epotensi-Batu\system\Common.php(1217): CodeIgniter\View\View->render('\\App\\Views\\Auth...', Array, true)
#5 E:\adon\Application\Website\Epotensi-Batu\vendor\myth\auth\src\Controllers\AuthController.php(402): view('\\App\\Views\\Auth...', Array)
#6 E:\adon\Application\Website\Epotensi-Batu\vendor\myth\auth\src\Controllers\AuthController.php(133): Myth\Auth\Controllers\AuthController->_render('\\App\\Views\\Auth...', Array)
#7 E:\adon\Application\Website\Epotensi-Batu\system\CodeIgniter.php(936): Myth\Auth\Controllers\AuthController->register()
#8 E:\adon\Application\Website\Epotensi-Batu\system\CodeIgniter.php(432): CodeIgniter\CodeIgniter->runController(Object(Myth\Auth\Controllers\AuthController))
#9 E:\adon\Application\Website\Epotensi-Batu\system\CodeIgniter.php(333): CodeIgniter\CodeIgniter->handleRequest(NULL, Object(Config\Cache), false)
#10 E:\adon\Application\Website\Epotensi-Batu\public\index.php(44): CodeIgniter\CodeIgniter->run()
#11 E:\adon\Application\Website\Epotensi-Batu\system\Commands\Server\rewrite.php(45): require_once('E:\\adon\\Applica...')
#12 {main}
CRITICAL - 2021-11-13 08:15:06 --> Undefined variable: title
#0 E:\adon\Application\Website\Epotensi-Batu\app\Views\auth\templates\index.php(12): CodeIgniter\Debug\Exceptions->errorHandler(8, 'Undefined varia...', 'E:\\adon\\Applica...', 12, Array)
#1 E:\adon\Application\Website\Epotensi-Batu\system\View\View.php(220): include('E:\\adon\\Applica...')
#2 E:\adon\Application\Website\Epotensi-Batu\system\View\View.php(222): CodeIgniter\View\View->CodeIgniter\View\{closure}()
#3 E:\adon\Application\Website\Epotensi-Batu\system\View\View.php(236): CodeIgniter\View\View->render('auth/templates/...', Array, true)
#4 E:\adon\Application\Website\Epotensi-Batu\system\Common.php(1217): CodeIgniter\View\View->render('\\App\\Views\\Auth...', Array, true)
#5 E:\adon\Application\Website\Epotensi-Batu\vendor\myth\auth\src\Controllers\AuthController.php(402): view('\\App\\Views\\Auth...', Array)
#6 E:\adon\Application\Website\Epotensi-Batu\vendor\myth\auth\src\Controllers\AuthController.php(133): Myth\Auth\Controllers\AuthController->_render('\\App\\Views\\Auth...', Array)
#7 E:\adon\Application\Website\Epotensi-Batu\system\CodeIgniter.php(936): Myth\Auth\Controllers\AuthController->register()
#8 E:\adon\Application\Website\Epotensi-Batu\system\CodeIgniter.php(432): CodeIgniter\CodeIgniter->runController(Object(Myth\Auth\Controllers\AuthController))
#9 E:\adon\Application\Website\Epotensi-Batu\system\CodeIgniter.php(333): CodeIgniter\CodeIgniter->handleRequest(NULL, Object(Config\Cache), false)
#10 E:\adon\Application\Website\Epotensi-Batu\public\index.php(44): CodeIgniter\CodeIgniter->run()
#11 E:\adon\Application\Website\Epotensi-Batu\system\Commands\Server\rewrite.php(45): require_once('E:\\adon\\Applica...')
#12 {main}
CRITICAL - 2021-11-13 08:15:07 --> Undefined variable: title
#0 E:\adon\Application\Website\Epotensi-Batu\app\Views\auth\templates\index.php(12): CodeIgniter\Debug\Exceptions->errorHandler(8, 'Undefined varia...', 'E:\\adon\\Applica...', 12, Array)
#1 E:\adon\Application\Website\Epotensi-Batu\system\View\View.php(220): include('E:\\adon\\Applica...')
#2 E:\adon\Application\Website\Epotensi-Batu\system\View\View.php(222): CodeIgniter\View\View->CodeIgniter\View\{closure}()
#3 E:\adon\Application\Website\Epotensi-Batu\system\View\View.php(236): CodeIgniter\View\View->render('auth/templates/...', Array, true)
#4 E:\adon\Application\Website\Epotensi-Batu\system\Common.php(1217): CodeIgniter\View\View->render('\\App\\Views\\Auth...', Array, true)
#5 E:\adon\Application\Website\Epotensi-Batu\vendor\myth\auth\src\Controllers\AuthController.php(402): view('\\App\\Views\\Auth...', Array)
#6 E:\adon\Application\Website\Epotensi-Batu\vendor\myth\auth\src\Controllers\AuthController.php(133): Myth\Auth\Controllers\AuthController->_render('\\App\\Views\\Auth...', Array)
#7 E:\adon\Application\Website\Epotensi-Batu\system\CodeIgniter.php(936): Myth\Auth\Controllers\AuthController->register()
#8 E:\adon\Application\Website\Epotensi-Batu\system\CodeIgniter.php(432): CodeIgniter\CodeIgniter->runController(Object(Myth\Auth\Controllers\AuthController))
#9 E:\adon\Application\Website\Epotensi-Batu\system\CodeIgniter.php(333): CodeIgniter\CodeIgniter->handleRequest(NULL, Object(Config\Cache), false)
#10 E:\adon\Application\Website\Epotensi-Batu\public\index.php(44): CodeIgniter\CodeIgniter->run()
#11 E:\adon\Application\Website\Epotensi-Batu\system\Commands\Server\rewrite.php(45): require_once('E:\\adon\\Applica...')
#12 {main}
CRITICAL - 2021-11-13 08:16:58 --> Undefined variable: title
#0 E:\adon\Application\Website\Epotensi-Batu\app\Views\auth\templates\index.php(12): CodeIgniter\Debug\Exceptions->errorHandler(8, 'Undefined varia...', 'E:\\adon\\Applica...', 12, Array)
#1 E:\adon\Application\Website\Epotensi-Batu\system\View\View.php(220): include('E:\\adon\\Applica...')
#2 E:\adon\Application\Website\Epotensi-Batu\system\View\View.php(222): CodeIgniter\View\View->CodeIgniter\View\{closure}()
#3 E:\adon\Application\Website\Epotensi-Batu\system\View\View.php(236): CodeIgniter\View\View->render('auth/templates/...', Array, true)
#4 E:\adon\Application\Website\Epotensi-Batu\system\Common.php(1217): CodeIgniter\View\View->render('\\App\\Views\\Auth...', Array, true)
#5 E:\adon\Application\Website\Epotensi-Batu\vendor\myth\auth\src\Controllers\AuthController.php(402): view('\\App\\Views\\Auth...', Array)
#6 E:\adon\Application\Website\Epotensi-Batu\vendor\myth\auth\src\Controllers\AuthController.php(133): Myth\Auth\Controllers\AuthController->_render('\\App\\Views\\Auth...', Array)
#7 E:\adon\Application\Website\Epotensi-Batu\system\CodeIgniter.php(936): Myth\Auth\Controllers\AuthController->register()
#8 E:\adon\Application\Website\Epotensi-Batu\system\CodeIgniter.php(432): CodeIgniter\CodeIgniter->runController(Object(Myth\Auth\Controllers\AuthController))
#9 E:\adon\Application\Website\Epotensi-Batu\system\CodeIgniter.php(333): CodeIgniter\CodeIgniter->handleRequest(NULL, Object(Config\Cache), false)
#10 E:\adon\Application\Website\Epotensi-Batu\public\index.php(44): CodeIgniter\CodeIgniter->run()
#11 E:\adon\Application\Website\Epotensi-Batu\system\Commands\Server\rewrite.php(45): require_once('E:\\adon\\Applica...')
#12 {main}
CRITICAL - 2021-11-13 08:17:17 --> Undefined variable: title
#0 E:\adon\Application\Website\Epotensi-Batu\app\Views\auth\templates\index.php(12): CodeIgniter\Debug\Exceptions->errorHandler(8, 'Undefined varia...', 'E:\\adon\\Applica...', 12, Array)
#1 E:\adon\Application\Website\Epotensi-Batu\system\View\View.php(220): include('E:\\adon\\Applica...')
#2 E:\adon\Application\Website\Epotensi-Batu\system\View\View.php(222): CodeIgniter\View\View->CodeIgniter\View\{closure}()
#3 E:\adon\Application\Website\Epotensi-Batu\system\View\View.php(236): CodeIgniter\View\View->render('auth/templates/...', Array, true)
#4 E:\adon\Application\Website\Epotensi-Batu\system\Common.php(1217): CodeIgniter\View\View->render('\\App\\Views\\Auth...', Array, true)
#5 E:\adon\Application\Website\Epotensi-Batu\vendor\myth\auth\src\Controllers\AuthController.php(402): view('\\App\\Views\\Auth...', Array)
#6 E:\adon\Application\Website\Epotensi-Batu\vendor\myth\auth\src\Controllers\AuthController.php(133): Myth\Auth\Controllers\AuthController->_render('\\App\\Views\\Auth...', Array)
#7 E:\adon\Application\Website\Epotensi-Batu\system\CodeIgniter.php(936): Myth\Auth\Controllers\AuthController->register()
#8 E:\adon\Application\Website\Epotensi-Batu\system\CodeIgniter.php(432): CodeIgniter\CodeIgniter->runController(Object(Myth\Auth\Controllers\AuthController))
#9 E:\adon\Application\Website\Epotensi-Batu\system\CodeIgniter.php(333): CodeIgniter\CodeIgniter->handleRequest(NULL, Object(Config\Cache), false)
#10 E:\adon\Application\Website\Epotensi-Batu\public\index.php(44): CodeIgniter\CodeIgniter->run()
#11 E:\adon\Application\Website\Epotensi-Batu\system\Commands\Server\rewrite.php(45): require_once('E:\\adon\\Applica...')
#12 {main}
CRITICAL - 2021-11-13 08:17:21 --> Undefined variable: title
#0 E:\adon\Application\Website\Epotensi-Batu\app\Views\auth\templates\index.php(12): CodeIgniter\Debug\Exceptions->errorHandler(8, 'Undefined varia...', 'E:\\adon\\Applica...', 12, Array)
#1 E:\adon\Application\Website\Epotensi-Batu\system\View\View.php(220): include('E:\\adon\\Applica...')
#2 E:\adon\Application\Website\Epotensi-Batu\system\View\View.php(222): CodeIgniter\View\View->CodeIgniter\View\{closure}()
#3 E:\adon\Application\Website\Epotensi-Batu\system\View\View.php(236): CodeIgniter\View\View->render('auth/templates/...', Array, true)
#4 E:\adon\Application\Website\Epotensi-Batu\system\Common.php(1217): CodeIgniter\View\View->render('\\App\\Views\\Auth...', Array, true)
#5 E:\adon\Application\Website\Epotensi-Batu\vendor\myth\auth\src\Controllers\AuthController.php(402): view('\\App\\Views\\Auth...', Array)
#6 E:\adon\Application\Website\Epotensi-Batu\vendor\myth\auth\src\Controllers\AuthController.php(58): Myth\Auth\Controllers\AuthController->_render('\\App\\Views\\Auth...', Array)
#7 E:\adon\Application\Website\Epotensi-Batu\system\CodeIgniter.php(936): Myth\Auth\Controllers\AuthController->login()
#8 E:\adon\Application\Website\Epotensi-Batu\system\CodeIgniter.php(432): CodeIgniter\CodeIgniter->runController(Object(Myth\Auth\Controllers\AuthController))
#9 E:\adon\Application\Website\Epotensi-Batu\system\CodeIgniter.php(333): CodeIgniter\CodeIgniter->handleRequest(NULL, Object(Config\Cache), false)
#10 E:\adon\Application\Website\Epotensi-Batu\public\index.php(44): CodeIgniter\CodeIgniter->run()
#11 E:\adon\Application\Website\Epotensi-Batu\system\Commands\Server\rewrite.php(45): require_once('E:\\adon\\Applica...')
#12 {main}
CRITICAL - 2021-11-13 08:17:24 --> Undefined variable: title
#0 E:\adon\Application\Website\Epotensi-Batu\app\Views\auth\templates\index.php(12): CodeIgniter\Debug\Exceptions->errorHandler(8, 'Undefined varia...', 'E:\\adon\\Applica...', 12, Array)
#1 E:\adon\Application\Website\Epotensi-Batu\system\View\View.php(220): include('E:\\adon\\Applica...')
#2 E:\adon\Application\Website\Epotensi-Batu\system\View\View.php(222): CodeIgniter\View\View->CodeIgniter\View\{closure}()
#3 E:\adon\Application\Website\Epotensi-Batu\system\View\View.php(236): CodeIgniter\View\View->render('auth/templates/...', Array, true)
#4 E:\adon\Application\Website\Epotensi-Batu\system\Common.php(1217): CodeIgniter\View\View->render('\\App\\Views\\Auth...', Array, true)
#5 E:\adon\Application\Website\Epotensi-Batu\vendor\myth\auth\src\Controllers\AuthController.php(402): view('\\App\\Views\\Auth...', Array)
#6 E:\adon\Application\Website\Epotensi-Batu\vendor\myth\auth\src\Controllers\AuthController.php(58): Myth\Auth\Controllers\AuthController->_render('\\App\\Views\\Auth...', Array)
#7 E:\adon\Application\Website\Epotensi-Batu\system\CodeIgniter.php(936): Myth\Auth\Controllers\AuthController->login()
#8 E:\adon\Application\Website\Epotensi-Batu\system\CodeIgniter.php(432): CodeIgniter\CodeIgniter->runController(Object(Myth\Auth\Controllers\AuthController))
#9 E:\adon\Application\Website\Epotensi-Batu\system\CodeIgniter.php(333): CodeIgniter\CodeIgniter->handleRequest(NULL, Object(Config\Cache), false)
#10 E:\adon\Application\Website\Epotensi-Batu\public\index.php(44): CodeIgniter\CodeIgniter->run()
#11 E:\adon\Application\Website\Epotensi-Batu\system\Commands\Server\rewrite.php(45): require_once('E:\\adon\\Applica...')
#12 {main}
CRITICAL - 2021-11-13 08:17:45 --> Undefined variable: title
#0 E:\adon\Application\Website\Epotensi-Batu\app\Views\auth\templates\index.php(12): CodeIgniter\Debug\Exceptions->errorHandler(8, 'Undefined varia...', 'E:\\adon\\Applica...', 12, Array)
#1 E:\adon\Application\Website\Epotensi-Batu\system\View\View.php(220): include('E:\\adon\\Applica...')
#2 E:\adon\Application\Website\Epotensi-Batu\system\View\View.php(222): CodeIgniter\View\View->CodeIgniter\View\{closure}()
#3 E:\adon\Application\Website\Epotensi-Batu\system\View\View.php(236): CodeIgniter\View\View->render('auth/templates/...', Array, true)
#4 E:\adon\Application\Website\Epotensi-Batu\system\Common.php(1217): CodeIgniter\View\View->render('\\App\\Views\\Auth...', Array, true)
#5 E:\adon\Application\Website\Epotensi-Batu\vendor\myth\auth\src\Controllers\AuthController.php(402): view('\\App\\Views\\Auth...', Array)
#6 E:\adon\Application\Website\Epotensi-Batu\vendor\myth\auth\src\Controllers\AuthController.php(133): Myth\Auth\Controllers\AuthController->_render('\\App\\Views\\Auth...', Array)
#7 E:\adon\Application\Website\Epotensi-Batu\system\CodeIgniter.php(936): Myth\Auth\Controllers\AuthController->register()
#8 E:\adon\Application\Website\Epotensi-Batu\system\CodeIgniter.php(432): CodeIgniter\CodeIgniter->runController(Object(Myth\Auth\Controllers\AuthController))
#9 E:\adon\Application\Website\Epotensi-Batu\system\CodeIgniter.php(333): CodeIgniter\CodeIgniter->handleRequest(NULL, Object(Config\Cache), false)
#10 E:\adon\Application\Website\Epotensi-Batu\public\index.php(44): CodeIgniter\CodeIgniter->run()
#11 E:\adon\Application\Website\Epotensi-Batu\system\Commands\Server\rewrite.php(45): require_once('E:\\adon\\Applica...')
#12 {main}
CRITICAL - 2021-11-13 08:18:02 --> Undefined variable: title
#0 E:\adon\Application\Website\Epotensi-Batu\app\Views\auth\templates\index.php(12): CodeIgniter\Debug\Exceptions->errorHandler(8, 'Undefined varia...', 'E:\\adon\\Applica...', 12, Array)
#1 E:\adon\Application\Website\Epotensi-Batu\system\View\View.php(220): include('E:\\adon\\Applica...')
#2 E:\adon\Application\Website\Epotensi-Batu\system\View\View.php(222): CodeIgniter\View\View->CodeIgniter\View\{closure}()
#3 E:\adon\Application\Website\Epotensi-Batu\system\View\View.php(236): CodeIgniter\View\View->render('auth/templates/...', Array, true)
#4 E:\adon\Application\Website\Epotensi-Batu\system\Common.php(1217): CodeIgniter\View\View->render('\\App\\Views\\Auth...', Array, true)
#5 E:\adon\Application\Website\Epotensi-Batu\vendor\myth\auth\src\Controllers\AuthController.php(402): view('\\App\\Views\\Auth...', Array)
#6 E:\adon\Application\Website\Epotensi-Batu\vendor\myth\auth\src\Controllers\AuthController.php(58): Myth\Auth\Controllers\AuthController->_render('\\App\\Views\\Auth...', Array)
#7 E:\adon\Application\Website\Epotensi-Batu\system\CodeIgniter.php(936): Myth\Auth\Controllers\AuthController->login()
#8 E:\adon\Application\Website\Epotensi-Batu\system\CodeIgniter.php(432): CodeIgniter\CodeIgniter->runController(Object(Myth\Auth\Controllers\AuthController))
#9 E:\adon\Application\Website\Epotensi-Batu\system\CodeIgniter.php(333): CodeIgniter\CodeIgniter->handleRequest(NULL, Object(Config\Cache), false)
#10 E:\adon\Application\Website\Epotensi-Batu\public\index.php(44): CodeIgniter\CodeIgniter->run()
#11 E:\adon\Application\Website\Epotensi-Batu\system\Commands\Server\rewrite.php(45): require_once('E:\\adon\\Applica...')
#12 {main}
CRITICAL - 2021-11-13 08:19:23 --> Undefined variable: title
#0 E:\adon\Application\Website\Epotensi-Batu\app\Views\auth\templates\index.php(12): CodeIgniter\Debug\Exceptions->errorHandler(8, 'Undefined varia...', 'E:\\adon\\Applica...', 12, Array)
#1 E:\adon\Application\Website\Epotensi-Batu\system\View\View.php(220): include('E:\\adon\\Applica...')
#2 E:\adon\Application\Website\Epotensi-Batu\system\View\View.php(222): CodeIgniter\View\View->CodeIgniter\View\{closure}()
#3 E:\adon\Application\Website\Epotensi-Batu\system\View\View.php(236): CodeIgniter\View\View->render('auth/templates/...', Array, true)
#4 E:\adon\Application\Website\Epotensi-Batu\system\Common.php(1217): CodeIgniter\View\View->render('\\App\\Views\\Auth...', Array, true)
#5 E:\adon\Application\Website\Epotensi-Batu\vendor\myth\auth\src\Controllers\AuthController.php(402): view('\\App\\Views\\Auth...', Array)
#6 E:\adon\Application\Website\Epotensi-Batu\vendor\myth\auth\src\Controllers\AuthController.php(58): Myth\Auth\Controllers\AuthController->_render('\\App\\Views\\Auth...', Array)
#7 E:\adon\Application\Website\Epotensi-Batu\system\CodeIgniter.php(936): Myth\Auth\Controllers\AuthController->login()
#8 E:\adon\Application\Website\Epotensi-Batu\system\CodeIgniter.php(432): CodeIgniter\CodeIgniter->runController(Object(Myth\Auth\Controllers\AuthController))
#9 E:\adon\Application\Website\Epotensi-Batu\system\CodeIgniter.php(333): CodeIgniter\CodeIgniter->handleRequest(NULL, Object(Config\Cache), false)
#10 E:\adon\Application\Website\Epotensi-Batu\public\index.php(44): CodeIgniter\CodeIgniter->run()
#11 E:\adon\Application\Website\Epotensi-Batu\system\Commands\Server\rewrite.php(45): require_once('E:\\adon\\Applica...')
#12 {main}
CRITICAL - 2021-11-13 08:19:31 --> Undefined variable: title
#0 E:\adon\Application\Website\Epotensi-Batu\app\Views\auth\templates\index.php(12): CodeIgniter\Debug\Exceptions->errorHandler(8, 'Undefined varia...', 'E:\\adon\\Applica...', 12, Array)
#1 E:\adon\Application\Website\Epotensi-Batu\system\View\View.php(220): include('E:\\adon\\Applica...')
#2 E:\adon\Application\Website\Epotensi-Batu\system\View\View.php(222): CodeIgniter\View\View->CodeIgniter\View\{closure}()
#3 E:\adon\Application\Website\Epotensi-Batu\system\View\View.php(236): CodeIgniter\View\View->render('auth/templates/...', Array, true)
#4 E:\adon\Application\Website\Epotensi-Batu\system\Common.php(1217): CodeIgniter\View\View->render('\\App\\Views\\Auth...', Array, true)
#5 E:\adon\Application\Website\Epotensi-Batu\vendor\myth\auth\src\Controllers\AuthController.php(402): view('\\App\\Views\\Auth...', Array)
#6 E:\adon\Application\Website\Epotensi-Batu\vendor\myth\auth\src\Controllers\AuthController.php(133): Myth\Auth\Controllers\AuthController->_render('\\App\\Views\\Auth...', Array)
#7 E:\adon\Application\Website\Epotensi-Batu\system\CodeIgniter.php(936): Myth\Auth\Controllers\AuthController->register()
#8 E:\adon\Application\Website\Epotensi-Batu\system\CodeIgniter.php(432): CodeIgniter\CodeIgniter->runController(Object(Myth\Auth\Controllers\AuthController))
#9 E:\adon\Application\Website\Epotensi-Batu\system\CodeIgniter.php(333): CodeIgniter\CodeIgniter->handleRequest(NULL, Object(Config\Cache), false)
#10 E:\adon\Application\Website\Epotensi-Batu\public\index.php(44): CodeIgniter\CodeIgniter->run()
#11 E:\adon\Application\Website\Epotensi-Batu\system\Commands\Server\rewrite.php(45): require_once('E:\\adon\\Applica...')
#12 {main}
CRITICAL - 2021-11-13 08:20:26 --> Undefined variable: title
#0 E:\adon\Application\Website\Epotensi-Batu\app\Views\auth\templates\index.php(12): CodeIgniter\Debug\Exceptions->errorHandler(8, 'Undefined varia...', 'E:\\adon\\Applica...', 12, Array)
#1 E:\adon\Application\Website\Epotensi-Batu\system\View\View.php(220): include('E:\\adon\\Applica...')
#2 E:\adon\Application\Website\Epotensi-Batu\system\View\View.php(222): CodeIgniter\View\View->CodeIgniter\View\{closure}()
#3 E:\adon\Application\Website\Epotensi-Batu\system\View\View.php(236): CodeIgniter\View\View->render('auth/templates/...', Array, true)
#4 E:\adon\Application\Website\Epotensi-Batu\system\Common.php(1217): CodeIgniter\View\View->render('\\App\\Views\\Auth...', Array, true)
#5 E:\adon\Application\Website\Epotensi-Batu\vendor\myth\auth\src\Controllers\AuthController.php(402): view('\\App\\Views\\Auth...', Array)
#6 E:\adon\Application\Website\Epotensi-Batu\vendor\myth\auth\src\Controllers\AuthController.php(133): Myth\Auth\Controllers\AuthController->_render('\\App\\Views\\Auth...', Array)
#7 E:\adon\Application\Website\Epotensi-Batu\system\CodeIgniter.php(936): Myth\Auth\Controllers\AuthController->register()
#8 E:\adon\Application\Website\Epotensi-Batu\system\CodeIgniter.php(432): CodeIgniter\CodeIgniter->runController(Object(Myth\Auth\Controllers\AuthController))
#9 E:\adon\Application\Website\Epotensi-Batu\system\CodeIgniter.php(333): CodeIgniter\CodeIgniter->handleRequest(NULL, Object(Config\Cache), false)
#10 E:\adon\Application\Website\Epotensi-Batu\public\index.php(44): CodeIgniter\CodeIgniter->run()
#11 E:\adon\Application\Website\Epotensi-Batu\system\Commands\Server\rewrite.php(45): require_once('E:\\adon\\Applica...')
#12 {main}
CRITICAL - 2021-11-13 08:23:50 --> Undefined variable: title
#0 E:\adon\Application\Website\Epotensi-Batu\app\Views\auth\templates\index.php(12): CodeIgniter\Debug\Exceptions->errorHandler(8, 'Undefined varia...', 'E:\\adon\\Applica...', 12, Array)
#1 E:\adon\Application\Website\Epotensi-Batu\system\View\View.php(220): include('E:\\adon\\Applica...')
#2 E:\adon\Application\Website\Epotensi-Batu\system\View\View.php(222): CodeIgniter\View\View->CodeIgniter\View\{closure}()
#3 E:\adon\Application\Website\Epotensi-Batu\system\View\View.php(236): CodeIgniter\View\View->render('auth/templates/...', Array, true)
#4 E:\adon\Application\Website\Epotensi-Batu\system\Common.php(1217): CodeIgniter\View\View->render('\\App\\Views\\Auth...', Array, true)
#5 E:\adon\Application\Website\Epotensi-Batu\vendor\myth\auth\src\Controllers\AuthController.php(402): view('\\App\\Views\\Auth...', Array)
#6 E:\adon\Application\Website\Epotensi-Batu\vendor\myth\auth\src\Controllers\AuthController.php(133): Myth\Auth\Controllers\AuthController->_render('\\App\\Views\\Auth...', Array)
#7 E:\adon\Application\Website\Epotensi-Batu\system\CodeIgniter.php(936): Myth\Auth\Controllers\AuthController->register()
#8 E:\adon\Application\Website\Epotensi-Batu\system\CodeIgniter.php(432): CodeIgniter\CodeIgniter->runController(Object(Myth\Auth\Controllers\AuthController))
#9 E:\adon\Application\Website\Epotensi-Batu\system\CodeIgniter.php(333): CodeIgniter\CodeIgniter->handleRequest(NULL, Object(Config\Cache), false)
#10 E:\adon\Application\Website\Epotensi-Batu\public\index.php(44): CodeIgniter\CodeIgniter->run()
#11 E:\adon\Application\Website\Epotensi-Batu\system\Commands\Server\rewrite.php(45): require_once('E:\\adon\\Applica...')
#12 {main}
CRITICAL - 2021-11-13 08:24:40 --> Undefined variable: title
#0 E:\adon\Application\Website\Epotensi-Batu\app\Views\auth\templates\index.php(12): CodeIgniter\Debug\Exceptions->errorHandler(8, 'Undefined varia...', 'E:\\adon\\Applica...', 12, Array)
#1 E:\adon\Application\Website\Epotensi-Batu\system\View\View.php(220): include('E:\\adon\\Applica...')
#2 E:\adon\Application\Website\Epotensi-Batu\system\View\View.php(222): CodeIgniter\View\View->CodeIgniter\View\{closure}()
#3 E:\adon\Application\Website\Epotensi-Batu\system\View\View.php(236): CodeIgniter\View\View->render('auth/templates/...', Array, true)
#4 E:\adon\Application\Website\Epotensi-Batu\system\Common.php(1217): CodeIgniter\View\View->render('\\App\\Views\\Auth...', Array, true)
#5 E:\adon\Application\Website\Epotensi-Batu\vendor\myth\auth\src\Controllers\AuthController.php(402): view('\\App\\Views\\Auth...', Array)
#6 E:\adon\Application\Website\Epotensi-Batu\vendor\myth\auth\src\Controllers\AuthController.php(133): Myth\Auth\Controllers\AuthController->_render('\\App\\Views\\Auth...', Array)
#7 E:\adon\Application\Website\Epotensi-Batu\system\CodeIgniter.php(936): Myth\Auth\Controllers\AuthController->register()
#8 E:\adon\Application\Website\Epotensi-Batu\system\CodeIgniter.php(432): CodeIgniter\CodeIgniter->runController(Object(Myth\Auth\Controllers\AuthController))
#9 E:\adon\Application\Website\Epotensi-Batu\system\CodeIgniter.php(333): CodeIgniter\CodeIgniter->handleRequest(NULL, Object(Config\Cache), false)
#10 E:\adon\Application\Website\Epotensi-Batu\public\index.php(44): CodeIgniter\CodeIgniter->run()
#11 E:\adon\Application\Website\Epotensi-Batu\system\Commands\Server\rewrite.php(45): require_once('E:\\adon\\Applica...')
#12 {main}
CRITICAL - 2021-11-13 08:25:06 --> Undefined variable: title
#0 E:\adon\Application\Website\Epotensi-Batu\app\Views\auth\templates\index.php(12): CodeIgniter\Debug\Exceptions->errorHandler(8, 'Undefined varia...', 'E:\\adon\\Applica...', 12, Array)
#1 E:\adon\Application\Website\Epotensi-Batu\system\View\View.php(220): include('E:\\adon\\Applica...')
#2 E:\adon\Application\Website\Epotensi-Batu\system\View\View.php(222): CodeIgniter\View\View->CodeIgniter\View\{closure}()
#3 E:\adon\Application\Website\Epotensi-Batu\system\View\View.php(236): CodeIgniter\View\View->render('auth/templates/...', Array, true)
#4 E:\adon\Application\Website\Epotensi-Batu\system\Common.php(1217): CodeIgniter\View\View->render('\\App\\Views\\Auth...', Array, true)
#5 E:\adon\Application\Website\Epotensi-Batu\vendor\myth\auth\src\Controllers\AuthController.php(402): view('\\App\\Views\\Auth...', Array)
#6 E:\adon\Application\Website\Epotensi-Batu\vendor\myth\auth\src\Controllers\AuthController.php(133): Myth\Auth\Controllers\AuthController->_render('\\App\\Views\\Auth...', Array)
#7 E:\adon\Application\Website\Epotensi-Batu\system\CodeIgniter.php(936): Myth\Auth\Controllers\AuthController->register()
#8 E:\adon\Application\Website\Epotensi-Batu\system\CodeIgniter.php(432): CodeIgniter\CodeIgniter->runController(Object(Myth\Auth\Controllers\AuthController))
#9 E:\adon\Application\Website\Epotensi-Batu\system\CodeIgniter.php(333): CodeIgniter\CodeIgniter->handleRequest(NULL, Object(Config\Cache), false)
#10 E:\adon\Application\Website\Epotensi-Batu\public\index.php(44): CodeIgniter\CodeIgniter->run()
#11 E:\adon\Application\Website\Epotensi-Batu\system\Commands\Server\rewrite.php(45): require_once('E:\\adon\\Applica...')
#12 {main}
CRITICAL - 2021-11-13 08:25:11 --> Undefined variable: title
#0 E:\adon\Application\Website\Epotensi-Batu\app\Views\auth\templates\index.php(12): CodeIgniter\Debug\Exceptions->errorHandler(8, 'Undefined varia...', 'E:\\adon\\Applica...', 12, Array)
#1 E:\adon\Application\Website\Epotensi-Batu\system\View\View.php(220): include('E:\\adon\\Applica...')
#2 E:\adon\Application\Website\Epotensi-Batu\system\View\View.php(222): CodeIgniter\View\View->CodeIgniter\View\{closure}()
#3 E:\adon\Application\Website\Epotensi-Batu\system\View\View.php(236): CodeIgniter\View\View->render('auth/templates/...', Array, true)
#4 E:\adon\Application\Website\Epotensi-Batu\system\Common.php(1217): CodeIgniter\View\View->render('\\App\\Views\\Auth...', Array, true)
#5 E:\adon\Application\Website\Epotensi-Batu\vendor\myth\auth\src\Controllers\AuthController.php(402): view('\\App\\Views\\Auth...', Array)
#6 E:\adon\Application\Website\Epotensi-Batu\vendor\myth\auth\src\Controllers\AuthController.php(133): Myth\Auth\Controllers\AuthController->_render('\\App\\Views\\Auth...', Array)
#7 E:\adon\Application\Website\Epotensi-Batu\system\CodeIgniter.php(936): Myth\Auth\Controllers\AuthController->register()
#8 E:\adon\Application\Website\Epotensi-Batu\system\CodeIgniter.php(432): CodeIgniter\CodeIgniter->runController(Object(Myth\Auth\Controllers\AuthController))
#9 E:\adon\Application\Website\Epotensi-Batu\system\CodeIgniter.php(333): CodeIgniter\CodeIgniter->handleRequest(NULL, Object(Config\Cache), false)
#10 E:\adon\Application\Website\Epotensi-Batu\public\index.php(44): CodeIgniter\CodeIgniter->run()
#11 E:\adon\Application\Website\Epotensi-Batu\system\Commands\Server\rewrite.php(45): require_once('E:\\adon\\Applica...')
#12 {main}
CRITICAL - 2021-11-13 08:25:25 --> Undefined variable: title
#0 E:\adon\Application\Website\Epotensi-Batu\app\Views\auth\templates\index.php(12): CodeIgniter\Debug\Exceptions->errorHandler(8, 'Undefined varia...', 'E:\\adon\\Applica...', 12, Array)
#1 E:\adon\Application\Website\Epotensi-Batu\system\View\View.php(220): include('E:\\adon\\Applica...')
#2 E:\adon\Application\Website\Epotensi-Batu\system\View\View.php(222): CodeIgniter\View\View->CodeIgniter\View\{closure}()
#3 E:\adon\Application\Website\Epotensi-Batu\system\View\View.php(236): CodeIgniter\View\View->render('auth/templates/...', Array, true)
#4 E:\adon\Application\Website\Epotensi-Batu\system\Common.php(1217): CodeIgniter\View\View->render('\\App\\Views\\Auth...', Array, true)
#5 E:\adon\Application\Website\Epotensi-Batu\vendor\myth\auth\src\Controllers\AuthController.php(402): view('\\App\\Views\\Auth...', Array)
#6 E:\adon\Application\Website\Epotensi-Batu\vendor\myth\auth\src\Controllers\AuthController.php(133): Myth\Auth\Controllers\AuthController->_render('\\App\\Views\\Auth...', Array)
#7 E:\adon\Application\Website\Epotensi-Batu\system\CodeIgniter.php(936): Myth\Auth\Controllers\AuthController->register()
#8 E:\adon\Application\Website\Epotensi-Batu\system\CodeIgniter.php(432): CodeIgniter\CodeIgniter->runController(Object(Myth\Auth\Controllers\AuthController))
#9 E:\adon\Application\Website\Epotensi-Batu\system\CodeIgniter.php(333): CodeIgniter\CodeIgniter->handleRequest(NULL, Object(Config\Cache), false)
#10 E:\adon\Application\Website\Epotensi-Batu\public\index.php(44): CodeIgniter\CodeIgniter->run()
#11 E:\adon\Application\Website\Epotensi-Batu\system\Commands\Server\rewrite.php(45): require_once('E:\\adon\\Applica...')
#12 {main}
CRITICAL - 2021-11-13 08:25:27 --> Undefined variable: title
#0 E:\adon\Application\Website\Epotensi-Batu\app\Views\auth\templates\index.php(12): CodeIgniter\Debug\Exceptions->errorHandler(8, 'Undefined varia...', 'E:\\adon\\Applica...', 12, Array)
#1 E:\adon\Application\Website\Epotensi-Batu\system\View\View.php(220): include('E:\\adon\\Applica...')
#2 E:\adon\Application\Website\Epotensi-Batu\system\View\View.php(222): CodeIgniter\View\View->CodeIgniter\View\{closure}()
#3 E:\adon\Application\Website\Epotensi-Batu\system\View\View.php(236): CodeIgniter\View\View->render('auth/templates/...', Array, true)
#4 E:\adon\Application\Website\Epotensi-Batu\system\Common.php(1217): CodeIgniter\View\View->render('\\App\\Views\\Auth...', Array, true)
#5 E:\adon\Application\Website\Epotensi-Batu\vendor\myth\auth\src\Controllers\AuthController.php(402): view('\\App\\Views\\Auth...', Array)
#6 E:\adon\Application\Website\Epotensi-Batu\vendor\myth\auth\src\Controllers\AuthController.php(133): Myth\Auth\Controllers\AuthController->_render('\\App\\Views\\Auth...', Array)
#7 E:\adon\Application\Website\Epotensi-Batu\system\CodeIgniter.php(936): Myth\Auth\Controllers\AuthController->register()
#8 E:\adon\Application\Website\Epotensi-Batu\system\CodeIgniter.php(432): CodeIgniter\CodeIgniter->runController(Object(Myth\Auth\Controllers\AuthController))
#9 E:\adon\Application\Website\Epotensi-Batu\system\CodeIgniter.php(333): CodeIgniter\CodeIgniter->handleRequest(NULL, Object(Config\Cache), false)
#10 E:\adon\Application\Website\Epotensi-Batu\public\index.php(44): CodeIgniter\CodeIgniter->run()
#11 E:\adon\Application\Website\Epotensi-Batu\system\Commands\Server\rewrite.php(45): require_once('E:\\adon\\Applica...')
#12 {main}
CRITICAL - 2021-11-13 08:26:30 --> Undefined variable: title
#0 E:\adon\Application\Website\Epotensi-Batu\app\Views\auth\templates\index.php(12): CodeIgniter\Debug\Exceptions->errorHandler(8, 'Undefined varia...', 'E:\\adon\\Applica...', 12, Array)
#1 E:\adon\Application\Website\Epotensi-Batu\system\View\View.php(220): include('E:\\adon\\Applica...')
#2 E:\adon\Application\Website\Epotensi-Batu\system\View\View.php(222): CodeIgniter\View\View->CodeIgniter\View\{closure}()
#3 E:\adon\Application\Website\Epotensi-Batu\system\View\View.php(236): CodeIgniter\View\View->render('auth/templates/...', Array, true)
#4 E:\adon\Application\Website\Epotensi-Batu\system\Common.php(1217): CodeIgniter\View\View->render('\\App\\Views\\Auth...', Array, true)
#5 E:\adon\Application\Website\Epotensi-Batu\vendor\myth\auth\src\Controllers\AuthController.php(402): view('\\App\\Views\\Auth...', Array)
#6 E:\adon\Application\Website\Epotensi-Batu\vendor\myth\auth\src\Controllers\AuthController.php(58): Myth\Auth\Controllers\AuthController->_render('\\App\\Views\\Auth...', Array)
#7 E:\adon\Application\Website\Epotensi-Batu\system\CodeIgniter.php(936): Myth\Auth\Controllers\AuthController->login()
#8 E:\adon\Application\Website\Epotensi-Batu\system\CodeIgniter.php(432): CodeIgniter\CodeIgniter->runController(Object(Myth\Auth\Controllers\AuthController))
#9 E:\adon\Application\Website\Epotensi-Batu\system\CodeIgniter.php(333): CodeIgniter\CodeIgniter->handleRequest(NULL, Object(Config\Cache), false)
#10 E:\adon\Application\Website\Epotensi-Batu\public\index.php(44): CodeIgniter\CodeIgniter->run()
#11 E:\adon\Application\Website\Epotensi-Batu\system\Commands\Server\rewrite.php(45): require_once('E:\\adon\\Applica...')
#12 {main}
