CRITICAL - 2021-07-25 21:01:57 --> Undefined variable: pager
#0 C:\Users\dbi\Downloads\Compressed\pointofsales ci4_2\pointofsales ci4\ci4-pos\app\Views\hotel\potensi.php(41): CodeIgniter\Debug\Exceptions->errorHandler(8, 'Undefined varia...', 'C:\\Users\\dbi\\Do...', 41, Array)
#1 C:\Users\dbi\Downloads\Compressed\pointofsales ci4_2\pointofsales ci4\ci4-pos\system\View\View.php(220): include('C:\\Users\\dbi\\Do...')
#2 C:\Users\dbi\Downloads\Compressed\pointofsales ci4_2\pointofsales ci4\ci4-pos\system\View\View.php(222): CodeIgniter\View\View->CodeIgniter\View\{closure}()
#3 C:\Users\dbi\Downloads\Compressed\pointofsales ci4_2\pointofsales ci4\ci4-pos\system\Common.php(1217): CodeIgniter\View\View->render('hotel/potensi', Array, true)
#4 C:\Users\dbi\Downloads\Compressed\pointofsales ci4_2\pointofsales ci4\ci4-pos\app\Controllers\Hotel.php(145): view('hotel/potensi')
#5 C:\Users\dbi\Downloads\Compressed\pointofsales ci4_2\pointofsales ci4\ci4-pos\system\CodeIgniter.php(936): App\Controllers\Hotel->potensi()
#6 C:\Users\dbi\Downloads\Compressed\pointofsales ci4_2\pointofsales ci4\ci4-pos\system\CodeIgniter.php(432): CodeIgniter\CodeIgniter->runController(Object(App\Controllers\Hotel))
#7 C:\Users\dbi\Downloads\Compressed\pointofsales ci4_2\pointofsales ci4\ci4-pos\system\CodeIgniter.php(333): CodeIgniter\CodeIgniter->handleRequest(NULL, Object(Config\Cache), false)
#8 C:\Users\dbi\Downloads\Compressed\pointofsales ci4_2\pointofsales ci4\ci4-pos\public\index.php(44): CodeIgniter\CodeIgniter->run()
#9 C:\Users\dbi\Downloads\Compressed\pointofsales ci4_2\pointofsales ci4\ci4-pos\system\Commands\Server\rewrite.php(45): require_once('C:\\Users\\dbi\\Do...')
#10 {main}
CRITICAL - 2021-07-25 22:36:41 --> Class 'App\Controllers\Modelpotensihotel' not found
#0 C:\Users\dbi\Downloads\Compressed\pointofsales ci4_2\pointofsales ci4\ci4-pos\system\CodeIgniter.php(936): App\Controllers\Hotel->potensi()
#1 C:\Users\dbi\Downloads\Compressed\pointofsales ci4_2\pointofsales ci4\ci4-pos\system\CodeIgniter.php(432): CodeIgniter\CodeIgniter->runController(Object(App\Controllers\Hotel))
#2 C:\Users\dbi\Downloads\Compressed\pointofsales ci4_2\pointofsales ci4\ci4-pos\system\CodeIgniter.php(333): CodeIgniter\CodeIgniter->handleRequest(NULL, Object(Config\Cache), false)
#3 C:\Users\dbi\Downloads\Compressed\pointofsales ci4_2\pointofsales ci4\ci4-pos\public\index.php(44): CodeIgniter\CodeIgniter->run()
#4 C:\Users\dbi\Downloads\Compressed\pointofsales ci4_2\pointofsales ci4\ci4-pos\system\Commands\Server\rewrite.php(45): require_once('C:\\Users\\dbi\\Do...')
#5 {main}
CRITICAL - 2021-07-25 23:06:31 --> Undefined variable: dataPotensi
#0 C:\Users\dbi\Downloads\Compressed\pointofsales ci4_2\pointofsales ci4\ci4-pos\app\Views\hotel\potensi.php(40): CodeIgniter\Debug\Exceptions->errorHandler(8, 'Undefined varia...', 'C:\\Users\\dbi\\Do...', 40, Array)
#1 C:\Users\dbi\Downloads\Compressed\pointofsales ci4_2\pointofsales ci4\ci4-pos\system\View\View.php(220): include('C:\\Users\\dbi\\Do...')
#2 C:\Users\dbi\Downloads\Compressed\pointofsales ci4_2\pointofsales ci4\ci4-pos\system\View\View.php(222): CodeIgniter\View\View->CodeIgniter\View\{closure}()
#3 C:\Users\dbi\Downloads\Compressed\pointofsales ci4_2\pointofsales ci4\ci4-pos\system\Common.php(1217): CodeIgniter\View\View->render('hotel/potensi', Array, true)
#4 C:\Users\dbi\Downloads\Compressed\pointofsales ci4_2\pointofsales ci4\ci4-pos\app\Controllers\Hotel.php(166): view('hotel/potensi', Array)
#5 C:\Users\dbi\Downloads\Compressed\pointofsales ci4_2\pointofsales ci4\ci4-pos\system\CodeIgniter.php(936): App\Controllers\Hotel->potensi()
#6 C:\Users\dbi\Downloads\Compressed\pointofsales ci4_2\pointofsales ci4\ci4-pos\system\CodeIgniter.php(432): CodeIgniter\CodeIgniter->runController(Object(App\Controllers\Hotel))
#7 C:\Users\dbi\Downloads\Compressed\pointofsales ci4_2\pointofsales ci4\ci4-pos\system\CodeIgniter.php(333): CodeIgniter\CodeIgniter->handleRequest(NULL, Object(Config\Cache), false)
#8 C:\Users\dbi\Downloads\Compressed\pointofsales ci4_2\pointofsales ci4\ci4-pos\public\index.php(44): CodeIgniter\CodeIgniter->run()
#9 C:\Users\dbi\Downloads\Compressed\pointofsales ci4_2\pointofsales ci4\ci4-pos\system\Commands\Server\rewrite.php(45): require_once('C:\\Users\\dbi\\Do...')
#10 {main}
CRITICAL - 2021-07-25 23:15:40 --> syntax error, unexpected ')', expecting variable (T_VARIABLE)
#0 C:\Users\dbi\Downloads\Compressed\pointofsales ci4_2\pointofsales ci4\ci4-pos\system\Router\Router.php(170): CodeIgniter\Router\Router->autoRoute('hotel/potensi')
#1 C:\Users\dbi\Downloads\Compressed\pointofsales ci4_2\pointofsales ci4\ci4-pos\system\CodeIgniter.php(816): CodeIgniter\Router\Router->handle('hotel/potensi')
#2 C:\Users\dbi\Downloads\Compressed\pointofsales ci4_2\pointofsales ci4\ci4-pos\system\CodeIgniter.php(385): CodeIgniter\CodeIgniter->tryToRouteIt(Object(CodeIgniter\Router\RouteCollection))
#3 C:\Users\dbi\Downloads\Compressed\pointofsales ci4_2\pointofsales ci4\ci4-pos\system\CodeIgniter.php(333): CodeIgniter\CodeIgniter->handleRequest(NULL, Object(Config\Cache), false)
#4 C:\Users\dbi\Downloads\Compressed\pointofsales ci4_2\pointofsales ci4\ci4-pos\public\index.php(44): CodeIgniter\CodeIgniter->run()
#5 C:\Users\dbi\Downloads\Compressed\pointofsales ci4_2\pointofsales ci4\ci4-pos\system\Commands\Server\rewrite.php(45): require_once('C:\\Users\\dbi\\Do...')
#6 {main}
CRITICAL - 2021-07-25 23:53:39 --> Undefined variable: dataPotensi
#0 C:\Users\dbi\Downloads\Compressed\pointofsales ci4_2\pointofsales ci4\ci4-pos\app\Views\hotel\detailpotensi.php(14): CodeIgniter\Debug\Exceptions->errorHandler(8, 'Undefined varia...', 'C:\\Users\\dbi\\Do...', 14, Array)
#1 C:\Users\dbi\Downloads\Compressed\pointofsales ci4_2\pointofsales ci4\ci4-pos\system\View\View.php(220): include('C:\\Users\\dbi\\Do...')
#2 C:\Users\dbi\Downloads\Compressed\pointofsales ci4_2\pointofsales ci4\ci4-pos\system\View\View.php(222): CodeIgniter\View\View->CodeIgniter\View\{closure}()
#3 C:\Users\dbi\Downloads\Compressed\pointofsales ci4_2\pointofsales ci4\ci4-pos\system\Common.php(1217): CodeIgniter\View\View->render('hotel/detailpot...', Array, true)
#4 C:\Users\dbi\Downloads\Compressed\pointofsales ci4_2\pointofsales ci4\ci4-pos\app\Controllers\Hotel.php(174): view('hotel/detailpot...')
#5 C:\Users\dbi\Downloads\Compressed\pointofsales ci4_2\pointofsales ci4\ci4-pos\system\CodeIgniter.php(936): App\Controllers\Hotel->detail('1')
#6 C:\Users\dbi\Downloads\Compressed\pointofsales ci4_2\pointofsales ci4\ci4-pos\system\CodeIgniter.php(432): CodeIgniter\CodeIgniter->runController(Object(App\Controllers\Hotel))
#7 C:\Users\dbi\Downloads\Compressed\pointofsales ci4_2\pointofsales ci4\ci4-pos\system\CodeIgniter.php(333): CodeIgniter\CodeIgniter->handleRequest(NULL, Object(Config\Cache), false)
#8 C:\Users\dbi\Downloads\Compressed\pointofsales ci4_2\pointofsales ci4\ci4-pos\public\index.php(44): CodeIgniter\CodeIgniter->run()
#9 C:\Users\dbi\Downloads\Compressed\pointofsales ci4_2\pointofsales ci4\ci4-pos\system\Commands\Server\rewrite.php(45): require_once('C:\\Users\\dbi\\Do...')
#10 {main}
CRITICAL - 2021-07-25 23:54:02 --> Undefined variable: datapotensi
#0 C:\Users\dbi\Downloads\Compressed\pointofsales ci4_2\pointofsales ci4\ci4-pos\app\Views\hotel\detailpotensi.php(14): CodeIgniter\Debug\Exceptions->errorHandler(8, 'Undefined varia...', 'C:\\Users\\dbi\\Do...', 14, Array)
#1 C:\Users\dbi\Downloads\Compressed\pointofsales ci4_2\pointofsales ci4\ci4-pos\system\View\View.php(220): include('C:\\Users\\dbi\\Do...')
#2 C:\Users\dbi\Downloads\Compressed\pointofsales ci4_2\pointofsales ci4\ci4-pos\system\View\View.php(222): CodeIgniter\View\View->CodeIgniter\View\{closure}()
#3 C:\Users\dbi\Downloads\Compressed\pointofsales ci4_2\pointofsales ci4\ci4-pos\system\Common.php(1217): CodeIgniter\View\View->render('hotel/detailpot...', Array, true)
#4 C:\Users\dbi\Downloads\Compressed\pointofsales ci4_2\pointofsales ci4\ci4-pos\app\Controllers\Hotel.php(174): view('hotel/detailpot...')
#5 C:\Users\dbi\Downloads\Compressed\pointofsales ci4_2\pointofsales ci4\ci4-pos\system\CodeIgniter.php(936): App\Controllers\Hotel->detail('1')
#6 C:\Users\dbi\Downloads\Compressed\pointofsales ci4_2\pointofsales ci4\ci4-pos\system\CodeIgniter.php(432): CodeIgniter\CodeIgniter->runController(Object(App\Controllers\Hotel))
#7 C:\Users\dbi\Downloads\Compressed\pointofsales ci4_2\pointofsales ci4\ci4-pos\system\CodeIgniter.php(333): CodeIgniter\CodeIgniter->handleRequest(NULL, Object(Config\Cache), false)
#8 C:\Users\dbi\Downloads\Compressed\pointofsales ci4_2\pointofsales ci4\ci4-pos\public\index.php(44): CodeIgniter\CodeIgniter->run()
#9 C:\Users\dbi\Downloads\Compressed\pointofsales ci4_2\pointofsales ci4\ci4-pos\system\Commands\Server\rewrite.php(45): require_once('C:\\Users\\dbi\\Do...')
#10 {main}
CRITICAL - 2021-07-25 23:54:21 --> Undefined variable: dataPotensi
#0 C:\Users\dbi\Downloads\Compressed\pointofsales ci4_2\pointofsales ci4\ci4-pos\app\Views\hotel\detailpotensi.php(14): CodeIgniter\Debug\Exceptions->errorHandler(8, 'Undefined varia...', 'C:\\Users\\dbi\\Do...', 14, Array)
#1 C:\Users\dbi\Downloads\Compressed\pointofsales ci4_2\pointofsales ci4\ci4-pos\system\View\View.php(220): include('C:\\Users\\dbi\\Do...')
#2 C:\Users\dbi\Downloads\Compressed\pointofsales ci4_2\pointofsales ci4\ci4-pos\system\View\View.php(222): CodeIgniter\View\View->CodeIgniter\View\{closure}()
#3 C:\Users\dbi\Downloads\Compressed\pointofsales ci4_2\pointofsales ci4\ci4-pos\system\Common.php(1217): CodeIgniter\View\View->render('hotel/detailpot...', Array, true)
#4 C:\Users\dbi\Downloads\Compressed\pointofsales ci4_2\pointofsales ci4\ci4-pos\app\Controllers\Hotel.php(174): view('hotel/detailpot...')
#5 C:\Users\dbi\Downloads\Compressed\pointofsales ci4_2\pointofsales ci4\ci4-pos\system\CodeIgniter.php(936): App\Controllers\Hotel->detail('1')
#6 C:\Users\dbi\Downloads\Compressed\pointofsales ci4_2\pointofsales ci4\ci4-pos\system\CodeIgniter.php(432): CodeIgniter\CodeIgniter->runController(Object(App\Controllers\Hotel))
#7 C:\Users\dbi\Downloads\Compressed\pointofsales ci4_2\pointofsales ci4\ci4-pos\system\CodeIgniter.php(333): CodeIgniter\CodeIgniter->handleRequest(NULL, Object(Config\Cache), false)
#8 C:\Users\dbi\Downloads\Compressed\pointofsales ci4_2\pointofsales ci4\ci4-pos\public\index.php(44): CodeIgniter\CodeIgniter->run()
#9 C:\Users\dbi\Downloads\Compressed\pointofsales ci4_2\pointofsales ci4\ci4-pos\system\Commands\Server\rewrite.php(45): require_once('C:\\Users\\dbi\\Do...')
#10 {main}
CRITICAL - 2021-07-25 23:56:34 --> Undefined variable: dataPotensi
#0 C:\Users\dbi\Downloads\Compressed\pointofsales ci4_2\pointofsales ci4\ci4-pos\app\Views\hotel\detailpotensi.php(14): CodeIgniter\Debug\Exceptions->errorHandler(8, 'Undefined varia...', 'C:\\Users\\dbi\\Do...', 14, Array)
#1 C:\Users\dbi\Downloads\Compressed\pointofsales ci4_2\pointofsales ci4\ci4-pos\system\View\View.php(220): include('C:\\Users\\dbi\\Do...')
#2 C:\Users\dbi\Downloads\Compressed\pointofsales ci4_2\pointofsales ci4\ci4-pos\system\View\View.php(222): CodeIgniter\View\View->CodeIgniter\View\{closure}()
#3 C:\Users\dbi\Downloads\Compressed\pointofsales ci4_2\pointofsales ci4\ci4-pos\system\Common.php(1217): CodeIgniter\View\View->render('hotel/detailpot...', Array, true)
#4 C:\Users\dbi\Downloads\Compressed\pointofsales ci4_2\pointofsales ci4\ci4-pos\app\Controllers\Hotel.php(174): view('hotel/detailpot...')
#5 C:\Users\dbi\Downloads\Compressed\pointofsales ci4_2\pointofsales ci4\ci4-pos\system\CodeIgniter.php(936): App\Controllers\Hotel->detail('1')
#6 C:\Users\dbi\Downloads\Compressed\pointofsales ci4_2\pointofsales ci4\ci4-pos\system\CodeIgniter.php(432): CodeIgniter\CodeIgniter->runController(Object(App\Controllers\Hotel))
#7 C:\Users\dbi\Downloads\Compressed\pointofsales ci4_2\pointofsales ci4\ci4-pos\system\CodeIgniter.php(333): CodeIgniter\CodeIgniter->handleRequest(NULL, Object(Config\Cache), false)
#8 C:\Users\dbi\Downloads\Compressed\pointofsales ci4_2\pointofsales ci4\ci4-pos\public\index.php(44): CodeIgniter\CodeIgniter->run()
#9 C:\Users\dbi\Downloads\Compressed\pointofsales ci4_2\pointofsales ci4\ci4-pos\system\Commands\Server\rewrite.php(45): require_once('C:\\Users\\dbi\\Do...')
#10 {main}
CRITICAL - 2021-07-25 23:57:10 --> Undefined variable: dataPotensi
#0 C:\Users\dbi\Downloads\Compressed\pointofsales ci4_2\pointofsales ci4\ci4-pos\app\Views\hotel\detailpotensi.php(14): CodeIgniter\Debug\Exceptions->errorHandler(8, 'Undefined varia...', 'C:\\Users\\dbi\\Do...', 14, Array)
#1 C:\Users\dbi\Downloads\Compressed\pointofsales ci4_2\pointofsales ci4\ci4-pos\system\View\View.php(220): include('C:\\Users\\dbi\\Do...')
#2 C:\Users\dbi\Downloads\Compressed\pointofsales ci4_2\pointofsales ci4\ci4-pos\system\View\View.php(222): CodeIgniter\View\View->CodeIgniter\View\{closure}()
#3 C:\Users\dbi\Downloads\Compressed\pointofsales ci4_2\pointofsales ci4\ci4-pos\system\Common.php(1217): CodeIgniter\View\View->render('hotel/detailpot...', Array, true)
#4 C:\Users\dbi\Downloads\Compressed\pointofsales ci4_2\pointofsales ci4\ci4-pos\app\Controllers\Hotel.php(174): view('hotel/detailpot...')
#5 C:\Users\dbi\Downloads\Compressed\pointofsales ci4_2\pointofsales ci4\ci4-pos\system\CodeIgniter.php(936): App\Controllers\Hotel->detail('1')
#6 C:\Users\dbi\Downloads\Compressed\pointofsales ci4_2\pointofsales ci4\ci4-pos\system\CodeIgniter.php(432): CodeIgniter\CodeIgniter->runController(Object(App\Controllers\Hotel))
#7 C:\Users\dbi\Downloads\Compressed\pointofsales ci4_2\pointofsales ci4\ci4-pos\system\CodeIgniter.php(333): CodeIgniter\CodeIgniter->handleRequest(NULL, Object(Config\Cache), false)
#8 C:\Users\dbi\Downloads\Compressed\pointofsales ci4_2\pointofsales ci4\ci4-pos\public\index.php(44): CodeIgniter\CodeIgniter->run()
#9 C:\Users\dbi\Downloads\Compressed\pointofsales ci4_2\pointofsales ci4\ci4-pos\system\Commands\Server\rewrite.php(45): require_once('C:\\Users\\dbi\\Do...')
#10 {main}
CRITICAL - 2021-07-25 23:58:10 --> Undefined variable: potensiHotel
#0 C:\Users\dbi\Downloads\Compressed\pointofsales ci4_2\pointofsales ci4\ci4-pos\app\Views\hotel\detailpotensi.php(14): CodeIgniter\Debug\Exceptions->errorHandler(8, 'Undefined varia...', 'C:\\Users\\dbi\\Do...', 14, Array)
#1 C:\Users\dbi\Downloads\Compressed\pointofsales ci4_2\pointofsales ci4\ci4-pos\system\View\View.php(220): include('C:\\Users\\dbi\\Do...')
#2 C:\Users\dbi\Downloads\Compressed\pointofsales ci4_2\pointofsales ci4\ci4-pos\system\View\View.php(222): CodeIgniter\View\View->CodeIgniter\View\{closure}()
#3 C:\Users\dbi\Downloads\Compressed\pointofsales ci4_2\pointofsales ci4\ci4-pos\system\Common.php(1217): CodeIgniter\View\View->render('hotel/detailpot...', Array, true)
#4 C:\Users\dbi\Downloads\Compressed\pointofsales ci4_2\pointofsales ci4\ci4-pos\app\Controllers\Hotel.php(174): view('hotel/detailpot...')
#5 C:\Users\dbi\Downloads\Compressed\pointofsales ci4_2\pointofsales ci4\ci4-pos\system\CodeIgniter.php(936): App\Controllers\Hotel->detail('1')
#6 C:\Users\dbi\Downloads\Compressed\pointofsales ci4_2\pointofsales ci4\ci4-pos\system\CodeIgniter.php(432): CodeIgniter\CodeIgniter->runController(Object(App\Controllers\Hotel))
#7 C:\Users\dbi\Downloads\Compressed\pointofsales ci4_2\pointofsales ci4\ci4-pos\system\CodeIgniter.php(333): CodeIgniter\CodeIgniter->handleRequest(NULL, Object(Config\Cache), false)
#8 C:\Users\dbi\Downloads\Compressed\pointofsales ci4_2\pointofsales ci4\ci4-pos\public\index.php(44): CodeIgniter\CodeIgniter->run()
#9 C:\Users\dbi\Downloads\Compressed\pointofsales ci4_2\pointofsales ci4\ci4-pos\system\Commands\Server\rewrite.php(45): require_once('C:\\Users\\dbi\\Do...')
#10 {main}
