ERROR - 2024-01-03 15:11:21 --> ErrorException: pg_query(): Query failed: ERROR:  syntax error at or near &quot;.&quot;
LINE 1: SELECT a.npwrd, a.kd_billing b.nm_wp_wr, a.tgl_pembayaran, a...
                                      ^ in C:\xampp\htdocs\ci-esptpd\dashboard_pasar\system\Database\Postgre\Connection.php:170
Stack trace:
#0 [internal function]: CodeIgniter\Debug\Exceptions->errorHandler(2, 'pg_query(): Que...', 'C:\\xampp\\htdocs...', 170, Array)
#1 C:\xampp\htdocs\ci-esptpd\dashboard_pasar\system\Database\Postgre\Connection.php(170): pg_query(Resource id #112, 'SELECT a.npwrd,...')
#2 C:\xampp\htdocs\ci-esptpd\dashboard_pasar\system\Database\BaseConnection.php(685): CodeIgniter\Database\Postgre\Connection->execute('SELECT a.npwrd,...')
#3 C:\xampp\htdocs\ci-esptpd\dashboard_pasar\system\Database\BaseConnection.php(621): CodeIgniter\Database\BaseConnection->simpleQuery('SELECT a.npwrd,...')
#4 C:\xampp\htdocs\ci-esptpd\dashboard_pasar\app\Models\getModel.php(60): CodeIgniter\Database\BaseConnection->query('SELECT a.npwrd,...')
#5 C:\xampp\htdocs\ci-esptpd\dashboard_pasar\app\Controllers\Report.php(37): App\Models\getModel->getHasilRekap(Array)
#6 C:\xampp\htdocs\ci-esptpd\dashboard_pasar\system\CodeIgniter.php(936): App\Controllers\Report->hasil_rekap()
#7 C:\xampp\htdocs\ci-esptpd\dashboard_pasar\system\CodeIgniter.php(432): CodeIgniter\CodeIgniter->runController(Object(App\Controllers\Report))
#8 C:\xampp\htdocs\ci-esptpd\dashboard_pasar\system\CodeIgniter.php(333): CodeIgniter\CodeIgniter->handleRequest(NULL, Object(Config\Cache), false)
#9 C:\xampp\htdocs\ci-esptpd\dashboard_pasar\index.php(43): CodeIgniter\CodeIgniter->run()
#10 {main}
CRITICAL - 2024-01-03 15:11:21 --> pg_query(): Query failed: ERROR:  syntax error at or near &quot;.&quot;
LINE 1: SELECT a.npwrd, a.kd_billing b.nm_wp_wr, a.tgl_pembayaran, a...
                                      ^
#0 [internal function]: CodeIgniter\Debug\Exceptions->errorHandler(2, 'pg_query(): Que...', 'C:\\xampp\\htdocs...', 170, Array)
#1 C:\xampp\htdocs\ci-esptpd\dashboard_pasar\system\Database\Postgre\Connection.php(170): pg_query(Resource id #112, 'SELECT a.npwrd,...')
#2 C:\xampp\htdocs\ci-esptpd\dashboard_pasar\system\Database\BaseConnection.php(685): CodeIgniter\Database\Postgre\Connection->execute('SELECT a.npwrd,...')
#3 C:\xampp\htdocs\ci-esptpd\dashboard_pasar\system\Database\BaseConnection.php(621): CodeIgniter\Database\BaseConnection->simpleQuery('SELECT a.npwrd,...')
#4 C:\xampp\htdocs\ci-esptpd\dashboard_pasar\app\Models\getModel.php(60): CodeIgniter\Database\BaseConnection->query('SELECT a.npwrd,...')
#5 C:\xampp\htdocs\ci-esptpd\dashboard_pasar\app\Controllers\Report.php(37): App\Models\getModel->getHasilRekap(Array)
#6 C:\xampp\htdocs\ci-esptpd\dashboard_pasar\system\CodeIgniter.php(936): App\Controllers\Report->hasil_rekap()
#7 C:\xampp\htdocs\ci-esptpd\dashboard_pasar\system\CodeIgniter.php(432): CodeIgniter\CodeIgniter->runController(Object(App\Controllers\Report))
#8 C:\xampp\htdocs\ci-esptpd\dashboard_pasar\system\CodeIgniter.php(333): CodeIgniter\CodeIgniter->handleRequest(NULL, Object(Config\Cache), false)
#9 C:\xampp\htdocs\ci-esptpd\dashboard_pasar\index.php(43): CodeIgniter\CodeIgniter->run()
#10 {main}
