CRITICAL - 2021-11-23 01:08:47 --> unlink(assets/dist/img/profil1637650614_ed139dc58a62c40c53f3.jpeg): No such file or directory
#0 [internal function]: CodeIgniter\Debug\Exceptions->errorHandler(2, 'unlink(assets/d...', 'C:\\xampp\\htdocs...', 58, Array)
#1 C:\xampp\htdocs\e-potensi\app\Controllers\User.php(58): unlink('assets/dist/img...')
#2 C:\xampp\htdocs\e-potensi\system\CodeIgniter.php(936): App\Controllers\User->updateprofil()
#3 C:\xampp\htdocs\e-potensi\system\CodeIgniter.php(432): CodeIgniter\CodeIgniter->runController(Object(App\Controllers\User))
#4 C:\xampp\htdocs\e-potensi\system\CodeIgniter.php(333): CodeIgniter\CodeIgniter->handleRequest(NULL, Object(Config\Cache), false)
#5 C:\xampp\htdocs\e-potensi\public\index.php(44): CodeIgniter\CodeIgniter->run()
#6 {main}
CRITICAL - 2021-11-23 01:12:16 --> unlink() expects parameter 2 to be resource, string given
#0 [internal function]: CodeIgniter\Debug\Exceptions->errorHandler(2, 'unlink() expect...', 'C:\\xampp\\htdocs...', 60, Array)
#1 C:\xampp\htdocs\e-potensi\app\Controllers\User.php(60): unlink('assets/dist/img...', '1637650614_ed13...')
#2 C:\xampp\htdocs\e-potensi\system\CodeIgniter.php(936): App\Controllers\User->updateprofil()
#3 C:\xampp\htdocs\e-potensi\system\CodeIgniter.php(432): CodeIgniter\CodeIgniter->runController(Object(App\Controllers\User))
#4 C:\xampp\htdocs\e-potensi\system\CodeIgniter.php(333): CodeIgniter\CodeIgniter->handleRequest(NULL, Object(Config\Cache), false)
#5 C:\xampp\htdocs\e-potensi\public\index.php(44): CodeIgniter\CodeIgniter->run()
#6 {main}
CRITICAL - 2021-11-23 01:16:05 --> unlink() expects parameter 2 to be resource, string given
#0 [internal function]: CodeIgniter\Debug\Exceptions->errorHandler(2, 'unlink() expect...', 'C:\\xampp\\htdocs...', 60, Array)
#1 C:\xampp\htdocs\e-potensi\app\Controllers\User.php(60): unlink('assets/dist/img...', '1637650614_ed13...')
#2 C:\xampp\htdocs\e-potensi\system\CodeIgniter.php(936): App\Controllers\User->updateprofil()
#3 C:\xampp\htdocs\e-potensi\system\CodeIgniter.php(432): CodeIgniter\CodeIgniter->runController(Object(App\Controllers\User))
#4 C:\xampp\htdocs\e-potensi\system\CodeIgniter.php(333): CodeIgniter\CodeIgniter->handleRequest(NULL, Object(Config\Cache), false)
#5 C:\xampp\htdocs\e-potensi\public\index.php(44): CodeIgniter\CodeIgniter->run()
#6 {main}
CRITICAL - 2021-11-23 01:18:55 --> unlink(assets/dist/img/profil1637650614_ed139dc58a62c40c53f3.jpeg): No such file or directory
#0 [internal function]: CodeIgniter\Debug\Exceptions->errorHandler(2, 'unlink(assets/d...', 'C:\\xampp\\htdocs...', 60, Array)
#1 C:\xampp\htdocs\e-potensi\app\Controllers\User.php(60): unlink('assets/dist/img...')
#2 C:\xampp\htdocs\e-potensi\system\CodeIgniter.php(936): App\Controllers\User->updateprofil()
#3 C:\xampp\htdocs\e-potensi\system\CodeIgniter.php(432): CodeIgniter\CodeIgniter->runController(Object(App\Controllers\User))
#4 C:\xampp\htdocs\e-potensi\system\CodeIgniter.php(333): CodeIgniter\CodeIgniter->handleRequest(NULL, Object(Config\Cache), false)
#5 C:\xampp\htdocs\e-potensi\public\index.php(44): CodeIgniter\CodeIgniter->run()
#6 {main}
CRITICAL - 2021-11-23 16:32:00 --> Return value of CodeIgniter\BaseModel::transformDataToArray() must be of the type array, string returned
#0 C:\xampp\htdocs\e-potensi\system\BaseModel.php(864): CodeIgniter\BaseModel->transformDataToArray('$2y$10$aE41yN3P...', 'update')
#1 C:\xampp\htdocs\e-potensi\system\Model.php(737): CodeIgniter\BaseModel->update(Array, '$2y$10$aE41yN3P...')
#2 C:\xampp\htdocs\e-potensi\app\Controllers\User.php(124): CodeIgniter\Model->update(Array, '$2y$10$aE41yN3P...')
#3 C:\xampp\htdocs\e-potensi\system\CodeIgniter.php(936): App\Controllers\User->updatepassword()
#4 C:\xampp\htdocs\e-potensi\system\CodeIgniter.php(432): CodeIgniter\CodeIgniter->runController(Object(App\Controllers\User))
#5 C:\xampp\htdocs\e-potensi\system\CodeIgniter.php(333): CodeIgniter\CodeIgniter->handleRequest(NULL, Object(Config\Cache), false)
#6 C:\xampp\htdocs\e-potensi\public\index.php(44): CodeIgniter\CodeIgniter->run()
#7 {main}
ERROR - 2021-11-23 16:33:58 --> mysqli_sql_exception: Unknown column 'Array' in 'where clause' in C:\xampp\htdocs\e-potensi\system\Database\MySQLi\Connection.php:314
Stack trace:
#0 C:\xampp\htdocs\e-potensi\system\Database\MySQLi\Connection.php(314): mysqli->query('UPDATE `user` S...')
#1 C:\xampp\htdocs\e-potensi\system\Database\BaseConnection.php(713): CodeIgniter\Database\MySQLi\Connection->execute('UPDATE `user` S...')
#2 C:\xampp\htdocs\e-potensi\system\Database\BaseConnection.php(641): CodeIgniter\Database\BaseConnection->simpleQuery('UPDATE `user` S...')
#3 C:\xampp\htdocs\e-potensi\system\Database\BaseBuilder.php(2468): CodeIgniter\Database\BaseConnection->query('UPDATE `user` S...', Array, false)
#4 C:\xampp\htdocs\e-potensi\system\Model.php(353): CodeIgniter\Database\BaseBuilder->update()
#5 C:\xampp\htdocs\e-potensi\system\BaseModel.php(901): CodeIgniter\Model->doUpdate(Array, Array)
#6 C:\xampp\htdocs\e-potensi\system\Model.php(737): CodeIgniter\BaseModel->update(Array, Array)
#7 C:\xampp\htdocs\e-potensi\app\Controllers\User.php(126): CodeIgniter\Model->update(Array, Array)
#8 C:\xampp\htdocs\e-potensi\system\CodeIgniter.php(936): App\Controllers\User->updatepassword()
#9 C:\xampp\htdocs\e-potensi\system\CodeIgniter.php(432): CodeIgniter\CodeIgniter->runController(Object(App\Controllers\User))
#10 C:\xampp\htdocs\e-potensi\system\CodeIgniter.php(333): CodeIgniter\CodeIgniter->handleRequest(NULL, Object(Config\Cache), false)
#11 C:\xampp\htdocs\e-potensi\public\index.php(44): CodeIgniter\CodeIgniter->run()
#12 {main}
CRITICAL - 2021-11-23 16:33:58 --> Unknown column 'Array' in 'where clause'
#0 C:\xampp\htdocs\e-potensi\system\Database\MySQLi\Connection.php(314): mysqli->query('UPDATE `user` S...')
#1 C:\xampp\htdocs\e-potensi\system\Database\BaseConnection.php(713): CodeIgniter\Database\MySQLi\Connection->execute('UPDATE `user` S...')
#2 C:\xampp\htdocs\e-potensi\system\Database\BaseConnection.php(641): CodeIgniter\Database\BaseConnection->simpleQuery('UPDATE `user` S...')
#3 C:\xampp\htdocs\e-potensi\system\Database\BaseBuilder.php(2468): CodeIgniter\Database\BaseConnection->query('UPDATE `user` S...', Array, false)
#4 C:\xampp\htdocs\e-potensi\system\Model.php(353): CodeIgniter\Database\BaseBuilder->update()
#5 C:\xampp\htdocs\e-potensi\system\BaseModel.php(901): CodeIgniter\Model->doUpdate(Array, Array)
#6 C:\xampp\htdocs\e-potensi\system\Model.php(737): CodeIgniter\BaseModel->update(Array, Array)
#7 C:\xampp\htdocs\e-potensi\app\Controllers\User.php(126): CodeIgniter\Model->update(Array, Array)
#8 C:\xampp\htdocs\e-potensi\system\CodeIgniter.php(936): App\Controllers\User->updatepassword()
#9 C:\xampp\htdocs\e-potensi\system\CodeIgniter.php(432): CodeIgniter\CodeIgniter->runController(Object(App\Controllers\User))
#10 C:\xampp\htdocs\e-potensi\system\CodeIgniter.php(333): CodeIgniter\CodeIgniter->handleRequest(NULL, Object(Config\Cache), false)
#11 C:\xampp\htdocs\e-potensi\public\index.php(44): CodeIgniter\CodeIgniter->run()
#12 {main}
CRITICAL - 2021-11-23 16:34:32 --> Undefined index: password
#0 C:\xampp\htdocs\e-potensi\app\Controllers\User.php(114): CodeIgniter\Debug\Exceptions->errorHandler(8, 'Undefined index...', 'C:\\xampp\\htdocs...', 114, Array)
#1 C:\xampp\htdocs\e-potensi\system\CodeIgniter.php(936): App\Controllers\User->updatepassword()
#2 C:\xampp\htdocs\e-potensi\system\CodeIgniter.php(432): CodeIgniter\CodeIgniter->runController(Object(App\Controllers\User))
#3 C:\xampp\htdocs\e-potensi\system\CodeIgniter.php(333): CodeIgniter\CodeIgniter->handleRequest(NULL, Object(Config\Cache), false)
#4 C:\xampp\htdocs\e-potensi\public\index.php(44): CodeIgniter\CodeIgniter->run()
#5 {main}
CRITICAL - 2021-11-23 17:08:04 --> Invalid argument supplied for foreach()
#0 C:\xampp\htdocs\e-potensi\app\Views\menu\jeniskamarhotel.php(71): CodeIgniter\Debug\Exceptions->errorHandler(2, 'Invalid argumen...', 'C:\\xampp\\htdocs...', 71, Array)
#1 C:\xampp\htdocs\e-potensi\system\View\View.php(220): include('C:\\xampp\\htdocs...')
#2 C:\xampp\htdocs\e-potensi\system\View\View.php(222): CodeIgniter\View\View->CodeIgniter\View\{closure}()
#3 C:\xampp\htdocs\e-potensi\system\Common.php(1217): CodeIgniter\View\View->render('menu/jeniskamar...', Array, true)
#4 C:\xampp\htdocs\e-potensi\app\Controllers\Pengaturan.php(190): view('menu/jeniskamar...', Array)
#5 C:\xampp\htdocs\e-potensi\system\CodeIgniter.php(936): App\Controllers\Pengaturan->jeniskamarhotel()
#6 C:\xampp\htdocs\e-potensi\system\CodeIgniter.php(432): CodeIgniter\CodeIgniter->runController(Object(App\Controllers\Pengaturan))
#7 C:\xampp\htdocs\e-potensi\system\CodeIgniter.php(333): CodeIgniter\CodeIgniter->handleRequest(NULL, Object(Config\Cache), false)
#8 C:\xampp\htdocs\e-potensi\public\index.php(44): CodeIgniter\CodeIgniter->run()
#9 {main}
CRITICAL - 2021-11-23 17:09:56 --> Undefined index: title
#0 C:\xampp\htdocs\e-potensi\app\Views\menu\jeniskamarhotel.php(31): CodeIgniter\Debug\Exceptions->errorHandler(8, 'Undefined index...', 'C:\\xampp\\htdocs...', 31, Array)
#1 C:\xampp\htdocs\e-potensi\system\View\View.php(220): include('C:\\xampp\\htdocs...')
#2 C:\xampp\htdocs\e-potensi\system\View\View.php(222): CodeIgniter\View\View->CodeIgniter\View\{closure}()
#3 C:\xampp\htdocs\e-potensi\system\Common.php(1217): CodeIgniter\View\View->render('menu/jeniskamar...', Array, true)
#4 C:\xampp\htdocs\e-potensi\app\Controllers\Pengaturan.php(190): view('menu/jeniskamar...', Array)
#5 C:\xampp\htdocs\e-potensi\system\CodeIgniter.php(936): App\Controllers\Pengaturan->jeniskamarhotel()
#6 C:\xampp\htdocs\e-potensi\system\CodeIgniter.php(432): CodeIgniter\CodeIgniter->runController(Object(App\Controllers\Pengaturan))
#7 C:\xampp\htdocs\e-potensi\system\CodeIgniter.php(333): CodeIgniter\CodeIgniter->handleRequest(NULL, Object(Config\Cache), false)
#8 C:\xampp\htdocs\e-potensi\public\index.php(44): CodeIgniter\CodeIgniter->run()
#9 {main}
CRITICAL - 2021-11-23 17:10:17 --> Invalid argument supplied for foreach()
#0 C:\xampp\htdocs\e-potensi\app\Views\menu\jeniskamarhotel.php(71): CodeIgniter\Debug\Exceptions->errorHandler(2, 'Invalid argumen...', 'C:\\xampp\\htdocs...', 71, Array)
#1 C:\xampp\htdocs\e-potensi\system\View\View.php(220): include('C:\\xampp\\htdocs...')
#2 C:\xampp\htdocs\e-potensi\system\View\View.php(222): CodeIgniter\View\View->CodeIgniter\View\{closure}()
#3 C:\xampp\htdocs\e-potensi\system\Common.php(1217): CodeIgniter\View\View->render('menu/jeniskamar...', Array, true)
#4 C:\xampp\htdocs\e-potensi\app\Controllers\Pengaturan.php(190): view('menu/jeniskamar...', Array)
#5 C:\xampp\htdocs\e-potensi\system\CodeIgniter.php(936): App\Controllers\Pengaturan->jeniskamarhotel()
#6 C:\xampp\htdocs\e-potensi\system\CodeIgniter.php(432): CodeIgniter\CodeIgniter->runController(Object(App\Controllers\Pengaturan))
#7 C:\xampp\htdocs\e-potensi\system\CodeIgniter.php(333): CodeIgniter\CodeIgniter->handleRequest(NULL, Object(Config\Cache), false)
#8 C:\xampp\htdocs\e-potensi\public\index.php(44): CodeIgniter\CodeIgniter->run()
#9 {main}
CRITICAL - 2021-11-23 17:10:29 --> Invalid argument supplied for foreach()
#0 C:\xampp\htdocs\e-potensi\app\Views\menu\jeniskamarhotel.php(71): CodeIgniter\Debug\Exceptions->errorHandler(2, 'Invalid argumen...', 'C:\\xampp\\htdocs...', 71, Array)
#1 C:\xampp\htdocs\e-potensi\system\View\View.php(220): include('C:\\xampp\\htdocs...')
#2 C:\xampp\htdocs\e-potensi\system\View\View.php(222): CodeIgniter\View\View->CodeIgniter\View\{closure}()
#3 C:\xampp\htdocs\e-potensi\system\Common.php(1217): CodeIgniter\View\View->render('menu/jeniskamar...', Array, true)
#4 C:\xampp\htdocs\e-potensi\app\Controllers\Pengaturan.php(190): view('menu/jeniskamar...', Array)
#5 C:\xampp\htdocs\e-potensi\system\CodeIgniter.php(936): App\Controllers\Pengaturan->jeniskamarhotel()
#6 C:\xampp\htdocs\e-potensi\system\CodeIgniter.php(432): CodeIgniter\CodeIgniter->runController(Object(App\Controllers\Pengaturan))
#7 C:\xampp\htdocs\e-potensi\system\CodeIgniter.php(333): CodeIgniter\CodeIgniter->handleRequest(NULL, Object(Config\Cache), false)
#8 C:\xampp\htdocs\e-potensi\public\index.php(44): CodeIgniter\CodeIgniter->run()
#9 {main}
CRITICAL - 2021-11-23 17:10:53 --> Undefined variable: menu
#0 C:\xampp\htdocs\e-potensi\app\Views\menu\jeniskamarhotel.php(71): CodeIgniter\Debug\Exceptions->errorHandler(8, 'Undefined varia...', 'C:\\xampp\\htdocs...', 71, Array)
#1 C:\xampp\htdocs\e-potensi\system\View\View.php(220): include('C:\\xampp\\htdocs...')
#2 C:\xampp\htdocs\e-potensi\system\View\View.php(222): CodeIgniter\View\View->CodeIgniter\View\{closure}()
#3 C:\xampp\htdocs\e-potensi\system\Common.php(1217): CodeIgniter\View\View->render('menu/jeniskamar...', Array, true)
#4 C:\xampp\htdocs\e-potensi\app\Controllers\Pengaturan.php(190): view('menu/jeniskamar...', Array)
#5 C:\xampp\htdocs\e-potensi\system\CodeIgniter.php(936): App\Controllers\Pengaturan->jeniskamarhotel()
#6 C:\xampp\htdocs\e-potensi\system\CodeIgniter.php(432): CodeIgniter\CodeIgniter->runController(Object(App\Controllers\Pengaturan))
#7 C:\xampp\htdocs\e-potensi\system\CodeIgniter.php(333): CodeIgniter\CodeIgniter->handleRequest(NULL, Object(Config\Cache), false)
#8 C:\xampp\htdocs\e-potensi\public\index.php(44): CodeIgniter\CodeIgniter->run()
#9 {main}
CRITICAL - 2021-11-23 17:38:39 --> Invalid argument supplied for foreach()
#0 C:\xampp\htdocs\e-potensi\app\Views\menu\jeniskamarhotel.php(31): CodeIgniter\Debug\Exceptions->errorHandler(2, 'Invalid argumen...', 'C:\\xampp\\htdocs...', 31, Array)
#1 C:\xampp\htdocs\e-potensi\system\View\View.php(220): include('C:\\xampp\\htdocs...')
#2 C:\xampp\htdocs\e-potensi\system\View\View.php(222): CodeIgniter\View\View->CodeIgniter\View\{closure}()
#3 C:\xampp\htdocs\e-potensi\system\Common.php(1217): CodeIgniter\View\View->render('menu/jeniskamar...', Array, true)
#4 C:\xampp\htdocs\e-potensi\app\Controllers\Pengaturan.php(263): view('menu/jeniskamar...', Array)
#5 C:\xampp\htdocs\e-potensi\system\CodeIgniter.php(936): App\Controllers\Pengaturan->jenishiburan()
#6 C:\xampp\htdocs\e-potensi\system\CodeIgniter.php(432): CodeIgniter\CodeIgniter->runController(Object(App\Controllers\Pengaturan))
#7 C:\xampp\htdocs\e-potensi\system\CodeIgniter.php(333): CodeIgniter\CodeIgniter->handleRequest(NULL, Object(Config\Cache), false)
#8 C:\xampp\htdocs\e-potensi\public\index.php(44): CodeIgniter\CodeIgniter->run()
#9 {main}
CRITICAL - 2021-11-23 17:39:00 --> Invalid argument supplied for foreach()
#0 C:\xampp\htdocs\e-potensi\app\Views\menu\jeniskamarhotel.php(31): CodeIgniter\Debug\Exceptions->errorHandler(2, 'Invalid argumen...', 'C:\\xampp\\htdocs...', 31, Array)
#1 C:\xampp\htdocs\e-potensi\system\View\View.php(220): include('C:\\xampp\\htdocs...')
#2 C:\xampp\htdocs\e-potensi\system\View\View.php(222): CodeIgniter\View\View->CodeIgniter\View\{closure}()
#3 C:\xampp\htdocs\e-potensi\system\Common.php(1217): CodeIgniter\View\View->render('menu/jeniskamar...', Array, true)
#4 C:\xampp\htdocs\e-potensi\app\Controllers\Pengaturan.php(263): view('menu/jeniskamar...', Array)
#5 C:\xampp\htdocs\e-potensi\system\CodeIgniter.php(936): App\Controllers\Pengaturan->jenishiburan()
#6 C:\xampp\htdocs\e-potensi\system\CodeIgniter.php(432): CodeIgniter\CodeIgniter->runController(Object(App\Controllers\Pengaturan))
#7 C:\xampp\htdocs\e-potensi\system\CodeIgniter.php(333): CodeIgniter\CodeIgniter->handleRequest(NULL, Object(Config\Cache), false)
#8 C:\xampp\htdocs\e-potensi\public\index.php(44): CodeIgniter\CodeIgniter->run()
#9 {main}
CRITICAL - 2021-11-23 17:40:27 --> Invalid argument supplied for foreach()
#0 C:\xampp\htdocs\e-potensi\app\Views\menu\jeniskamarhotel.php(31): CodeIgniter\Debug\Exceptions->errorHandler(2, 'Invalid argumen...', 'C:\\xampp\\htdocs...', 31, Array)
#1 C:\xampp\htdocs\e-potensi\system\View\View.php(220): include('C:\\xampp\\htdocs...')
#2 C:\xampp\htdocs\e-potensi\system\View\View.php(222): CodeIgniter\View\View->CodeIgniter\View\{closure}()
#3 C:\xampp\htdocs\e-potensi\system\Common.php(1217): CodeIgniter\View\View->render('menu/jeniskamar...', Array, true)
#4 C:\xampp\htdocs\e-potensi\app\Controllers\Pengaturan.php(263): view('menu/jeniskamar...', Array)
#5 C:\xampp\htdocs\e-potensi\system\CodeIgniter.php(936): App\Controllers\Pengaturan->jenishiburan()
#6 C:\xampp\htdocs\e-potensi\system\CodeIgniter.php(432): CodeIgniter\CodeIgniter->runController(Object(App\Controllers\Pengaturan))
#7 C:\xampp\htdocs\e-potensi\system\CodeIgniter.php(333): CodeIgniter\CodeIgniter->handleRequest(NULL, Object(Config\Cache), false)
#8 C:\xampp\htdocs\e-potensi\public\index.php(44): CodeIgniter\CodeIgniter->run()
#9 {main}
CRITICAL - 2021-11-23 17:52:11 --> Invalid file: menu/editjeniskamarhiburanmodal.php
#0 C:\xampp\htdocs\e-potensi\system\View\View.php(203): CodeIgniter\Exceptions\FrameworkException::forInvalidFile('menu/editjenisk...')
#1 C:\xampp\htdocs\e-potensi\system\Common.php(1217): CodeIgniter\View\View->render('menu/editjenisk...', Array, true)
#2 C:\xampp\htdocs\e-potensi\app\Controllers\Pengaturan.php(288): view('menu/editjenisk...', Array)
#3 C:\xampp\htdocs\e-potensi\system\CodeIgniter.php(936): App\Controllers\Pengaturan->editjenishiburan()
#4 C:\xampp\htdocs\e-potensi\system\CodeIgniter.php(432): CodeIgniter\CodeIgniter->runController(Object(App\Controllers\Pengaturan))
#5 C:\xampp\htdocs\e-potensi\system\CodeIgniter.php(333): CodeIgniter\CodeIgniter->handleRequest(NULL, Object(Config\Cache), false)
#6 C:\xampp\htdocs\e-potensi\public\index.php(44): CodeIgniter\CodeIgniter->run()
#7 {main}
