CRITICAL - 2021-11-04 11:53:22 --> Trying to access array offset on value of type null
#0 E:\adon\Application\Website\Epotensi-Batu\app\Views\hotel\admin\formpendataan.php(93): CodeIgniter\Debug\Exceptions->errorHandler(8, 'Trying to acces...', 'E:\\adon\\Applica...', 93, Array)
#1 E:\adon\Application\Website\Epotensi-Batu\system\View\View.php(220): include('E:\\adon\\Applica...')
#2 E:\adon\Application\Website\Epotensi-Batu\system\View\View.php(222): CodeIgniter\View\View->CodeIgniter\View\{closure}()
#3 E:\adon\Application\Website\Epotensi-Batu\system\Common.php(1217): CodeIgniter\View\View->render('hotel/admin/for...', Array, true)
#4 E:\adon\Application\Website\Epotensi-Batu\app\Controllers\Hotel.php(172): view('hotel/admin/for...', Array)
#5 E:\adon\Application\Website\Epotensi-Batu\system\CodeIgniter.php(936): App\Controllers\Hotel->pendataanadmin('1')
#6 E:\adon\Application\Website\Epotensi-Batu\system\CodeIgniter.php(432): CodeIgniter\CodeIgniter->runController(Object(App\Controllers\Hotel))
#7 E:\adon\Application\Website\Epotensi-Batu\system\CodeIgniter.php(333): CodeIgniter\CodeIgniter->handleRequest(NULL, Object(Config\Cache), false)
#8 E:\adon\Application\Website\Epotensi-Batu\public\index.php(44): CodeIgniter\CodeIgniter->run()
#9 E:\adon\Application\Website\Epotensi-Batu\system\Commands\Server\rewrite.php(45): require_once('E:\\adon\\Applica...')
#10 {main}
CRITICAL - 2021-11-04 11:53:41 --> Trying to get property 'jenis_kamar' of non-object
#0 E:\adon\Application\Website\Epotensi-Batu\app\Views\hotel\admin\formpendataan.php(93): CodeIgniter\Debug\Exceptions->errorHandler(8, 'Trying to get p...', 'E:\\adon\\Applica...', 93, Array)
#1 E:\adon\Application\Website\Epotensi-Batu\system\View\View.php(220): include('E:\\adon\\Applica...')
#2 E:\adon\Application\Website\Epotensi-Batu\system\View\View.php(222): CodeIgniter\View\View->CodeIgniter\View\{closure}()
#3 E:\adon\Application\Website\Epotensi-Batu\system\Common.php(1217): CodeIgniter\View\View->render('hotel/admin/for...', Array, true)
#4 E:\adon\Application\Website\Epotensi-Batu\app\Controllers\Hotel.php(172): view('hotel/admin/for...', Array)
#5 E:\adon\Application\Website\Epotensi-Batu\system\CodeIgniter.php(936): App\Controllers\Hotel->pendataanadmin('1')
#6 E:\adon\Application\Website\Epotensi-Batu\system\CodeIgniter.php(432): CodeIgniter\CodeIgniter->runController(Object(App\Controllers\Hotel))
#7 E:\adon\Application\Website\Epotensi-Batu\system\CodeIgniter.php(333): CodeIgniter\CodeIgniter->handleRequest(NULL, Object(Config\Cache), false)
#8 E:\adon\Application\Website\Epotensi-Batu\public\index.php(44): CodeIgniter\CodeIgniter->run()
#9 E:\adon\Application\Website\Epotensi-Batu\system\Commands\Server\rewrite.php(45): require_once('E:\\adon\\Applica...')
#10 {main}
CRITICAL - 2021-11-04 11:57:45 --> Undefined property: mysqli::$jenis_kamar
#0 E:\adon\Application\Website\Epotensi-Batu\app\Views\hotel\admin\formpendataan.php(93): CodeIgniter\Debug\Exceptions->errorHandler(8, 'Undefined prope...', 'E:\\adon\\Applica...', 93, Array)
#1 E:\adon\Application\Website\Epotensi-Batu\system\View\View.php(220): include('E:\\adon\\Applica...')
#2 E:\adon\Application\Website\Epotensi-Batu\system\View\View.php(222): CodeIgniter\View\View->CodeIgniter\View\{closure}()
#3 E:\adon\Application\Website\Epotensi-Batu\system\Common.php(1217): CodeIgniter\View\View->render('hotel/admin/for...', Array, true)
#4 E:\adon\Application\Website\Epotensi-Batu\app\Controllers\Hotel.php(173): view('hotel/admin/for...', Array)
#5 E:\adon\Application\Website\Epotensi-Batu\system\CodeIgniter.php(936): App\Controllers\Hotel->pendataanadmin('1')
#6 E:\adon\Application\Website\Epotensi-Batu\system\CodeIgniter.php(432): CodeIgniter\CodeIgniter->runController(Object(App\Controllers\Hotel))
#7 E:\adon\Application\Website\Epotensi-Batu\system\CodeIgniter.php(333): CodeIgniter\CodeIgniter->handleRequest(NULL, Object(Config\Cache), false)
#8 E:\adon\Application\Website\Epotensi-Batu\public\index.php(44): CodeIgniter\CodeIgniter->run()
#9 E:\adon\Application\Website\Epotensi-Batu\system\Commands\Server\rewrite.php(45): require_once('E:\\adon\\Applica...')
#10 {main}
ERROR - 2021-11-04 23:44:38 --> mysqli_sql_exception: Table 'epotensi_batu.potensi_hotel_detil' doesn't exist in E:\adon\Application\Website\Epotensi-Batu\system\Database\MySQLi\Connection.php:314
Stack trace:
#0 E:\adon\Application\Website\Epotensi-Batu\system\Database\MySQLi\Connection.php(314): mysqli->query('INSERT INTO `po...')
#1 E:\adon\Application\Website\Epotensi-Batu\system\Database\BaseConnection.php(713): CodeIgniter\Database\MySQLi\Connection->execute('INSERT INTO `po...')
#2 E:\adon\Application\Website\Epotensi-Batu\system\Database\BaseConnection.php(641): CodeIgniter\Database\BaseConnection->simpleQuery('INSERT INTO `po...')
#3 E:\adon\Application\Website\Epotensi-Batu\system\Database\BaseBuilder.php(2263): CodeIgniter\Database\BaseConnection->query('INSERT INTO `po...', Array, false)
#4 E:\adon\Application\Website\Epotensi-Batu\system\Model.php(278): CodeIgniter\Database\BaseBuilder->insert()
#5 E:\adon\Application\Website\Epotensi-Batu\system\BaseModel.php(758): CodeIgniter\Model->doInsert(Array)
#6 E:\adon\Application\Website\Epotensi-Batu\system\Model.php(705): CodeIgniter\BaseModel->insert(Array, true)
#7 E:\adon\Application\Website\Epotensi-Batu\app\Controllers\Hotel.php(234): CodeIgniter\Model->insert(Array)
#8 E:\adon\Application\Website\Epotensi-Batu\system\CodeIgniter.php(936): App\Controllers\Hotel->simpanpendataanadmin()
#9 E:\adon\Application\Website\Epotensi-Batu\system\CodeIgniter.php(432): CodeIgniter\CodeIgniter->runController(Object(App\Controllers\Hotel))
#10 E:\adon\Application\Website\Epotensi-Batu\system\CodeIgniter.php(333): CodeIgniter\CodeIgniter->handleRequest(NULL, Object(Config\Cache), false)
#11 E:\adon\Application\Website\Epotensi-Batu\public\index.php(44): CodeIgniter\CodeIgniter->run()
#12 E:\adon\Application\Website\Epotensi-Batu\system\Commands\Server\rewrite.php(45): require_once('E:\\adon\\Applica...')
#13 {main}
CRITICAL - 2021-11-04 23:44:38 --> Table 'epotensi_batu.potensi_hotel_detil' doesn't exist
#0 E:\adon\Application\Website\Epotensi-Batu\system\Database\MySQLi\Connection.php(314): mysqli->query('INSERT INTO `po...')
#1 E:\adon\Application\Website\Epotensi-Batu\system\Database\BaseConnection.php(713): CodeIgniter\Database\MySQLi\Connection->execute('INSERT INTO `po...')
#2 E:\adon\Application\Website\Epotensi-Batu\system\Database\BaseConnection.php(641): CodeIgniter\Database\BaseConnection->simpleQuery('INSERT INTO `po...')
#3 E:\adon\Application\Website\Epotensi-Batu\system\Database\BaseBuilder.php(2263): CodeIgniter\Database\BaseConnection->query('INSERT INTO `po...', Array, false)
#4 E:\adon\Application\Website\Epotensi-Batu\system\Model.php(278): CodeIgniter\Database\BaseBuilder->insert()
#5 E:\adon\Application\Website\Epotensi-Batu\system\BaseModel.php(758): CodeIgniter\Model->doInsert(Array)
#6 E:\adon\Application\Website\Epotensi-Batu\system\Model.php(705): CodeIgniter\BaseModel->insert(Array, true)
#7 E:\adon\Application\Website\Epotensi-Batu\app\Controllers\Hotel.php(234): CodeIgniter\Model->insert(Array)
#8 E:\adon\Application\Website\Epotensi-Batu\system\CodeIgniter.php(936): App\Controllers\Hotel->simpanpendataanadmin()
#9 E:\adon\Application\Website\Epotensi-Batu\system\CodeIgniter.php(432): CodeIgniter\CodeIgniter->runController(Object(App\Controllers\Hotel))
#10 E:\adon\Application\Website\Epotensi-Batu\system\CodeIgniter.php(333): CodeIgniter\CodeIgniter->handleRequest(NULL, Object(Config\Cache), false)
#11 E:\adon\Application\Website\Epotensi-Batu\public\index.php(44): CodeIgniter\CodeIgniter->run()
#12 E:\adon\Application\Website\Epotensi-Batu\system\Commands\Server\rewrite.php(45): require_once('E:\\adon\\Applica...')
#13 {main}
