CRITICAL - 2021-10-24 10:14:18 --> You must set the database table to be used with your query.
#0 E:\adon\Application\Website\Epotensi-Batu\system\Model.php(615): CodeIgniter\Database\BaseConnection->table(NULL)
#1 E:\adon\Application\Website\Epotensi-Batu\system\Model.php(834): CodeIgniter\Model->builder()
#2 E:\adon\Application\Website\Epotensi-Batu\app\Controllers\Layout.php(16): CodeIgniter\Model->__call('tot_user', Array)
#3 E:\adon\Application\Website\Epotensi-Batu\system\CodeIgniter.php(936): App\Controllers\Layout->index()
#4 E:\adon\Application\Website\Epotensi-Batu\system\CodeIgniter.php(432): CodeIgniter\CodeIgniter->runController(Object(App\Controllers\Layout))
#5 E:\adon\Application\Website\Epotensi-Batu\system\CodeIgniter.php(333): CodeIgniter\CodeIgniter->handleRequest(NULL, Object(Config\Cache), false)
#6 E:\adon\Application\Website\Epotensi-Batu\public\index.php(44): CodeIgniter\CodeIgniter->run()
#7 E:\adon\Application\Website\Epotensi-Batu\system\Commands\Server\rewrite.php(45): require_once('E:\\adon\\Applica...')
#8 {main}
CRITICAL - 2021-10-24 10:14:31 --> You must set the database table to be used with your query.
#0 E:\adon\Application\Website\Epotensi-Batu\system\Model.php(615): CodeIgniter\Database\BaseConnection->table(NULL)
#1 E:\adon\Application\Website\Epotensi-Batu\system\Model.php(834): CodeIgniter\Model->builder()
#2 E:\adon\Application\Website\Epotensi-Batu\app\Controllers\Layout.php(16): CodeIgniter\Model->__call('tot_user', Array)
#3 E:\adon\Application\Website\Epotensi-Batu\system\CodeIgniter.php(936): App\Controllers\Layout->index()
#4 E:\adon\Application\Website\Epotensi-Batu\system\CodeIgniter.php(432): CodeIgniter\CodeIgniter->runController(Object(App\Controllers\Layout))
#5 E:\adon\Application\Website\Epotensi-Batu\system\CodeIgniter.php(333): CodeIgniter\CodeIgniter->handleRequest(NULL, Object(Config\Cache), false)
#6 E:\adon\Application\Website\Epotensi-Batu\public\index.php(44): CodeIgniter\CodeIgniter->run()
#7 E:\adon\Application\Website\Epotensi-Batu\system\Commands\Server\rewrite.php(45): require_once('E:\\adon\\Applica...')
#8 {main}
ERROR - 2021-10-24 10:22:10 --> mysqli_sql_exception: Table 'epotensi_batu.potensi_restoran &' doesn't exist in E:\adon\Application\Website\Epotensi-Batu\system\Database\MySQLi\Connection.php:314
Stack trace:
#0 E:\adon\Application\Website\Epotensi-Batu\system\Database\MySQLi\Connection.php(314): mysqli->query('SELECT COUNT(*)...')
#1 E:\adon\Application\Website\Epotensi-Batu\system\Database\BaseConnection.php(713): CodeIgniter\Database\MySQLi\Connection->execute('SELECT COUNT(*)...')
#2 E:\adon\Application\Website\Epotensi-Batu\system\Database\BaseConnection.php(641): CodeIgniter\Database\BaseConnection->simpleQuery('SELECT COUNT(*)...')
#3 E:\adon\Application\Website\Epotensi-Batu\system\Database\BaseBuilder.php(1903): CodeIgniter\Database\BaseConnection->query('SELECT COUNT(*)...', NULL, false)
#4 E:\adon\Application\Website\Epotensi-Batu\app\Models\Modelhome.php(19): CodeIgniter\Database\BaseBuilder->countAll()
#5 E:\adon\Application\Website\Epotensi-Batu\app\Controllers\Layout.php(17): App\Models\Modelhome->tot_potensi()
#6 E:\adon\Application\Website\Epotensi-Batu\system\CodeIgniter.php(936): App\Controllers\Layout->index()
#7 E:\adon\Application\Website\Epotensi-Batu\system\CodeIgniter.php(432): CodeIgniter\CodeIgniter->runController(Object(App\Controllers\Layout))
#8 E:\adon\Application\Website\Epotensi-Batu\system\CodeIgniter.php(333): CodeIgniter\CodeIgniter->handleRequest(NULL, Object(Config\Cache), false)
#9 E:\adon\Application\Website\Epotensi-Batu\public\index.php(44): CodeIgniter\CodeIgniter->run()
#10 E:\adon\Application\Website\Epotensi-Batu\system\Commands\Server\rewrite.php(45): require_once('E:\\adon\\Applica...')
#11 {main}
CRITICAL - 2021-10-24 10:22:10 --> Table 'epotensi_batu.potensi_restoran &' doesn't exist
#0 E:\adon\Application\Website\Epotensi-Batu\system\Database\MySQLi\Connection.php(314): mysqli->query('SELECT COUNT(*)...')
#1 E:\adon\Application\Website\Epotensi-Batu\system\Database\BaseConnection.php(713): CodeIgniter\Database\MySQLi\Connection->execute('SELECT COUNT(*)...')
#2 E:\adon\Application\Website\Epotensi-Batu\system\Database\BaseConnection.php(641): CodeIgniter\Database\BaseConnection->simpleQuery('SELECT COUNT(*)...')
#3 E:\adon\Application\Website\Epotensi-Batu\system\Database\BaseBuilder.php(1903): CodeIgniter\Database\BaseConnection->query('SELECT COUNT(*)...', NULL, false)
#4 E:\adon\Application\Website\Epotensi-Batu\app\Models\Modelhome.php(19): CodeIgniter\Database\BaseBuilder->countAll()
#5 E:\adon\Application\Website\Epotensi-Batu\app\Controllers\Layout.php(17): App\Models\Modelhome->tot_potensi()
#6 E:\adon\Application\Website\Epotensi-Batu\system\CodeIgniter.php(936): App\Controllers\Layout->index()
#7 E:\adon\Application\Website\Epotensi-Batu\system\CodeIgniter.php(432): CodeIgniter\CodeIgniter->runController(Object(App\Controllers\Layout))
#8 E:\adon\Application\Website\Epotensi-Batu\system\CodeIgniter.php(333): CodeIgniter\CodeIgniter->handleRequest(NULL, Object(Config\Cache), false)
#9 E:\adon\Application\Website\Epotensi-Batu\public\index.php(44): CodeIgniter\CodeIgniter->run()
#10 E:\adon\Application\Website\Epotensi-Batu\system\Commands\Server\rewrite.php(45): require_once('E:\\adon\\Applica...')
#11 {main}
ERROR - 2021-10-24 10:22:16 --> mysqli_sql_exception: Table 'epotensi_batu.potensi_restoran &&' doesn't exist in E:\adon\Application\Website\Epotensi-Batu\system\Database\MySQLi\Connection.php:314
Stack trace:
#0 E:\adon\Application\Website\Epotensi-Batu\system\Database\MySQLi\Connection.php(314): mysqli->query('SELECT COUNT(*)...')
#1 E:\adon\Application\Website\Epotensi-Batu\system\Database\BaseConnection.php(713): CodeIgniter\Database\MySQLi\Connection->execute('SELECT COUNT(*)...')
#2 E:\adon\Application\Website\Epotensi-Batu\system\Database\BaseConnection.php(641): CodeIgniter\Database\BaseConnection->simpleQuery('SELECT COUNT(*)...')
#3 E:\adon\Application\Website\Epotensi-Batu\system\Database\BaseBuilder.php(1903): CodeIgniter\Database\BaseConnection->query('SELECT COUNT(*)...', NULL, false)
#4 E:\adon\Application\Website\Epotensi-Batu\app\Models\Modelhome.php(19): CodeIgniter\Database\BaseBuilder->countAll()
#5 E:\adon\Application\Website\Epotensi-Batu\app\Controllers\Layout.php(17): App\Models\Modelhome->tot_potensi()
#6 E:\adon\Application\Website\Epotensi-Batu\system\CodeIgniter.php(936): App\Controllers\Layout->index()
#7 E:\adon\Application\Website\Epotensi-Batu\system\CodeIgniter.php(432): CodeIgniter\CodeIgniter->runController(Object(App\Controllers\Layout))
#8 E:\adon\Application\Website\Epotensi-Batu\system\CodeIgniter.php(333): CodeIgniter\CodeIgniter->handleRequest(NULL, Object(Config\Cache), false)
#9 E:\adon\Application\Website\Epotensi-Batu\public\index.php(44): CodeIgniter\CodeIgniter->run()
#10 E:\adon\Application\Website\Epotensi-Batu\system\Commands\Server\rewrite.php(45): require_once('E:\\adon\\Applica...')
#11 {main}
CRITICAL - 2021-10-24 10:22:16 --> Table 'epotensi_batu.potensi_restoran &&' doesn't exist
#0 E:\adon\Application\Website\Epotensi-Batu\system\Database\MySQLi\Connection.php(314): mysqli->query('SELECT COUNT(*)...')
#1 E:\adon\Application\Website\Epotensi-Batu\system\Database\BaseConnection.php(713): CodeIgniter\Database\MySQLi\Connection->execute('SELECT COUNT(*)...')
#2 E:\adon\Application\Website\Epotensi-Batu\system\Database\BaseConnection.php(641): CodeIgniter\Database\BaseConnection->simpleQuery('SELECT COUNT(*)...')
#3 E:\adon\Application\Website\Epotensi-Batu\system\Database\BaseBuilder.php(1903): CodeIgniter\Database\BaseConnection->query('SELECT COUNT(*)...', NULL, false)
#4 E:\adon\Application\Website\Epotensi-Batu\app\Models\Modelhome.php(19): CodeIgniter\Database\BaseBuilder->countAll()
#5 E:\adon\Application\Website\Epotensi-Batu\app\Controllers\Layout.php(17): App\Models\Modelhome->tot_potensi()
#6 E:\adon\Application\Website\Epotensi-Batu\system\CodeIgniter.php(936): App\Controllers\Layout->index()
#7 E:\adon\Application\Website\Epotensi-Batu\system\CodeIgniter.php(432): CodeIgniter\CodeIgniter->runController(Object(App\Controllers\Layout))
#8 E:\adon\Application\Website\Epotensi-Batu\system\CodeIgniter.php(333): CodeIgniter\CodeIgniter->handleRequest(NULL, Object(Config\Cache), false)
#9 E:\adon\Application\Website\Epotensi-Batu\public\index.php(44): CodeIgniter\CodeIgniter->run()
#10 E:\adon\Application\Website\Epotensi-Batu\system\Commands\Server\rewrite.php(45): require_once('E:\\adon\\Applica...')
#11 {main}
ERROR - 2021-10-24 10:22:24 --> mysqli_sql_exception: Table 'epotensi_batu.potensi_restoran;' doesn't exist in E:\adon\Application\Website\Epotensi-Batu\system\Database\MySQLi\Connection.php:314
Stack trace:
#0 E:\adon\Application\Website\Epotensi-Batu\system\Database\MySQLi\Connection.php(314): mysqli->query('SELECT COUNT(*)...')
#1 E:\adon\Application\Website\Epotensi-Batu\system\Database\BaseConnection.php(713): CodeIgniter\Database\MySQLi\Connection->execute('SELECT COUNT(*)...')
#2 E:\adon\Application\Website\Epotensi-Batu\system\Database\BaseConnection.php(641): CodeIgniter\Database\BaseConnection->simpleQuery('SELECT COUNT(*)...')
#3 E:\adon\Application\Website\Epotensi-Batu\system\Database\BaseBuilder.php(1903): CodeIgniter\Database\BaseConnection->query('SELECT COUNT(*)...', NULL, false)
#4 E:\adon\Application\Website\Epotensi-Batu\app\Models\Modelhome.php(19): CodeIgniter\Database\BaseBuilder->countAll()
#5 E:\adon\Application\Website\Epotensi-Batu\app\Controllers\Layout.php(17): App\Models\Modelhome->tot_potensi()
#6 E:\adon\Application\Website\Epotensi-Batu\system\CodeIgniter.php(936): App\Controllers\Layout->index()
#7 E:\adon\Application\Website\Epotensi-Batu\system\CodeIgniter.php(432): CodeIgniter\CodeIgniter->runController(Object(App\Controllers\Layout))
#8 E:\adon\Application\Website\Epotensi-Batu\system\CodeIgniter.php(333): CodeIgniter\CodeIgniter->handleRequest(NULL, Object(Config\Cache), false)
#9 E:\adon\Application\Website\Epotensi-Batu\public\index.php(44): CodeIgniter\CodeIgniter->run()
#10 E:\adon\Application\Website\Epotensi-Batu\system\Commands\Server\rewrite.php(45): require_once('E:\\adon\\Applica...')
#11 {main}
CRITICAL - 2021-10-24 10:22:24 --> Table 'epotensi_batu.potensi_restoran;' doesn't exist
#0 E:\adon\Application\Website\Epotensi-Batu\system\Database\MySQLi\Connection.php(314): mysqli->query('SELECT COUNT(*)...')
#1 E:\adon\Application\Website\Epotensi-Batu\system\Database\BaseConnection.php(713): CodeIgniter\Database\MySQLi\Connection->execute('SELECT COUNT(*)...')
#2 E:\adon\Application\Website\Epotensi-Batu\system\Database\BaseConnection.php(641): CodeIgniter\Database\BaseConnection->simpleQuery('SELECT COUNT(*)...')
#3 E:\adon\Application\Website\Epotensi-Batu\system\Database\BaseBuilder.php(1903): CodeIgniter\Database\BaseConnection->query('SELECT COUNT(*)...', NULL, false)
#4 E:\adon\Application\Website\Epotensi-Batu\app\Models\Modelhome.php(19): CodeIgniter\Database\BaseBuilder->countAll()
#5 E:\adon\Application\Website\Epotensi-Batu\app\Controllers\Layout.php(17): App\Models\Modelhome->tot_potensi()
#6 E:\adon\Application\Website\Epotensi-Batu\system\CodeIgniter.php(936): App\Controllers\Layout->index()
#7 E:\adon\Application\Website\Epotensi-Batu\system\CodeIgniter.php(432): CodeIgniter\CodeIgniter->runController(Object(App\Controllers\Layout))
#8 E:\adon\Application\Website\Epotensi-Batu\system\CodeIgniter.php(333): CodeIgniter\CodeIgniter->handleRequest(NULL, Object(Config\Cache), false)
#9 E:\adon\Application\Website\Epotensi-Batu\public\index.php(44): CodeIgniter\CodeIgniter->run()
#10 E:\adon\Application\Website\Epotensi-Batu\system\Commands\Server\rewrite.php(45): require_once('E:\\adon\\Applica...')
#11 {main}
CRITICAL - 2021-10-24 10:37:49 --> Undefined variable: title
#0 E:\adon\Application\Website\Epotensi-Batu\app\Views\auth\templates\index.php(12): CodeIgniter\Debug\Exceptions->errorHandler(8, 'Undefined varia...', 'E:\\adon\\Applica...', 12, Array)
#1 E:\adon\Application\Website\Epotensi-Batu\system\View\View.php(220): include('E:\\adon\\Applica...')
#2 E:\adon\Application\Website\Epotensi-Batu\system\View\View.php(222): CodeIgniter\View\View->CodeIgniter\View\{closure}()
#3 E:\adon\Application\Website\Epotensi-Batu\system\View\View.php(236): CodeIgniter\View\View->render('auth/templates/...', Array, true)
#4 E:\adon\Application\Website\Epotensi-Batu\system\Common.php(1217): CodeIgniter\View\View->render('\\App\\Views\\Auth...', Array, true)
#5 E:\adon\Application\Website\Epotensi-Batu\vendor\myth\auth\src\Controllers\AuthController.php(429): view('\\App\\Views\\Auth...', Array)
#6 E:\adon\Application\Website\Epotensi-Batu\vendor\myth\auth\src\Controllers\AuthController.php(57): Myth\Auth\Controllers\AuthController->_render('\\App\\Views\\Auth...', Array)
#7 E:\adon\Application\Website\Epotensi-Batu\system\CodeIgniter.php(936): Myth\Auth\Controllers\AuthController->login()
#8 E:\adon\Application\Website\Epotensi-Batu\system\CodeIgniter.php(432): CodeIgniter\CodeIgniter->runController(Object(Myth\Auth\Controllers\AuthController))
#9 E:\adon\Application\Website\Epotensi-Batu\system\CodeIgniter.php(333): CodeIgniter\CodeIgniter->handleRequest(NULL, Object(Config\Cache), false)
#10 E:\adon\Application\Website\Epotensi-Batu\public\index.php(44): CodeIgniter\CodeIgniter->run()
#11 E:\adon\Application\Website\Epotensi-Batu\system\Commands\Server\rewrite.php(45): require_once('E:\\adon\\Applica...')
#12 {main}
CRITICAL - 2021-10-24 10:41:06 --> Undefined variable: judul
#0 E:\adon\Application\Website\Epotensi-Batu\app\Views\auth\templates\index.php(12): CodeIgniter\Debug\Exceptions->errorHandler(8, 'Undefined varia...', 'E:\\adon\\Applica...', 12, Array)
#1 E:\adon\Application\Website\Epotensi-Batu\system\View\View.php(220): include('E:\\adon\\Applica...')
#2 E:\adon\Application\Website\Epotensi-Batu\system\View\View.php(222): CodeIgniter\View\View->CodeIgniter\View\{closure}()
#3 E:\adon\Application\Website\Epotensi-Batu\system\View\View.php(236): CodeIgniter\View\View->render('auth/templates/...', Array, true)
#4 E:\adon\Application\Website\Epotensi-Batu\system\Common.php(1217): CodeIgniter\View\View->render('\\App\\Views\\Auth...', Array, true)
#5 E:\adon\Application\Website\Epotensi-Batu\vendor\myth\auth\src\Controllers\AuthController.php(429): view('\\App\\Views\\Auth...', Array)
#6 E:\adon\Application\Website\Epotensi-Batu\vendor\myth\auth\src\Controllers\AuthController.php(57): Myth\Auth\Controllers\AuthController->_render('\\App\\Views\\Auth...', Array)
#7 E:\adon\Application\Website\Epotensi-Batu\system\CodeIgniter.php(936): Myth\Auth\Controllers\AuthController->login()
#8 E:\adon\Application\Website\Epotensi-Batu\system\CodeIgniter.php(432): CodeIgniter\CodeIgniter->runController(Object(Myth\Auth\Controllers\AuthController))
#9 E:\adon\Application\Website\Epotensi-Batu\system\CodeIgniter.php(333): CodeIgniter\CodeIgniter->handleRequest(NULL, Object(Config\Cache), false)
#10 E:\adon\Application\Website\Epotensi-Batu\public\index.php(44): CodeIgniter\CodeIgniter->run()
#11 E:\adon\Application\Website\Epotensi-Batu\system\Commands\Server\rewrite.php(45): require_once('E:\\adon\\Applica...')
#12 {main}
CRITICAL - 2021-10-24 10:41:42 --> Undefined variable: title
#0 E:\adon\Application\Website\Epotensi-Batu\app\Views\auth\templates\index.php(12): CodeIgniter\Debug\Exceptions->errorHandler(8, 'Undefined varia...', 'E:\\adon\\Applica...', 12, Array)
#1 E:\adon\Application\Website\Epotensi-Batu\system\View\View.php(220): include('E:\\adon\\Applica...')
#2 E:\adon\Application\Website\Epotensi-Batu\system\View\View.php(222): CodeIgniter\View\View->CodeIgniter\View\{closure}()
#3 E:\adon\Application\Website\Epotensi-Batu\system\View\View.php(236): CodeIgniter\View\View->render('auth/templates/...', Array, true)
#4 E:\adon\Application\Website\Epotensi-Batu\system\Common.php(1217): CodeIgniter\View\View->render('\\App\\Views\\Auth...', Array, true)
#5 E:\adon\Application\Website\Epotensi-Batu\vendor\myth\auth\src\Controllers\AuthController.php(429): view('\\App\\Views\\Auth...', Array)
#6 E:\adon\Application\Website\Epotensi-Batu\vendor\myth\auth\src\Controllers\AuthController.php(57): Myth\Auth\Controllers\AuthController->_render('\\App\\Views\\Auth...', Array)
#7 E:\adon\Application\Website\Epotensi-Batu\system\CodeIgniter.php(936): Myth\Auth\Controllers\AuthController->login()
#8 E:\adon\Application\Website\Epotensi-Batu\system\CodeIgniter.php(432): CodeIgniter\CodeIgniter->runController(Object(Myth\Auth\Controllers\AuthController))
#9 E:\adon\Application\Website\Epotensi-Batu\system\CodeIgniter.php(333): CodeIgniter\CodeIgniter->handleRequest(NULL, Object(Config\Cache), false)
#10 E:\adon\Application\Website\Epotensi-Batu\public\index.php(44): CodeIgniter\CodeIgniter->run()
#11 E:\adon\Application\Website\Epotensi-Batu\system\Commands\Server\rewrite.php(45): require_once('E:\\adon\\Applica...')
#12 {main}
CRITICAL - 2021-10-24 10:44:57 --> Undefined variable: title
#0 E:\adon\Application\Website\Epotensi-Batu\app\Views\auth\templates\index.php(12): CodeIgniter\Debug\Exceptions->errorHandler(8, 'Undefined varia...', 'E:\\adon\\Applica...', 12, Array)
#1 E:\adon\Application\Website\Epotensi-Batu\system\View\View.php(220): include('E:\\adon\\Applica...')
#2 E:\adon\Application\Website\Epotensi-Batu\system\View\View.php(222): CodeIgniter\View\View->CodeIgniter\View\{closure}()
#3 E:\adon\Application\Website\Epotensi-Batu\system\View\View.php(236): CodeIgniter\View\View->render('auth/templates/...', Array, true)
#4 E:\adon\Application\Website\Epotensi-Batu\system\Common.php(1217): CodeIgniter\View\View->render('\\App\\Views\\Auth...', Array, true)
#5 E:\adon\Application\Website\Epotensi-Batu\vendor\myth\auth\src\Controllers\AuthController.php(429): view('\\App\\Views\\Auth...', Array)
#6 E:\adon\Application\Website\Epotensi-Batu\vendor\myth\auth\src\Controllers\AuthController.php(57): Myth\Auth\Controllers\AuthController->_render('\\App\\Views\\Auth...', Array)
#7 E:\adon\Application\Website\Epotensi-Batu\system\CodeIgniter.php(936): Myth\Auth\Controllers\AuthController->login()
#8 E:\adon\Application\Website\Epotensi-Batu\system\CodeIgniter.php(432): CodeIgniter\CodeIgniter->runController(Object(Myth\Auth\Controllers\AuthController))
#9 E:\adon\Application\Website\Epotensi-Batu\system\CodeIgniter.php(333): CodeIgniter\CodeIgniter->handleRequest(NULL, Object(Config\Cache), false)
#10 E:\adon\Application\Website\Epotensi-Batu\public\index.php(44): CodeIgniter\CodeIgniter->run()
#11 E:\adon\Application\Website\Epotensi-Batu\system\Commands\Server\rewrite.php(45): require_once('E:\\adon\\Applica...')
#12 {main}
CRITICAL - 2021-10-24 10:45:00 --> Undefined variable: title
#0 E:\adon\Application\Website\Epotensi-Batu\app\Views\auth\templates\index.php(12): CodeIgniter\Debug\Exceptions->errorHandler(8, 'Undefined varia...', 'E:\\adon\\Applica...', 12, Array)
#1 E:\adon\Application\Website\Epotensi-Batu\system\View\View.php(220): include('E:\\adon\\Applica...')
#2 E:\adon\Application\Website\Epotensi-Batu\system\View\View.php(222): CodeIgniter\View\View->CodeIgniter\View\{closure}()
#3 E:\adon\Application\Website\Epotensi-Batu\system\View\View.php(236): CodeIgniter\View\View->render('auth/templates/...', Array, true)
#4 E:\adon\Application\Website\Epotensi-Batu\system\Common.php(1217): CodeIgniter\View\View->render('\\App\\Views\\Auth...', Array, true)
#5 E:\adon\Application\Website\Epotensi-Batu\vendor\myth\auth\src\Controllers\AuthController.php(429): view('\\App\\Views\\Auth...', Array)
#6 E:\adon\Application\Website\Epotensi-Batu\vendor\myth\auth\src\Controllers\AuthController.php(57): Myth\Auth\Controllers\AuthController->_render('\\App\\Views\\Auth...', Array)
#7 E:\adon\Application\Website\Epotensi-Batu\system\CodeIgniter.php(936): Myth\Auth\Controllers\AuthController->login()
#8 E:\adon\Application\Website\Epotensi-Batu\system\CodeIgniter.php(432): CodeIgniter\CodeIgniter->runController(Object(Myth\Auth\Controllers\AuthController))
#9 E:\adon\Application\Website\Epotensi-Batu\system\CodeIgniter.php(333): CodeIgniter\CodeIgniter->handleRequest(NULL, Object(Config\Cache), false)
#10 E:\adon\Application\Website\Epotensi-Batu\public\index.php(44): CodeIgniter\CodeIgniter->run()
#11 E:\adon\Application\Website\Epotensi-Batu\system\Commands\Server\rewrite.php(45): require_once('E:\\adon\\Applica...')
#12 {main}
CRITICAL - 2021-10-24 10:46:33 --> Undefined variable: title
#0 E:\adon\Application\Website\Epotensi-Batu\app\Views\layout\main.php(7): CodeIgniter\Debug\Exceptions->errorHandler(8, 'Undefined varia...', 'E:\\adon\\Applica...', 7, Array)
#1 E:\adon\Application\Website\Epotensi-Batu\system\View\View.php(220): include('E:\\adon\\Applica...')
#2 E:\adon\Application\Website\Epotensi-Batu\system\View\View.php(222): CodeIgniter\View\View->CodeIgniter\View\{closure}()
#3 E:\adon\Application\Website\Epotensi-Batu\system\View\View.php(236): CodeIgniter\View\View->render('layout/main', Array, true)
#4 E:\adon\Application\Website\Epotensi-Batu\system\View\View.php(236): CodeIgniter\View\View->render('layout/menu', Array, true)
#5 E:\adon\Application\Website\Epotensi-Batu\system\Common.php(1217): CodeIgniter\View\View->render('layout/home', Array, true)
#6 E:\adon\Application\Website\Epotensi-Batu\app\Controllers\Layout.php(27): view('layout/home', Array)
#7 E:\adon\Application\Website\Epotensi-Batu\system\CodeIgniter.php(936): App\Controllers\Layout->index()
#8 E:\adon\Application\Website\Epotensi-Batu\system\CodeIgniter.php(432): CodeIgniter\CodeIgniter->runController(Object(App\Controllers\Layout))
#9 E:\adon\Application\Website\Epotensi-Batu\system\CodeIgniter.php(333): CodeIgniter\CodeIgniter->handleRequest(NULL, Object(Config\Cache), false)
#10 E:\adon\Application\Website\Epotensi-Batu\public\index.php(44): CodeIgniter\CodeIgniter->run()
#11 E:\adon\Application\Website\Epotensi-Batu\system\Commands\Server\rewrite.php(45): require_once('E:\\adon\\Applica...')
#12 {main}
