CRITICAL - 2021-11-15 20:02:30 --> Undefined variable: title
#0 E:\adon\Application\Website\Epotensi-Batu\app\Views\auth\templates\index.php(12): CodeIgniter\Debug\Exceptions->errorHandler(8, 'Undefined varia...', 'E:\\adon\\Applica...', 12, Array)
#1 E:\adon\Application\Website\Epotensi-Batu\system\View\View.php(220): include('E:\\adon\\Applica...')
#2 E:\adon\Application\Website\Epotensi-Batu\system\View\View.php(222): CodeIgniter\View\View->CodeIgniter\View\{closure}()
#3 E:\adon\Application\Website\Epotensi-Batu\system\View\View.php(236): CodeIgniter\View\View->render('auth/templates/...', Array, true)
#4 E:\adon\Application\Website\Epotensi-Batu\system\Common.php(1217): CodeIgniter\View\View->render('\\App\\Views\\Auth...', Array, true)
#5 E:\adon\Application\Website\Epotensi-Batu\vendor\myth\auth\src\Controllers\AuthController.php(402): view('\\App\\Views\\Auth...', Array)
#6 E:\adon\Application\Website\Epotensi-Batu\vendor\myth\auth\src\Controllers\AuthController.php(133): Myth\Auth\Controllers\AuthController->_render('\\App\\Views\\Auth...', Array)
#7 E:\adon\Application\Website\Epotensi-Batu\system\CodeIgniter.php(936): Myth\Auth\Controllers\AuthController->register()
#8 E:\adon\Application\Website\Epotensi-Batu\system\CodeIgniter.php(432): CodeIgniter\CodeIgniter->runController(Object(Myth\Auth\Controllers\AuthController))
#9 E:\adon\Application\Website\Epotensi-Batu\system\CodeIgniter.php(333): CodeIgniter\CodeIgniter->handleRequest(NULL, Object(Config\Cache), false)
#10 E:\adon\Application\Website\Epotensi-Batu\public\index.php(44): CodeIgniter\CodeIgniter->run()
#11 E:\adon\Application\Website\Epotensi-Batu\system\Commands\Server\rewrite.php(45): require_once('E:\\adon\\Applica...')
#12 {main}
CRITICAL - 2021-11-15 20:13:06 --> Undefined variable: title
#0 E:\adon\Application\Website\Epotensi-Batu\app\Views\auth\templates\index.php(12): CodeIgniter\Debug\Exceptions->errorHandler(8, 'Undefined varia...', 'E:\\adon\\Applica...', 12, Array)
#1 E:\adon\Application\Website\Epotensi-Batu\system\View\View.php(220): include('E:\\adon\\Applica...')
#2 E:\adon\Application\Website\Epotensi-Batu\system\View\View.php(222): CodeIgniter\View\View->CodeIgniter\View\{closure}()
#3 E:\adon\Application\Website\Epotensi-Batu\system\View\View.php(236): CodeIgniter\View\View->render('auth/templates/...', Array, true)
#4 E:\adon\Application\Website\Epotensi-Batu\system\Common.php(1217): CodeIgniter\View\View->render('\\App\\Views\\Auth...', Array, true)
#5 E:\adon\Application\Website\Epotensi-Batu\vendor\myth\auth\src\Controllers\AuthController.php(402): view('\\App\\Views\\Auth...', Array)
#6 E:\adon\Application\Website\Epotensi-Batu\vendor\myth\auth\src\Controllers\AuthController.php(133): Myth\Auth\Controllers\AuthController->_render('\\App\\Views\\Auth...', Array)
#7 E:\adon\Application\Website\Epotensi-Batu\system\CodeIgniter.php(936): Myth\Auth\Controllers\AuthController->register()
#8 E:\adon\Application\Website\Epotensi-Batu\system\CodeIgniter.php(432): CodeIgniter\CodeIgniter->runController(Object(Myth\Auth\Controllers\AuthController))
#9 E:\adon\Application\Website\Epotensi-Batu\system\CodeIgniter.php(333): CodeIgniter\CodeIgniter->handleRequest(NULL, Object(Config\Cache), false)
#10 E:\adon\Application\Website\Epotensi-Batu\public\index.php(44): CodeIgniter\CodeIgniter->run()
#11 E:\adon\Application\Website\Epotensi-Batu\system\Commands\Server\rewrite.php(45): require_once('E:\\adon\\Applica...')
#12 {main}
CRITICAL - 2021-11-15 20:13:48 --> Undefined variable: title
#0 E:\adon\Application\Website\Epotensi-Batu\app\Views\auth\templates\index.php(12): CodeIgniter\Debug\Exceptions->errorHandler(8, 'Undefined varia...', 'E:\\adon\\Applica...', 12, Array)
#1 E:\adon\Application\Website\Epotensi-Batu\system\View\View.php(220): include('E:\\adon\\Applica...')
#2 E:\adon\Application\Website\Epotensi-Batu\system\View\View.php(222): CodeIgniter\View\View->CodeIgniter\View\{closure}()
#3 E:\adon\Application\Website\Epotensi-Batu\system\View\View.php(236): CodeIgniter\View\View->render('auth/templates/...', Array, true)
#4 E:\adon\Application\Website\Epotensi-Batu\system\Common.php(1217): CodeIgniter\View\View->render('\\App\\Views\\Auth...', Array, true)
#5 E:\adon\Application\Website\Epotensi-Batu\vendor\myth\auth\src\Controllers\AuthController.php(402): view('\\App\\Views\\Auth...', Array)
#6 E:\adon\Application\Website\Epotensi-Batu\vendor\myth\auth\src\Controllers\AuthController.php(133): Myth\Auth\Controllers\AuthController->_render('\\App\\Views\\Auth...', Array)
#7 E:\adon\Application\Website\Epotensi-Batu\system\CodeIgniter.php(936): Myth\Auth\Controllers\AuthController->register()
#8 E:\adon\Application\Website\Epotensi-Batu\system\CodeIgniter.php(432): CodeIgniter\CodeIgniter->runController(Object(Myth\Auth\Controllers\AuthController))
#9 E:\adon\Application\Website\Epotensi-Batu\system\CodeIgniter.php(333): CodeIgniter\CodeIgniter->handleRequest(NULL, Object(Config\Cache), false)
#10 E:\adon\Application\Website\Epotensi-Batu\public\index.php(44): CodeIgniter\CodeIgniter->run()
#11 E:\adon\Application\Website\Epotensi-Batu\system\Commands\Server\rewrite.php(45): require_once('E:\\adon\\Applica...')
#12 {main}
