CRITICAL - 2021-08-23 01:57:09 --> Undefined variable: datahotel
#0 E:\titip\Application\ci4-Epotensi\app\Views\reklame\formpendataan.php(22): CodeIgniter\Debug\Exceptions->errorHandler(8, 'Undefined varia...', 'E:\\titip\\Applic...', 22, Array)
#1 E:\titip\Application\ci4-Epotensi\system\View\View.php(220): include('E:\\titip\\Applic...')
#2 E:\titip\Application\ci4-Epotensi\system\View\View.php(222): CodeIgniter\View\View->CodeIgniter\View\{closure}()
#3 E:\titip\Application\ci4-Epotensi\system\Common.php(1217): CodeIgniter\View\View->render('reklame/formpen...', Array, true)
#4 E:\titip\Application\ci4-Epotensi\app\Controllers\Reklame.php(141): view('reklame/formpen...')
#5 E:\titip\Application\ci4-Epotensi\system\CodeIgniter.php(936): App\Controllers\Reklame->pendataan('1')
#6 E:\titip\Application\ci4-Epotensi\system\CodeIgniter.php(432): CodeIgniter\CodeIgniter->runController(Object(App\Controllers\Reklame))
#7 E:\titip\Application\ci4-Epotensi\system\CodeIgniter.php(333): CodeIgniter\CodeIgniter->handleRequest(NULL, Object(Config\Cache), false)
#8 E:\titip\Application\ci4-Epotensi\public\index.php(44): CodeIgniter\CodeIgniter->run()
#9 E:\titip\Application\ci4-Epotensi\system\Commands\Server\rewrite.php(45): require_once('E:\\titip\\Applic...')
#10 {main}
CRITICAL - 2021-08-23 02:33:22 --> Undefined variable: id
#0 E:\titip\Application\ci4-Epotensi\app\Controllers\Reklame.php(144): CodeIgniter\Debug\Exceptions->errorHandler(8, 'Undefined varia...', 'E:\\titip\\Applic...', 144, Array)
#1 E:\titip\Application\ci4-Epotensi\system\CodeIgniter.php(936): App\Controllers\Reklame->pendataan('1')
#2 E:\titip\Application\ci4-Epotensi\system\CodeIgniter.php(432): CodeIgniter\CodeIgniter->runController(Object(App\Controllers\Reklame))
#3 E:\titip\Application\ci4-Epotensi\system\CodeIgniter.php(333): CodeIgniter\CodeIgniter->handleRequest(NULL, Object(Config\Cache), false)
#4 E:\titip\Application\ci4-Epotensi\public\index.php(44): CodeIgniter\CodeIgniter->run()
#5 E:\titip\Application\ci4-Epotensi\system\Commands\Server\rewrite.php(45): require_once('E:\\titip\\Applic...')
#6 {main}
ERROR - 2021-08-23 02:41:44 --> mysqli_sql_exception: Unknown column 'jenis_reklame' in 'field list' in E:\titip\Application\ci4-Epotensi\system\Database\MySQLi\Connection.php:314
Stack trace:
#0 E:\titip\Application\ci4-Epotensi\system\Database\MySQLi\Connection.php(314): mysqli->query('INSERT INTO `po...')
#1 E:\titip\Application\ci4-Epotensi\system\Database\BaseConnection.php(713): CodeIgniter\Database\MySQLi\Connection->execute('INSERT INTO `po...')
#2 E:\titip\Application\ci4-Epotensi\system\Database\BaseConnection.php(641): CodeIgniter\Database\BaseConnection->simpleQuery('INSERT INTO `po...')
#3 E:\titip\Application\ci4-Epotensi\system\Database\BaseBuilder.php(2263): CodeIgniter\Database\BaseConnection->query('INSERT INTO `po...', Array, false)
#4 E:\titip\Application\ci4-Epotensi\system\Model.php(278): CodeIgniter\Database\BaseBuilder->insert()
#5 E:\titip\Application\ci4-Epotensi\system\BaseModel.php(758): CodeIgniter\Model->doInsert(Array)
#6 E:\titip\Application\ci4-Epotensi\system\Model.php(705): CodeIgniter\BaseModel->insert(Array, true)
#7 E:\titip\Application\ci4-Epotensi\app\Controllers\Reklame.php(177): CodeIgniter\Model->insert(Array)
#8 E:\titip\Application\ci4-Epotensi\system\CodeIgniter.php(936): App\Controllers\Reklame->simpanpendataan()
#9 E:\titip\Application\ci4-Epotensi\system\CodeIgniter.php(432): CodeIgniter\CodeIgniter->runController(Object(App\Controllers\Reklame))
#10 E:\titip\Application\ci4-Epotensi\system\CodeIgniter.php(333): CodeIgniter\CodeIgniter->handleRequest(NULL, Object(Config\Cache), false)
#11 E:\titip\Application\ci4-Epotensi\public\index.php(44): CodeIgniter\CodeIgniter->run()
#12 E:\titip\Application\ci4-Epotensi\system\Commands\Server\rewrite.php(45): require_once('E:\\titip\\Applic...')
#13 {main}
CRITICAL - 2021-08-23 02:41:44 --> Unknown column 'jenis_reklame' in 'field list'
#0 E:\titip\Application\ci4-Epotensi\system\Database\MySQLi\Connection.php(314): mysqli->query('INSERT INTO `po...')
#1 E:\titip\Application\ci4-Epotensi\system\Database\BaseConnection.php(713): CodeIgniter\Database\MySQLi\Connection->execute('INSERT INTO `po...')
#2 E:\titip\Application\ci4-Epotensi\system\Database\BaseConnection.php(641): CodeIgniter\Database\BaseConnection->simpleQuery('INSERT INTO `po...')
#3 E:\titip\Application\ci4-Epotensi\system\Database\BaseBuilder.php(2263): CodeIgniter\Database\BaseConnection->query('INSERT INTO `po...', Array, false)
#4 E:\titip\Application\ci4-Epotensi\system\Model.php(278): CodeIgniter\Database\BaseBuilder->insert()
#5 E:\titip\Application\ci4-Epotensi\system\BaseModel.php(758): CodeIgniter\Model->doInsert(Array)
#6 E:\titip\Application\ci4-Epotensi\system\Model.php(705): CodeIgniter\BaseModel->insert(Array, true)
#7 E:\titip\Application\ci4-Epotensi\app\Controllers\Reklame.php(177): CodeIgniter\Model->insert(Array)
#8 E:\titip\Application\ci4-Epotensi\system\CodeIgniter.php(936): App\Controllers\Reklame->simpanpendataan()
#9 E:\titip\Application\ci4-Epotensi\system\CodeIgniter.php(432): CodeIgniter\CodeIgniter->runController(Object(App\Controllers\Reklame))
#10 E:\titip\Application\ci4-Epotensi\system\CodeIgniter.php(333): CodeIgniter\CodeIgniter->handleRequest(NULL, Object(Config\Cache), false)
#11 E:\titip\Application\ci4-Epotensi\public\index.php(44): CodeIgniter\CodeIgniter->run()
#12 E:\titip\Application\ci4-Epotensi\system\Commands\Server\rewrite.php(45): require_once('E:\\titip\\Applic...')
#13 {main}
ERROR - 2021-08-23 02:44:29 --> mysqli_sql_exception: Column 'nama_objek' cannot be null in E:\titip\Application\ci4-Epotensi\system\Database\MySQLi\Connection.php:314
Stack trace:
#0 E:\titip\Application\ci4-Epotensi\system\Database\MySQLi\Connection.php(314): mysqli->query('INSERT INTO `po...')
#1 E:\titip\Application\ci4-Epotensi\system\Database\BaseConnection.php(713): CodeIgniter\Database\MySQLi\Connection->execute('INSERT INTO `po...')
#2 E:\titip\Application\ci4-Epotensi\system\Database\BaseConnection.php(641): CodeIgniter\Database\BaseConnection->simpleQuery('INSERT INTO `po...')
#3 E:\titip\Application\ci4-Epotensi\system\Database\BaseBuilder.php(2263): CodeIgniter\Database\BaseConnection->query('INSERT INTO `po...', Array, false)
#4 E:\titip\Application\ci4-Epotensi\system\Model.php(278): CodeIgniter\Database\BaseBuilder->insert()
#5 E:\titip\Application\ci4-Epotensi\system\BaseModel.php(758): CodeIgniter\Model->doInsert(Array)
#6 E:\titip\Application\ci4-Epotensi\system\Model.php(705): CodeIgniter\BaseModel->insert(Array, true)
#7 E:\titip\Application\ci4-Epotensi\app\Controllers\Reklame.php(177): CodeIgniter\Model->insert(Array)
#8 E:\titip\Application\ci4-Epotensi\system\CodeIgniter.php(936): App\Controllers\Reklame->simpanpendataan()
#9 E:\titip\Application\ci4-Epotensi\system\CodeIgniter.php(432): CodeIgniter\CodeIgniter->runController(Object(App\Controllers\Reklame))
#10 E:\titip\Application\ci4-Epotensi\system\CodeIgniter.php(333): CodeIgniter\CodeIgniter->handleRequest(NULL, Object(Config\Cache), false)
#11 E:\titip\Application\ci4-Epotensi\public\index.php(44): CodeIgniter\CodeIgniter->run()
#12 E:\titip\Application\ci4-Epotensi\system\Commands\Server\rewrite.php(45): require_once('E:\\titip\\Applic...')
#13 {main}
CRITICAL - 2021-08-23 02:44:29 --> Column 'nama_objek' cannot be null
#0 E:\titip\Application\ci4-Epotensi\system\Database\MySQLi\Connection.php(314): mysqli->query('INSERT INTO `po...')
#1 E:\titip\Application\ci4-Epotensi\system\Database\BaseConnection.php(713): CodeIgniter\Database\MySQLi\Connection->execute('INSERT INTO `po...')
#2 E:\titip\Application\ci4-Epotensi\system\Database\BaseConnection.php(641): CodeIgniter\Database\BaseConnection->simpleQuery('INSERT INTO `po...')
#3 E:\titip\Application\ci4-Epotensi\system\Database\BaseBuilder.php(2263): CodeIgniter\Database\BaseConnection->query('INSERT INTO `po...', Array, false)
#4 E:\titip\Application\ci4-Epotensi\system\Model.php(278): CodeIgniter\Database\BaseBuilder->insert()
#5 E:\titip\Application\ci4-Epotensi\system\BaseModel.php(758): CodeIgniter\Model->doInsert(Array)
#6 E:\titip\Application\ci4-Epotensi\system\Model.php(705): CodeIgniter\BaseModel->insert(Array, true)
#7 E:\titip\Application\ci4-Epotensi\app\Controllers\Reklame.php(177): CodeIgniter\Model->insert(Array)
#8 E:\titip\Application\ci4-Epotensi\system\CodeIgniter.php(936): App\Controllers\Reklame->simpanpendataan()
#9 E:\titip\Application\ci4-Epotensi\system\CodeIgniter.php(432): CodeIgniter\CodeIgniter->runController(Object(App\Controllers\Reklame))
#10 E:\titip\Application\ci4-Epotensi\system\CodeIgniter.php(333): CodeIgniter\CodeIgniter->handleRequest(NULL, Object(Config\Cache), false)
#11 E:\titip\Application\ci4-Epotensi\public\index.php(44): CodeIgniter\CodeIgniter->run()
#12 E:\titip\Application\ci4-Epotensi\system\Commands\Server\rewrite.php(45): require_once('E:\\titip\\Applic...')
#13 {main}
ERROR - 2021-08-23 02:45:07 --> mysqli_sql_exception: Column 'nama_objek' cannot be null in E:\titip\Application\ci4-Epotensi\system\Database\MySQLi\Connection.php:314
Stack trace:
#0 E:\titip\Application\ci4-Epotensi\system\Database\MySQLi\Connection.php(314): mysqli->query('INSERT INTO `po...')
#1 E:\titip\Application\ci4-Epotensi\system\Database\BaseConnection.php(713): CodeIgniter\Database\MySQLi\Connection->execute('INSERT INTO `po...')
#2 E:\titip\Application\ci4-Epotensi\system\Database\BaseConnection.php(641): CodeIgniter\Database\BaseConnection->simpleQuery('INSERT INTO `po...')
#3 E:\titip\Application\ci4-Epotensi\system\Database\BaseBuilder.php(2263): CodeIgniter\Database\BaseConnection->query('INSERT INTO `po...', Array, false)
#4 E:\titip\Application\ci4-Epotensi\system\Model.php(278): CodeIgniter\Database\BaseBuilder->insert()
#5 E:\titip\Application\ci4-Epotensi\system\BaseModel.php(758): CodeIgniter\Model->doInsert(Array)
#6 E:\titip\Application\ci4-Epotensi\system\Model.php(705): CodeIgniter\BaseModel->insert(Array, true)
#7 E:\titip\Application\ci4-Epotensi\app\Controllers\Reklame.php(177): CodeIgniter\Model->insert(Array)
#8 E:\titip\Application\ci4-Epotensi\system\CodeIgniter.php(936): App\Controllers\Reklame->simpanpendataan()
#9 E:\titip\Application\ci4-Epotensi\system\CodeIgniter.php(432): CodeIgniter\CodeIgniter->runController(Object(App\Controllers\Reklame))
#10 E:\titip\Application\ci4-Epotensi\system\CodeIgniter.php(333): CodeIgniter\CodeIgniter->handleRequest(NULL, Object(Config\Cache), false)
#11 E:\titip\Application\ci4-Epotensi\public\index.php(44): CodeIgniter\CodeIgniter->run()
#12 E:\titip\Application\ci4-Epotensi\system\Commands\Server\rewrite.php(45): require_once('E:\\titip\\Applic...')
#13 {main}
CRITICAL - 2021-08-23 02:45:07 --> Column 'nama_objek' cannot be null
#0 E:\titip\Application\ci4-Epotensi\system\Database\MySQLi\Connection.php(314): mysqli->query('INSERT INTO `po...')
#1 E:\titip\Application\ci4-Epotensi\system\Database\BaseConnection.php(713): CodeIgniter\Database\MySQLi\Connection->execute('INSERT INTO `po...')
#2 E:\titip\Application\ci4-Epotensi\system\Database\BaseConnection.php(641): CodeIgniter\Database\BaseConnection->simpleQuery('INSERT INTO `po...')
#3 E:\titip\Application\ci4-Epotensi\system\Database\BaseBuilder.php(2263): CodeIgniter\Database\BaseConnection->query('INSERT INTO `po...', Array, false)
#4 E:\titip\Application\ci4-Epotensi\system\Model.php(278): CodeIgniter\Database\BaseBuilder->insert()
#5 E:\titip\Application\ci4-Epotensi\system\BaseModel.php(758): CodeIgniter\Model->doInsert(Array)
#6 E:\titip\Application\ci4-Epotensi\system\Model.php(705): CodeIgniter\BaseModel->insert(Array, true)
#7 E:\titip\Application\ci4-Epotensi\app\Controllers\Reklame.php(177): CodeIgniter\Model->insert(Array)
#8 E:\titip\Application\ci4-Epotensi\system\CodeIgniter.php(936): App\Controllers\Reklame->simpanpendataan()
#9 E:\titip\Application\ci4-Epotensi\system\CodeIgniter.php(432): CodeIgniter\CodeIgniter->runController(Object(App\Controllers\Reklame))
#10 E:\titip\Application\ci4-Epotensi\system\CodeIgniter.php(333): CodeIgniter\CodeIgniter->handleRequest(NULL, Object(Config\Cache), false)
#11 E:\titip\Application\ci4-Epotensi\public\index.php(44): CodeIgniter\CodeIgniter->run()
#12 E:\titip\Application\ci4-Epotensi\system\Commands\Server\rewrite.php(45): require_once('E:\\titip\\Applic...')
#13 {main}
ERROR - 2021-08-23 02:46:15 --> mysqli_sql_exception: Column 'nama_objek' cannot be null in E:\titip\Application\ci4-Epotensi\system\Database\MySQLi\Connection.php:314
Stack trace:
#0 E:\titip\Application\ci4-Epotensi\system\Database\MySQLi\Connection.php(314): mysqli->query('INSERT INTO `po...')
#1 E:\titip\Application\ci4-Epotensi\system\Database\BaseConnection.php(713): CodeIgniter\Database\MySQLi\Connection->execute('INSERT INTO `po...')
#2 E:\titip\Application\ci4-Epotensi\system\Database\BaseConnection.php(641): CodeIgniter\Database\BaseConnection->simpleQuery('INSERT INTO `po...')
#3 E:\titip\Application\ci4-Epotensi\system\Database\BaseBuilder.php(2263): CodeIgniter\Database\BaseConnection->query('INSERT INTO `po...', Array, false)
#4 E:\titip\Application\ci4-Epotensi\system\Model.php(278): CodeIgniter\Database\BaseBuilder->insert()
#5 E:\titip\Application\ci4-Epotensi\system\BaseModel.php(758): CodeIgniter\Model->doInsert(Array)
#6 E:\titip\Application\ci4-Epotensi\system\Model.php(705): CodeIgniter\BaseModel->insert(Array, true)
#7 E:\titip\Application\ci4-Epotensi\app\Controllers\Reklame.php(177): CodeIgniter\Model->insert(Array)
#8 E:\titip\Application\ci4-Epotensi\system\CodeIgniter.php(936): App\Controllers\Reklame->simpanpendataan()
#9 E:\titip\Application\ci4-Epotensi\system\CodeIgniter.php(432): CodeIgniter\CodeIgniter->runController(Object(App\Controllers\Reklame))
#10 E:\titip\Application\ci4-Epotensi\system\CodeIgniter.php(333): CodeIgniter\CodeIgniter->handleRequest(NULL, Object(Config\Cache), false)
#11 E:\titip\Application\ci4-Epotensi\public\index.php(44): CodeIgniter\CodeIgniter->run()
#12 E:\titip\Application\ci4-Epotensi\system\Commands\Server\rewrite.php(45): require_once('E:\\titip\\Applic...')
#13 {main}
CRITICAL - 2021-08-23 02:46:15 --> Column 'nama_objek' cannot be null
#0 E:\titip\Application\ci4-Epotensi\system\Database\MySQLi\Connection.php(314): mysqli->query('INSERT INTO `po...')
#1 E:\titip\Application\ci4-Epotensi\system\Database\BaseConnection.php(713): CodeIgniter\Database\MySQLi\Connection->execute('INSERT INTO `po...')
#2 E:\titip\Application\ci4-Epotensi\system\Database\BaseConnection.php(641): CodeIgniter\Database\BaseConnection->simpleQuery('INSERT INTO `po...')
#3 E:\titip\Application\ci4-Epotensi\system\Database\BaseBuilder.php(2263): CodeIgniter\Database\BaseConnection->query('INSERT INTO `po...', Array, false)
#4 E:\titip\Application\ci4-Epotensi\system\Model.php(278): CodeIgniter\Database\BaseBuilder->insert()
#5 E:\titip\Application\ci4-Epotensi\system\BaseModel.php(758): CodeIgniter\Model->doInsert(Array)
#6 E:\titip\Application\ci4-Epotensi\system\Model.php(705): CodeIgniter\BaseModel->insert(Array, true)
#7 E:\titip\Application\ci4-Epotensi\app\Controllers\Reklame.php(177): CodeIgniter\Model->insert(Array)
#8 E:\titip\Application\ci4-Epotensi\system\CodeIgniter.php(936): App\Controllers\Reklame->simpanpendataan()
#9 E:\titip\Application\ci4-Epotensi\system\CodeIgniter.php(432): CodeIgniter\CodeIgniter->runController(Object(App\Controllers\Reklame))
#10 E:\titip\Application\ci4-Epotensi\system\CodeIgniter.php(333): CodeIgniter\CodeIgniter->handleRequest(NULL, Object(Config\Cache), false)
#11 E:\titip\Application\ci4-Epotensi\public\index.php(44): CodeIgniter\CodeIgniter->run()
#12 E:\titip\Application\ci4-Epotensi\system\Commands\Server\rewrite.php(45): require_once('E:\\titip\\Applic...')
#13 {main}
CRITICAL - 2021-08-23 03:11:50 --> Undefined property: App\Controllers\Pj::$hotel
#0 E:\titip\Application\ci4-Epotensi\app\Controllers\Pj.php(142): CodeIgniter\Debug\Exceptions->errorHandler(8, 'Undefined prope...', 'E:\\titip\\Applic...', 142, Array)
#1 E:\titip\Application\ci4-Epotensi\system\CodeIgniter.php(936): App\Controllers\Pj->pendataan('1')
#2 E:\titip\Application\ci4-Epotensi\system\CodeIgniter.php(432): CodeIgniter\CodeIgniter->runController(Object(App\Controllers\Pj))
#3 E:\titip\Application\ci4-Epotensi\system\CodeIgniter.php(333): CodeIgniter\CodeIgniter->handleRequest(NULL, Object(Config\Cache), false)
#4 E:\titip\Application\ci4-Epotensi\public\index.php(44): CodeIgniter\CodeIgniter->run()
#5 E:\titip\Application\ci4-Epotensi\system\Commands\Server\rewrite.php(45): require_once('E:\\titip\\Applic...')
#6 {main}
ERROR - 2021-08-23 03:42:27 --> mysqli_sql_exception: Column 'nama_objek' cannot be null in E:\titip\Application\ci4-Epotensi\system\Database\MySQLi\Connection.php:314
Stack trace:
#0 E:\titip\Application\ci4-Epotensi\system\Database\MySQLi\Connection.php(314): mysqli->query('INSERT INTO `po...')
#1 E:\titip\Application\ci4-Epotensi\system\Database\BaseConnection.php(713): CodeIgniter\Database\MySQLi\Connection->execute('INSERT INTO `po...')
#2 E:\titip\Application\ci4-Epotensi\system\Database\BaseConnection.php(641): CodeIgniter\Database\BaseConnection->simpleQuery('INSERT INTO `po...')
#3 E:\titip\Application\ci4-Epotensi\system\Database\BaseBuilder.php(2263): CodeIgniter\Database\BaseConnection->query('INSERT INTO `po...', Array, false)
#4 E:\titip\Application\ci4-Epotensi\system\Model.php(278): CodeIgniter\Database\BaseBuilder->insert()
#5 E:\titip\Application\ci4-Epotensi\system\BaseModel.php(758): CodeIgniter\Model->doInsert(Array)
#6 E:\titip\Application\ci4-Epotensi\system\Model.php(705): CodeIgniter\BaseModel->insert(Array, true)
#7 E:\titip\Application\ci4-Epotensi\app\Controllers\Pj.php(172): CodeIgniter\Model->insert(Array)
#8 E:\titip\Application\ci4-Epotensi\system\CodeIgniter.php(936): App\Controllers\Pj->simpanpendataan()
#9 E:\titip\Application\ci4-Epotensi\system\CodeIgniter.php(432): CodeIgniter\CodeIgniter->runController(Object(App\Controllers\Pj))
#10 E:\titip\Application\ci4-Epotensi\system\CodeIgniter.php(333): CodeIgniter\CodeIgniter->handleRequest(NULL, Object(Config\Cache), false)
#11 E:\titip\Application\ci4-Epotensi\public\index.php(44): CodeIgniter\CodeIgniter->run()
#12 E:\titip\Application\ci4-Epotensi\system\Commands\Server\rewrite.php(45): require_once('E:\\titip\\Applic...')
#13 {main}
CRITICAL - 2021-08-23 03:42:27 --> Column 'nama_objek' cannot be null
#0 E:\titip\Application\ci4-Epotensi\system\Database\MySQLi\Connection.php(314): mysqli->query('INSERT INTO `po...')
#1 E:\titip\Application\ci4-Epotensi\system\Database\BaseConnection.php(713): CodeIgniter\Database\MySQLi\Connection->execute('INSERT INTO `po...')
#2 E:\titip\Application\ci4-Epotensi\system\Database\BaseConnection.php(641): CodeIgniter\Database\BaseConnection->simpleQuery('INSERT INTO `po...')
#3 E:\titip\Application\ci4-Epotensi\system\Database\BaseBuilder.php(2263): CodeIgniter\Database\BaseConnection->query('INSERT INTO `po...', Array, false)
#4 E:\titip\Application\ci4-Epotensi\system\Model.php(278): CodeIgniter\Database\BaseBuilder->insert()
#5 E:\titip\Application\ci4-Epotensi\system\BaseModel.php(758): CodeIgniter\Model->doInsert(Array)
#6 E:\titip\Application\ci4-Epotensi\system\Model.php(705): CodeIgniter\BaseModel->insert(Array, true)
#7 E:\titip\Application\ci4-Epotensi\app\Controllers\Pj.php(172): CodeIgniter\Model->insert(Array)
#8 E:\titip\Application\ci4-Epotensi\system\CodeIgniter.php(936): App\Controllers\Pj->simpanpendataan()
#9 E:\titip\Application\ci4-Epotensi\system\CodeIgniter.php(432): CodeIgniter\CodeIgniter->runController(Object(App\Controllers\Pj))
#10 E:\titip\Application\ci4-Epotensi\system\CodeIgniter.php(333): CodeIgniter\CodeIgniter->handleRequest(NULL, Object(Config\Cache), false)
#11 E:\titip\Application\ci4-Epotensi\public\index.php(44): CodeIgniter\CodeIgniter->run()
#12 E:\titip\Application\ci4-Epotensi\system\Commands\Server\rewrite.php(45): require_once('E:\\titip\\Applic...')
#13 {main}
CRITICAL - 2021-08-23 04:11:20 --> Undefined property: App\Controllers\Mblb::$hotel
#0 E:\titip\Application\ci4-Epotensi\app\Controllers\Mblb.php(142): CodeIgniter\Debug\Exceptions->errorHandler(8, 'Undefined prope...', 'E:\\titip\\Applic...', 142, Array)
#1 E:\titip\Application\ci4-Epotensi\system\CodeIgniter.php(936): App\Controllers\Mblb->pendataan('1')
#2 E:\titip\Application\ci4-Epotensi\system\CodeIgniter.php(432): CodeIgniter\CodeIgniter->runController(Object(App\Controllers\Mblb))
#3 E:\titip\Application\ci4-Epotensi\system\CodeIgniter.php(333): CodeIgniter\CodeIgniter->handleRequest(NULL, Object(Config\Cache), false)
#4 E:\titip\Application\ci4-Epotensi\public\index.php(44): CodeIgniter\CodeIgniter->run()
#5 E:\titip\Application\ci4-Epotensi\system\Commands\Server\rewrite.php(45): require_once('E:\\titip\\Applic...')
#6 {main}
CRITICAL - 2021-08-23 04:11:32 --> Undefined property: App\Controllers\Mblb::$hotel
#0 E:\titip\Application\ci4-Epotensi\app\Controllers\Mblb.php(142): CodeIgniter\Debug\Exceptions->errorHandler(8, 'Undefined prope...', 'E:\\titip\\Applic...', 142, Array)
#1 E:\titip\Application\ci4-Epotensi\system\CodeIgniter.php(936): App\Controllers\Mblb->pendataan('1')
#2 E:\titip\Application\ci4-Epotensi\system\CodeIgniter.php(432): CodeIgniter\CodeIgniter->runController(Object(App\Controllers\Mblb))
#3 E:\titip\Application\ci4-Epotensi\system\CodeIgniter.php(333): CodeIgniter\CodeIgniter->handleRequest(NULL, Object(Config\Cache), false)
#4 E:\titip\Application\ci4-Epotensi\public\index.php(44): CodeIgniter\CodeIgniter->run()
#5 E:\titip\Application\ci4-Epotensi\system\Commands\Server\rewrite.php(45): require_once('E:\\titip\\Applic...')
#6 {main}
CRITICAL - 2021-08-23 04:11:44 --> Undefined property: App\Controllers\Mblb::$hotel
#0 E:\titip\Application\ci4-Epotensi\app\Controllers\Mblb.php(142): CodeIgniter\Debug\Exceptions->errorHandler(8, 'Undefined prope...', 'E:\\titip\\Applic...', 142, Array)
#1 E:\titip\Application\ci4-Epotensi\system\CodeIgniter.php(936): App\Controllers\Mblb->pendataan('1')
#2 E:\titip\Application\ci4-Epotensi\system\CodeIgniter.php(432): CodeIgniter\CodeIgniter->runController(Object(App\Controllers\Mblb))
#3 E:\titip\Application\ci4-Epotensi\system\CodeIgniter.php(333): CodeIgniter\CodeIgniter->handleRequest(NULL, Object(Config\Cache), false)
#4 E:\titip\Application\ci4-Epotensi\public\index.php(44): CodeIgniter\CodeIgniter->run()
#5 E:\titip\Application\ci4-Epotensi\system\Commands\Server\rewrite.php(45): require_once('E:\\titip\\Applic...')
#6 {main}
CRITICAL - 2021-08-23 04:52:35 --> Undefined index: tarif
#0 E:\titip\Application\ci4-Epotensi\app\Views\mblb\detailpotensi.php(94): CodeIgniter\Debug\Exceptions->errorHandler(8, 'Undefined index...', 'E:\\titip\\Applic...', 94, Array)
#1 E:\titip\Application\ci4-Epotensi\system\View\View.php(220): include('E:\\titip\\Applic...')
#2 E:\titip\Application\ci4-Epotensi\system\View\View.php(222): CodeIgniter\View\View->CodeIgniter\View\{closure}()
#3 E:\titip\Application\ci4-Epotensi\system\Common.php(1217): CodeIgniter\View\View->render('mblb/detailpote...', Array, true)
#4 E:\titip\Application\ci4-Epotensi\app\Controllers\Mblb.php(211): view('mblb/detailpote...', Array)
#5 E:\titip\Application\ci4-Epotensi\system\CodeIgniter.php(936): App\Controllers\Mblb->detail('1')
#6 E:\titip\Application\ci4-Epotensi\system\CodeIgniter.php(432): CodeIgniter\CodeIgniter->runController(Object(App\Controllers\Mblb))
#7 E:\titip\Application\ci4-Epotensi\system\CodeIgniter.php(333): CodeIgniter\CodeIgniter->handleRequest(NULL, Object(Config\Cache), false)
#8 E:\titip\Application\ci4-Epotensi\public\index.php(44): CodeIgniter\CodeIgniter->run()
#9 E:\titip\Application\ci4-Epotensi\system\Commands\Server\rewrite.php(45): require_once('E:\\titip\\Applic...')
#10 {main}
