CRITICAL - 2021-11-09 01:04:44 --> Undefined variable: jenis_pengabilan
#0 E:\adon\Application\Website\Epotensi-Batu\app\Views\abt\user\formpendataan.php(98): CodeIgniter\Debug\Exceptions->errorHandler(8, 'Undefined varia...', 'E:\\adon\\Applica...', 98, Array)
#1 E:\adon\Application\Website\Epotensi-Batu\system\View\View.php(220): include('E:\\adon\\Applica...')
#2 E:\adon\Application\Website\Epotensi-Batu\system\View\View.php(222): CodeIgniter\View\View->CodeIgniter\View\{closure}()
#3 E:\adon\Application\Website\Epotensi-Batu\system\Common.php(1217): CodeIgniter\View\View->render('abt/user/formpe...', Array, true)
#4 E:\adon\Application\Website\Epotensi-Batu\app\Controllers\Abt.php(192): view('abt/user/formpe...', Array)
#5 E:\adon\Application\Website\Epotensi-Batu\system\CodeIgniter.php(936): App\Controllers\Abt->pendataanuser('1')
#6 E:\adon\Application\Website\Epotensi-Batu\system\CodeIgniter.php(432): CodeIgniter\CodeIgniter->runController(Object(App\Controllers\Abt))
#7 E:\adon\Application\Website\Epotensi-Batu\system\CodeIgniter.php(333): CodeIgniter\CodeIgniter->handleRequest(NULL, Object(Config\Cache), false)
#8 E:\adon\Application\Website\Epotensi-Batu\public\index.php(44): CodeIgniter\CodeIgniter->run()
#9 E:\adon\Application\Website\Epotensi-Batu\system\Commands\Server\rewrite.php(45): require_once('E:\\adon\\Applica...')
#10 {main}
CRITICAL - 2021-11-09 12:32:48 --> Undefined variable: datapotensi
#0 E:\adon\Application\Website\Epotensi-Batu\app\Views\restoran\user\editpotensi.php(46): CodeIgniter\Debug\Exceptions->errorHandler(8, 'Undefined varia...', 'E:\\adon\\Applica...', 46, Array)
#1 E:\adon\Application\Website\Epotensi-Batu\system\View\View.php(220): include('E:\\adon\\Applica...')
#2 E:\adon\Application\Website\Epotensi-Batu\system\View\View.php(222): CodeIgniter\View\View->CodeIgniter\View\{closure}()
#3 E:\adon\Application\Website\Epotensi-Batu\system\Common.php(1217): CodeIgniter\View\View->render('restoran/user/e...', Array, true)
#4 E:\adon\Application\Website\Epotensi-Batu\app\Controllers\Restoran.php(416): view('restoran/user/e...', Array)
#5 E:\adon\Application\Website\Epotensi-Batu\system\CodeIgniter.php(936): App\Controllers\Restoran->editpotensiuser('10')
#6 E:\adon\Application\Website\Epotensi-Batu\system\CodeIgniter.php(432): CodeIgniter\CodeIgniter->runController(Object(App\Controllers\Restoran))
#7 E:\adon\Application\Website\Epotensi-Batu\system\CodeIgniter.php(333): CodeIgniter\CodeIgniter->handleRequest(NULL, Object(Config\Cache), false)
#8 E:\adon\Application\Website\Epotensi-Batu\public\index.php(44): CodeIgniter\CodeIgniter->run()
#9 E:\adon\Application\Website\Epotensi-Batu\system\Commands\Server\rewrite.php(45): require_once('E:\\adon\\Applica...')
#10 {main}
CRITICAL - 2021-11-09 00:17:28 --> Undefined variable: datapotensi
#0 E:\adon\Application\Website\Epotensi-Batu\app\Views\hiburan\admin\detailpotensi.php(24): CodeIgniter\Debug\Exceptions->errorHandler(8, 'Undefined varia...', 'E:\\adon\\Applica...', 24, Array)
#1 E:\adon\Application\Website\Epotensi-Batu\system\View\View.php(220): include('E:\\adon\\Applica...')
#2 E:\adon\Application\Website\Epotensi-Batu\system\View\View.php(222): CodeIgniter\View\View->CodeIgniter\View\{closure}()
#3 E:\adon\Application\Website\Epotensi-Batu\system\Common.php(1217): CodeIgniter\View\View->render('hiburan/admin/d...', Array, true)
#4 E:\adon\Application\Website\Epotensi-Batu\app\Controllers\Hiburan.php(410): view('hiburan/admin/d...', Array)
#5 E:\adon\Application\Website\Epotensi-Batu\system\CodeIgniter.php(936): App\Controllers\Hiburan->detailadmin('7')
#6 E:\adon\Application\Website\Epotensi-Batu\system\CodeIgniter.php(432): CodeIgniter\CodeIgniter->runController(Object(App\Controllers\Hiburan))
#7 E:\adon\Application\Website\Epotensi-Batu\system\CodeIgniter.php(333): CodeIgniter\CodeIgniter->handleRequest(NULL, Object(Config\Cache), false)
#8 E:\adon\Application\Website\Epotensi-Batu\public\index.php(44): CodeIgniter\CodeIgniter->run()
#9 E:\adon\Application\Website\Epotensi-Batu\system\Commands\Server\rewrite.php(45): require_once('E:\\adon\\Applica...')
#10 {main}
CRITICAL - 2021-11-09 00:18:57 --> Undefined variable: datapotensi
#0 E:\adon\Application\Website\Epotensi-Batu\app\Views\hiburan\admin\detailpotensi.php(24): CodeIgniter\Debug\Exceptions->errorHandler(8, 'Undefined varia...', 'E:\\adon\\Applica...', 24, Array)
#1 E:\adon\Application\Website\Epotensi-Batu\system\View\View.php(220): include('E:\\adon\\Applica...')
#2 E:\adon\Application\Website\Epotensi-Batu\system\View\View.php(222): CodeIgniter\View\View->CodeIgniter\View\{closure}()
#3 E:\adon\Application\Website\Epotensi-Batu\system\Common.php(1217): CodeIgniter\View\View->render('hiburan/admin/d...', Array, true)
#4 E:\adon\Application\Website\Epotensi-Batu\app\Controllers\Hiburan.php(410): view('hiburan/admin/d...', Array)
#5 E:\adon\Application\Website\Epotensi-Batu\system\CodeIgniter.php(936): App\Controllers\Hiburan->detailadmin('7')
#6 E:\adon\Application\Website\Epotensi-Batu\system\CodeIgniter.php(432): CodeIgniter\CodeIgniter->runController(Object(App\Controllers\Hiburan))
#7 E:\adon\Application\Website\Epotensi-Batu\system\CodeIgniter.php(333): CodeIgniter\CodeIgniter->handleRequest(NULL, Object(Config\Cache), false)
#8 E:\adon\Application\Website\Epotensi-Batu\public\index.php(44): CodeIgniter\CodeIgniter->run()
#9 E:\adon\Application\Website\Epotensi-Batu\system\Commands\Server\rewrite.php(45): require_once('E:\\adon\\Applica...')
#10 {main}
CRITICAL - 2021-11-09 00:47:29 --> Undefined property: App\Controllers\Hiburan::$potensiHotelDetail
#0 E:\adon\Application\Website\Epotensi-Batu\app\Controllers\Hiburan.php(425): CodeIgniter\Debug\Exceptions->errorHandler(8, 'Undefined prope...', 'E:\\adon\\Applica...', 425, Array)
#1 E:\adon\Application\Website\Epotensi-Batu\system\CodeIgniter.php(936): App\Controllers\Hiburan->editpotensiadmin('7')
#2 E:\adon\Application\Website\Epotensi-Batu\system\CodeIgniter.php(432): CodeIgniter\CodeIgniter->runController(Object(App\Controllers\Hiburan))
#3 E:\adon\Application\Website\Epotensi-Batu\system\CodeIgniter.php(333): CodeIgniter\CodeIgniter->handleRequest(NULL, Object(Config\Cache), false)
#4 E:\adon\Application\Website\Epotensi-Batu\public\index.php(44): CodeIgniter\CodeIgniter->run()
#5 E:\adon\Application\Website\Epotensi-Batu\system\Commands\Server\rewrite.php(45): require_once('E:\\adon\\Applica...')
#6 {main}
CRITICAL - 2021-11-09 00:54:48 --> Undefined property: App\Controllers\Hiburan::$potensiHotelDetail
#0 E:\adon\Application\Website\Epotensi-Batu\app\Controllers\Hiburan.php(425): CodeIgniter\Debug\Exceptions->errorHandler(8, 'Undefined prope...', 'E:\\adon\\Applica...', 425, Array)
#1 E:\adon\Application\Website\Epotensi-Batu\system\CodeIgniter.php(936): App\Controllers\Hiburan->editpotensiadmin('7')
#2 E:\adon\Application\Website\Epotensi-Batu\system\CodeIgniter.php(432): CodeIgniter\CodeIgniter->runController(Object(App\Controllers\Hiburan))
#3 E:\adon\Application\Website\Epotensi-Batu\system\CodeIgniter.php(333): CodeIgniter\CodeIgniter->handleRequest(NULL, Object(Config\Cache), false)
#4 E:\adon\Application\Website\Epotensi-Batu\public\index.php(44): CodeIgniter\CodeIgniter->run()
#5 E:\adon\Application\Website\Epotensi-Batu\system\Commands\Server\rewrite.php(45): require_once('E:\\adon\\Applica...')
#6 {main}
CRITICAL - 2021-11-09 01:11:39 --> Undefined variable: datapotensi
#0 E:\adon\Application\Website\Epotensi-Batu\app\Views\hiburan\user\detailpotensi.php(24): CodeIgniter\Debug\Exceptions->errorHandler(8, 'Undefined varia...', 'E:\\adon\\Applica...', 24, Array)
#1 E:\adon\Application\Website\Epotensi-Batu\system\View\View.php(220): include('E:\\adon\\Applica...')
#2 E:\adon\Application\Website\Epotensi-Batu\system\View\View.php(222): CodeIgniter\View\View->CodeIgniter\View\{closure}()
#3 E:\adon\Application\Website\Epotensi-Batu\system\Common.php(1217): CodeIgniter\View\View->render('hiburan/user/de...', Array, true)
#4 E:\adon\Application\Website\Epotensi-Batu\app\Controllers\Hiburan.php(419): view('hiburan/user/de...', Array)
#5 E:\adon\Application\Website\Epotensi-Batu\system\CodeIgniter.php(936): App\Controllers\Hiburan->detailuser('7')
#6 E:\adon\Application\Website\Epotensi-Batu\system\CodeIgniter.php(432): CodeIgniter\CodeIgniter->runController(Object(App\Controllers\Hiburan))
#7 E:\adon\Application\Website\Epotensi-Batu\system\CodeIgniter.php(333): CodeIgniter\CodeIgniter->handleRequest(NULL, Object(Config\Cache), false)
#8 E:\adon\Application\Website\Epotensi-Batu\public\index.php(44): CodeIgniter\CodeIgniter->run()
#9 E:\adon\Application\Website\Epotensi-Batu\system\Commands\Server\rewrite.php(45): require_once('E:\\adon\\Applica...')
#10 {main}
CRITICAL - 2021-11-09 02:14:04 --> Undefined index: latitude
#0 E:\adon\Application\Website\Epotensi-Batu\app\Views\pj\admin\detailpotensi.php(159): CodeIgniter\Debug\Exceptions->errorHandler(8, 'Undefined index...', 'E:\\adon\\Applica...', 159, Array)
#1 E:\adon\Application\Website\Epotensi-Batu\system\View\View.php(220): include('E:\\adon\\Applica...')
#2 E:\adon\Application\Website\Epotensi-Batu\system\View\View.php(222): CodeIgniter\View\View->CodeIgniter\View\{closure}()
#3 E:\adon\Application\Website\Epotensi-Batu\system\Common.php(1217): CodeIgniter\View\View->render('pj/admin/detail...', Array, true)
#4 E:\adon\Application\Website\Epotensi-Batu\app\Controllers\Pj.php(378): view('pj/admin/detail...', Array)
#5 E:\adon\Application\Website\Epotensi-Batu\system\CodeIgniter.php(936): App\Controllers\Pj->detailadmin('2')
#6 E:\adon\Application\Website\Epotensi-Batu\system\CodeIgniter.php(432): CodeIgniter\CodeIgniter->runController(Object(App\Controllers\Pj))
#7 E:\adon\Application\Website\Epotensi-Batu\system\CodeIgniter.php(333): CodeIgniter\CodeIgniter->handleRequest(NULL, Object(Config\Cache), false)
#8 E:\adon\Application\Website\Epotensi-Batu\public\index.php(44): CodeIgniter\CodeIgniter->run()
#9 E:\adon\Application\Website\Epotensi-Batu\system\Commands\Server\rewrite.php(45): require_once('E:\\adon\\Applica...')
#10 {main}
CRITICAL - 2021-11-09 02:15:03 --> Undefined index: latitude
#0 E:\adon\Application\Website\Epotensi-Batu\app\Views\pj\admin\detailpotensi.php(159): CodeIgniter\Debug\Exceptions->errorHandler(8, 'Undefined index...', 'E:\\adon\\Applica...', 159, Array)
#1 E:\adon\Application\Website\Epotensi-Batu\system\View\View.php(220): include('E:\\adon\\Applica...')
#2 E:\adon\Application\Website\Epotensi-Batu\system\View\View.php(222): CodeIgniter\View\View->CodeIgniter\View\{closure}()
#3 E:\adon\Application\Website\Epotensi-Batu\system\Common.php(1217): CodeIgniter\View\View->render('pj/admin/detail...', Array, true)
#4 E:\adon\Application\Website\Epotensi-Batu\app\Controllers\Pj.php(378): view('pj/admin/detail...', Array)
#5 E:\adon\Application\Website\Epotensi-Batu\system\CodeIgniter.php(936): App\Controllers\Pj->detailadmin('2')
#6 E:\adon\Application\Website\Epotensi-Batu\system\CodeIgniter.php(432): CodeIgniter\CodeIgniter->runController(Object(App\Controllers\Pj))
#7 E:\adon\Application\Website\Epotensi-Batu\system\CodeIgniter.php(333): CodeIgniter\CodeIgniter->handleRequest(NULL, Object(Config\Cache), false)
#8 E:\adon\Application\Website\Epotensi-Batu\public\index.php(44): CodeIgniter\CodeIgniter->run()
#9 E:\adon\Application\Website\Epotensi-Batu\system\Commands\Server\rewrite.php(45): require_once('E:\\adon\\Applica...')
#10 {main}
CRITICAL - 2021-11-09 02:18:41 --> Undefined index: latitude
#0 E:\adon\Application\Website\Epotensi-Batu\app\Views\pj\admin\detailpotensi.php(159): CodeIgniter\Debug\Exceptions->errorHandler(8, 'Undefined index...', 'E:\\adon\\Applica...', 159, Array)
#1 E:\adon\Application\Website\Epotensi-Batu\system\View\View.php(220): include('E:\\adon\\Applica...')
#2 E:\adon\Application\Website\Epotensi-Batu\system\View\View.php(222): CodeIgniter\View\View->CodeIgniter\View\{closure}()
#3 E:\adon\Application\Website\Epotensi-Batu\system\Common.php(1217): CodeIgniter\View\View->render('pj/admin/detail...', Array, true)
#4 E:\adon\Application\Website\Epotensi-Batu\app\Controllers\Pj.php(379): view('pj/admin/detail...', Array)
#5 E:\adon\Application\Website\Epotensi-Batu\system\CodeIgniter.php(936): App\Controllers\Pj->detailadmin('2')
#6 E:\adon\Application\Website\Epotensi-Batu\system\CodeIgniter.php(432): CodeIgniter\CodeIgniter->runController(Object(App\Controllers\Pj))
#7 E:\adon\Application\Website\Epotensi-Batu\system\CodeIgniter.php(333): CodeIgniter\CodeIgniter->handleRequest(NULL, Object(Config\Cache), false)
#8 E:\adon\Application\Website\Epotensi-Batu\public\index.php(44): CodeIgniter\CodeIgniter->run()
#9 E:\adon\Application\Website\Epotensi-Batu\system\Commands\Server\rewrite.php(45): require_once('E:\\adon\\Applica...')
#10 {main}
