CRITICAL - 2024-01-01 10:24:26 --> Too few arguments to function App\Controllers\Dashboard::detail_pasar(), 1 passed in C:\xampp\htdocs\ci-esptpd\dashboard_pasar\system\CodeIgniter.php on line 936 and exactly 3 expected
#0 C:\xampp\htdocs\ci-esptpd\dashboard_pasar\system\CodeIgniter.php(936): App\Controllers\Dashboard->detail_pasar('3')
#1 C:\xampp\htdocs\ci-esptpd\dashboard_pasar\system\CodeIgniter.php(432): CodeIgniter\CodeIgniter->runController(Object(App\Controllers\Dashboard))
#2 C:\xampp\htdocs\ci-esptpd\dashboard_pasar\system\CodeIgniter.php(333): CodeIgniter\CodeIgniter->handleRequest(NULL, Object(Config\Cache), false)
#3 C:\xampp\htdocs\ci-esptpd\dashboard_pasar\index.php(43): CodeIgniter\CodeIgniter->run()
#4 {main}
CRITICAL - 2024-01-01 11:39:32 --> Too few arguments to function App\Controllers\Dashboard::detail_pasar(), 1 passed in C:\xampp\htdocs\ci-esptpd\dashboard_pasar\system\CodeIgniter.php on line 936 and exactly 3 expected
#0 C:\xampp\htdocs\ci-esptpd\dashboard_pasar\system\CodeIgniter.php(936): App\Controllers\Dashboard->detail_pasar('3')
#1 C:\xampp\htdocs\ci-esptpd\dashboard_pasar\system\CodeIgniter.php(432): CodeIgniter\CodeIgniter->runController(Object(App\Controllers\Dashboard))
#2 C:\xampp\htdocs\ci-esptpd\dashboard_pasar\system\CodeIgniter.php(333): CodeIgniter\CodeIgniter->handleRequest(NULL, Object(Config\Cache), false)
#3 C:\xampp\htdocs\ci-esptpd\dashboard_pasar\index.php(43): CodeIgniter\CodeIgniter->run()
#4 {main}
CRITICAL - 2024-01-01 11:39:37 --> Too few arguments to function App\Controllers\Dashboard::detail_pasar(), 1 passed in C:\xampp\htdocs\ci-esptpd\dashboard_pasar\system\CodeIgniter.php on line 936 and exactly 3 expected
#0 C:\xampp\htdocs\ci-esptpd\dashboard_pasar\system\CodeIgniter.php(936): App\Controllers\Dashboard->detail_pasar('3')
#1 C:\xampp\htdocs\ci-esptpd\dashboard_pasar\system\CodeIgniter.php(432): CodeIgniter\CodeIgniter->runController(Object(App\Controllers\Dashboard))
#2 C:\xampp\htdocs\ci-esptpd\dashboard_pasar\system\CodeIgniter.php(333): CodeIgniter\CodeIgniter->handleRequest(NULL, Object(Config\Cache), false)
#3 C:\xampp\htdocs\ci-esptpd\dashboard_pasar\index.php(43): CodeIgniter\CodeIgniter->run()
#4 {main}
CRITICAL - 2024-01-01 11:39:38 --> Too few arguments to function App\Controllers\Dashboard::detail_pasar(), 1 passed in C:\xampp\htdocs\ci-esptpd\dashboard_pasar\system\CodeIgniter.php on line 936 and exactly 3 expected
#0 C:\xampp\htdocs\ci-esptpd\dashboard_pasar\system\CodeIgniter.php(936): App\Controllers\Dashboard->detail_pasar('3')
#1 C:\xampp\htdocs\ci-esptpd\dashboard_pasar\system\CodeIgniter.php(432): CodeIgniter\CodeIgniter->runController(Object(App\Controllers\Dashboard))
#2 C:\xampp\htdocs\ci-esptpd\dashboard_pasar\system\CodeIgniter.php(333): CodeIgniter\CodeIgniter->handleRequest(NULL, Object(Config\Cache), false)
#3 C:\xampp\htdocs\ci-esptpd\dashboard_pasar\index.php(43): CodeIgniter\CodeIgniter->run()
#4 {main}
CRITICAL - 2024-01-01 11:40:20 --> Too few arguments to function App\Controllers\Dashboard::detail_pasar(), 1 passed in C:\xampp\htdocs\ci-esptpd\dashboard_pasar\system\CodeIgniter.php on line 936 and exactly 3 expected
#0 C:\xampp\htdocs\ci-esptpd\dashboard_pasar\system\CodeIgniter.php(936): App\Controllers\Dashboard->detail_pasar('3')
#1 C:\xampp\htdocs\ci-esptpd\dashboard_pasar\system\CodeIgniter.php(432): CodeIgniter\CodeIgniter->runController(Object(App\Controllers\Dashboard))
#2 C:\xampp\htdocs\ci-esptpd\dashboard_pasar\system\CodeIgniter.php(333): CodeIgniter\CodeIgniter->handleRequest(NULL, Object(Config\Cache), false)
#3 C:\xampp\htdocs\ci-esptpd\dashboard_pasar\index.php(43): CodeIgniter\CodeIgniter->run()
#4 {main}
