CRITICAL - 2021-07-08 00:38:11 --> Undefined variable: datahotel
#0 C:\Users\dbi\Downloads\Compressed\pointofsales ci4_2\pointofsales ci4\ci4-pos\app\Views\restoran\data.php(54): CodeIgniter\Debug\Exceptions->errorHandler(8, 'Undefined varia...', 'C:\\Users\\dbi\\Do...', 54, Array)
#1 C:\Users\dbi\Downloads\Compressed\pointofsales ci4_2\pointofsales ci4\ci4-pos\system\View\View.php(220): include('C:\\Users\\dbi\\Do...')
#2 C:\Users\dbi\Downloads\Compressed\pointofsales ci4_2\pointofsales ci4\ci4-pos\system\View\View.php(222): CodeIgniter\View\View->CodeIgniter\View\{closure}()
#3 C:\Users\dbi\Downloads\Compressed\pointofsales ci4_2\pointofsales ci4\ci4-pos\system\Common.php(1217): CodeIgniter\View\View->render('restoran/data', Array, true)
#4 C:\Users\dbi\Downloads\Compressed\pointofsales ci4_2\pointofsales ci4\ci4-pos\app\Controllers\Restoran.php(33): view('restoran/data', Array)
#5 C:\Users\dbi\Downloads\Compressed\pointofsales ci4_2\pointofsales ci4\ci4-pos\system\CodeIgniter.php(936): App\Controllers\Restoran->index()
#6 C:\Users\dbi\Downloads\Compressed\pointofsales ci4_2\pointofsales ci4\ci4-pos\system\CodeIgniter.php(432): CodeIgniter\CodeIgniter->runController(Object(App\Controllers\Restoran))
#7 C:\Users\dbi\Downloads\Compressed\pointofsales ci4_2\pointofsales ci4\ci4-pos\system\CodeIgniter.php(333): CodeIgniter\CodeIgniter->handleRequest(NULL, Object(Config\Cache), false)
#8 C:\Users\dbi\Downloads\Compressed\pointofsales ci4_2\pointofsales ci4\ci4-pos\public\index.php(44): CodeIgniter\CodeIgniter->run()
#9 C:\Users\dbi\Downloads\Compressed\pointofsales ci4_2\pointofsales ci4\ci4-pos\system\Commands\Server\rewrite.php(45): require_once('C:\\Users\\dbi\\Do...')
#10 {main}
CRITICAL - 2021-07-08 00:41:11 --> Undefined variable: idrestoran
#0 C:\Users\dbi\Downloads\Compressed\pointofsales ci4_2\pointofsales ci4\ci4-pos\app\Controllers\Restoran.php(96): CodeIgniter\Debug\Exceptions->errorHandler(8, 'Undefined varia...', 'C:\\Users\\dbi\\Do...', 96, Array)
#1 C:\Users\dbi\Downloads\Compressed\pointofsales ci4_2\pointofsales ci4\ci4-pos\system\CodeIgniter.php(936): App\Controllers\Restoran->formEdit()
#2 C:\Users\dbi\Downloads\Compressed\pointofsales ci4_2\pointofsales ci4\ci4-pos\system\CodeIgniter.php(432): CodeIgniter\CodeIgniter->runController(Object(App\Controllers\Restoran))
#3 C:\Users\dbi\Downloads\Compressed\pointofsales ci4_2\pointofsales ci4\ci4-pos\system\CodeIgniter.php(333): CodeIgniter\CodeIgniter->handleRequest(NULL, Object(Config\Cache), false)
#4 C:\Users\dbi\Downloads\Compressed\pointofsales ci4_2\pointofsales ci4\ci4-pos\public\index.php(44): CodeIgniter\CodeIgniter->run()
#5 C:\Users\dbi\Downloads\Compressed\pointofsales ci4_2\pointofsales ci4\ci4-pos\system\Commands\Server\rewrite.php(45): require_once('C:\\Users\\dbi\\Do...')
#6 {main}
CRITICAL - 2021-07-08 00:47:06 --> Undefined variable: idrestoran
#0 C:\Users\dbi\Downloads\Compressed\pointofsales ci4_2\pointofsales ci4\ci4-pos\app\Controllers\Restoran.php(96): CodeIgniter\Debug\Exceptions->errorHandler(8, 'Undefined varia...', 'C:\\Users\\dbi\\Do...', 96, Array)
#1 C:\Users\dbi\Downloads\Compressed\pointofsales ci4_2\pointofsales ci4\ci4-pos\system\CodeIgniter.php(936): App\Controllers\Restoran->formEdit()
#2 C:\Users\dbi\Downloads\Compressed\pointofsales ci4_2\pointofsales ci4\ci4-pos\system\CodeIgniter.php(432): CodeIgniter\CodeIgniter->runController(Object(App\Controllers\Restoran))
#3 C:\Users\dbi\Downloads\Compressed\pointofsales ci4_2\pointofsales ci4\ci4-pos\system\CodeIgniter.php(333): CodeIgniter\CodeIgniter->handleRequest(NULL, Object(Config\Cache), false)
#4 C:\Users\dbi\Downloads\Compressed\pointofsales ci4_2\pointofsales ci4\ci4-pos\public\index.php(44): CodeIgniter\CodeIgniter->run()
#5 C:\Users\dbi\Downloads\Compressed\pointofsales ci4_2\pointofsales ci4\ci4-pos\system\Commands\Server\rewrite.php(45): require_once('C:\\Users\\dbi\\Do...')
#6 {main}
CRITICAL - 2021-07-08 00:47:45 --> Undefined variable: idrestoran
#0 C:\Users\dbi\Downloads\Compressed\pointofsales ci4_2\pointofsales ci4\ci4-pos\app\Controllers\Restoran.php(96): CodeIgniter\Debug\Exceptions->errorHandler(8, 'Undefined varia...', 'C:\\Users\\dbi\\Do...', 96, Array)
#1 C:\Users\dbi\Downloads\Compressed\pointofsales ci4_2\pointofsales ci4\ci4-pos\system\CodeIgniter.php(936): App\Controllers\Restoran->formEdit()
#2 C:\Users\dbi\Downloads\Compressed\pointofsales ci4_2\pointofsales ci4\ci4-pos\system\CodeIgniter.php(432): CodeIgniter\CodeIgniter->runController(Object(App\Controllers\Restoran))
#3 C:\Users\dbi\Downloads\Compressed\pointofsales ci4_2\pointofsales ci4\ci4-pos\system\CodeIgniter.php(333): CodeIgniter\CodeIgniter->handleRequest(NULL, Object(Config\Cache), false)
#4 C:\Users\dbi\Downloads\Compressed\pointofsales ci4_2\pointofsales ci4\ci4-pos\public\index.php(44): CodeIgniter\CodeIgniter->run()
#5 C:\Users\dbi\Downloads\Compressed\pointofsales ci4_2\pointofsales ci4\ci4-pos\system\Commands\Server\rewrite.php(45): require_once('C:\\Users\\dbi\\Do...')
#6 {main}
CRITICAL - 2021-07-08 00:52:42 --> Undefined variable: idrestoran
#0 C:\Users\dbi\Downloads\Compressed\pointofsales ci4_2\pointofsales ci4\ci4-pos\app\Controllers\Restoran.php(96): CodeIgniter\Debug\Exceptions->errorHandler(8, 'Undefined varia...', 'C:\\Users\\dbi\\Do...', 96, Array)
#1 C:\Users\dbi\Downloads\Compressed\pointofsales ci4_2\pointofsales ci4\ci4-pos\system\CodeIgniter.php(936): App\Controllers\Restoran->formEdit()
#2 C:\Users\dbi\Downloads\Compressed\pointofsales ci4_2\pointofsales ci4\ci4-pos\system\CodeIgniter.php(432): CodeIgniter\CodeIgniter->runController(Object(App\Controllers\Restoran))
#3 C:\Users\dbi\Downloads\Compressed\pointofsales ci4_2\pointofsales ci4\ci4-pos\system\CodeIgniter.php(333): CodeIgniter\CodeIgniter->handleRequest(NULL, Object(Config\Cache), false)
#4 C:\Users\dbi\Downloads\Compressed\pointofsales ci4_2\pointofsales ci4\ci4-pos\public\index.php(44): CodeIgniter\CodeIgniter->run()
#5 C:\Users\dbi\Downloads\Compressed\pointofsales ci4_2\pointofsales ci4\ci4-pos\system\Commands\Server\rewrite.php(45): require_once('C:\\Users\\dbi\\Do...')
#6 {main}
