CRITICAL - 2023-12-06 09:36:50 --> syntax error, unexpected ''harapan_jaya'' (T_CONSTANT_ENCAPSED_STRING), expecting ']'
#0 C:\xampp\htdocs\ci-esptpd\dashboard_pasar\system\Router\Router.php(170): CodeIgniter\Router\Router->autoRoute('dashboard')
#1 C:\xampp\htdocs\ci-esptpd\dashboard_pasar\system\CodeIgniter.php(816): CodeIgniter\Router\Router->handle('dashboard')
#2 C:\xampp\htdocs\ci-esptpd\dashboard_pasar\system\CodeIgniter.php(385): CodeIgniter\CodeIgniter->tryToRouteIt(Object(CodeIgniter\Router\RouteCollection))
#3 C:\xampp\htdocs\ci-esptpd\dashboard_pasar\system\CodeIgniter.php(333): CodeIgniter\CodeIgniter->handleRequest(NULL, Object(Config\Cache), false)
#4 C:\xampp\htdocs\ci-esptpd\dashboard_pasar\index.php(43): CodeIgniter\CodeIgniter->run()
#5 {main}
CRITICAL - 2023-12-06 09:37:20 --> Too few arguments to function App\Models\getModel::getTotalBayarTiapPasar(), 1 passed in C:\xampp\htdocs\ci-esptpd\dashboard_pasar\app\Controllers\Dashboard.php on line 20 and exactly 2 expected
#0 C:\xampp\htdocs\ci-esptpd\dashboard_pasar\app\Controllers\Dashboard.php(20): App\Models\getModel->getTotalBayarTiapPasar('3')
#1 C:\xampp\htdocs\ci-esptpd\dashboard_pasar\system\CodeIgniter.php(936): App\Controllers\Dashboard->index()
#2 C:\xampp\htdocs\ci-esptpd\dashboard_pasar\system\CodeIgniter.php(432): CodeIgniter\CodeIgniter->runController(Object(App\Controllers\Dashboard))
#3 C:\xampp\htdocs\ci-esptpd\dashboard_pasar\system\CodeIgniter.php(333): CodeIgniter\CodeIgniter->handleRequest(NULL, Object(Config\Cache), false)
#4 C:\xampp\htdocs\ci-esptpd\dashboard_pasar\index.php(43): CodeIgniter\CodeIgniter->run()
#5 {main}
ERROR - 2023-12-06 09:40:10 --> ErrorException: pg_query(): Query failed: ERROR:  invalid input syntax for type date: &quot;2&quot;
LINE 1: ...etribusi_pasar WHERE DATE(tgl_pembayaran) BETWEEN '2' AND '2...
                                                             ^ in C:\xampp\htdocs\ci-esptpd\dashboard_pasar\system\Database\Postgre\Connection.php:170
Stack trace:
#0 [internal function]: CodeIgniter\Debug\Exceptions->errorHandler(2, 'pg_query(): Que...', 'C:\\xampp\\htdocs...', 170, Array)
#1 C:\xampp\htdocs\ci-esptpd\dashboard_pasar\system\Database\Postgre\Connection.php(170): pg_query(Resource id #112, 'SELECT SUM(tota...')
#2 C:\xampp\htdocs\ci-esptpd\dashboard_pasar\system\Database\BaseConnection.php(685): CodeIgniter\Database\Postgre\Connection->execute('SELECT SUM(tota...')
#3 C:\xampp\htdocs\ci-esptpd\dashboard_pasar\system\Database\BaseConnection.php(621): CodeIgniter\Database\BaseConnection->simpleQuery('SELECT SUM(tota...')
#4 C:\xampp\htdocs\ci-esptpd\dashboard_pasar\app\Models\getModel.php(36): CodeIgniter\Database\BaseConnection->query('SELECT SUM(tota...')
#5 C:\xampp\htdocs\ci-esptpd\dashboard_pasar\app\Controllers\Dashboard.php(39): App\Models\getModel->getTotalBayarTiapPasar('2', '2023-12-06', '2023-12-06')
#6 C:\xampp\htdocs\ci-esptpd\dashboard_pasar\system\CodeIgniter.php(936): App\Controllers\Dashboard->get_total_transaksi()
#7 C:\xampp\htdocs\ci-esptpd\dashboard_pasar\system\CodeIgniter.php(432): CodeIgniter\CodeIgniter->runController(Object(App\Controllers\Dashboard))
#8 C:\xampp\htdocs\ci-esptpd\dashboard_pasar\system\CodeIgniter.php(333): CodeIgniter\CodeIgniter->handleRequest(NULL, Object(Config\Cache), false)
#9 C:\xampp\htdocs\ci-esptpd\dashboard_pasar\index.php(43): CodeIgniter\CodeIgniter->run()
#10 {main}
CRITICAL - 2023-12-06 09:40:10 --> pg_query(): Query failed: ERROR:  invalid input syntax for type date: &quot;2&quot;
LINE 1: ...etribusi_pasar WHERE DATE(tgl_pembayaran) BETWEEN '2' AND '2...
                                                             ^
#0 [internal function]: CodeIgniter\Debug\Exceptions->errorHandler(2, 'pg_query(): Que...', 'C:\\xampp\\htdocs...', 170, Array)
#1 C:\xampp\htdocs\ci-esptpd\dashboard_pasar\system\Database\Postgre\Connection.php(170): pg_query(Resource id #112, 'SELECT SUM(tota...')
#2 C:\xampp\htdocs\ci-esptpd\dashboard_pasar\system\Database\BaseConnection.php(685): CodeIgniter\Database\Postgre\Connection->execute('SELECT SUM(tota...')
#3 C:\xampp\htdocs\ci-esptpd\dashboard_pasar\system\Database\BaseConnection.php(621): CodeIgniter\Database\BaseConnection->simpleQuery('SELECT SUM(tota...')
#4 C:\xampp\htdocs\ci-esptpd\dashboard_pasar\app\Models\getModel.php(36): CodeIgniter\Database\BaseConnection->query('SELECT SUM(tota...')
#5 C:\xampp\htdocs\ci-esptpd\dashboard_pasar\app\Controllers\Dashboard.php(39): App\Models\getModel->getTotalBayarTiapPasar('2', '2023-12-06', '2023-12-06')
#6 C:\xampp\htdocs\ci-esptpd\dashboard_pasar\system\CodeIgniter.php(936): App\Controllers\Dashboard->get_total_transaksi()
#7 C:\xampp\htdocs\ci-esptpd\dashboard_pasar\system\CodeIgniter.php(432): CodeIgniter\CodeIgniter->runController(Object(App\Controllers\Dashboard))
#8 C:\xampp\htdocs\ci-esptpd\dashboard_pasar\system\CodeIgniter.php(333): CodeIgniter\CodeIgniter->handleRequest(NULL, Object(Config\Cache), false)
#9 C:\xampp\htdocs\ci-esptpd\dashboard_pasar\index.php(43): CodeIgniter\CodeIgniter->run()
#10 {main}
ERROR - 2023-12-06 09:41:16 --> ErrorException: pg_query(): Query failed: ERROR:  invalid input syntax for type date: &quot;2&quot;
LINE 1: ...etribusi_pasar WHERE DATE(tgl_pembayaran) BETWEEN '2' AND '2...
                                                             ^ in C:\xampp\htdocs\ci-esptpd\dashboard_pasar\system\Database\Postgre\Connection.php:170
Stack trace:
#0 [internal function]: CodeIgniter\Debug\Exceptions->errorHandler(2, 'pg_query(): Que...', 'C:\\xampp\\htdocs...', 170, Array)
#1 C:\xampp\htdocs\ci-esptpd\dashboard_pasar\system\Database\Postgre\Connection.php(170): pg_query(Resource id #112, 'SELECT SUM(tota...')
#2 C:\xampp\htdocs\ci-esptpd\dashboard_pasar\system\Database\BaseConnection.php(685): CodeIgniter\Database\Postgre\Connection->execute('SELECT SUM(tota...')
#3 C:\xampp\htdocs\ci-esptpd\dashboard_pasar\system\Database\BaseConnection.php(621): CodeIgniter\Database\BaseConnection->simpleQuery('SELECT SUM(tota...')
#4 C:\xampp\htdocs\ci-esptpd\dashboard_pasar\app\Models\getModel.php(36): CodeIgniter\Database\BaseConnection->query('SELECT SUM(tota...')
#5 C:\xampp\htdocs\ci-esptpd\dashboard_pasar\app\Controllers\Dashboard.php(39): App\Models\getModel->getTotalBayarTiapPasar('2', '2023-11-21', '2023-12-06')
#6 C:\xampp\htdocs\ci-esptpd\dashboard_pasar\system\CodeIgniter.php(936): App\Controllers\Dashboard->get_total_transaksi()
#7 C:\xampp\htdocs\ci-esptpd\dashboard_pasar\system\CodeIgniter.php(432): CodeIgniter\CodeIgniter->runController(Object(App\Controllers\Dashboard))
#8 C:\xampp\htdocs\ci-esptpd\dashboard_pasar\system\CodeIgniter.php(333): CodeIgniter\CodeIgniter->handleRequest(NULL, Object(Config\Cache), false)
#9 C:\xampp\htdocs\ci-esptpd\dashboard_pasar\index.php(43): CodeIgniter\CodeIgniter->run()
#10 {main}
CRITICAL - 2023-12-06 09:41:16 --> pg_query(): Query failed: ERROR:  invalid input syntax for type date: &quot;2&quot;
LINE 1: ...etribusi_pasar WHERE DATE(tgl_pembayaran) BETWEEN '2' AND '2...
                                                             ^
#0 [internal function]: CodeIgniter\Debug\Exceptions->errorHandler(2, 'pg_query(): Que...', 'C:\\xampp\\htdocs...', 170, Array)
#1 C:\xampp\htdocs\ci-esptpd\dashboard_pasar\system\Database\Postgre\Connection.php(170): pg_query(Resource id #112, 'SELECT SUM(tota...')
#2 C:\xampp\htdocs\ci-esptpd\dashboard_pasar\system\Database\BaseConnection.php(685): CodeIgniter\Database\Postgre\Connection->execute('SELECT SUM(tota...')
#3 C:\xampp\htdocs\ci-esptpd\dashboard_pasar\system\Database\BaseConnection.php(621): CodeIgniter\Database\BaseConnection->simpleQuery('SELECT SUM(tota...')
#4 C:\xampp\htdocs\ci-esptpd\dashboard_pasar\app\Models\getModel.php(36): CodeIgniter\Database\BaseConnection->query('SELECT SUM(tota...')
#5 C:\xampp\htdocs\ci-esptpd\dashboard_pasar\app\Controllers\Dashboard.php(39): App\Models\getModel->getTotalBayarTiapPasar('2', '2023-11-21', '2023-12-06')
#6 C:\xampp\htdocs\ci-esptpd\dashboard_pasar\system\CodeIgniter.php(936): App\Controllers\Dashboard->get_total_transaksi()
#7 C:\xampp\htdocs\ci-esptpd\dashboard_pasar\system\CodeIgniter.php(432): CodeIgniter\CodeIgniter->runController(Object(App\Controllers\Dashboard))
#8 C:\xampp\htdocs\ci-esptpd\dashboard_pasar\system\CodeIgniter.php(333): CodeIgniter\CodeIgniter->handleRequest(NULL, Object(Config\Cache), false)
#9 C:\xampp\htdocs\ci-esptpd\dashboard_pasar\index.php(43): CodeIgniter\CodeIgniter->run()
#10 {main}
CRITICAL - 2023-12-06 10:01:13 --> Too few arguments to function App\Controllers\Dashboard::detail_pasar(), 0 passed in C:\xampp\htdocs\ci-esptpd\dashboard_pasar\system\CodeIgniter.php on line 936 and exactly 1 expected
#0 C:\xampp\htdocs\ci-esptpd\dashboard_pasar\system\CodeIgniter.php(936): App\Controllers\Dashboard->detail_pasar()
#1 C:\xampp\htdocs\ci-esptpd\dashboard_pasar\system\CodeIgniter.php(432): CodeIgniter\CodeIgniter->runController(Object(App\Controllers\Dashboard))
#2 C:\xampp\htdocs\ci-esptpd\dashboard_pasar\system\CodeIgniter.php(333): CodeIgniter\CodeIgniter->handleRequest(NULL, Object(Config\Cache), false)
#3 C:\xampp\htdocs\ci-esptpd\dashboard_pasar\index.php(43): CodeIgniter\CodeIgniter->run()
#4 {main}
CRITICAL - 2023-12-06 10:01:49 --> Too few arguments to function App\Controllers\Dashboard::detail_pasar(), 0 passed in C:\xampp\htdocs\ci-esptpd\dashboard_pasar\system\CodeIgniter.php on line 936 and exactly 1 expected
#0 C:\xampp\htdocs\ci-esptpd\dashboard_pasar\system\CodeIgniter.php(936): App\Controllers\Dashboard->detail_pasar()
#1 C:\xampp\htdocs\ci-esptpd\dashboard_pasar\system\CodeIgniter.php(432): CodeIgniter\CodeIgniter->runController(Object(App\Controllers\Dashboard))
#2 C:\xampp\htdocs\ci-esptpd\dashboard_pasar\system\CodeIgniter.php(333): CodeIgniter\CodeIgniter->handleRequest(NULL, Object(Config\Cache), false)
#3 C:\xampp\htdocs\ci-esptpd\dashboard_pasar\index.php(43): CodeIgniter\CodeIgniter->run()
#4 {main}
CRITICAL - 2023-12-06 10:02:31 --> Too few arguments to function App\Controllers\Dashboard::detail_pasar(), 0 passed in C:\xampp\htdocs\ci-esptpd\dashboard_pasar\system\CodeIgniter.php on line 936 and exactly 1 expected
#0 C:\xampp\htdocs\ci-esptpd\dashboard_pasar\system\CodeIgniter.php(936): App\Controllers\Dashboard->detail_pasar()
#1 C:\xampp\htdocs\ci-esptpd\dashboard_pasar\system\CodeIgniter.php(432): CodeIgniter\CodeIgniter->runController(Object(App\Controllers\Dashboard))
#2 C:\xampp\htdocs\ci-esptpd\dashboard_pasar\system\CodeIgniter.php(333): CodeIgniter\CodeIgniter->handleRequest(NULL, Object(Config\Cache), false)
#3 C:\xampp\htdocs\ci-esptpd\dashboard_pasar\index.php(43): CodeIgniter\CodeIgniter->run()
#4 {main}
CRITICAL - 2023-12-06 10:03:59 --> Too few arguments to function App\Controllers\Dashboard::detail_pasar(), 0 passed in C:\xampp\htdocs\ci-esptpd\dashboard_pasar\system\CodeIgniter.php on line 936 and exactly 1 expected
#0 C:\xampp\htdocs\ci-esptpd\dashboard_pasar\system\CodeIgniter.php(936): App\Controllers\Dashboard->detail_pasar()
#1 C:\xampp\htdocs\ci-esptpd\dashboard_pasar\system\CodeIgniter.php(432): CodeIgniter\CodeIgniter->runController(Object(App\Controllers\Dashboard))
#2 C:\xampp\htdocs\ci-esptpd\dashboard_pasar\system\CodeIgniter.php(333): CodeIgniter\CodeIgniter->handleRequest(NULL, Object(Config\Cache), false)
#3 C:\xampp\htdocs\ci-esptpd\dashboard_pasar\index.php(43): CodeIgniter\CodeIgniter->run()
#4 {main}
CRITICAL - 2023-12-06 10:04:02 --> Too few arguments to function App\Controllers\Dashboard::detail_pasar(), 0 passed in C:\xampp\htdocs\ci-esptpd\dashboard_pasar\system\CodeIgniter.php on line 936 and exactly 1 expected
#0 C:\xampp\htdocs\ci-esptpd\dashboard_pasar\system\CodeIgniter.php(936): App\Controllers\Dashboard->detail_pasar()
#1 C:\xampp\htdocs\ci-esptpd\dashboard_pasar\system\CodeIgniter.php(432): CodeIgniter\CodeIgniter->runController(Object(App\Controllers\Dashboard))
#2 C:\xampp\htdocs\ci-esptpd\dashboard_pasar\system\CodeIgniter.php(333): CodeIgniter\CodeIgniter->handleRequest(NULL, Object(Config\Cache), false)
#3 C:\xampp\htdocs\ci-esptpd\dashboard_pasar\index.php(43): CodeIgniter\CodeIgniter->run()
#4 {main}
CRITICAL - 2023-12-06 10:04:17 --> Too few arguments to function App\Controllers\Dashboard::detail_pasar(), 0 passed in C:\xampp\htdocs\ci-esptpd\dashboard_pasar\system\CodeIgniter.php on line 936 and exactly 1 expected
#0 C:\xampp\htdocs\ci-esptpd\dashboard_pasar\system\CodeIgniter.php(936): App\Controllers\Dashboard->detail_pasar()
#1 C:\xampp\htdocs\ci-esptpd\dashboard_pasar\system\CodeIgniter.php(432): CodeIgniter\CodeIgniter->runController(Object(App\Controllers\Dashboard))
#2 C:\xampp\htdocs\ci-esptpd\dashboard_pasar\system\CodeIgniter.php(333): CodeIgniter\CodeIgniter->handleRequest(NULL, Object(Config\Cache), false)
#3 C:\xampp\htdocs\ci-esptpd\dashboard_pasar\index.php(43): CodeIgniter\CodeIgniter->run()
#4 {main}
CRITICAL - 2023-12-06 10:04:20 --> Too few arguments to function App\Controllers\Dashboard::detail_pasar(), 0 passed in C:\xampp\htdocs\ci-esptpd\dashboard_pasar\system\CodeIgniter.php on line 936 and exactly 1 expected
#0 C:\xampp\htdocs\ci-esptpd\dashboard_pasar\system\CodeIgniter.php(936): App\Controllers\Dashboard->detail_pasar()
#1 C:\xampp\htdocs\ci-esptpd\dashboard_pasar\system\CodeIgniter.php(432): CodeIgniter\CodeIgniter->runController(Object(App\Controllers\Dashboard))
#2 C:\xampp\htdocs\ci-esptpd\dashboard_pasar\system\CodeIgniter.php(333): CodeIgniter\CodeIgniter->handleRequest(NULL, Object(Config\Cache), false)
#3 C:\xampp\htdocs\ci-esptpd\dashboard_pasar\index.php(43): CodeIgniter\CodeIgniter->run()
#4 {main}
