CRITICAL - 2021-07-07 23:40:39 --> Undefined variable: namakategori
#0 C:\Users\dbi\Downloads\Compressed\pointofsales ci4_2\pointofsales ci4\ci4-pos\app\Views\hotel\modalformedit.php(16): CodeIgniter\Debug\Exceptions->errorHandler(8, 'Undefined varia...', 'C:\\Users\\dbi\\Do...', 16, Array)
#1 C:\Users\dbi\Downloads\Compressed\pointofsales ci4_2\pointofsales ci4\ci4-pos\system\View\View.php(220): include('C:\\Users\\dbi\\Do...')
#2 C:\Users\dbi\Downloads\Compressed\pointofsales ci4_2\pointofsales ci4\ci4-pos\system\View\View.php(222): CodeIgniter\View\View->CodeIgniter\View\{closure}()
#3 C:\Users\dbi\Downloads\Compressed\pointofsales ci4_2\pointofsales ci4\ci4-pos\system\Common.php(1217): CodeIgniter\View\View->render('hotel/modalform...', Array, true)
#4 C:\Users\dbi\Downloads\Compressed\pointofsales ci4_2\pointofsales ci4\ci4-pos\app\Controllers\Hotel.php(106): view('hotel/modalform...', Array)
#5 C:\Users\dbi\Downloads\Compressed\pointofsales ci4_2\pointofsales ci4\ci4-pos\system\CodeIgniter.php(936): App\Controllers\Hotel->formEdit()
#6 C:\Users\dbi\Downloads\Compressed\pointofsales ci4_2\pointofsales ci4\ci4-pos\system\CodeIgniter.php(432): CodeIgniter\CodeIgniter->runController(Object(App\Controllers\Hotel))
#7 C:\Users\dbi\Downloads\Compressed\pointofsales ci4_2\pointofsales ci4\ci4-pos\system\CodeIgniter.php(333): CodeIgniter\CodeIgniter->handleRequest(NULL, Object(Config\Cache), false)
#8 C:\Users\dbi\Downloads\Compressed\pointofsales ci4_2\pointofsales ci4\ci4-pos\public\index.php(44): CodeIgniter\CodeIgniter->run()
#9 C:\Users\dbi\Downloads\Compressed\pointofsales ci4_2\pointofsales ci4\ci4-pos\system\Commands\Server\rewrite.php(45): require_once('C:\\Users\\dbi\\Do...')
#10 {main}
CRITICAL - 2021-07-07 23:41:23 --> Undefined variable: namakategori
#0 C:\Users\dbi\Downloads\Compressed\pointofsales ci4_2\pointofsales ci4\ci4-pos\app\Views\hotel\modalformedit.php(16): CodeIgniter\Debug\Exceptions->errorHandler(8, 'Undefined varia...', 'C:\\Users\\dbi\\Do...', 16, Array)
#1 C:\Users\dbi\Downloads\Compressed\pointofsales ci4_2\pointofsales ci4\ci4-pos\system\View\View.php(220): include('C:\\Users\\dbi\\Do...')
#2 C:\Users\dbi\Downloads\Compressed\pointofsales ci4_2\pointofsales ci4\ci4-pos\system\View\View.php(222): CodeIgniter\View\View->CodeIgniter\View\{closure}()
#3 C:\Users\dbi\Downloads\Compressed\pointofsales ci4_2\pointofsales ci4\ci4-pos\system\Common.php(1217): CodeIgniter\View\View->render('hotel/modalform...', Array, true)
#4 C:\Users\dbi\Downloads\Compressed\pointofsales ci4_2\pointofsales ci4\ci4-pos\app\Controllers\Hotel.php(106): view('hotel/modalform...', Array)
#5 C:\Users\dbi\Downloads\Compressed\pointofsales ci4_2\pointofsales ci4\ci4-pos\system\CodeIgniter.php(936): App\Controllers\Hotel->formEdit()
#6 C:\Users\dbi\Downloads\Compressed\pointofsales ci4_2\pointofsales ci4\ci4-pos\system\CodeIgniter.php(432): CodeIgniter\CodeIgniter->runController(Object(App\Controllers\Hotel))
#7 C:\Users\dbi\Downloads\Compressed\pointofsales ci4_2\pointofsales ci4\ci4-pos\system\CodeIgniter.php(333): CodeIgniter\CodeIgniter->handleRequest(NULL, Object(Config\Cache), false)
#8 C:\Users\dbi\Downloads\Compressed\pointofsales ci4_2\pointofsales ci4\ci4-pos\public\index.php(44): CodeIgniter\CodeIgniter->run()
#9 C:\Users\dbi\Downloads\Compressed\pointofsales ci4_2\pointofsales ci4\ci4-pos\system\Commands\Server\rewrite.php(45): require_once('C:\\Users\\dbi\\Do...')
#10 {main}
