CRITICAL - 2021-10-14 06:18:01 --> Too few arguments to function App\Controllers\Hotel::updatepotensi(), 0 passed in E:\adon\Application\Epotensi-Batu\system\CodeIgniter.php on line 936 and exactly 1 expected
#0 E:\adon\Application\Epotensi-Batu\system\CodeIgniter.php(936): App\Controllers\Hotel->updatepotensi()
#1 E:\adon\Application\Epotensi-Batu\system\CodeIgniter.php(432): CodeIgniter\CodeIgniter->runController(Object(App\Controllers\Hotel))
#2 E:\adon\Application\Epotensi-Batu\system\CodeIgniter.php(333): CodeIgniter\CodeIgniter->handleRequest(NULL, Object(Config\Cache), false)
#3 E:\adon\Application\Epotensi-Batu\public\index.php(44): CodeIgniter\CodeIgniter->run()
#4 E:\adon\Application\Epotensi-Batu\system\Commands\Server\rewrite.php(45): require_once('E:\\adon\\Applica...')
#5 {main}
CRITICAL - 2021-10-14 06:26:14 --> Undefined variable: idhotel
#0 E:\adon\Application\Epotensi-Batu\app\Views\hotel\editpotensi.php(21): CodeIgniter\Debug\Exceptions->errorHandler(8, 'Undefined varia...', 'E:\\adon\\Applica...', 21, Array)
#1 E:\adon\Application\Epotensi-Batu\system\View\View.php(220): include('E:\\adon\\Applica...')
#2 E:\adon\Application\Epotensi-Batu\system\View\View.php(222): CodeIgniter\View\View->CodeIgniter\View\{closure}()
#3 E:\adon\Application\Epotensi-Batu\system\Common.php(1217): CodeIgniter\View\View->render('hotel/editpoten...', Array, true)
#4 E:\adon\Application\Epotensi-Batu\app\Controllers\Hotel.php(232): view('hotel/editpoten...', Array)
#5 E:\adon\Application\Epotensi-Batu\system\CodeIgniter.php(936): App\Controllers\Hotel->editpotensi('41')
#6 E:\adon\Application\Epotensi-Batu\system\CodeIgniter.php(432): CodeIgniter\CodeIgniter->runController(Object(App\Controllers\Hotel))
#7 E:\adon\Application\Epotensi-Batu\system\CodeIgniter.php(333): CodeIgniter\CodeIgniter->handleRequest(NULL, Object(Config\Cache), false)
#8 E:\adon\Application\Epotensi-Batu\public\index.php(44): CodeIgniter\CodeIgniter->run()
#9 E:\adon\Application\Epotensi-Batu\system\Commands\Server\rewrite.php(45): require_once('E:\\adon\\Applica...')
#10 {main}
CRITICAL - 2021-10-14 07:27:49 --> Too few arguments to function App\Controllers\Hotel::updatepotensi(), 0 passed in E:\adon\Application\Epotensi-Batu\system\CodeIgniter.php on line 936 and exactly 1 expected
#0 E:\adon\Application\Epotensi-Batu\system\CodeIgniter.php(936): App\Controllers\Hotel->updatepotensi()
#1 E:\adon\Application\Epotensi-Batu\system\CodeIgniter.php(432): CodeIgniter\CodeIgniter->runController(Object(App\Controllers\Hotel))
#2 E:\adon\Application\Epotensi-Batu\system\CodeIgniter.php(333): CodeIgniter\CodeIgniter->handleRequest(NULL, Object(Config\Cache), false)
#3 E:\adon\Application\Epotensi-Batu\public\index.php(44): CodeIgniter\CodeIgniter->run()
#4 E:\adon\Application\Epotensi-Batu\system\Commands\Server\rewrite.php(45): require_once('E:\\adon\\Applica...')
#5 {main}
CRITICAL - 2021-10-14 07:34:38 --> syntax error, unexpected '?>', expecting ')'
#0 E:\adon\Application\Epotensi-Batu\system\View\View.php(222): CodeIgniter\View\View->CodeIgniter\View\{closure}()
#1 E:\adon\Application\Epotensi-Batu\system\Common.php(1217): CodeIgniter\View\View->render('hotel/editpoten...', Array, true)
#2 E:\adon\Application\Epotensi-Batu\app\Controllers\Hotel.php(232): view('hotel/editpoten...', Array)
#3 E:\adon\Application\Epotensi-Batu\system\CodeIgniter.php(936): App\Controllers\Hotel->editpotensi('46')
#4 E:\adon\Application\Epotensi-Batu\system\CodeIgniter.php(432): CodeIgniter\CodeIgniter->runController(Object(App\Controllers\Hotel))
#5 E:\adon\Application\Epotensi-Batu\system\CodeIgniter.php(333): CodeIgniter\CodeIgniter->handleRequest(NULL, Object(Config\Cache), false)
#6 E:\adon\Application\Epotensi-Batu\public\index.php(44): CodeIgniter\CodeIgniter->run()
#7 E:\adon\Application\Epotensi-Batu\system\Commands\Server\rewrite.php(45): require_once('E:\\adon\\Applica...')
#8 {main}
CRITICAL - 2021-10-14 07:34:43 --> syntax error, unexpected '?>', expecting ')'
#0 E:\adon\Application\Epotensi-Batu\system\View\View.php(222): CodeIgniter\View\View->CodeIgniter\View\{closure}()
#1 E:\adon\Application\Epotensi-Batu\system\Common.php(1217): CodeIgniter\View\View->render('hotel/editpoten...', Array, true)
#2 E:\adon\Application\Epotensi-Batu\app\Controllers\Hotel.php(232): view('hotel/editpoten...', Array)
#3 E:\adon\Application\Epotensi-Batu\system\CodeIgniter.php(936): App\Controllers\Hotel->editpotensi('45')
#4 E:\adon\Application\Epotensi-Batu\system\CodeIgniter.php(432): CodeIgniter\CodeIgniter->runController(Object(App\Controllers\Hotel))
#5 E:\adon\Application\Epotensi-Batu\system\CodeIgniter.php(333): CodeIgniter\CodeIgniter->handleRequest(NULL, Object(Config\Cache), false)
#6 E:\adon\Application\Epotensi-Batu\public\index.php(44): CodeIgniter\CodeIgniter->run()
#7 E:\adon\Application\Epotensi-Batu\system\Commands\Server\rewrite.php(45): require_once('E:\\adon\\Applica...')
#8 {main}
CRITICAL - 2021-10-14 07:35:00 --> syntax error, unexpected '?>', expecting ')'
#0 E:\adon\Application\Epotensi-Batu\system\View\View.php(222): CodeIgniter\View\View->CodeIgniter\View\{closure}()
#1 E:\adon\Application\Epotensi-Batu\system\Common.php(1217): CodeIgniter\View\View->render('hotel/editpoten...', Array, true)
#2 E:\adon\Application\Epotensi-Batu\app\Controllers\Hotel.php(232): view('hotel/editpoten...', Array)
#3 E:\adon\Application\Epotensi-Batu\system\CodeIgniter.php(936): App\Controllers\Hotel->editpotensi('46')
#4 E:\adon\Application\Epotensi-Batu\system\CodeIgniter.php(432): CodeIgniter\CodeIgniter->runController(Object(App\Controllers\Hotel))
#5 E:\adon\Application\Epotensi-Batu\system\CodeIgniter.php(333): CodeIgniter\CodeIgniter->handleRequest(NULL, Object(Config\Cache), false)
#6 E:\adon\Application\Epotensi-Batu\public\index.php(44): CodeIgniter\CodeIgniter->run()
#7 E:\adon\Application\Epotensi-Batu\system\Commands\Server\rewrite.php(45): require_once('E:\\adon\\Applica...')
#8 {main}
CRITICAL - 2021-10-14 07:35:20 --> Call to undefined function getPotensi()
#0 E:\adon\Application\Epotensi-Batu\system\View\View.php(220): include()
#1 E:\adon\Application\Epotensi-Batu\system\View\View.php(222): CodeIgniter\View\View->CodeIgniter\View\{closure}()
#2 E:\adon\Application\Epotensi-Batu\system\Common.php(1217): CodeIgniter\View\View->render('hotel/editpoten...', Array, true)
#3 E:\adon\Application\Epotensi-Batu\app\Controllers\Hotel.php(232): view('hotel/editpoten...', Array)
#4 E:\adon\Application\Epotensi-Batu\system\CodeIgniter.php(936): App\Controllers\Hotel->editpotensi('45')
#5 E:\adon\Application\Epotensi-Batu\system\CodeIgniter.php(432): CodeIgniter\CodeIgniter->runController(Object(App\Controllers\Hotel))
#6 E:\adon\Application\Epotensi-Batu\system\CodeIgniter.php(333): CodeIgniter\CodeIgniter->handleRequest(NULL, Object(Config\Cache), false)
#7 E:\adon\Application\Epotensi-Batu\public\index.php(44): CodeIgniter\CodeIgniter->run()
#8 E:\adon\Application\Epotensi-Batu\system\Commands\Server\rewrite.php(45): require_once('E:\\adon\\Applica...')
#9 {main}
CRITICAL - 2021-10-14 07:52:08 --> Too few arguments to function App\Controllers\Hotel::updatepotensi(), 0 passed in E:\adon\Application\Epotensi-Batu\system\CodeIgniter.php on line 936 and exactly 1 expected
#0 E:\adon\Application\Epotensi-Batu\system\CodeIgniter.php(936): App\Controllers\Hotel->updatepotensi()
#1 E:\adon\Application\Epotensi-Batu\system\CodeIgniter.php(432): CodeIgniter\CodeIgniter->runController(Object(App\Controllers\Hotel))
#2 E:\adon\Application\Epotensi-Batu\system\CodeIgniter.php(333): CodeIgniter\CodeIgniter->handleRequest(NULL, Object(Config\Cache), false)
#3 E:\adon\Application\Epotensi-Batu\public\index.php(44): CodeIgniter\CodeIgniter->run()
#4 E:\adon\Application\Epotensi-Batu\system\Commands\Server\rewrite.php(45): require_once('E:\\adon\\Applica...')
#5 {main}
ERROR - 2021-10-14 22:32:21 --> Error connecting to the database: Access denied for user ''@'localhost' (using password: NO)
CRITICAL - 2021-10-14 22:32:21 --> Unable to connect to the database.
#0 E:\adon\Application\Epotensi-Batu\system\Database\BaseConnection.php(618): CodeIgniter\Database\BaseConnection->initialize()
#1 E:\adon\Application\Epotensi-Batu\system\Database\BaseBuilder.php(1866): CodeIgniter\Database\BaseConnection->query('SELECT *\nFROM `...', Array, false)
#2 E:\adon\Application\Epotensi-Batu\system\Model.php(169): CodeIgniter\Database\BaseBuilder->get()
#3 E:\adon\Application\Epotensi-Batu\system\BaseModel.php(518): CodeIgniter\Model->doFind(true, '17')
#4 E:\adon\Application\Epotensi-Batu\vendor\myth\auth\src\Authentication\AuthenticationBase.php(137): CodeIgniter\BaseModel->find('17')
#5 E:\adon\Application\Epotensi-Batu\vendor\myth\auth\src\Authentication\LocalAuthenticator.php(70): Myth\Auth\Authentication\AuthenticationBase->isLoggedIn()
#6 E:\adon\Application\Epotensi-Batu\vendor\myth\auth\src\Filters\LoginFilter.php(45): Myth\Auth\Authentication\LocalAuthenticator->check()
#7 E:\adon\Application\Epotensi-Batu\system\Filters\Filters.php(181): Myth\Auth\Filters\LoginFilter->before(Object(CodeIgniter\HTTP\IncomingRequest), NULL)
#8 E:\adon\Application\Epotensi-Batu\system\CodeIgniter.php(403): CodeIgniter\Filters\Filters->run('hotel/index', 'before')
#9 E:\adon\Application\Epotensi-Batu\system\CodeIgniter.php(333): CodeIgniter\CodeIgniter->handleRequest(NULL, Object(Config\Cache), false)
#10 E:\adon\Application\Epotensi-Batu\public\index.php(44): CodeIgniter\CodeIgniter->run()
#11 E:\adon\Application\Epotensi-Batu\system\Commands\Server\rewrite.php(45): require_once('E:\\adon\\Applica...')
#12 {main}
CRITICAL - 2021-10-14 22:42:44 --> Class 'CodeIgniter\Database\oci8\Connection' not found
#0 E:\adon\Application\Epotensi-Batu\system\Database\Database.php(69): CodeIgniter\Database\Database->initDriver('oci8', 'CodeIgniter\\Dat...', Array)
#1 E:\adon\Application\Epotensi-Batu\system\Database\Config.php(87): CodeIgniter\Database\Database->load(Array, 'default')
#2 E:\adon\Application\Epotensi-Batu\system\Model.php(111): CodeIgniter\Database\Config::connect('default')
#3 E:\adon\Application\Epotensi-Batu\system\Config\Factories.php(114): CodeIgniter\Model->__construct(NULL)
#4 E:\adon\Application\Epotensi-Batu\system\Common.php(847): CodeIgniter\Config\Factories::__callStatic('models', Array)
#5 E:\adon\Application\Epotensi-Batu\vendor\myth\auth\src\Config\Services.php(27): model('Myth\\Auth\\Model...')
#6 E:\adon\Application\Epotensi-Batu\system\Config\BaseService.php(100): Myth\Auth\Config\Services::authentication('local', NULL, NULL, false)
#7 E:\adon\Application\Epotensi-Batu\vendor\myth\auth\src\Config\Services.php(24): CodeIgniter\Config\BaseService::getSharedInstance('authentication', 'local', NULL, NULL)
#8 E:\adon\Application\Epotensi-Batu\system\Config\BaseService.php(171): Myth\Auth\Config\Services::authentication()
#9 E:\adon\Application\Epotensi-Batu\system\Common.php(1030): CodeIgniter\Config\BaseService::__callStatic('authentication', Array)
#10 E:\adon\Application\Epotensi-Batu\vendor\myth\auth\src\Filters\LoginFilter.php(44): service('authentication')
#11 E:\adon\Application\Epotensi-Batu\system\Filters\Filters.php(181): Myth\Auth\Filters\LoginFilter->before(Object(CodeIgniter\HTTP\IncomingRequest), NULL)
#12 E:\adon\Application\Epotensi-Batu\system\CodeIgniter.php(403): CodeIgniter\Filters\Filters->run('restoran/index', 'before')
#13 E:\adon\Application\Epotensi-Batu\system\CodeIgniter.php(333): CodeIgniter\CodeIgniter->handleRequest(NULL, Object(Config\Cache), false)
#14 E:\adon\Application\Epotensi-Batu\public\index.php(44): CodeIgniter\CodeIgniter->run()
#15 E:\adon\Application\Epotensi-Batu\system\Commands\Server\rewrite.php(45): require_once('E:\\adon\\Applica...')
#16 {main}
CRITICAL - 2021-10-14 22:42:46 --> Class 'CodeIgniter\Database\oci8\Connection' not found
#0 E:\adon\Application\Epotensi-Batu\system\Database\Database.php(69): CodeIgniter\Database\Database->initDriver('oci8', 'CodeIgniter\\Dat...', Array)
#1 E:\adon\Application\Epotensi-Batu\system\Database\Config.php(87): CodeIgniter\Database\Database->load(Array, 'default')
#2 E:\adon\Application\Epotensi-Batu\system\Model.php(111): CodeIgniter\Database\Config::connect('default')
#3 E:\adon\Application\Epotensi-Batu\system\Config\Factories.php(114): CodeIgniter\Model->__construct(NULL)
#4 E:\adon\Application\Epotensi-Batu\system\Common.php(847): CodeIgniter\Config\Factories::__callStatic('models', Array)
#5 E:\adon\Application\Epotensi-Batu\vendor\myth\auth\src\Config\Services.php(27): model('Myth\\Auth\\Model...')
#6 E:\adon\Application\Epotensi-Batu\system\Config\BaseService.php(100): Myth\Auth\Config\Services::authentication('local', NULL, NULL, false)
#7 E:\adon\Application\Epotensi-Batu\vendor\myth\auth\src\Config\Services.php(24): CodeIgniter\Config\BaseService::getSharedInstance('authentication', 'local', NULL, NULL)
#8 E:\adon\Application\Epotensi-Batu\system\Config\BaseService.php(171): Myth\Auth\Config\Services::authentication()
#9 E:\adon\Application\Epotensi-Batu\system\Common.php(1030): CodeIgniter\Config\BaseService::__callStatic('authentication', Array)
#10 E:\adon\Application\Epotensi-Batu\vendor\myth\auth\src\Filters\LoginFilter.php(44): service('authentication')
#11 E:\adon\Application\Epotensi-Batu\system\Filters\Filters.php(181): Myth\Auth\Filters\LoginFilter->before(Object(CodeIgniter\HTTP\IncomingRequest), NULL)
#12 E:\adon\Application\Epotensi-Batu\system\CodeIgniter.php(403): CodeIgniter\Filters\Filters->run('hotel/index', 'before')
#13 E:\adon\Application\Epotensi-Batu\system\CodeIgniter.php(333): CodeIgniter\CodeIgniter->handleRequest(NULL, Object(Config\Cache), false)
#14 E:\adon\Application\Epotensi-Batu\public\index.php(44): CodeIgniter\CodeIgniter->run()
#15 E:\adon\Application\Epotensi-Batu\system\Commands\Server\rewrite.php(45): require_once('E:\\adon\\Applica...')
#16 {main}
CRITICAL - 2021-10-14 22:42:54 --> Class 'CodeIgniter\Database\oci8\Connection' not found
#0 E:\adon\Application\Epotensi-Batu\system\Database\Database.php(69): CodeIgniter\Database\Database->initDriver('oci8', 'CodeIgniter\\Dat...', Array)
#1 E:\adon\Application\Epotensi-Batu\system\Database\Config.php(87): CodeIgniter\Database\Database->load(Array, 'default')
#2 E:\adon\Application\Epotensi-Batu\system\Model.php(111): CodeIgniter\Database\Config::connect('default')
#3 E:\adon\Application\Epotensi-Batu\system\Config\Factories.php(114): CodeIgniter\Model->__construct(NULL)
#4 E:\adon\Application\Epotensi-Batu\system\Common.php(847): CodeIgniter\Config\Factories::__callStatic('models', Array)
#5 E:\adon\Application\Epotensi-Batu\vendor\myth\auth\src\Config\Services.php(27): model('Myth\\Auth\\Model...')
#6 E:\adon\Application\Epotensi-Batu\system\Config\BaseService.php(100): Myth\Auth\Config\Services::authentication('local', NULL, NULL, false)
#7 E:\adon\Application\Epotensi-Batu\vendor\myth\auth\src\Config\Services.php(24): CodeIgniter\Config\BaseService::getSharedInstance('authentication', 'local', NULL, NULL)
#8 E:\adon\Application\Epotensi-Batu\system\Config\BaseService.php(171): Myth\Auth\Config\Services::authentication()
#9 E:\adon\Application\Epotensi-Batu\system\Common.php(1030): CodeIgniter\Config\BaseService::__callStatic('authentication', Array)
#10 E:\adon\Application\Epotensi-Batu\vendor\myth\auth\src\Filters\LoginFilter.php(44): service('authentication')
#11 E:\adon\Application\Epotensi-Batu\system\Filters\Filters.php(181): Myth\Auth\Filters\LoginFilter->before(Object(CodeIgniter\HTTP\IncomingRequest), NULL)
#12 E:\adon\Application\Epotensi-Batu\system\CodeIgniter.php(403): CodeIgniter\Filters\Filters->run('/', 'before')
#13 E:\adon\Application\Epotensi-Batu\system\CodeIgniter.php(333): CodeIgniter\CodeIgniter->handleRequest(NULL, Object(Config\Cache), false)
#14 E:\adon\Application\Epotensi-Batu\public\index.php(44): CodeIgniter\CodeIgniter->run()
#15 E:\adon\Application\Epotensi-Batu\system\Commands\Server\rewrite.php(45): require_once('E:\\adon\\Applica...')
#16 {main}
CRITICAL - 2021-10-14 22:43:26 --> Class 'CodeIgniter\Database\oci12\Connection' not found
#0 E:\adon\Application\Epotensi-Batu\system\Database\Database.php(69): CodeIgniter\Database\Database->initDriver('oci12', 'CodeIgniter\\Dat...', Array)
#1 E:\adon\Application\Epotensi-Batu\system\Database\Config.php(87): CodeIgniter\Database\Database->load(Array, 'default')
#2 E:\adon\Application\Epotensi-Batu\system\Model.php(111): CodeIgniter\Database\Config::connect('default')
#3 E:\adon\Application\Epotensi-Batu\system\Config\Factories.php(114): CodeIgniter\Model->__construct(NULL)
#4 E:\adon\Application\Epotensi-Batu\system\Common.php(847): CodeIgniter\Config\Factories::__callStatic('models', Array)
#5 E:\adon\Application\Epotensi-Batu\vendor\myth\auth\src\Config\Services.php(27): model('Myth\\Auth\\Model...')
#6 E:\adon\Application\Epotensi-Batu\system\Config\BaseService.php(100): Myth\Auth\Config\Services::authentication('local', NULL, NULL, false)
#7 E:\adon\Application\Epotensi-Batu\vendor\myth\auth\src\Config\Services.php(24): CodeIgniter\Config\BaseService::getSharedInstance('authentication', 'local', NULL, NULL)
#8 E:\adon\Application\Epotensi-Batu\system\Config\BaseService.php(171): Myth\Auth\Config\Services::authentication()
#9 E:\adon\Application\Epotensi-Batu\system\Common.php(1030): CodeIgniter\Config\BaseService::__callStatic('authentication', Array)
#10 E:\adon\Application\Epotensi-Batu\vendor\myth\auth\src\Filters\LoginFilter.php(44): service('authentication')
#11 E:\adon\Application\Epotensi-Batu\system\Filters\Filters.php(181): Myth\Auth\Filters\LoginFilter->before(Object(CodeIgniter\HTTP\IncomingRequest), NULL)
#12 E:\adon\Application\Epotensi-Batu\system\CodeIgniter.php(403): CodeIgniter\Filters\Filters->run('/', 'before')
#13 E:\adon\Application\Epotensi-Batu\system\CodeIgniter.php(333): CodeIgniter\CodeIgniter->handleRequest(NULL, Object(Config\Cache), false)
#14 E:\adon\Application\Epotensi-Batu\public\index.php(44): CodeIgniter\CodeIgniter->run()
#15 E:\adon\Application\Epotensi-Batu\system\Commands\Server\rewrite.php(45): require_once('E:\\adon\\Applica...')
#16 {main}
CRITICAL - 2021-10-14 22:43:32 --> Class 'CodeIgniter\Database\oci12\Connection' not found
#0 E:\adon\Application\Epotensi-Batu\system\Database\Database.php(69): CodeIgniter\Database\Database->initDriver('oci12', 'CodeIgniter\\Dat...', Array)
#1 E:\adon\Application\Epotensi-Batu\system\Database\Config.php(87): CodeIgniter\Database\Database->load(Array, 'default')
#2 E:\adon\Application\Epotensi-Batu\system\Model.php(111): CodeIgniter\Database\Config::connect('default')
#3 E:\adon\Application\Epotensi-Batu\system\Config\Factories.php(114): CodeIgniter\Model->__construct(NULL)
#4 E:\adon\Application\Epotensi-Batu\system\Common.php(847): CodeIgniter\Config\Factories::__callStatic('models', Array)
#5 E:\adon\Application\Epotensi-Batu\vendor\myth\auth\src\Config\Services.php(27): model('Myth\\Auth\\Model...')
#6 E:\adon\Application\Epotensi-Batu\system\Config\BaseService.php(100): Myth\Auth\Config\Services::authentication('local', NULL, NULL, false)
#7 E:\adon\Application\Epotensi-Batu\vendor\myth\auth\src\Config\Services.php(24): CodeIgniter\Config\BaseService::getSharedInstance('authentication', 'local', NULL, NULL)
#8 E:\adon\Application\Epotensi-Batu\system\Config\BaseService.php(171): Myth\Auth\Config\Services::authentication()
#9 E:\adon\Application\Epotensi-Batu\system\Common.php(1030): CodeIgniter\Config\BaseService::__callStatic('authentication', Array)
#10 E:\adon\Application\Epotensi-Batu\vendor\myth\auth\src\Filters\LoginFilter.php(44): service('authentication')
#11 E:\adon\Application\Epotensi-Batu\system\Filters\Filters.php(181): Myth\Auth\Filters\LoginFilter->before(Object(CodeIgniter\HTTP\IncomingRequest), NULL)
#12 E:\adon\Application\Epotensi-Batu\system\CodeIgniter.php(403): CodeIgniter\Filters\Filters->run('/', 'before')
#13 E:\adon\Application\Epotensi-Batu\system\CodeIgniter.php(333): CodeIgniter\CodeIgniter->handleRequest(NULL, Object(Config\Cache), false)
#14 E:\adon\Application\Epotensi-Batu\public\index.php(44): CodeIgniter\CodeIgniter->run()
#15 E:\adon\Application\Epotensi-Batu\system\Commands\Server\rewrite.php(45): require_once('E:\\adon\\Applica...')
#16 {main}
CRITICAL - 2021-10-14 22:44:22 --> Class 'CodeIgniter\Database\oci8\Connection' not found
#0 E:\adon\Application\Epotensi-Batu\system\Database\Database.php(69): CodeIgniter\Database\Database->initDriver('oci8', 'CodeIgniter\\Dat...', Array)
#1 E:\adon\Application\Epotensi-Batu\system\Database\Config.php(87): CodeIgniter\Database\Database->load(Array, 'default')
#2 E:\adon\Application\Epotensi-Batu\system\Model.php(111): CodeIgniter\Database\Config::connect('default')
#3 E:\adon\Application\Epotensi-Batu\system\Config\Factories.php(114): CodeIgniter\Model->__construct(NULL)
#4 E:\adon\Application\Epotensi-Batu\system\Common.php(847): CodeIgniter\Config\Factories::__callStatic('models', Array)
#5 E:\adon\Application\Epotensi-Batu\vendor\myth\auth\src\Config\Services.php(27): model('Myth\\Auth\\Model...')
#6 E:\adon\Application\Epotensi-Batu\system\Config\BaseService.php(100): Myth\Auth\Config\Services::authentication('local', NULL, NULL, false)
#7 E:\adon\Application\Epotensi-Batu\vendor\myth\auth\src\Config\Services.php(24): CodeIgniter\Config\BaseService::getSharedInstance('authentication', 'local', NULL, NULL)
#8 E:\adon\Application\Epotensi-Batu\system\Config\BaseService.php(171): Myth\Auth\Config\Services::authentication()
#9 E:\adon\Application\Epotensi-Batu\system\Common.php(1030): CodeIgniter\Config\BaseService::__callStatic('authentication', Array)
#10 E:\adon\Application\Epotensi-Batu\vendor\myth\auth\src\Filters\LoginFilter.php(44): service('authentication')
#11 E:\adon\Application\Epotensi-Batu\system\Filters\Filters.php(181): Myth\Auth\Filters\LoginFilter->before(Object(CodeIgniter\HTTP\IncomingRequest), NULL)
#12 E:\adon\Application\Epotensi-Batu\system\CodeIgniter.php(403): CodeIgniter\Filters\Filters->run('/', 'before')
#13 E:\adon\Application\Epotensi-Batu\system\CodeIgniter.php(333): CodeIgniter\CodeIgniter->handleRequest(NULL, Object(Config\Cache), false)
#14 E:\adon\Application\Epotensi-Batu\public\index.php(44): CodeIgniter\CodeIgniter->run()
#15 E:\adon\Application\Epotensi-Batu\system\Commands\Server\rewrite.php(45): require_once('E:\\adon\\Applica...')
#16 {main}
