CRITICAL - 2023-12-22 10:41:18 --> Too few arguments to function App\Controllers\Dashboard::detail_pasar(), 1 passed in C:\xampp\htdocs\ci-esptpd\dashboard_pasar\system\CodeIgniter.php on line 936 and exactly 3 expected
#0 C:\xampp\htdocs\ci-esptpd\dashboard_pasar\system\CodeIgniter.php(936): App\Controllers\Dashboard->detail_pasar('3')
#1 C:\xampp\htdocs\ci-esptpd\dashboard_pasar\system\CodeIgniter.php(432): CodeIgniter\CodeIgniter->runController(Object(App\Controllers\Dashboard))
#2 C:\xampp\htdocs\ci-esptpd\dashboard_pasar\system\CodeIgniter.php(333): CodeIgniter\CodeIgniter->handleRequest(NULL, Object(Config\Cache), false)
#3 C:\xampp\htdocs\ci-esptpd\dashboard_pasar\index.php(43): CodeIgniter\CodeIgniter->run()
#4 {main}
CRITICAL - 2023-12-22 10:41:27 --> Too few arguments to function App\Controllers\Dashboard::detail_pasar(), 1 passed in C:\xampp\htdocs\ci-esptpd\dashboard_pasar\system\CodeIgniter.php on line 936 and exactly 3 expected
#0 C:\xampp\htdocs\ci-esptpd\dashboard_pasar\system\CodeIgniter.php(936): App\Controllers\Dashboard->detail_pasar('3')
#1 C:\xampp\htdocs\ci-esptpd\dashboard_pasar\system\CodeIgniter.php(432): CodeIgniter\CodeIgniter->runController(Object(App\Controllers\Dashboard))
#2 C:\xampp\htdocs\ci-esptpd\dashboard_pasar\system\CodeIgniter.php(333): CodeIgniter\CodeIgniter->handleRequest(NULL, Object(Config\Cache), false)
#3 C:\xampp\htdocs\ci-esptpd\dashboard_pasar\index.php(43): CodeIgniter\CodeIgniter->run()
#4 {main}
CRITICAL - 2023-12-22 11:23:37 --> Too few arguments to function App\Controllers\Dashboard::detail_pasar(), 1 passed in C:\xampp\htdocs\ci-esptpd\dashboard_pasar\system\CodeIgniter.php on line 936 and exactly 3 expected
#0 C:\xampp\htdocs\ci-esptpd\dashboard_pasar\system\CodeIgniter.php(936): App\Controllers\Dashboard->detail_pasar('4')
#1 C:\xampp\htdocs\ci-esptpd\dashboard_pasar\system\CodeIgniter.php(432): CodeIgniter\CodeIgniter->runController(Object(App\Controllers\Dashboard))
#2 C:\xampp\htdocs\ci-esptpd\dashboard_pasar\system\CodeIgniter.php(333): CodeIgniter\CodeIgniter->handleRequest(NULL, Object(Config\Cache), false)
#3 C:\xampp\htdocs\ci-esptpd\dashboard_pasar\index.php(43): CodeIgniter\CodeIgniter->run()
#4 {main}
CRITICAL - 2023-12-22 11:23:39 --> Too few arguments to function App\Controllers\Dashboard::detail_pasar(), 1 passed in C:\xampp\htdocs\ci-esptpd\dashboard_pasar\system\CodeIgniter.php on line 936 and exactly 3 expected
#0 C:\xampp\htdocs\ci-esptpd\dashboard_pasar\system\CodeIgniter.php(936): App\Controllers\Dashboard->detail_pasar('5')
#1 C:\xampp\htdocs\ci-esptpd\dashboard_pasar\system\CodeIgniter.php(432): CodeIgniter\CodeIgniter->runController(Object(App\Controllers\Dashboard))
#2 C:\xampp\htdocs\ci-esptpd\dashboard_pasar\system\CodeIgniter.php(333): CodeIgniter\CodeIgniter->handleRequest(NULL, Object(Config\Cache), false)
#3 C:\xampp\htdocs\ci-esptpd\dashboard_pasar\index.php(43): CodeIgniter\CodeIgniter->run()
#4 {main}
CRITICAL - 2023-12-22 11:23:48 --> Too few arguments to function App\Controllers\Dashboard::detail_pasar(), 1 passed in C:\xampp\htdocs\ci-esptpd\dashboard_pasar\system\CodeIgniter.php on line 936 and exactly 3 expected
#0 C:\xampp\htdocs\ci-esptpd\dashboard_pasar\system\CodeIgniter.php(936): App\Controllers\Dashboard->detail_pasar('4')
#1 C:\xampp\htdocs\ci-esptpd\dashboard_pasar\system\CodeIgniter.php(432): CodeIgniter\CodeIgniter->runController(Object(App\Controllers\Dashboard))
#2 C:\xampp\htdocs\ci-esptpd\dashboard_pasar\system\CodeIgniter.php(333): CodeIgniter\CodeIgniter->handleRequest(NULL, Object(Config\Cache), false)
#3 C:\xampp\htdocs\ci-esptpd\dashboard_pasar\index.php(43): CodeIgniter\CodeIgniter->run()
#4 {main}
CRITICAL - 2023-12-22 11:23:50 --> Too few arguments to function App\Controllers\Dashboard::detail_pasar(), 1 passed in C:\xampp\htdocs\ci-esptpd\dashboard_pasar\system\CodeIgniter.php on line 936 and exactly 3 expected
#0 C:\xampp\htdocs\ci-esptpd\dashboard_pasar\system\CodeIgniter.php(936): App\Controllers\Dashboard->detail_pasar('3')
#1 C:\xampp\htdocs\ci-esptpd\dashboard_pasar\system\CodeIgniter.php(432): CodeIgniter\CodeIgniter->runController(Object(App\Controllers\Dashboard))
#2 C:\xampp\htdocs\ci-esptpd\dashboard_pasar\system\CodeIgniter.php(333): CodeIgniter\CodeIgniter->handleRequest(NULL, Object(Config\Cache), false)
#3 C:\xampp\htdocs\ci-esptpd\dashboard_pasar\index.php(43): CodeIgniter\CodeIgniter->run()
#4 {main}
CRITICAL - 2023-12-22 12:51:08 --> Too few arguments to function App\Controllers\Dashboard::detail_pasar(), 1 passed in C:\xampp\htdocs\ci-esptpd\dashboard_pasar\system\CodeIgniter.php on line 936 and exactly 3 expected
#0 C:\xampp\htdocs\ci-esptpd\dashboard_pasar\system\CodeIgniter.php(936): App\Controllers\Dashboard->detail_pasar('5')
#1 C:\xampp\htdocs\ci-esptpd\dashboard_pasar\system\CodeIgniter.php(432): CodeIgniter\CodeIgniter->runController(Object(App\Controllers\Dashboard))
#2 C:\xampp\htdocs\ci-esptpd\dashboard_pasar\system\CodeIgniter.php(333): CodeIgniter\CodeIgniter->handleRequest(NULL, Object(Config\Cache), false)
#3 C:\xampp\htdocs\ci-esptpd\dashboard_pasar\index.php(43): CodeIgniter\CodeIgniter->run()
#4 {main}
CRITICAL - 2023-12-22 12:51:10 --> Too few arguments to function App\Controllers\Dashboard::detail_pasar(), 1 passed in C:\xampp\htdocs\ci-esptpd\dashboard_pasar\system\CodeIgniter.php on line 936 and exactly 3 expected
#0 C:\xampp\htdocs\ci-esptpd\dashboard_pasar\system\CodeIgniter.php(936): App\Controllers\Dashboard->detail_pasar('3')
#1 C:\xampp\htdocs\ci-esptpd\dashboard_pasar\system\CodeIgniter.php(432): CodeIgniter\CodeIgniter->runController(Object(App\Controllers\Dashboard))
#2 C:\xampp\htdocs\ci-esptpd\dashboard_pasar\system\CodeIgniter.php(333): CodeIgniter\CodeIgniter->handleRequest(NULL, Object(Config\Cache), false)
#3 C:\xampp\htdocs\ci-esptpd\dashboard_pasar\index.php(43): CodeIgniter\CodeIgniter->run()
#4 {main}
CRITICAL - 2023-12-22 16:13:10 --> Too few arguments to function App\Controllers\Dashboard::detail_pasar(), 1 passed in C:\xampp\htdocs\ci-esptpd\dashboard_pasar\system\CodeIgniter.php on line 936 and exactly 3 expected
#0 C:\xampp\htdocs\ci-esptpd\dashboard_pasar\system\CodeIgniter.php(936): App\Controllers\Dashboard->detail_pasar('3')
#1 C:\xampp\htdocs\ci-esptpd\dashboard_pasar\system\CodeIgniter.php(432): CodeIgniter\CodeIgniter->runController(Object(App\Controllers\Dashboard))
#2 C:\xampp\htdocs\ci-esptpd\dashboard_pasar\system\CodeIgniter.php(333): CodeIgniter\CodeIgniter->handleRequest(NULL, Object(Config\Cache), false)
#3 C:\xampp\htdocs\ci-esptpd\dashboard_pasar\index.php(43): CodeIgniter\CodeIgniter->run()
#4 {main}
