ERROR - 2021-10-13 04:51:54 --> Error connecting to the database: Access denied for user ''@'localhost' (using password: NO)
CRITICAL - 2021-10-13 04:51:54 --> Unable to connect to the database.
#0 E:\adon\Application\Epotensi-Batu\system\Database\BaseConnection.php(618): CodeIgniter\Database\BaseConnection->initialize()
#1 E:\adon\Application\Epotensi-Batu\system\Database\BaseBuilder.php(1866): CodeIgniter\Database\BaseConnection->query('SELECT *\nFROM `...', Array, false)
#2 E:\adon\Application\Epotensi-Batu\system\Model.php(169): CodeIgniter\Database\BaseBuilder->get()
#3 E:\adon\Application\Epotensi-Batu\system\BaseModel.php(518): CodeIgniter\Model->doFind(true, '17')
#4 E:\adon\Application\Epotensi-Batu\vendor\myth\auth\src\Authentication\AuthenticationBase.php(137): CodeIgniter\BaseModel->find('17')
#5 E:\adon\Application\Epotensi-Batu\vendor\myth\auth\src\Authentication\LocalAuthenticator.php(70): Myth\Auth\Authentication\AuthenticationBase->isLoggedIn()
#6 E:\adon\Application\Epotensi-Batu\vendor\myth\auth\src\Filters\LoginFilter.php(45): Myth\Auth\Authentication\LocalAuthenticator->check()
#7 E:\adon\Application\Epotensi-Batu\system\Filters\Filters.php(181): Myth\Auth\Filters\LoginFilter->before(Object(CodeIgniter\HTTP\IncomingRequest), NULL)
#8 E:\adon\Application\Epotensi-Batu\system\CodeIgniter.php(403): CodeIgniter\Filters\Filters->run('hiburan/index', 'before')
#9 E:\adon\Application\Epotensi-Batu\system\CodeIgniter.php(333): CodeIgniter\CodeIgniter->handleRequest(NULL, Object(Config\Cache), false)
#10 E:\adon\Application\Epotensi-Batu\public\index.php(44): CodeIgniter\CodeIgniter->run()
#11 E:\adon\Application\Epotensi-Batu\system\Commands\Server\rewrite.php(45): require_once('E:\\adon\\Applica...')
#12 {main}
CRITICAL - 2021-10-13 08:24:25 --> Undefined variable: id
#0 E:\adon\Application\Epotensi-Batu\app\Controllers\Hotel.php(230): CodeIgniter\Debug\Exceptions->errorHandler(8, 'Undefined varia...', 'E:\\adon\\Applica...', 230, Array)
#1 E:\adon\Application\Epotensi-Batu\system\CodeIgniter.php(936): App\Controllers\Hotel->editpotensi('41')
#2 E:\adon\Application\Epotensi-Batu\system\CodeIgniter.php(432): CodeIgniter\CodeIgniter->runController(Object(App\Controllers\Hotel))
#3 E:\adon\Application\Epotensi-Batu\system\CodeIgniter.php(333): CodeIgniter\CodeIgniter->handleRequest(NULL, Object(Config\Cache), false)
#4 E:\adon\Application\Epotensi-Batu\public\index.php(44): CodeIgniter\CodeIgniter->run()
#5 E:\adon\Application\Epotensi-Batu\system\Commands\Server\rewrite.php(45): require_once('E:\\adon\\Applica...')
#6 {main}
CRITICAL - 2021-10-13 08:24:51 --> Undefined variable: datahotel
#0 E:\adon\Application\Epotensi-Batu\app\Views\hotel\editpotensi.php(21): CodeIgniter\Debug\Exceptions->errorHandler(8, 'Undefined varia...', 'E:\\adon\\Applica...', 21, Array)
#1 E:\adon\Application\Epotensi-Batu\system\View\View.php(220): include('E:\\adon\\Applica...')
#2 E:\adon\Application\Epotensi-Batu\system\View\View.php(222): CodeIgniter\View\View->CodeIgniter\View\{closure}()
#3 E:\adon\Application\Epotensi-Batu\system\Common.php(1217): CodeIgniter\View\View->render('hotel/editpoten...', Array, true)
#4 E:\adon\Application\Epotensi-Batu\app\Controllers\Hotel.php(232): view('hotel/editpoten...', Array)
#5 E:\adon\Application\Epotensi-Batu\system\CodeIgniter.php(936): App\Controllers\Hotel->editpotensi('41')
#6 E:\adon\Application\Epotensi-Batu\system\CodeIgniter.php(432): CodeIgniter\CodeIgniter->runController(Object(App\Controllers\Hotel))
#7 E:\adon\Application\Epotensi-Batu\system\CodeIgniter.php(333): CodeIgniter\CodeIgniter->handleRequest(NULL, Object(Config\Cache), false)
#8 E:\adon\Application\Epotensi-Batu\public\index.php(44): CodeIgniter\CodeIgniter->run()
#9 E:\adon\Application\Epotensi-Batu\system\Commands\Server\rewrite.php(45): require_once('E:\\adon\\Applica...')
#10 {main}
CRITICAL - 2021-10-13 08:25:26 --> Undefined variable: datahotel
#0 E:\adon\Application\Epotensi-Batu\app\Views\hotel\editpotensi.php(21): CodeIgniter\Debug\Exceptions->errorHandler(8, 'Undefined varia...', 'E:\\adon\\Applica...', 21, Array)
#1 E:\adon\Application\Epotensi-Batu\system\View\View.php(220): include('E:\\adon\\Applica...')
#2 E:\adon\Application\Epotensi-Batu\system\View\View.php(222): CodeIgniter\View\View->CodeIgniter\View\{closure}()
#3 E:\adon\Application\Epotensi-Batu\system\Common.php(1217): CodeIgniter\View\View->render('hotel/editpoten...', Array, true)
#4 E:\adon\Application\Epotensi-Batu\app\Controllers\Hotel.php(232): view('hotel/editpoten...', Array)
#5 E:\adon\Application\Epotensi-Batu\system\CodeIgniter.php(936): App\Controllers\Hotel->editpotensi('41')
#6 E:\adon\Application\Epotensi-Batu\system\CodeIgniter.php(432): CodeIgniter\CodeIgniter->runController(Object(App\Controllers\Hotel))
#7 E:\adon\Application\Epotensi-Batu\system\CodeIgniter.php(333): CodeIgniter\CodeIgniter->handleRequest(NULL, Object(Config\Cache), false)
#8 E:\adon\Application\Epotensi-Batu\public\index.php(44): CodeIgniter\CodeIgniter->run()
#9 E:\adon\Application\Epotensi-Batu\system\Commands\Server\rewrite.php(45): require_once('E:\\adon\\Applica...')
#10 {main}
CRITICAL - 2021-10-13 08:55:24 --> There is no data to update.
#0 E:\adon\Application\Epotensi-Batu\system\BaseModel.php(1682): CodeIgniter\Database\Exceptions\DataException::forEmptyDataset('update')
#1 E:\adon\Application\Epotensi-Batu\system\BaseModel.php(864): CodeIgniter\BaseModel->transformDataToArray(NULL, 'update')
#2 E:\adon\Application\Epotensi-Batu\system\Model.php(737): CodeIgniter\BaseModel->update(Array, NULL)
#3 E:\adon\Application\Epotensi-Batu\app\Controllers\Hotel.php(273): CodeIgniter\Model->update(Array)
#4 E:\adon\Application\Epotensi-Batu\system\CodeIgniter.php(936): App\Controllers\Hotel->updatepotensi()
#5 E:\adon\Application\Epotensi-Batu\system\CodeIgniter.php(432): CodeIgniter\CodeIgniter->runController(Object(App\Controllers\Hotel))
#6 E:\adon\Application\Epotensi-Batu\system\CodeIgniter.php(333): CodeIgniter\CodeIgniter->handleRequest(NULL, Object(Config\Cache), false)
#7 E:\adon\Application\Epotensi-Batu\public\index.php(44): CodeIgniter\CodeIgniter->run()
#8 E:\adon\Application\Epotensi-Batu\system\Commands\Server\rewrite.php(45): require_once('E:\\adon\\Applica...')
#9 {main}
CRITICAL - 2021-10-13 08:57:59 --> There is no data to update.
#0 E:\adon\Application\Epotensi-Batu\system\BaseModel.php(1682): CodeIgniter\Database\Exceptions\DataException::forEmptyDataset('update')
#1 E:\adon\Application\Epotensi-Batu\system\BaseModel.php(864): CodeIgniter\BaseModel->transformDataToArray(NULL, 'update')
#2 E:\adon\Application\Epotensi-Batu\system\Model.php(737): CodeIgniter\BaseModel->update(Array, NULL)
#3 E:\adon\Application\Epotensi-Batu\app\Controllers\Hotel.php(273): CodeIgniter\Model->update(Array)
#4 E:\adon\Application\Epotensi-Batu\system\CodeIgniter.php(936): App\Controllers\Hotel->updatepotensi()
#5 E:\adon\Application\Epotensi-Batu\system\CodeIgniter.php(432): CodeIgniter\CodeIgniter->runController(Object(App\Controllers\Hotel))
#6 E:\adon\Application\Epotensi-Batu\system\CodeIgniter.php(333): CodeIgniter\CodeIgniter->handleRequest(NULL, Object(Config\Cache), false)
#7 E:\adon\Application\Epotensi-Batu\public\index.php(44): CodeIgniter\CodeIgniter->run()
#8 E:\adon\Application\Epotensi-Batu\system\Commands\Server\rewrite.php(45): require_once('E:\\adon\\Applica...')
#9 {main}
CRITICAL - 2021-10-13 09:07:01 --> Undefined variable: id
#0 E:\adon\Application\Epotensi-Batu\app\Controllers\Hotel.php(249): CodeIgniter\Debug\Exceptions->errorHandler(8, 'Undefined varia...', 'E:\\adon\\Applica...', 249, Array)
#1 E:\adon\Application\Epotensi-Batu\system\CodeIgniter.php(936): App\Controllers\Hotel->updatepotensi()
#2 E:\adon\Application\Epotensi-Batu\system\CodeIgniter.php(432): CodeIgniter\CodeIgniter->runController(Object(App\Controllers\Hotel))
#3 E:\adon\Application\Epotensi-Batu\system\CodeIgniter.php(333): CodeIgniter\CodeIgniter->handleRequest(NULL, Object(Config\Cache), false)
#4 E:\adon\Application\Epotensi-Batu\public\index.php(44): CodeIgniter\CodeIgniter->run()
#5 E:\adon\Application\Epotensi-Batu\system\Commands\Server\rewrite.php(45): require_once('E:\\adon\\Applica...')
#6 {main}
CRITICAL - 2021-10-13 09:07:53 --> Too few arguments to function App\Controllers\Hotel::updatepotensi(), 0 passed in E:\adon\Application\Epotensi-Batu\system\CodeIgniter.php on line 936 and exactly 1 expected
#0 E:\adon\Application\Epotensi-Batu\system\CodeIgniter.php(936): App\Controllers\Hotel->updatepotensi()
#1 E:\adon\Application\Epotensi-Batu\system\CodeIgniter.php(432): CodeIgniter\CodeIgniter->runController(Object(App\Controllers\Hotel))
#2 E:\adon\Application\Epotensi-Batu\system\CodeIgniter.php(333): CodeIgniter\CodeIgniter->handleRequest(NULL, Object(Config\Cache), false)
#3 E:\adon\Application\Epotensi-Batu\public\index.php(44): CodeIgniter\CodeIgniter->run()
#4 E:\adon\Application\Epotensi-Batu\system\Commands\Server\rewrite.php(45): require_once('E:\\adon\\Applica...')
#5 {main}
