ERROR - 2024-12-27 09:22:21 --> ErrorException: pg_query(): Query failed: ERROR:  invalid input syntax for type date: &quot;&quot;
LINE 1: ...ERE DATE(tgl_pembayaran) BETWEEN '2024-11-01' AND '' AND id_...
                                                             ^ in C:\xampp\htdocs\ci-esptpd\dashboard_pasar\system\Database\Postgre\Connection.php:170
Stack trace:
#0 [internal function]: CodeIgniter\Debug\Exceptions->errorHandler(2, 'pg_query(): Que...', 'C:\\xampp\\htdocs...', 170, Array)
#1 C:\xampp\htdocs\ci-esptpd\dashboard_pasar\system\Database\Postgre\Connection.php(170): pg_query(Resource id #112, 'SELECT SUM(tota...')
#2 C:\xampp\htdocs\ci-esptpd\dashboard_pasar\system\Database\BaseConnection.php(685): CodeIgniter\Database\Postgre\Connection->execute('SELECT SUM(tota...')
#3 C:\xampp\htdocs\ci-esptpd\dashboard_pasar\system\Database\BaseConnection.php(621): CodeIgniter\Database\BaseConnection->simpleQuery('SELECT SUM(tota...')
#4 C:\xampp\htdocs\ci-esptpd\dashboard_pasar\app\Models\getModel.php(20): CodeIgniter\Database\BaseConnection->query('SELECT SUM(tota...')
#5 C:\xampp\htdocs\ci-esptpd\dashboard_pasar\app\Controllers\Dashboard.php(30): App\Models\getModel->getTotalBayar('2024-11-01', '')
#6 C:\xampp\htdocs\ci-esptpd\dashboard_pasar\system\CodeIgniter.php(936): App\Controllers\Dashboard->get_total_transaksi()
#7 C:\xampp\htdocs\ci-esptpd\dashboard_pasar\system\CodeIgniter.php(432): CodeIgniter\CodeIgniter->runController(Object(App\Controllers\Dashboard))
#8 C:\xampp\htdocs\ci-esptpd\dashboard_pasar\system\CodeIgniter.php(333): CodeIgniter\CodeIgniter->handleRequest(NULL, Object(Config\Cache), false)
#9 C:\xampp\htdocs\ci-esptpd\dashboard_pasar\index.php(43): CodeIgniter\CodeIgniter->run()
#10 {main}
CRITICAL - 2024-12-27 09:22:21 --> pg_query(): Query failed: ERROR:  invalid input syntax for type date: &quot;&quot;
LINE 1: ...ERE DATE(tgl_pembayaran) BETWEEN '2024-11-01' AND '' AND id_...
                                                             ^
#0 [internal function]: CodeIgniter\Debug\Exceptions->errorHandler(2, 'pg_query(): Que...', 'C:\\xampp\\htdocs...', 170, Array)
#1 C:\xampp\htdocs\ci-esptpd\dashboard_pasar\system\Database\Postgre\Connection.php(170): pg_query(Resource id #112, 'SELECT SUM(tota...')
#2 C:\xampp\htdocs\ci-esptpd\dashboard_pasar\system\Database\BaseConnection.php(685): CodeIgniter\Database\Postgre\Connection->execute('SELECT SUM(tota...')
#3 C:\xampp\htdocs\ci-esptpd\dashboard_pasar\system\Database\BaseConnection.php(621): CodeIgniter\Database\BaseConnection->simpleQuery('SELECT SUM(tota...')
#4 C:\xampp\htdocs\ci-esptpd\dashboard_pasar\app\Models\getModel.php(20): CodeIgniter\Database\BaseConnection->query('SELECT SUM(tota...')
#5 C:\xampp\htdocs\ci-esptpd\dashboard_pasar\app\Controllers\Dashboard.php(30): App\Models\getModel->getTotalBayar('2024-11-01', '')
#6 C:\xampp\htdocs\ci-esptpd\dashboard_pasar\system\CodeIgniter.php(936): App\Controllers\Dashboard->get_total_transaksi()
#7 C:\xampp\htdocs\ci-esptpd\dashboard_pasar\system\CodeIgniter.php(432): CodeIgniter\CodeIgniter->runController(Object(App\Controllers\Dashboard))
#8 C:\xampp\htdocs\ci-esptpd\dashboard_pasar\system\CodeIgniter.php(333): CodeIgniter\CodeIgniter->handleRequest(NULL, Object(Config\Cache), false)
#9 C:\xampp\htdocs\ci-esptpd\dashboard_pasar\index.php(43): CodeIgniter\CodeIgniter->run()
#10 {main}
ERROR - 2024-12-27 09:22:38 --> ErrorException: pg_query(): Query failed: ERROR:  invalid input syntax for type date: &quot;&quot;
LINE 1: ...ERE DATE(tgl_pembayaran) BETWEEN '2024-11-01' AND '' AND id_...
                                                             ^ in C:\xampp\htdocs\ci-esptpd\dashboard_pasar\system\Database\Postgre\Connection.php:170
Stack trace:
#0 [internal function]: CodeIgniter\Debug\Exceptions->errorHandler(2, 'pg_query(): Que...', 'C:\\xampp\\htdocs...', 170, Array)
#1 C:\xampp\htdocs\ci-esptpd\dashboard_pasar\system\Database\Postgre\Connection.php(170): pg_query(Resource id #112, 'SELECT SUM(tota...')
#2 C:\xampp\htdocs\ci-esptpd\dashboard_pasar\system\Database\BaseConnection.php(685): CodeIgniter\Database\Postgre\Connection->execute('SELECT SUM(tota...')
#3 C:\xampp\htdocs\ci-esptpd\dashboard_pasar\system\Database\BaseConnection.php(621): CodeIgniter\Database\BaseConnection->simpleQuery('SELECT SUM(tota...')
#4 C:\xampp\htdocs\ci-esptpd\dashboard_pasar\app\Models\getModel.php(20): CodeIgniter\Database\BaseConnection->query('SELECT SUM(tota...')
#5 C:\xampp\htdocs\ci-esptpd\dashboard_pasar\app\Controllers\Dashboard.php(30): App\Models\getModel->getTotalBayar('2024-11-01', '')
#6 C:\xampp\htdocs\ci-esptpd\dashboard_pasar\system\CodeIgniter.php(936): App\Controllers\Dashboard->get_total_transaksi()
#7 C:\xampp\htdocs\ci-esptpd\dashboard_pasar\system\CodeIgniter.php(432): CodeIgniter\CodeIgniter->runController(Object(App\Controllers\Dashboard))
#8 C:\xampp\htdocs\ci-esptpd\dashboard_pasar\system\CodeIgniter.php(333): CodeIgniter\CodeIgniter->handleRequest(NULL, Object(Config\Cache), false)
#9 C:\xampp\htdocs\ci-esptpd\dashboard_pasar\index.php(43): CodeIgniter\CodeIgniter->run()
#10 {main}
CRITICAL - 2024-12-27 09:22:38 --> pg_query(): Query failed: ERROR:  invalid input syntax for type date: &quot;&quot;
LINE 1: ...ERE DATE(tgl_pembayaran) BETWEEN '2024-11-01' AND '' AND id_...
                                                             ^
#0 [internal function]: CodeIgniter\Debug\Exceptions->errorHandler(2, 'pg_query(): Que...', 'C:\\xampp\\htdocs...', 170, Array)
#1 C:\xampp\htdocs\ci-esptpd\dashboard_pasar\system\Database\Postgre\Connection.php(170): pg_query(Resource id #112, 'SELECT SUM(tota...')
#2 C:\xampp\htdocs\ci-esptpd\dashboard_pasar\system\Database\BaseConnection.php(685): CodeIgniter\Database\Postgre\Connection->execute('SELECT SUM(tota...')
#3 C:\xampp\htdocs\ci-esptpd\dashboard_pasar\system\Database\BaseConnection.php(621): CodeIgniter\Database\BaseConnection->simpleQuery('SELECT SUM(tota...')
#4 C:\xampp\htdocs\ci-esptpd\dashboard_pasar\app\Models\getModel.php(20): CodeIgniter\Database\BaseConnection->query('SELECT SUM(tota...')
#5 C:\xampp\htdocs\ci-esptpd\dashboard_pasar\app\Controllers\Dashboard.php(30): App\Models\getModel->getTotalBayar('2024-11-01', '')
#6 C:\xampp\htdocs\ci-esptpd\dashboard_pasar\system\CodeIgniter.php(936): App\Controllers\Dashboard->get_total_transaksi()
#7 C:\xampp\htdocs\ci-esptpd\dashboard_pasar\system\CodeIgniter.php(432): CodeIgniter\CodeIgniter->runController(Object(App\Controllers\Dashboard))
#8 C:\xampp\htdocs\ci-esptpd\dashboard_pasar\system\CodeIgniter.php(333): CodeIgniter\CodeIgniter->handleRequest(NULL, Object(Config\Cache), false)
#9 C:\xampp\htdocs\ci-esptpd\dashboard_pasar\index.php(43): CodeIgniter\CodeIgniter->run()
#10 {main}
ERROR - 2024-12-27 09:24:36 --> ErrorException: pg_query(): Query failed: ERROR:  invalid input syntax for type date: &quot;&quot;
LINE 1: ...ERE DATE(tgl_pembayaran) BETWEEN '2024-06-01' AND '' AND id_...
                                                             ^ in C:\xampp\htdocs\ci-esptpd\dashboard_pasar\system\Database\Postgre\Connection.php:170
Stack trace:
#0 [internal function]: CodeIgniter\Debug\Exceptions->errorHandler(2, 'pg_query(): Que...', 'C:\\xampp\\htdocs...', 170, Array)
#1 C:\xampp\htdocs\ci-esptpd\dashboard_pasar\system\Database\Postgre\Connection.php(170): pg_query(Resource id #112, 'SELECT SUM(tota...')
#2 C:\xampp\htdocs\ci-esptpd\dashboard_pasar\system\Database\BaseConnection.php(685): CodeIgniter\Database\Postgre\Connection->execute('SELECT SUM(tota...')
#3 C:\xampp\htdocs\ci-esptpd\dashboard_pasar\system\Database\BaseConnection.php(621): CodeIgniter\Database\BaseConnection->simpleQuery('SELECT SUM(tota...')
#4 C:\xampp\htdocs\ci-esptpd\dashboard_pasar\app\Models\getModel.php(20): CodeIgniter\Database\BaseConnection->query('SELECT SUM(tota...')
#5 C:\xampp\htdocs\ci-esptpd\dashboard_pasar\app\Controllers\Dashboard.php(30): App\Models\getModel->getTotalBayar('2024-06-01', '')
#6 C:\xampp\htdocs\ci-esptpd\dashboard_pasar\system\CodeIgniter.php(936): App\Controllers\Dashboard->get_total_transaksi()
#7 C:\xampp\htdocs\ci-esptpd\dashboard_pasar\system\CodeIgniter.php(432): CodeIgniter\CodeIgniter->runController(Object(App\Controllers\Dashboard))
#8 C:\xampp\htdocs\ci-esptpd\dashboard_pasar\system\CodeIgniter.php(333): CodeIgniter\CodeIgniter->handleRequest(NULL, Object(Config\Cache), false)
#9 C:\xampp\htdocs\ci-esptpd\dashboard_pasar\index.php(43): CodeIgniter\CodeIgniter->run()
#10 {main}
CRITICAL - 2024-12-27 09:24:36 --> pg_query(): Query failed: ERROR:  invalid input syntax for type date: &quot;&quot;
LINE 1: ...ERE DATE(tgl_pembayaran) BETWEEN '2024-06-01' AND '' AND id_...
                                                             ^
#0 [internal function]: CodeIgniter\Debug\Exceptions->errorHandler(2, 'pg_query(): Que...', 'C:\\xampp\\htdocs...', 170, Array)
#1 C:\xampp\htdocs\ci-esptpd\dashboard_pasar\system\Database\Postgre\Connection.php(170): pg_query(Resource id #112, 'SELECT SUM(tota...')
#2 C:\xampp\htdocs\ci-esptpd\dashboard_pasar\system\Database\BaseConnection.php(685): CodeIgniter\Database\Postgre\Connection->execute('SELECT SUM(tota...')
#3 C:\xampp\htdocs\ci-esptpd\dashboard_pasar\system\Database\BaseConnection.php(621): CodeIgniter\Database\BaseConnection->simpleQuery('SELECT SUM(tota...')
#4 C:\xampp\htdocs\ci-esptpd\dashboard_pasar\app\Models\getModel.php(20): CodeIgniter\Database\BaseConnection->query('SELECT SUM(tota...')
#5 C:\xampp\htdocs\ci-esptpd\dashboard_pasar\app\Controllers\Dashboard.php(30): App\Models\getModel->getTotalBayar('2024-06-01', '')
#6 C:\xampp\htdocs\ci-esptpd\dashboard_pasar\system\CodeIgniter.php(936): App\Controllers\Dashboard->get_total_transaksi()
#7 C:\xampp\htdocs\ci-esptpd\dashboard_pasar\system\CodeIgniter.php(432): CodeIgniter\CodeIgniter->runController(Object(App\Controllers\Dashboard))
#8 C:\xampp\htdocs\ci-esptpd\dashboard_pasar\system\CodeIgniter.php(333): CodeIgniter\CodeIgniter->handleRequest(NULL, Object(Config\Cache), false)
#9 C:\xampp\htdocs\ci-esptpd\dashboard_pasar\index.php(43): CodeIgniter\CodeIgniter->run()
#10 {main}
ERROR - 2024-12-27 09:29:29 --> ErrorException: pg_query(): Query failed: ERROR:  invalid input syntax for type date: &quot;&quot;
LINE 1: ...ERE DATE(tgl_pembayaran) BETWEEN '2024-02-01' AND '' AND id_...
                                                             ^ in C:\xampp\htdocs\ci-esptpd\dashboard_pasar\system\Database\Postgre\Connection.php:170
Stack trace:
#0 [internal function]: CodeIgniter\Debug\Exceptions->errorHandler(2, 'pg_query(): Que...', 'C:\\xampp\\htdocs...', 170, Array)
#1 C:\xampp\htdocs\ci-esptpd\dashboard_pasar\system\Database\Postgre\Connection.php(170): pg_query(Resource id #112, 'SELECT SUM(tota...')
#2 C:\xampp\htdocs\ci-esptpd\dashboard_pasar\system\Database\BaseConnection.php(685): CodeIgniter\Database\Postgre\Connection->execute('SELECT SUM(tota...')
#3 C:\xampp\htdocs\ci-esptpd\dashboard_pasar\system\Database\BaseConnection.php(621): CodeIgniter\Database\BaseConnection->simpleQuery('SELECT SUM(tota...')
#4 C:\xampp\htdocs\ci-esptpd\dashboard_pasar\app\Models\getModel.php(20): CodeIgniter\Database\BaseConnection->query('SELECT SUM(tota...')
#5 C:\xampp\htdocs\ci-esptpd\dashboard_pasar\app\Controllers\Dashboard.php(30): App\Models\getModel->getTotalBayar('2024-02-01', '')
#6 C:\xampp\htdocs\ci-esptpd\dashboard_pasar\system\CodeIgniter.php(936): App\Controllers\Dashboard->get_total_transaksi()
#7 C:\xampp\htdocs\ci-esptpd\dashboard_pasar\system\CodeIgniter.php(432): CodeIgniter\CodeIgniter->runController(Object(App\Controllers\Dashboard))
#8 C:\xampp\htdocs\ci-esptpd\dashboard_pasar\system\CodeIgniter.php(333): CodeIgniter\CodeIgniter->handleRequest(NULL, Object(Config\Cache), false)
#9 C:\xampp\htdocs\ci-esptpd\dashboard_pasar\index.php(43): CodeIgniter\CodeIgniter->run()
#10 {main}
CRITICAL - 2024-12-27 09:29:29 --> pg_query(): Query failed: ERROR:  invalid input syntax for type date: &quot;&quot;
LINE 1: ...ERE DATE(tgl_pembayaran) BETWEEN '2024-02-01' AND '' AND id_...
                                                             ^
#0 [internal function]: CodeIgniter\Debug\Exceptions->errorHandler(2, 'pg_query(): Que...', 'C:\\xampp\\htdocs...', 170, Array)
#1 C:\xampp\htdocs\ci-esptpd\dashboard_pasar\system\Database\Postgre\Connection.php(170): pg_query(Resource id #112, 'SELECT SUM(tota...')
#2 C:\xampp\htdocs\ci-esptpd\dashboard_pasar\system\Database\BaseConnection.php(685): CodeIgniter\Database\Postgre\Connection->execute('SELECT SUM(tota...')
#3 C:\xampp\htdocs\ci-esptpd\dashboard_pasar\system\Database\BaseConnection.php(621): CodeIgniter\Database\BaseConnection->simpleQuery('SELECT SUM(tota...')
#4 C:\xampp\htdocs\ci-esptpd\dashboard_pasar\app\Models\getModel.php(20): CodeIgniter\Database\BaseConnection->query('SELECT SUM(tota...')
#5 C:\xampp\htdocs\ci-esptpd\dashboard_pasar\app\Controllers\Dashboard.php(30): App\Models\getModel->getTotalBayar('2024-02-01', '')
#6 C:\xampp\htdocs\ci-esptpd\dashboard_pasar\system\CodeIgniter.php(936): App\Controllers\Dashboard->get_total_transaksi()
#7 C:\xampp\htdocs\ci-esptpd\dashboard_pasar\system\CodeIgniter.php(432): CodeIgniter\CodeIgniter->runController(Object(App\Controllers\Dashboard))
#8 C:\xampp\htdocs\ci-esptpd\dashboard_pasar\system\CodeIgniter.php(333): CodeIgniter\CodeIgniter->handleRequest(NULL, Object(Config\Cache), false)
#9 C:\xampp\htdocs\ci-esptpd\dashboard_pasar\index.php(43): CodeIgniter\CodeIgniter->run()
#10 {main}
