CRITICAL - 2021-11-21 06:40:56 --> Invalid file: user/templates.php
#0 C:\xampp\htdocs\e-potensi\system\View\View.php(203): CodeIgniter\Exceptions\FrameworkException::forInvalidFile('user/templates....')
#1 C:\xampp\htdocs\e-potensi\system\View\View.php(236): CodeIgniter\View\View->render('user/templates', Array, true)
#2 C:\xampp\htdocs\e-potensi\system\Common.php(1217): CodeIgniter\View\View->render('menu/menu', Array, true)
#3 C:\xampp\htdocs\e-potensi\app\Controllers\Pengaturan.php(24): view('menu/menu', Array)
#4 C:\xampp\htdocs\e-potensi\system\CodeIgniter.php(936): App\Controllers\Pengaturan->index()
#5 C:\xampp\htdocs\e-potensi\system\CodeIgniter.php(432): CodeIgniter\CodeIgniter->runController(Object(App\Controllers\Pengaturan))
#6 C:\xampp\htdocs\e-potensi\system\CodeIgniter.php(333): CodeIgniter\CodeIgniter->handleRequest(NULL, Object(Config\Cache), false)
#7 C:\xampp\htdocs\e-potensi\public\index.php(44): CodeIgniter\CodeIgniter->run()
#8 {main}
CRITICAL - 2021-11-21 06:52:47 --> Call to a member function getSubmenu() on null
#0 C:\xampp\htdocs\e-potensi\system\CodeIgniter.php(936): App\Controllers\Pengaturan->submenu()
#1 C:\xampp\htdocs\e-potensi\system\CodeIgniter.php(432): CodeIgniter\CodeIgniter->runController(Object(App\Controllers\Pengaturan))
#2 C:\xampp\htdocs\e-potensi\system\CodeIgniter.php(333): CodeIgniter\CodeIgniter->handleRequest(NULL, Object(Config\Cache), false)
#3 C:\xampp\htdocs\e-potensi\public\index.php(44): CodeIgniter\CodeIgniter->run()
#4 {main}
CRITICAL - 2021-11-21 06:53:49 --> Call to a member function getSubmenu() on null
#0 C:\xampp\htdocs\e-potensi\system\CodeIgniter.php(936): App\Controllers\Pengaturan->submenu()
#1 C:\xampp\htdocs\e-potensi\system\CodeIgniter.php(432): CodeIgniter\CodeIgniter->runController(Object(App\Controllers\Pengaturan))
#2 C:\xampp\htdocs\e-potensi\system\CodeIgniter.php(333): CodeIgniter\CodeIgniter->handleRequest(NULL, Object(Config\Cache), false)
#3 C:\xampp\htdocs\e-potensi\public\index.php(44): CodeIgniter\CodeIgniter->run()
#4 {main}
CRITICAL - 2021-11-21 06:54:02 --> Call to a member function getSubmenu() on null
#0 C:\xampp\htdocs\e-potensi\system\CodeIgniter.php(936): App\Controllers\Pengaturan->submenu()
#1 C:\xampp\htdocs\e-potensi\system\CodeIgniter.php(432): CodeIgniter\CodeIgniter->runController(Object(App\Controllers\Pengaturan))
#2 C:\xampp\htdocs\e-potensi\system\CodeIgniter.php(333): CodeIgniter\CodeIgniter->handleRequest(NULL, Object(Config\Cache), false)
#3 C:\xampp\htdocs\e-potensi\public\index.php(44): CodeIgniter\CodeIgniter->run()
#4 {main}
CRITICAL - 2021-11-21 06:55:19 --> Call to a member function getSubmenu() on null
#0 C:\xampp\htdocs\e-potensi\system\CodeIgniter.php(936): App\Controllers\Pengaturan->submenu()
#1 C:\xampp\htdocs\e-potensi\system\CodeIgniter.php(432): CodeIgniter\CodeIgniter->runController(Object(App\Controllers\Pengaturan))
#2 C:\xampp\htdocs\e-potensi\system\CodeIgniter.php(333): CodeIgniter\CodeIgniter->handleRequest(NULL, Object(Config\Cache), false)
#3 C:\xampp\htdocs\e-potensi\public\index.php(44): CodeIgniter\CodeIgniter->run()
#4 {main}
CRITICAL - 2021-11-21 07:35:24 --> Invalid argument supplied for foreach()
#0 C:\xampp\htdocs\e-potensi\app\Views\menu\user.php(77): CodeIgniter\Debug\Exceptions->errorHandler(2, 'Invalid argumen...', 'C:\\xampp\\htdocs...', 77, Array)
#1 C:\xampp\htdocs\e-potensi\system\View\View.php(220): include('C:\\xampp\\htdocs...')
#2 C:\xampp\htdocs\e-potensi\system\View\View.php(222): CodeIgniter\View\View->CodeIgniter\View\{closure}()
#3 C:\xampp\htdocs\e-potensi\system\Common.php(1217): CodeIgniter\View\View->render('menu/user', Array, true)
#4 C:\xampp\htdocs\e-potensi\app\Controllers\Pengaturan.php(76): view('menu/user', Array)
#5 C:\xampp\htdocs\e-potensi\system\CodeIgniter.php(936): App\Controllers\Pengaturan->user()
#6 C:\xampp\htdocs\e-potensi\system\CodeIgniter.php(432): CodeIgniter\CodeIgniter->runController(Object(App\Controllers\Pengaturan))
#7 C:\xampp\htdocs\e-potensi\system\CodeIgniter.php(333): CodeIgniter\CodeIgniter->handleRequest(NULL, Object(Config\Cache), false)
#8 C:\xampp\htdocs\e-potensi\public\index.php(44): CodeIgniter\CodeIgniter->run()
#9 {main}
CRITICAL - 2021-11-21 07:36:15 --> Invalid argument supplied for foreach()
#0 C:\xampp\htdocs\e-potensi\app\Views\menu\user.php(77): CodeIgniter\Debug\Exceptions->errorHandler(2, 'Invalid argumen...', 'C:\\xampp\\htdocs...', 77, Array)
#1 C:\xampp\htdocs\e-potensi\system\View\View.php(220): include('C:\\xampp\\htdocs...')
#2 C:\xampp\htdocs\e-potensi\system\View\View.php(222): CodeIgniter\View\View->CodeIgniter\View\{closure}()
#3 C:\xampp\htdocs\e-potensi\system\Common.php(1217): CodeIgniter\View\View->render('menu/user', Array, true)
#4 C:\xampp\htdocs\e-potensi\app\Controllers\Pengaturan.php(76): view('menu/user', Array)
#5 C:\xampp\htdocs\e-potensi\system\CodeIgniter.php(936): App\Controllers\Pengaturan->user()
#6 C:\xampp\htdocs\e-potensi\system\CodeIgniter.php(432): CodeIgniter\CodeIgniter->runController(Object(App\Controllers\Pengaturan))
#7 C:\xampp\htdocs\e-potensi\system\CodeIgniter.php(333): CodeIgniter\CodeIgniter->handleRequest(NULL, Object(Config\Cache), false)
#8 C:\xampp\htdocs\e-potensi\public\index.php(44): CodeIgniter\CodeIgniter->run()
#9 {main}
CRITICAL - 2021-11-21 07:36:43 --> Invalid argument supplied for foreach()
#0 C:\xampp\htdocs\e-potensi\app\Views\menu\user.php(77): CodeIgniter\Debug\Exceptions->errorHandler(2, 'Invalid argumen...', 'C:\\xampp\\htdocs...', 77, Array)
#1 C:\xampp\htdocs\e-potensi\system\View\View.php(220): include('C:\\xampp\\htdocs...')
#2 C:\xampp\htdocs\e-potensi\system\View\View.php(222): CodeIgniter\View\View->CodeIgniter\View\{closure}()
#3 C:\xampp\htdocs\e-potensi\system\Common.php(1217): CodeIgniter\View\View->render('menu/user', Array, true)
#4 C:\xampp\htdocs\e-potensi\app\Controllers\Pengaturan.php(76): view('menu/user', Array)
#5 C:\xampp\htdocs\e-potensi\system\CodeIgniter.php(936): App\Controllers\Pengaturan->user()
#6 C:\xampp\htdocs\e-potensi\system\CodeIgniter.php(432): CodeIgniter\CodeIgniter->runController(Object(App\Controllers\Pengaturan))
#7 C:\xampp\htdocs\e-potensi\system\CodeIgniter.php(333): CodeIgniter\CodeIgniter->handleRequest(NULL, Object(Config\Cache), false)
#8 C:\xampp\htdocs\e-potensi\public\index.php(44): CodeIgniter\CodeIgniter->run()
#9 {main}
CRITICAL - 2021-11-21 07:37:01 --> Invalid argument supplied for foreach()
#0 C:\xampp\htdocs\e-potensi\app\Views\menu\user.php(77): CodeIgniter\Debug\Exceptions->errorHandler(2, 'Invalid argumen...', 'C:\\xampp\\htdocs...', 77, Array)
#1 C:\xampp\htdocs\e-potensi\system\View\View.php(220): include('C:\\xampp\\htdocs...')
#2 C:\xampp\htdocs\e-potensi\system\View\View.php(222): CodeIgniter\View\View->CodeIgniter\View\{closure}()
#3 C:\xampp\htdocs\e-potensi\system\Common.php(1217): CodeIgniter\View\View->render('menu/user', Array, true)
#4 C:\xampp\htdocs\e-potensi\app\Controllers\Pengaturan.php(78): view('menu/user', Array)
#5 C:\xampp\htdocs\e-potensi\system\CodeIgniter.php(936): App\Controllers\Pengaturan->user()
#6 C:\xampp\htdocs\e-potensi\system\CodeIgniter.php(432): CodeIgniter\CodeIgniter->runController(Object(App\Controllers\Pengaturan))
#7 C:\xampp\htdocs\e-potensi\system\CodeIgniter.php(333): CodeIgniter\CodeIgniter->handleRequest(NULL, Object(Config\Cache), false)
#8 C:\xampp\htdocs\e-potensi\public\index.php(44): CodeIgniter\CodeIgniter->run()
#9 {main}
CRITICAL - 2021-11-21 07:39:05 --> Invalid argument supplied for foreach()
#0 C:\xampp\htdocs\e-potensi\app\Views\menu\user.php(77): CodeIgniter\Debug\Exceptions->errorHandler(2, 'Invalid argumen...', 'C:\\xampp\\htdocs...', 77, Array)
#1 C:\xampp\htdocs\e-potensi\system\View\View.php(220): include('C:\\xampp\\htdocs...')
#2 C:\xampp\htdocs\e-potensi\system\View\View.php(222): CodeIgniter\View\View->CodeIgniter\View\{closure}()
#3 C:\xampp\htdocs\e-potensi\system\Common.php(1217): CodeIgniter\View\View->render('menu/user', Array, true)
#4 C:\xampp\htdocs\e-potensi\app\Controllers\Pengaturan.php(76): view('menu/user', Array)
#5 C:\xampp\htdocs\e-potensi\system\CodeIgniter.php(936): App\Controllers\Pengaturan->user()
#6 C:\xampp\htdocs\e-potensi\system\CodeIgniter.php(432): CodeIgniter\CodeIgniter->runController(Object(App\Controllers\Pengaturan))
#7 C:\xampp\htdocs\e-potensi\system\CodeIgniter.php(333): CodeIgniter\CodeIgniter->handleRequest(NULL, Object(Config\Cache), false)
#8 C:\xampp\htdocs\e-potensi\public\index.php(44): CodeIgniter\CodeIgniter->run()
#9 {main}
CRITICAL - 2021-11-21 07:42:20 --> Invalid argument supplied for foreach()
#0 C:\xampp\htdocs\e-potensi\app\Views\menu\user.php(77): CodeIgniter\Debug\Exceptions->errorHandler(2, 'Invalid argumen...', 'C:\\xampp\\htdocs...', 77, Array)
#1 C:\xampp\htdocs\e-potensi\system\View\View.php(220): include('C:\\xampp\\htdocs...')
#2 C:\xampp\htdocs\e-potensi\system\View\View.php(222): CodeIgniter\View\View->CodeIgniter\View\{closure}()
#3 C:\xampp\htdocs\e-potensi\system\Common.php(1217): CodeIgniter\View\View->render('menu/user', Array, true)
#4 C:\xampp\htdocs\e-potensi\app\Controllers\Pengaturan.php(76): view('menu/user', Array)
#5 C:\xampp\htdocs\e-potensi\system\CodeIgniter.php(936): App\Controllers\Pengaturan->user()
#6 C:\xampp\htdocs\e-potensi\system\CodeIgniter.php(432): CodeIgniter\CodeIgniter->runController(Object(App\Controllers\Pengaturan))
#7 C:\xampp\htdocs\e-potensi\system\CodeIgniter.php(333): CodeIgniter\CodeIgniter->handleRequest(NULL, Object(Config\Cache), false)
#8 C:\xampp\htdocs\e-potensi\public\index.php(44): CodeIgniter\CodeIgniter->run()
#9 {main}
CRITICAL - 2021-11-21 07:42:22 --> Invalid argument supplied for foreach()
#0 C:\xampp\htdocs\e-potensi\app\Views\menu\user.php(77): CodeIgniter\Debug\Exceptions->errorHandler(2, 'Invalid argumen...', 'C:\\xampp\\htdocs...', 77, Array)
#1 C:\xampp\htdocs\e-potensi\system\View\View.php(220): include('C:\\xampp\\htdocs...')
#2 C:\xampp\htdocs\e-potensi\system\View\View.php(222): CodeIgniter\View\View->CodeIgniter\View\{closure}()
#3 C:\xampp\htdocs\e-potensi\system\Common.php(1217): CodeIgniter\View\View->render('menu/user', Array, true)
#4 C:\xampp\htdocs\e-potensi\app\Controllers\Pengaturan.php(76): view('menu/user', Array)
#5 C:\xampp\htdocs\e-potensi\system\CodeIgniter.php(936): App\Controllers\Pengaturan->user()
#6 C:\xampp\htdocs\e-potensi\system\CodeIgniter.php(432): CodeIgniter\CodeIgniter->runController(Object(App\Controllers\Pengaturan))
#7 C:\xampp\htdocs\e-potensi\system\CodeIgniter.php(333): CodeIgniter\CodeIgniter->handleRequest(NULL, Object(Config\Cache), false)
#8 C:\xampp\htdocs\e-potensi\public\index.php(44): CodeIgniter\CodeIgniter->run()
#9 {main}
CRITICAL - 2021-11-21 07:43:15 --> Invalid argument supplied for foreach()
#0 C:\xampp\htdocs\e-potensi\app\Views\menu\user.php(77): CodeIgniter\Debug\Exceptions->errorHandler(2, 'Invalid argumen...', 'C:\\xampp\\htdocs...', 77, Array)
#1 C:\xampp\htdocs\e-potensi\system\View\View.php(220): include('C:\\xampp\\htdocs...')
#2 C:\xampp\htdocs\e-potensi\system\View\View.php(222): CodeIgniter\View\View->CodeIgniter\View\{closure}()
#3 C:\xampp\htdocs\e-potensi\system\Common.php(1217): CodeIgniter\View\View->render('menu/user', Array, true)
#4 C:\xampp\htdocs\e-potensi\app\Controllers\Pengaturan.php(76): view('menu/user', Array)
#5 C:\xampp\htdocs\e-potensi\system\CodeIgniter.php(936): App\Controllers\Pengaturan->user()
#6 C:\xampp\htdocs\e-potensi\system\CodeIgniter.php(432): CodeIgniter\CodeIgniter->runController(Object(App\Controllers\Pengaturan))
#7 C:\xampp\htdocs\e-potensi\system\CodeIgniter.php(333): CodeIgniter\CodeIgniter->handleRequest(NULL, Object(Config\Cache), false)
#8 C:\xampp\htdocs\e-potensi\public\index.php(44): CodeIgniter\CodeIgniter->run()
#9 {main}
CRITICAL - 2021-11-21 07:43:19 --> Invalid argument supplied for foreach()
#0 C:\xampp\htdocs\e-potensi\app\Views\menu\user.php(77): CodeIgniter\Debug\Exceptions->errorHandler(2, 'Invalid argumen...', 'C:\\xampp\\htdocs...', 77, Array)
#1 C:\xampp\htdocs\e-potensi\system\View\View.php(220): include('C:\\xampp\\htdocs...')
#2 C:\xampp\htdocs\e-potensi\system\View\View.php(222): CodeIgniter\View\View->CodeIgniter\View\{closure}()
#3 C:\xampp\htdocs\e-potensi\system\Common.php(1217): CodeIgniter\View\View->render('menu/user', Array, true)
#4 C:\xampp\htdocs\e-potensi\app\Controllers\Pengaturan.php(76): view('menu/user', Array)
#5 C:\xampp\htdocs\e-potensi\system\CodeIgniter.php(936): App\Controllers\Pengaturan->user()
#6 C:\xampp\htdocs\e-potensi\system\CodeIgniter.php(432): CodeIgniter\CodeIgniter->runController(Object(App\Controllers\Pengaturan))
#7 C:\xampp\htdocs\e-potensi\system\CodeIgniter.php(333): CodeIgniter\CodeIgniter->handleRequest(NULL, Object(Config\Cache), false)
#8 C:\xampp\htdocs\e-potensi\public\index.php(44): CodeIgniter\CodeIgniter->run()
#9 {main}
CRITICAL - 2021-11-21 07:46:03 --> Invalid argument supplied for foreach()
#0 C:\xampp\htdocs\e-potensi\app\Views\menu\user.php(77): CodeIgniter\Debug\Exceptions->errorHandler(2, 'Invalid argumen...', 'C:\\xampp\\htdocs...', 77, Array)
#1 C:\xampp\htdocs\e-potensi\system\View\View.php(220): include('C:\\xampp\\htdocs...')
#2 C:\xampp\htdocs\e-potensi\system\View\View.php(222): CodeIgniter\View\View->CodeIgniter\View\{closure}()
#3 C:\xampp\htdocs\e-potensi\system\Common.php(1217): CodeIgniter\View\View->render('menu/user', Array, true)
#4 C:\xampp\htdocs\e-potensi\app\Controllers\Pengaturan.php(76): view('menu/user', Array)
#5 C:\xampp\htdocs\e-potensi\system\CodeIgniter.php(936): App\Controllers\Pengaturan->user()
#6 C:\xampp\htdocs\e-potensi\system\CodeIgniter.php(432): CodeIgniter\CodeIgniter->runController(Object(App\Controllers\Pengaturan))
#7 C:\xampp\htdocs\e-potensi\system\CodeIgniter.php(333): CodeIgniter\CodeIgniter->handleRequest(NULL, Object(Config\Cache), false)
#8 C:\xampp\htdocs\e-potensi\public\index.php(44): CodeIgniter\CodeIgniter->run()
#9 {main}
CRITICAL - 2021-11-21 07:46:31 --> Invalid argument supplied for foreach()
#0 C:\xampp\htdocs\e-potensi\app\Views\menu\user.php(77): CodeIgniter\Debug\Exceptions->errorHandler(2, 'Invalid argumen...', 'C:\\xampp\\htdocs...', 77, Array)
#1 C:\xampp\htdocs\e-potensi\system\View\View.php(220): include('C:\\xampp\\htdocs...')
#2 C:\xampp\htdocs\e-potensi\system\View\View.php(222): CodeIgniter\View\View->CodeIgniter\View\{closure}()
#3 C:\xampp\htdocs\e-potensi\system\Common.php(1217): CodeIgniter\View\View->render('menu/user', Array, true)
#4 C:\xampp\htdocs\e-potensi\app\Controllers\Pengaturan.php(76): view('menu/user', Array)
#5 C:\xampp\htdocs\e-potensi\system\CodeIgniter.php(936): App\Controllers\Pengaturan->user()
#6 C:\xampp\htdocs\e-potensi\system\CodeIgniter.php(432): CodeIgniter\CodeIgniter->runController(Object(App\Controllers\Pengaturan))
#7 C:\xampp\htdocs\e-potensi\system\CodeIgniter.php(333): CodeIgniter\CodeIgniter->handleRequest(NULL, Object(Config\Cache), false)
#8 C:\xampp\htdocs\e-potensi\public\index.php(44): CodeIgniter\CodeIgniter->run()
#9 {main}
CRITICAL - 2021-11-21 07:46:42 --> Invalid argument supplied for foreach()
#0 C:\xampp\htdocs\e-potensi\app\Views\menu\user.php(77): CodeIgniter\Debug\Exceptions->errorHandler(2, 'Invalid argumen...', 'C:\\xampp\\htdocs...', 77, Array)
#1 C:\xampp\htdocs\e-potensi\system\View\View.php(220): include('C:\\xampp\\htdocs...')
#2 C:\xampp\htdocs\e-potensi\system\View\View.php(222): CodeIgniter\View\View->CodeIgniter\View\{closure}()
#3 C:\xampp\htdocs\e-potensi\system\Common.php(1217): CodeIgniter\View\View->render('menu/user', Array, true)
#4 C:\xampp\htdocs\e-potensi\app\Controllers\Pengaturan.php(76): view('menu/user', Array)
#5 C:\xampp\htdocs\e-potensi\system\CodeIgniter.php(936): App\Controllers\Pengaturan->user()
#6 C:\xampp\htdocs\e-potensi\system\CodeIgniter.php(432): CodeIgniter\CodeIgniter->runController(Object(App\Controllers\Pengaturan))
#7 C:\xampp\htdocs\e-potensi\system\CodeIgniter.php(333): CodeIgniter\CodeIgniter->handleRequest(NULL, Object(Config\Cache), false)
#8 C:\xampp\htdocs\e-potensi\public\index.php(44): CodeIgniter\CodeIgniter->run()
#9 {main}
CRITICAL - 2021-11-21 07:46:43 --> Invalid argument supplied for foreach()
#0 C:\xampp\htdocs\e-potensi\app\Views\menu\user.php(77): CodeIgniter\Debug\Exceptions->errorHandler(2, 'Invalid argumen...', 'C:\\xampp\\htdocs...', 77, Array)
#1 C:\xampp\htdocs\e-potensi\system\View\View.php(220): include('C:\\xampp\\htdocs...')
#2 C:\xampp\htdocs\e-potensi\system\View\View.php(222): CodeIgniter\View\View->CodeIgniter\View\{closure}()
#3 C:\xampp\htdocs\e-potensi\system\Common.php(1217): CodeIgniter\View\View->render('menu/user', Array, true)
#4 C:\xampp\htdocs\e-potensi\app\Controllers\Pengaturan.php(76): view('menu/user', Array)
#5 C:\xampp\htdocs\e-potensi\system\CodeIgniter.php(936): App\Controllers\Pengaturan->user()
#6 C:\xampp\htdocs\e-potensi\system\CodeIgniter.php(432): CodeIgniter\CodeIgniter->runController(Object(App\Controllers\Pengaturan))
#7 C:\xampp\htdocs\e-potensi\system\CodeIgniter.php(333): CodeIgniter\CodeIgniter->handleRequest(NULL, Object(Config\Cache), false)
#8 C:\xampp\htdocs\e-potensi\public\index.php(44): CodeIgniter\CodeIgniter->run()
#9 {main}
CRITICAL - 2021-11-21 07:46:43 --> Invalid argument supplied for foreach()
#0 C:\xampp\htdocs\e-potensi\app\Views\menu\user.php(77): CodeIgniter\Debug\Exceptions->errorHandler(2, 'Invalid argumen...', 'C:\\xampp\\htdocs...', 77, Array)
#1 C:\xampp\htdocs\e-potensi\system\View\View.php(220): include('C:\\xampp\\htdocs...')
#2 C:\xampp\htdocs\e-potensi\system\View\View.php(222): CodeIgniter\View\View->CodeIgniter\View\{closure}()
#3 C:\xampp\htdocs\e-potensi\system\Common.php(1217): CodeIgniter\View\View->render('menu/user', Array, true)
#4 C:\xampp\htdocs\e-potensi\app\Controllers\Pengaturan.php(76): view('menu/user', Array)
#5 C:\xampp\htdocs\e-potensi\system\CodeIgniter.php(936): App\Controllers\Pengaturan->user()
#6 C:\xampp\htdocs\e-potensi\system\CodeIgniter.php(432): CodeIgniter\CodeIgniter->runController(Object(App\Controllers\Pengaturan))
#7 C:\xampp\htdocs\e-potensi\system\CodeIgniter.php(333): CodeIgniter\CodeIgniter->handleRequest(NULL, Object(Config\Cache), false)
#8 C:\xampp\htdocs\e-potensi\public\index.php(44): CodeIgniter\CodeIgniter->run()
#9 {main}
CRITICAL - 2021-11-21 07:46:44 --> Invalid argument supplied for foreach()
#0 C:\xampp\htdocs\e-potensi\app\Views\menu\user.php(77): CodeIgniter\Debug\Exceptions->errorHandler(2, 'Invalid argumen...', 'C:\\xampp\\htdocs...', 77, Array)
#1 C:\xampp\htdocs\e-potensi\system\View\View.php(220): include('C:\\xampp\\htdocs...')
#2 C:\xampp\htdocs\e-potensi\system\View\View.php(222): CodeIgniter\View\View->CodeIgniter\View\{closure}()
#3 C:\xampp\htdocs\e-potensi\system\Common.php(1217): CodeIgniter\View\View->render('menu/user', Array, true)
#4 C:\xampp\htdocs\e-potensi\app\Controllers\Pengaturan.php(76): view('menu/user', Array)
#5 C:\xampp\htdocs\e-potensi\system\CodeIgniter.php(936): App\Controllers\Pengaturan->user()
#6 C:\xampp\htdocs\e-potensi\system\CodeIgniter.php(432): CodeIgniter\CodeIgniter->runController(Object(App\Controllers\Pengaturan))
#7 C:\xampp\htdocs\e-potensi\system\CodeIgniter.php(333): CodeIgniter\CodeIgniter->handleRequest(NULL, Object(Config\Cache), false)
#8 C:\xampp\htdocs\e-potensi\public\index.php(44): CodeIgniter\CodeIgniter->run()
#9 {main}
CRITICAL - 2021-11-21 07:50:28 --> Invalid argument supplied for foreach()
#0 C:\xampp\htdocs\e-potensi\app\Views\menu\user.php(77): CodeIgniter\Debug\Exceptions->errorHandler(2, 'Invalid argumen...', 'C:\\xampp\\htdocs...', 77, Array)
#1 C:\xampp\htdocs\e-potensi\system\View\View.php(220): include('C:\\xampp\\htdocs...')
#2 C:\xampp\htdocs\e-potensi\system\View\View.php(222): CodeIgniter\View\View->CodeIgniter\View\{closure}()
#3 C:\xampp\htdocs\e-potensi\system\Common.php(1217): CodeIgniter\View\View->render('menu/user', Array, true)
#4 C:\xampp\htdocs\e-potensi\app\Controllers\Pengaturan.php(76): view('menu/user', Array)
#5 C:\xampp\htdocs\e-potensi\system\CodeIgniter.php(936): App\Controllers\Pengaturan->user()
#6 C:\xampp\htdocs\e-potensi\system\CodeIgniter.php(432): CodeIgniter\CodeIgniter->runController(Object(App\Controllers\Pengaturan))
#7 C:\xampp\htdocs\e-potensi\system\CodeIgniter.php(333): CodeIgniter\CodeIgniter->handleRequest(NULL, Object(Config\Cache), false)
#8 C:\xampp\htdocs\e-potensi\public\index.php(44): CodeIgniter\CodeIgniter->run()
#9 {main}
CRITICAL - 2021-11-21 07:50:32 --> Invalid argument supplied for foreach()
#0 C:\xampp\htdocs\e-potensi\app\Views\menu\user.php(77): CodeIgniter\Debug\Exceptions->errorHandler(2, 'Invalid argumen...', 'C:\\xampp\\htdocs...', 77, Array)
#1 C:\xampp\htdocs\e-potensi\system\View\View.php(220): include('C:\\xampp\\htdocs...')
#2 C:\xampp\htdocs\e-potensi\system\View\View.php(222): CodeIgniter\View\View->CodeIgniter\View\{closure}()
#3 C:\xampp\htdocs\e-potensi\system\Common.php(1217): CodeIgniter\View\View->render('menu/user', Array, true)
#4 C:\xampp\htdocs\e-potensi\app\Controllers\Pengaturan.php(76): view('menu/user', Array)
#5 C:\xampp\htdocs\e-potensi\system\CodeIgniter.php(936): App\Controllers\Pengaturan->user()
#6 C:\xampp\htdocs\e-potensi\system\CodeIgniter.php(432): CodeIgniter\CodeIgniter->runController(Object(App\Controllers\Pengaturan))
#7 C:\xampp\htdocs\e-potensi\system\CodeIgniter.php(333): CodeIgniter\CodeIgniter->handleRequest(NULL, Object(Config\Cache), false)
#8 C:\xampp\htdocs\e-potensi\public\index.php(44): CodeIgniter\CodeIgniter->run()
#9 {main}
CRITICAL - 2021-11-21 07:51:23 --> Undefined variable: menu
#0 C:\xampp\htdocs\e-potensi\app\Views\menu\user.php(77): CodeIgniter\Debug\Exceptions->errorHandler(8, 'Undefined varia...', 'C:\\xampp\\htdocs...', 77, Array)
#1 C:\xampp\htdocs\e-potensi\system\View\View.php(220): include('C:\\xampp\\htdocs...')
#2 C:\xampp\htdocs\e-potensi\system\View\View.php(222): CodeIgniter\View\View->CodeIgniter\View\{closure}()
#3 C:\xampp\htdocs\e-potensi\system\Common.php(1217): CodeIgniter\View\View->render('menu/user', Array, true)
#4 C:\xampp\htdocs\e-potensi\app\Controllers\Pengaturan.php(76): view('menu/user', Array)
#5 C:\xampp\htdocs\e-potensi\system\CodeIgniter.php(936): App\Controllers\Pengaturan->user()
#6 C:\xampp\htdocs\e-potensi\system\CodeIgniter.php(432): CodeIgniter\CodeIgniter->runController(Object(App\Controllers\Pengaturan))
#7 C:\xampp\htdocs\e-potensi\system\CodeIgniter.php(333): CodeIgniter\CodeIgniter->handleRequest(NULL, Object(Config\Cache), false)
#8 C:\xampp\htdocs\e-potensi\public\index.php(44): CodeIgniter\CodeIgniter->run()
#9 {main}
CRITICAL - 2021-11-21 10:00:41 --> There is no data to update.
#0 C:\xampp\htdocs\e-potensi\system\BaseModel.php(1682): CodeIgniter\Database\Exceptions\DataException::forEmptyDataset('update')
#1 C:\xampp\htdocs\e-potensi\system\BaseModel.php(864): CodeIgniter\BaseModel->transformDataToArray(NULL, 'update')
#2 C:\xampp\htdocs\e-potensi\system\Model.php(737): CodeIgniter\BaseModel->update(Array, NULL)
#3 C:\xampp\htdocs\e-potensi\app\Controllers\Pengaturan.php(65): CodeIgniter\Model->update(Array)
#4 C:\xampp\htdocs\e-potensi\system\CodeIgniter.php(936): App\Controllers\Pengaturan->updatemenu()
#5 C:\xampp\htdocs\e-potensi\system\CodeIgniter.php(432): CodeIgniter\CodeIgniter->runController(Object(App\Controllers\Pengaturan))
#6 C:\xampp\htdocs\e-potensi\system\CodeIgniter.php(333): CodeIgniter\CodeIgniter->handleRequest(NULL, Object(Config\Cache), false)
#7 C:\xampp\htdocs\e-potensi\public\index.php(44): CodeIgniter\CodeIgniter->run()
#8 {main}
CRITICAL - 2021-11-21 10:01:16 --> There is no data to update.
#0 C:\xampp\htdocs\e-potensi\system\BaseModel.php(1682): CodeIgniter\Database\Exceptions\DataException::forEmptyDataset('update')
#1 C:\xampp\htdocs\e-potensi\system\BaseModel.php(864): CodeIgniter\BaseModel->transformDataToArray(NULL, 'update')
#2 C:\xampp\htdocs\e-potensi\system\Model.php(737): CodeIgniter\BaseModel->update(Array, NULL)
#3 C:\xampp\htdocs\e-potensi\app\Controllers\Pengaturan.php(65): CodeIgniter\Model->update(Array)
#4 C:\xampp\htdocs\e-potensi\system\CodeIgniter.php(936): App\Controllers\Pengaturan->updatemenu()
#5 C:\xampp\htdocs\e-potensi\system\CodeIgniter.php(432): CodeIgniter\CodeIgniter->runController(Object(App\Controllers\Pengaturan))
#6 C:\xampp\htdocs\e-potensi\system\CodeIgniter.php(333): CodeIgniter\CodeIgniter->handleRequest(NULL, Object(Config\Cache), false)
#7 C:\xampp\htdocs\e-potensi\public\index.php(44): CodeIgniter\CodeIgniter->run()
#8 {main}
CRITICAL - 2021-11-21 11:11:45 --> Invalid argument supplied for foreach()
#0 C:\xampp\htdocs\e-potensi\app\Views\menu\editsubmenumodal.php(17): CodeIgniter\Debug\Exceptions->errorHandler(2, 'Invalid argumen...', 'C:\\xampp\\htdocs...', 17, Array)
#1 C:\xampp\htdocs\e-potensi\system\View\View.php(220): include('C:\\xampp\\htdocs...')
#2 C:\xampp\htdocs\e-potensi\system\View\View.php(222): CodeIgniter\View\View->CodeIgniter\View\{closure}()
#3 C:\xampp\htdocs\e-potensi\system\Common.php(1217): CodeIgniter\View\View->render('menu/editsubmen...', Array, true)
#4 C:\xampp\htdocs\e-potensi\app\Controllers\Pengaturan.php(144): view('menu/editsubmen...', Array)
#5 C:\xampp\htdocs\e-potensi\system\CodeIgniter.php(936): App\Controllers\Pengaturan->editsubmenu()
#6 C:\xampp\htdocs\e-potensi\system\CodeIgniter.php(432): CodeIgniter\CodeIgniter->runController(Object(App\Controllers\Pengaturan))
#7 C:\xampp\htdocs\e-potensi\system\CodeIgniter.php(333): CodeIgniter\CodeIgniter->handleRequest(NULL, Object(Config\Cache), false)
#8 C:\xampp\htdocs\e-potensi\public\index.php(44): CodeIgniter\CodeIgniter->run()
#9 {main}
CRITICAL - 2021-11-21 20:10:01 --> Invalid argument supplied for foreach()
#0 C:\xampp\htdocs\e-potensi\app\Views\menu\editsubmenumodal.php(17): CodeIgniter\Debug\Exceptions->errorHandler(2, 'Invalid argumen...', 'C:\\xampp\\htdocs...', 17, Array)
#1 C:\xampp\htdocs\e-potensi\system\View\View.php(220): include('C:\\xampp\\htdocs...')
#2 C:\xampp\htdocs\e-potensi\system\View\View.php(222): CodeIgniter\View\View->CodeIgniter\View\{closure}()
#3 C:\xampp\htdocs\e-potensi\system\Common.php(1217): CodeIgniter\View\View->render('menu/editsubmen...', Array, true)
#4 C:\xampp\htdocs\e-potensi\app\Controllers\Pengaturan.php(144): view('menu/editsubmen...', Array)
#5 C:\xampp\htdocs\e-potensi\system\CodeIgniter.php(936): App\Controllers\Pengaturan->editsubmenu()
#6 C:\xampp\htdocs\e-potensi\system\CodeIgniter.php(432): CodeIgniter\CodeIgniter->runController(Object(App\Controllers\Pengaturan))
#7 C:\xampp\htdocs\e-potensi\system\CodeIgniter.php(333): CodeIgniter\CodeIgniter->handleRequest(NULL, Object(Config\Cache), false)
#8 C:\xampp\htdocs\e-potensi\public\index.php(44): CodeIgniter\CodeIgniter->run()
#9 {main}
CRITICAL - 2021-11-21 20:14:00 --> Invalid argument supplied for foreach()
#0 C:\xampp\htdocs\e-potensi\app\Views\menu\editsubmenumodal.php(17): CodeIgniter\Debug\Exceptions->errorHandler(2, 'Invalid argumen...', 'C:\\xampp\\htdocs...', 17, Array)
#1 C:\xampp\htdocs\e-potensi\system\View\View.php(220): include('C:\\xampp\\htdocs...')
#2 C:\xampp\htdocs\e-potensi\system\View\View.php(222): CodeIgniter\View\View->CodeIgniter\View\{closure}()
#3 C:\xampp\htdocs\e-potensi\system\Common.php(1217): CodeIgniter\View\View->render('menu/editsubmen...', Array, true)
#4 C:\xampp\htdocs\e-potensi\app\Controllers\Pengaturan.php(144): view('menu/editsubmen...', Array)
#5 C:\xampp\htdocs\e-potensi\system\CodeIgniter.php(936): App\Controllers\Pengaturan->editsubmenu()
#6 C:\xampp\htdocs\e-potensi\system\CodeIgniter.php(432): CodeIgniter\CodeIgniter->runController(Object(App\Controllers\Pengaturan))
#7 C:\xampp\htdocs\e-potensi\system\CodeIgniter.php(333): CodeIgniter\CodeIgniter->handleRequest(NULL, Object(Config\Cache), false)
#8 C:\xampp\htdocs\e-potensi\public\index.php(44): CodeIgniter\CodeIgniter->run()
#9 {main}
CRITICAL - 2021-11-21 20:14:27 --> Invalid argument supplied for foreach()
#0 C:\xampp\htdocs\e-potensi\app\Views\menu\editsubmenumodal.php(17): CodeIgniter\Debug\Exceptions->errorHandler(2, 'Invalid argumen...', 'C:\\xampp\\htdocs...', 17, Array)
#1 C:\xampp\htdocs\e-potensi\system\View\View.php(220): include('C:\\xampp\\htdocs...')
#2 C:\xampp\htdocs\e-potensi\system\View\View.php(222): CodeIgniter\View\View->CodeIgniter\View\{closure}()
#3 C:\xampp\htdocs\e-potensi\system\Common.php(1217): CodeIgniter\View\View->render('menu/editsubmen...', Array, true)
#4 C:\xampp\htdocs\e-potensi\app\Controllers\Pengaturan.php(144): view('menu/editsubmen...', Array)
#5 C:\xampp\htdocs\e-potensi\system\CodeIgniter.php(936): App\Controllers\Pengaturan->editsubmenu()
#6 C:\xampp\htdocs\e-potensi\system\CodeIgniter.php(432): CodeIgniter\CodeIgniter->runController(Object(App\Controllers\Pengaturan))
#7 C:\xampp\htdocs\e-potensi\system\CodeIgniter.php(333): CodeIgniter\CodeIgniter->handleRequest(NULL, Object(Config\Cache), false)
#8 C:\xampp\htdocs\e-potensi\public\index.php(44): CodeIgniter\CodeIgniter->run()
#9 {main}
CRITICAL - 2021-11-21 20:23:13 --> There is no data to update.
#0 C:\xampp\htdocs\e-potensi\system\BaseModel.php(880): CodeIgniter\Database\Exceptions\DataException::forEmptyDataset('update')
#1 C:\xampp\htdocs\e-potensi\system\Model.php(737): CodeIgniter\BaseModel->update(Array, Array)
#2 C:\xampp\htdocs\e-potensi\app\Controllers\Pengaturan.php(159): CodeIgniter\Model->update('20', Array)
#3 C:\xampp\htdocs\e-potensi\system\CodeIgniter.php(936): App\Controllers\Pengaturan->updatesubmenu()
#4 C:\xampp\htdocs\e-potensi\system\CodeIgniter.php(432): CodeIgniter\CodeIgniter->runController(Object(App\Controllers\Pengaturan))
#5 C:\xampp\htdocs\e-potensi\system\CodeIgniter.php(333): CodeIgniter\CodeIgniter->handleRequest(NULL, Object(Config\Cache), false)
#6 C:\xampp\htdocs\e-potensi\public\index.php(44): CodeIgniter\CodeIgniter->run()
#7 {main}
CRITICAL - 2021-11-21 20:30:02 --> Call to a member function delete() on null
#0 C:\xampp\htdocs\e-potensi\system\CodeIgniter.php(936): App\Controllers\Pengaturan->hapussubmenu()
#1 C:\xampp\htdocs\e-potensi\system\CodeIgniter.php(432): CodeIgniter\CodeIgniter->runController(Object(App\Controllers\Pengaturan))
#2 C:\xampp\htdocs\e-potensi\system\CodeIgniter.php(333): CodeIgniter\CodeIgniter->handleRequest(NULL, Object(Config\Cache), false)
#3 C:\xampp\htdocs\e-potensi\public\index.php(44): CodeIgniter\CodeIgniter->run()
#4 {main}
CRITICAL - 2021-11-21 20:31:25 --> Call to a member function delete() on null
#0 C:\xampp\htdocs\e-potensi\system\CodeIgniter.php(936): App\Controllers\Pengaturan->hapussubmenu()
#1 C:\xampp\htdocs\e-potensi\system\CodeIgniter.php(432): CodeIgniter\CodeIgniter->runController(Object(App\Controllers\Pengaturan))
#2 C:\xampp\htdocs\e-potensi\system\CodeIgniter.php(333): CodeIgniter\CodeIgniter->handleRequest(NULL, Object(Config\Cache), false)
#3 C:\xampp\htdocs\e-potensi\public\index.php(44): CodeIgniter\CodeIgniter->run()
#4 {main}
CRITICAL - 2021-11-21 21:34:19 --> Object of class CodeIgniter\Database\MySQLi\Builder could not be converted to string
#0 C:\xampp\htdocs\e-potensi\system\CodeIgniter.php(936): App\Controllers\Pengaturan->adduser()
#1 C:\xampp\htdocs\e-potensi\system\CodeIgniter.php(432): CodeIgniter\CodeIgniter->runController(Object(App\Controllers\Pengaturan))
#2 C:\xampp\htdocs\e-potensi\system\CodeIgniter.php(333): CodeIgniter\CodeIgniter->handleRequest(NULL, Object(Config\Cache), false)
#3 C:\xampp\htdocs\e-potensi\public\index.php(44): CodeIgniter\CodeIgniter->run()
#4 {main}
ERROR - 2021-11-21 22:08:32 --> mysqli_sql_exception: Column 'is_active' cannot be null in C:\xampp\htdocs\e-potensi\system\Database\MySQLi\Connection.php:314
Stack trace:
#0 C:\xampp\htdocs\e-potensi\system\Database\MySQLi\Connection.php(314): mysqli->query('INSERT INTO `us...')
#1 C:\xampp\htdocs\e-potensi\system\Database\BaseConnection.php(713): CodeIgniter\Database\MySQLi\Connection->execute('INSERT INTO `us...')
#2 C:\xampp\htdocs\e-potensi\system\Database\BaseConnection.php(641): CodeIgniter\Database\BaseConnection->simpleQuery('INSERT INTO `us...')
#3 C:\xampp\htdocs\e-potensi\system\Database\BaseBuilder.php(2263): CodeIgniter\Database\BaseConnection->query('INSERT INTO `us...', Array, false)
#4 C:\xampp\htdocs\e-potensi\system\Model.php(278): CodeIgniter\Database\BaseBuilder->insert()
#5 C:\xampp\htdocs\e-potensi\system\BaseModel.php(758): CodeIgniter\Model->doInsert(Array)
#6 C:\xampp\htdocs\e-potensi\system\Model.php(705): CodeIgniter\BaseModel->insert(Array, true)
#7 C:\xampp\htdocs\e-potensi\app\Controllers\Pengaturan.php(251): CodeIgniter\Model->insert(Array)
#8 C:\xampp\htdocs\e-potensi\system\CodeIgniter.php(936): App\Controllers\Pengaturan->saveuser()
#9 C:\xampp\htdocs\e-potensi\system\CodeIgniter.php(432): CodeIgniter\CodeIgniter->runController(Object(App\Controllers\Pengaturan))
#10 C:\xampp\htdocs\e-potensi\system\CodeIgniter.php(333): CodeIgniter\CodeIgniter->handleRequest(NULL, Object(Config\Cache), false)
#11 C:\xampp\htdocs\e-potensi\public\index.php(44): CodeIgniter\CodeIgniter->run()
#12 {main}
CRITICAL - 2021-11-21 22:08:32 --> Column 'is_active' cannot be null
#0 C:\xampp\htdocs\e-potensi\system\Database\MySQLi\Connection.php(314): mysqli->query('INSERT INTO `us...')
#1 C:\xampp\htdocs\e-potensi\system\Database\BaseConnection.php(713): CodeIgniter\Database\MySQLi\Connection->execute('INSERT INTO `us...')
#2 C:\xampp\htdocs\e-potensi\system\Database\BaseConnection.php(641): CodeIgniter\Database\BaseConnection->simpleQuery('INSERT INTO `us...')
#3 C:\xampp\htdocs\e-potensi\system\Database\BaseBuilder.php(2263): CodeIgniter\Database\BaseConnection->query('INSERT INTO `us...', Array, false)
#4 C:\xampp\htdocs\e-potensi\system\Model.php(278): CodeIgniter\Database\BaseBuilder->insert()
#5 C:\xampp\htdocs\e-potensi\system\BaseModel.php(758): CodeIgniter\Model->doInsert(Array)
#6 C:\xampp\htdocs\e-potensi\system\Model.php(705): CodeIgniter\BaseModel->insert(Array, true)
#7 C:\xampp\htdocs\e-potensi\app\Controllers\Pengaturan.php(251): CodeIgniter\Model->insert(Array)
#8 C:\xampp\htdocs\e-potensi\system\CodeIgniter.php(936): App\Controllers\Pengaturan->saveuser()
#9 C:\xampp\htdocs\e-potensi\system\CodeIgniter.php(432): CodeIgniter\CodeIgniter->runController(Object(App\Controllers\Pengaturan))
#10 C:\xampp\htdocs\e-potensi\system\CodeIgniter.php(333): CodeIgniter\CodeIgniter->handleRequest(NULL, Object(Config\Cache), false)
#11 C:\xampp\htdocs\e-potensi\public\index.php(44): CodeIgniter\CodeIgniter->run()
#12 {main}
ERROR - 2021-11-21 22:09:24 --> mysqli_sql_exception: Column 'is_active' cannot be null in C:\xampp\htdocs\e-potensi\system\Database\MySQLi\Connection.php:314
Stack trace:
#0 C:\xampp\htdocs\e-potensi\system\Database\MySQLi\Connection.php(314): mysqli->query('INSERT INTO `us...')
#1 C:\xampp\htdocs\e-potensi\system\Database\BaseConnection.php(713): CodeIgniter\Database\MySQLi\Connection->execute('INSERT INTO `us...')
#2 C:\xampp\htdocs\e-potensi\system\Database\BaseConnection.php(641): CodeIgniter\Database\BaseConnection->simpleQuery('INSERT INTO `us...')
#3 C:\xampp\htdocs\e-potensi\system\Database\BaseBuilder.php(2263): CodeIgniter\Database\BaseConnection->query('INSERT INTO `us...', Array, false)
#4 C:\xampp\htdocs\e-potensi\system\Model.php(278): CodeIgniter\Database\BaseBuilder->insert()
#5 C:\xampp\htdocs\e-potensi\system\BaseModel.php(758): CodeIgniter\Model->doInsert(Array)
#6 C:\xampp\htdocs\e-potensi\system\Model.php(705): CodeIgniter\BaseModel->insert(Array, true)
#7 C:\xampp\htdocs\e-potensi\app\Controllers\Pengaturan.php(113): CodeIgniter\Model->insert(Array)
#8 C:\xampp\htdocs\e-potensi\system\CodeIgniter.php(936): App\Controllers\Pengaturan->addsubmenu()
#9 C:\xampp\htdocs\e-potensi\system\CodeIgniter.php(432): CodeIgniter\CodeIgniter->runController(Object(App\Controllers\Pengaturan))
#10 C:\xampp\htdocs\e-potensi\system\CodeIgniter.php(333): CodeIgniter\CodeIgniter->handleRequest(NULL, Object(Config\Cache), false)
#11 C:\xampp\htdocs\e-potensi\public\index.php(44): CodeIgniter\CodeIgniter->run()
#12 {main}
CRITICAL - 2021-11-21 22:09:24 --> Column 'is_active' cannot be null
#0 C:\xampp\htdocs\e-potensi\system\Database\MySQLi\Connection.php(314): mysqli->query('INSERT INTO `us...')
#1 C:\xampp\htdocs\e-potensi\system\Database\BaseConnection.php(713): CodeIgniter\Database\MySQLi\Connection->execute('INSERT INTO `us...')
#2 C:\xampp\htdocs\e-potensi\system\Database\BaseConnection.php(641): CodeIgniter\Database\BaseConnection->simpleQuery('INSERT INTO `us...')
#3 C:\xampp\htdocs\e-potensi\system\Database\BaseBuilder.php(2263): CodeIgniter\Database\BaseConnection->query('INSERT INTO `us...', Array, false)
#4 C:\xampp\htdocs\e-potensi\system\Model.php(278): CodeIgniter\Database\BaseBuilder->insert()
#5 C:\xampp\htdocs\e-potensi\system\BaseModel.php(758): CodeIgniter\Model->doInsert(Array)
#6 C:\xampp\htdocs\e-potensi\system\Model.php(705): CodeIgniter\BaseModel->insert(Array, true)
#7 C:\xampp\htdocs\e-potensi\app\Controllers\Pengaturan.php(113): CodeIgniter\Model->insert(Array)
#8 C:\xampp\htdocs\e-potensi\system\CodeIgniter.php(936): App\Controllers\Pengaturan->addsubmenu()
#9 C:\xampp\htdocs\e-potensi\system\CodeIgniter.php(432): CodeIgniter\CodeIgniter->runController(Object(App\Controllers\Pengaturan))
#10 C:\xampp\htdocs\e-potensi\system\CodeIgniter.php(333): CodeIgniter\CodeIgniter->handleRequest(NULL, Object(Config\Cache), false)
#11 C:\xampp\htdocs\e-potensi\public\index.php(44): CodeIgniter\CodeIgniter->run()
#12 {main}
ERROR - 2021-11-21 22:14:29 --> mysqli_sql_exception: Column 'is_active' cannot be null in C:\xampp\htdocs\e-potensi\system\Database\MySQLi\Connection.php:314
Stack trace:
#0 C:\xampp\htdocs\e-potensi\system\Database\MySQLi\Connection.php(314): mysqli->query('INSERT INTO `us...')
#1 C:\xampp\htdocs\e-potensi\system\Database\BaseConnection.php(713): CodeIgniter\Database\MySQLi\Connection->execute('INSERT INTO `us...')
#2 C:\xampp\htdocs\e-potensi\system\Database\BaseConnection.php(641): CodeIgniter\Database\BaseConnection->simpleQuery('INSERT INTO `us...')
#3 C:\xampp\htdocs\e-potensi\system\Database\BaseBuilder.php(2263): CodeIgniter\Database\BaseConnection->query('INSERT INTO `us...', Array, false)
#4 C:\xampp\htdocs\e-potensi\system\Model.php(278): CodeIgniter\Database\BaseBuilder->insert()
#5 C:\xampp\htdocs\e-potensi\system\BaseModel.php(758): CodeIgniter\Model->doInsert(Array)
#6 C:\xampp\htdocs\e-potensi\system\Model.php(705): CodeIgniter\BaseModel->insert(Array, true)
#7 C:\xampp\htdocs\e-potensi\app\Controllers\Pengaturan.php(113): CodeIgniter\Model->insert(Array)
#8 C:\xampp\htdocs\e-potensi\system\CodeIgniter.php(936): App\Controllers\Pengaturan->addsubmenu()
#9 C:\xampp\htdocs\e-potensi\system\CodeIgniter.php(432): CodeIgniter\CodeIgniter->runController(Object(App\Controllers\Pengaturan))
#10 C:\xampp\htdocs\e-potensi\system\CodeIgniter.php(333): CodeIgniter\CodeIgniter->handleRequest(NULL, Object(Config\Cache), false)
#11 C:\xampp\htdocs\e-potensi\public\index.php(44): CodeIgniter\CodeIgniter->run()
#12 {main}
CRITICAL - 2021-11-21 22:14:29 --> Column 'is_active' cannot be null
#0 C:\xampp\htdocs\e-potensi\system\Database\MySQLi\Connection.php(314): mysqli->query('INSERT INTO `us...')
#1 C:\xampp\htdocs\e-potensi\system\Database\BaseConnection.php(713): CodeIgniter\Database\MySQLi\Connection->execute('INSERT INTO `us...')
#2 C:\xampp\htdocs\e-potensi\system\Database\BaseConnection.php(641): CodeIgniter\Database\BaseConnection->simpleQuery('INSERT INTO `us...')
#3 C:\xampp\htdocs\e-potensi\system\Database\BaseBuilder.php(2263): CodeIgniter\Database\BaseConnection->query('INSERT INTO `us...', Array, false)
#4 C:\xampp\htdocs\e-potensi\system\Model.php(278): CodeIgniter\Database\BaseBuilder->insert()
#5 C:\xampp\htdocs\e-potensi\system\BaseModel.php(758): CodeIgniter\Model->doInsert(Array)
#6 C:\xampp\htdocs\e-potensi\system\Model.php(705): CodeIgniter\BaseModel->insert(Array, true)
#7 C:\xampp\htdocs\e-potensi\app\Controllers\Pengaturan.php(113): CodeIgniter\Model->insert(Array)
#8 C:\xampp\htdocs\e-potensi\system\CodeIgniter.php(936): App\Controllers\Pengaturan->addsubmenu()
#9 C:\xampp\htdocs\e-potensi\system\CodeIgniter.php(432): CodeIgniter\CodeIgniter->runController(Object(App\Controllers\Pengaturan))
#10 C:\xampp\htdocs\e-potensi\system\CodeIgniter.php(333): CodeIgniter\CodeIgniter->handleRequest(NULL, Object(Config\Cache), false)
#11 C:\xampp\htdocs\e-potensi\public\index.php(44): CodeIgniter\CodeIgniter->run()
#12 {main}
CRITICAL - 2021-11-21 23:06:25 --> Call to a member function hasError() on null
#0 C:\xampp\htdocs\e-potensi\system\View\View.php(220): include()
#1 C:\xampp\htdocs\e-potensi\system\View\View.php(222): CodeIgniter\View\View->CodeIgniter\View\{closure}()
#2 C:\xampp\htdocs\e-potensi\system\Common.php(1217): CodeIgniter\View\View->render('menu/adduser', Array, true)
#3 C:\xampp\htdocs\e-potensi\app\Controllers\Pengaturan.php(281): view('menu/adduser', Array)
#4 C:\xampp\htdocs\e-potensi\system\CodeIgniter.php(936): App\Controllers\Pengaturan->edituser('1')
#5 C:\xampp\htdocs\e-potensi\system\CodeIgniter.php(432): CodeIgniter\CodeIgniter->runController(Object(App\Controllers\Pengaturan))
#6 C:\xampp\htdocs\e-potensi\system\CodeIgniter.php(333): CodeIgniter\CodeIgniter->handleRequest(NULL, Object(Config\Cache), false)
#7 C:\xampp\htdocs\e-potensi\public\index.php(44): CodeIgniter\CodeIgniter->run()
#8 {main}
CRITICAL - 2021-11-21 23:07:32 --> Call to a member function hasError() on null
#0 C:\xampp\htdocs\e-potensi\system\View\View.php(220): include()
#1 C:\xampp\htdocs\e-potensi\system\View\View.php(222): CodeIgniter\View\View->CodeIgniter\View\{closure}()
#2 C:\xampp\htdocs\e-potensi\system\Common.php(1217): CodeIgniter\View\View->render('menu/adduser', Array, true)
#3 C:\xampp\htdocs\e-potensi\app\Controllers\Pengaturan.php(281): view('menu/adduser', Array)
#4 C:\xampp\htdocs\e-potensi\system\CodeIgniter.php(936): App\Controllers\Pengaturan->edituser('1')
#5 C:\xampp\htdocs\e-potensi\system\CodeIgniter.php(432): CodeIgniter\CodeIgniter->runController(Object(App\Controllers\Pengaturan))
#6 C:\xampp\htdocs\e-potensi\system\CodeIgniter.php(333): CodeIgniter\CodeIgniter->handleRequest(NULL, Object(Config\Cache), false)
#7 C:\xampp\htdocs\e-potensi\public\index.php(44): CodeIgniter\CodeIgniter->run()
#8 {main}
CRITICAL - 2021-11-21 23:11:32 --> Call to a member function hasError() on null
#0 C:\xampp\htdocs\e-potensi\system\View\View.php(220): include()
#1 C:\xampp\htdocs\e-potensi\system\View\View.php(222): CodeIgniter\View\View->CodeIgniter\View\{closure}()
#2 C:\xampp\htdocs\e-potensi\system\Common.php(1217): CodeIgniter\View\View->render('menu/adduser', Array, true)
#3 C:\xampp\htdocs\e-potensi\app\Controllers\Pengaturan.php(284): view('menu/adduser', Array)
#4 C:\xampp\htdocs\e-potensi\system\CodeIgniter.php(936): App\Controllers\Pengaturan->edituser('1')
#5 C:\xampp\htdocs\e-potensi\system\CodeIgniter.php(432): CodeIgniter\CodeIgniter->runController(Object(App\Controllers\Pengaturan))
#6 C:\xampp\htdocs\e-potensi\system\CodeIgniter.php(333): CodeIgniter\CodeIgniter->handleRequest(NULL, Object(Config\Cache), false)
#7 C:\xampp\htdocs\e-potensi\public\index.php(44): CodeIgniter\CodeIgniter->run()
#8 {main}
CRITICAL - 2021-11-21 23:12:11 --> Call to a member function hasError() on null
#0 C:\xampp\htdocs\e-potensi\system\View\View.php(220): include()
#1 C:\xampp\htdocs\e-potensi\system\View\View.php(222): CodeIgniter\View\View->CodeIgniter\View\{closure}()
#2 C:\xampp\htdocs\e-potensi\system\Common.php(1217): CodeIgniter\View\View->render('menu/adduser', Array, true)
#3 C:\xampp\htdocs\e-potensi\app\Controllers\Pengaturan.php(284): view('menu/adduser', Array)
#4 C:\xampp\htdocs\e-potensi\system\CodeIgniter.php(936): App\Controllers\Pengaturan->edituser('1')
#5 C:\xampp\htdocs\e-potensi\system\CodeIgniter.php(432): CodeIgniter\CodeIgniter->runController(Object(App\Controllers\Pengaturan))
#6 C:\xampp\htdocs\e-potensi\system\CodeIgniter.php(333): CodeIgniter\CodeIgniter->handleRequest(NULL, Object(Config\Cache), false)
#7 C:\xampp\htdocs\e-potensi\public\index.php(44): CodeIgniter\CodeIgniter->run()
#8 {main}
CRITICAL - 2021-11-21 23:12:32 --> Undefined variable: validation
#0 C:\xampp\htdocs\e-potensi\app\Views\menu\adduser.php(21): CodeIgniter\Debug\Exceptions->errorHandler(8, 'Undefined varia...', 'C:\\xampp\\htdocs...', 21, Array)
#1 C:\xampp\htdocs\e-potensi\system\View\View.php(220): include('C:\\xampp\\htdocs...')
#2 C:\xampp\htdocs\e-potensi\system\View\View.php(222): CodeIgniter\View\View->CodeIgniter\View\{closure}()
#3 C:\xampp\htdocs\e-potensi\system\Common.php(1217): CodeIgniter\View\View->render('menu/adduser', Array, true)
#4 C:\xampp\htdocs\e-potensi\app\Controllers\Pengaturan.php(284): view('menu/adduser', Array)
#5 C:\xampp\htdocs\e-potensi\system\CodeIgniter.php(936): App\Controllers\Pengaturan->edituser('5')
#6 C:\xampp\htdocs\e-potensi\system\CodeIgniter.php(432): CodeIgniter\CodeIgniter->runController(Object(App\Controllers\Pengaturan))
#7 C:\xampp\htdocs\e-potensi\system\CodeIgniter.php(333): CodeIgniter\CodeIgniter->handleRequest(NULL, Object(Config\Cache), false)
#8 C:\xampp\htdocs\e-potensi\public\index.php(44): CodeIgniter\CodeIgniter->run()
#9 {main}
CRITICAL - 2021-11-21 23:32:25 --> Too few arguments to function App\Controllers\Pengaturan::edituser(), 0 passed in C:\xampp\htdocs\e-potensi\system\CodeIgniter.php on line 936 and exactly 1 expected
#0 C:\xampp\htdocs\e-potensi\system\CodeIgniter.php(936): App\Controllers\Pengaturan->edituser()
#1 C:\xampp\htdocs\e-potensi\system\CodeIgniter.php(432): CodeIgniter\CodeIgniter->runController(Object(App\Controllers\Pengaturan))
#2 C:\xampp\htdocs\e-potensi\system\CodeIgniter.php(333): CodeIgniter\CodeIgniter->handleRequest(NULL, Object(Config\Cache), false)
#3 C:\xampp\htdocs\e-potensi\public\index.php(44): CodeIgniter\CodeIgniter->run()
#4 {main}
CRITICAL - 2021-11-21 23:33:37 --> Too few arguments to function App\Controllers\Pengaturan::edituser(), 0 passed in C:\xampp\htdocs\e-potensi\system\CodeIgniter.php on line 936 and exactly 1 expected
#0 C:\xampp\htdocs\e-potensi\system\CodeIgniter.php(936): App\Controllers\Pengaturan->edituser()
#1 C:\xampp\htdocs\e-potensi\system\CodeIgniter.php(432): CodeIgniter\CodeIgniter->runController(Object(App\Controllers\Pengaturan))
#2 C:\xampp\htdocs\e-potensi\system\CodeIgniter.php(333): CodeIgniter\CodeIgniter->handleRequest(NULL, Object(Config\Cache), false)
#3 C:\xampp\htdocs\e-potensi\public\index.php(44): CodeIgniter\CodeIgniter->run()
#4 {main}
CRITICAL - 2021-11-21 23:33:47 --> Too few arguments to function App\Controllers\Pengaturan::edituser(), 0 passed in C:\xampp\htdocs\e-potensi\system\CodeIgniter.php on line 936 and exactly 1 expected
#0 C:\xampp\htdocs\e-potensi\system\CodeIgniter.php(936): App\Controllers\Pengaturan->edituser()
#1 C:\xampp\htdocs\e-potensi\system\CodeIgniter.php(432): CodeIgniter\CodeIgniter->runController(Object(App\Controllers\Pengaturan))
#2 C:\xampp\htdocs\e-potensi\system\CodeIgniter.php(333): CodeIgniter\CodeIgniter->handleRequest(NULL, Object(Config\Cache), false)
#3 C:\xampp\htdocs\e-potensi\public\index.php(44): CodeIgniter\CodeIgniter->run()
#4 {main}
CRITICAL - 2021-11-21 23:34:36 --> Too few arguments to function App\Controllers\Pengaturan::edituser(), 0 passed in C:\xampp\htdocs\e-potensi\system\CodeIgniter.php on line 936 and exactly 1 expected
#0 C:\xampp\htdocs\e-potensi\system\CodeIgniter.php(936): App\Controllers\Pengaturan->edituser()
#1 C:\xampp\htdocs\e-potensi\system\CodeIgniter.php(432): CodeIgniter\CodeIgniter->runController(Object(App\Controllers\Pengaturan))
#2 C:\xampp\htdocs\e-potensi\system\CodeIgniter.php(333): CodeIgniter\CodeIgniter->handleRequest(NULL, Object(Config\Cache), false)
#3 C:\xampp\htdocs\e-potensi\public\index.php(44): CodeIgniter\CodeIgniter->run()
#4 {main}
CRITICAL - 2021-11-21 23:47:33 --> Call to a member function getError() on null
#0 C:\xampp\htdocs\e-potensi\system\View\View.php(220): include()
#1 C:\xampp\htdocs\e-potensi\system\View\View.php(222): CodeIgniter\View\View->CodeIgniter\View\{closure}()
#2 C:\xampp\htdocs\e-potensi\system\Common.php(1217): CodeIgniter\View\View->render('menu/editusermo...', Array, true)
#3 C:\xampp\htdocs\e-potensi\app\Controllers\Pengaturan.php(287): view('menu/editusermo...', Array)
#4 C:\xampp\htdocs\e-potensi\system\CodeIgniter.php(936): App\Controllers\Pengaturan->edituser()
#5 C:\xampp\htdocs\e-potensi\system\CodeIgniter.php(432): CodeIgniter\CodeIgniter->runController(Object(App\Controllers\Pengaturan))
#6 C:\xampp\htdocs\e-potensi\system\CodeIgniter.php(333): CodeIgniter\CodeIgniter->handleRequest(NULL, Object(Config\Cache), false)
#7 C:\xampp\htdocs\e-potensi\public\index.php(44): CodeIgniter\CodeIgniter->run()
#8 {main}
CRITICAL - 2021-11-21 23:50:44 --> Call to a member function getError() on null
#0 C:\xampp\htdocs\e-potensi\system\View\View.php(220): include()
#1 C:\xampp\htdocs\e-potensi\system\View\View.php(222): CodeIgniter\View\View->CodeIgniter\View\{closure}()
#2 C:\xampp\htdocs\e-potensi\system\Common.php(1217): CodeIgniter\View\View->render('menu/editusermo...', Array, true)
#3 C:\xampp\htdocs\e-potensi\app\Controllers\Pengaturan.php(286): view('menu/editusermo...', Array)
#4 C:\xampp\htdocs\e-potensi\system\CodeIgniter.php(936): App\Controllers\Pengaturan->edituser()
#5 C:\xampp\htdocs\e-potensi\system\CodeIgniter.php(432): CodeIgniter\CodeIgniter->runController(Object(App\Controllers\Pengaturan))
#6 C:\xampp\htdocs\e-potensi\system\CodeIgniter.php(333): CodeIgniter\CodeIgniter->handleRequest(NULL, Object(Config\Cache), false)
#7 C:\xampp\htdocs\e-potensi\public\index.php(44): CodeIgniter\CodeIgniter->run()
#8 {main}
CRITICAL - 2021-11-21 23:51:14 --> Call to a member function getError() on null
#0 C:\xampp\htdocs\e-potensi\system\View\View.php(220): include()
#1 C:\xampp\htdocs\e-potensi\system\View\View.php(222): CodeIgniter\View\View->CodeIgniter\View\{closure}()
#2 C:\xampp\htdocs\e-potensi\system\Common.php(1217): CodeIgniter\View\View->render('menu/editusermo...', Array, true)
#3 C:\xampp\htdocs\e-potensi\app\Controllers\Pengaturan.php(286): view('menu/editusermo...', Array)
#4 C:\xampp\htdocs\e-potensi\system\CodeIgniter.php(936): App\Controllers\Pengaturan->edituser()
#5 C:\xampp\htdocs\e-potensi\system\CodeIgniter.php(432): CodeIgniter\CodeIgniter->runController(Object(App\Controllers\Pengaturan))
#6 C:\xampp\htdocs\e-potensi\system\CodeIgniter.php(333): CodeIgniter\CodeIgniter->handleRequest(NULL, Object(Config\Cache), false)
#7 C:\xampp\htdocs\e-potensi\public\index.php(44): CodeIgniter\CodeIgniter->run()
#8 {main}
CRITICAL - 2021-11-21 23:52:07 --> Call to a member function getError() on null
#0 C:\xampp\htdocs\e-potensi\system\View\View.php(220): include()
#1 C:\xampp\htdocs\e-potensi\system\View\View.php(222): CodeIgniter\View\View->CodeIgniter\View\{closure}()
#2 C:\xampp\htdocs\e-potensi\system\Common.php(1217): CodeIgniter\View\View->render('menu/editusermo...', Array, true)
#3 C:\xampp\htdocs\e-potensi\app\Controllers\Pengaturan.php(286): view('menu/editusermo...', Array)
#4 C:\xampp\htdocs\e-potensi\system\CodeIgniter.php(936): App\Controllers\Pengaturan->edituser()
#5 C:\xampp\htdocs\e-potensi\system\CodeIgniter.php(432): CodeIgniter\CodeIgniter->runController(Object(App\Controllers\Pengaturan))
#6 C:\xampp\htdocs\e-potensi\system\CodeIgniter.php(333): CodeIgniter\CodeIgniter->handleRequest(NULL, Object(Config\Cache), false)
#7 C:\xampp\htdocs\e-potensi\public\index.php(44): CodeIgniter\CodeIgniter->run()
#8 {main}
CRITICAL - 2021-11-21 23:53:09 --> Call to a member function getError() on null
#0 C:\xampp\htdocs\e-potensi\system\View\View.php(220): include()
#1 C:\xampp\htdocs\e-potensi\system\View\View.php(222): CodeIgniter\View\View->CodeIgniter\View\{closure}()
#2 C:\xampp\htdocs\e-potensi\system\Common.php(1217): CodeIgniter\View\View->render('menu/editusermo...', Array, true)
#3 C:\xampp\htdocs\e-potensi\app\Controllers\Pengaturan.php(286): view('menu/editusermo...', Array)
#4 C:\xampp\htdocs\e-potensi\system\CodeIgniter.php(936): App\Controllers\Pengaturan->edituser()
#5 C:\xampp\htdocs\e-potensi\system\CodeIgniter.php(432): CodeIgniter\CodeIgniter->runController(Object(App\Controllers\Pengaturan))
#6 C:\xampp\htdocs\e-potensi\system\CodeIgniter.php(333): CodeIgniter\CodeIgniter->handleRequest(NULL, Object(Config\Cache), false)
#7 C:\xampp\htdocs\e-potensi\public\index.php(44): CodeIgniter\CodeIgniter->run()
#8 {main}
CRITICAL - 2021-11-21 23:53:23 --> Call to a member function getError() on null
#0 C:\xampp\htdocs\e-potensi\system\View\View.php(220): include()
#1 C:\xampp\htdocs\e-potensi\system\View\View.php(222): CodeIgniter\View\View->CodeIgniter\View\{closure}()
#2 C:\xampp\htdocs\e-potensi\system\Common.php(1217): CodeIgniter\View\View->render('menu/editusermo...', Array, true)
#3 C:\xampp\htdocs\e-potensi\app\Controllers\Pengaturan.php(286): view('menu/editusermo...', Array)
#4 C:\xampp\htdocs\e-potensi\system\CodeIgniter.php(936): App\Controllers\Pengaturan->edituser()
#5 C:\xampp\htdocs\e-potensi\system\CodeIgniter.php(432): CodeIgniter\CodeIgniter->runController(Object(App\Controllers\Pengaturan))
#6 C:\xampp\htdocs\e-potensi\system\CodeIgniter.php(333): CodeIgniter\CodeIgniter->handleRequest(NULL, Object(Config\Cache), false)
#7 C:\xampp\htdocs\e-potensi\public\index.php(44): CodeIgniter\CodeIgniter->run()
#8 {main}
