CRITICAL - 2021-12-23 21:09:08 --> number_format() expects parameter 1 to be float, string given
#0 [internal function]: CodeIgniter\Debug\Exceptions->errorHandler(2, 'number_format()...', 'C:\\xampp\\htdocs...', 88, Array)
#1 C:\xampp\htdocs\e-potensi\app\Views\reklame\admin\detailpotensi.php(88): number_format('', 2, ',', '.')
#2 C:\xampp\htdocs\e-potensi\system\View\View.php(220): include('C:\\xampp\\htdocs...')
#3 C:\xampp\htdocs\e-potensi\system\View\View.php(222): CodeIgniter\View\View->CodeIgniter\View\{closure}()
#4 C:\xampp\htdocs\e-potensi\system\Common.php(1217): CodeIgniter\View\View->render('reklame/admin/d...', Array, true)
#5 C:\xampp\htdocs\e-potensi\app\Controllers\Reklame.php(418): view('reklame/admin/d...', Array)
#6 C:\xampp\htdocs\e-potensi\system\CodeIgniter.php(936): App\Controllers\Reklame->detailadmin('6')
#7 C:\xampp\htdocs\e-potensi\system\CodeIgniter.php(432): CodeIgniter\CodeIgniter->runController(Object(App\Controllers\Reklame))
#8 C:\xampp\htdocs\e-potensi\system\CodeIgniter.php(333): CodeIgniter\CodeIgniter->handleRequest(NULL, Object(Config\Cache), false)
#9 C:\xampp\htdocs\e-potensi\public\index.php(44): CodeIgniter\CodeIgniter->run()
#10 {main}
CRITICAL - 2021-12-23 21:09:41 --> number_format() expects parameter 1 to be float, string given
#0 [internal function]: CodeIgniter\Debug\Exceptions->errorHandler(2, 'number_format()...', 'C:\\xampp\\htdocs...', 88, Array)
#1 C:\xampp\htdocs\e-potensi\app\Views\reklame\admin\detailpotensi.php(88): number_format('', 2, ',', '.')
#2 C:\xampp\htdocs\e-potensi\system\View\View.php(220): include('C:\\xampp\\htdocs...')
#3 C:\xampp\htdocs\e-potensi\system\View\View.php(222): CodeIgniter\View\View->CodeIgniter\View\{closure}()
#4 C:\xampp\htdocs\e-potensi\system\Common.php(1217): CodeIgniter\View\View->render('reklame/admin/d...', Array, true)
#5 C:\xampp\htdocs\e-potensi\app\Controllers\Reklame.php(418): view('reklame/admin/d...', Array)
#6 C:\xampp\htdocs\e-potensi\system\CodeIgniter.php(936): App\Controllers\Reklame->detailadmin('6')
#7 C:\xampp\htdocs\e-potensi\system\CodeIgniter.php(432): CodeIgniter\CodeIgniter->runController(Object(App\Controllers\Reklame))
#8 C:\xampp\htdocs\e-potensi\system\CodeIgniter.php(333): CodeIgniter\CodeIgniter->handleRequest(NULL, Object(Config\Cache), false)
#9 C:\xampp\htdocs\e-potensi\public\index.php(44): CodeIgniter\CodeIgniter->run()
#10 {main}
CRITICAL - 2021-12-23 21:13:13 --> number_format() expects parameter 1 to be float, string given
#0 [internal function]: CodeIgniter\Debug\Exceptions->errorHandler(2, 'number_format()...', 'C:\\xampp\\htdocs...', 88, Array)
#1 C:\xampp\htdocs\e-potensi\app\Views\reklame\admin\detailpotensi.php(88): number_format('', 2, ',', '.')
#2 C:\xampp\htdocs\e-potensi\system\View\View.php(220): include('C:\\xampp\\htdocs...')
#3 C:\xampp\htdocs\e-potensi\system\View\View.php(222): CodeIgniter\View\View->CodeIgniter\View\{closure}()
#4 C:\xampp\htdocs\e-potensi\system\Common.php(1217): CodeIgniter\View\View->render('reklame/admin/d...', Array, true)
#5 C:\xampp\htdocs\e-potensi\app\Controllers\Reklame.php(418): view('reklame/admin/d...', Array)
#6 C:\xampp\htdocs\e-potensi\system\CodeIgniter.php(936): App\Controllers\Reklame->detailadmin('6')
#7 C:\xampp\htdocs\e-potensi\system\CodeIgniter.php(432): CodeIgniter\CodeIgniter->runController(Object(App\Controllers\Reklame))
#8 C:\xampp\htdocs\e-potensi\system\CodeIgniter.php(333): CodeIgniter\CodeIgniter->handleRequest(NULL, Object(Config\Cache), false)
#9 C:\xampp\htdocs\e-potensi\public\index.php(44): CodeIgniter\CodeIgniter->run()
#10 {main}
