ERROR - 2023-11-17 00:03:21 --> ErrorException: pg_query(): Query failed: ERROR:  operator does not exist: character varying = integer
LINE 1: ...wrd=b.npwrd LEFT JOIN user_pasar AS c ON a.id_user=c.id_user...
                                                             ^
HINT:  No operator matches the given name and argument types. You might need to add explicit type casts. in C:\xampp\htdocs\ci-esptpd\dashboard_pasar\system\Database\Postgre\Connection.php:170
Stack trace:
#0 [internal function]: CodeIgniter\Debug\Exceptions->errorHandler(2, 'pg_query(): Que...', 'C:\\xampp\\htdocs...', 170, Array)
#1 C:\xampp\htdocs\ci-esptpd\dashboard_pasar\system\Database\Postgre\Connection.php(170): pg_query(Resource id #113, 'SELECT a.npwrd,...')
#2 C:\xampp\htdocs\ci-esptpd\dashboard_pasar\system\Database\BaseConnection.php(685): CodeIgniter\Database\Postgre\Connection->execute('SELECT a.npwrd,...')
#3 C:\xampp\htdocs\ci-esptpd\dashboard_pasar\system\Database\BaseConnection.php(621): CodeIgniter\Database\BaseConnection->simpleQuery('SELECT a.npwrd,...')
#4 C:\xampp\htdocs\ci-esptpd\dashboard_pasar\app\Models\getModel.php(63): CodeIgniter\Database\BaseConnection->query('SELECT a.npwrd,...')
#5 C:\xampp\htdocs\ci-esptpd\dashboard_pasar\app\Controllers\Report.php(39): App\Models\getModel->getHasilRekap(Array)
#6 C:\xampp\htdocs\ci-esptpd\dashboard_pasar\system\CodeIgniter.php(936): App\Controllers\Report->hasil_rekap()
#7 C:\xampp\htdocs\ci-esptpd\dashboard_pasar\system\CodeIgniter.php(432): CodeIgniter\CodeIgniter->runController(Object(App\Controllers\Report))
#8 C:\xampp\htdocs\ci-esptpd\dashboard_pasar\system\CodeIgniter.php(333): CodeIgniter\CodeIgniter->handleRequest(NULL, Object(Config\Cache), false)
#9 C:\xampp\htdocs\ci-esptpd\dashboard_pasar\index.php(43): CodeIgniter\CodeIgniter->run()
#10 {main}
CRITICAL - 2023-11-17 00:03:21 --> pg_query(): Query failed: ERROR:  operator does not exist: character varying = integer
LINE 1: ...wrd=b.npwrd LEFT JOIN user_pasar AS c ON a.id_user=c.id_user...
                                                             ^
HINT:  No operator matches the given name and argument types. You might need to add explicit type casts.
#0 [internal function]: CodeIgniter\Debug\Exceptions->errorHandler(2, 'pg_query(): Que...', 'C:\\xampp\\htdocs...', 170, Array)
#1 C:\xampp\htdocs\ci-esptpd\dashboard_pasar\system\Database\Postgre\Connection.php(170): pg_query(Resource id #113, 'SELECT a.npwrd,...')
#2 C:\xampp\htdocs\ci-esptpd\dashboard_pasar\system\Database\BaseConnection.php(685): CodeIgniter\Database\Postgre\Connection->execute('SELECT a.npwrd,...')
#3 C:\xampp\htdocs\ci-esptpd\dashboard_pasar\system\Database\BaseConnection.php(621): CodeIgniter\Database\BaseConnection->simpleQuery('SELECT a.npwrd,...')
#4 C:\xampp\htdocs\ci-esptpd\dashboard_pasar\app\Models\getModel.php(63): CodeIgniter\Database\BaseConnection->query('SELECT a.npwrd,...')
#5 C:\xampp\htdocs\ci-esptpd\dashboard_pasar\app\Controllers\Report.php(39): App\Models\getModel->getHasilRekap(Array)
#6 C:\xampp\htdocs\ci-esptpd\dashboard_pasar\system\CodeIgniter.php(936): App\Controllers\Report->hasil_rekap()
#7 C:\xampp\htdocs\ci-esptpd\dashboard_pasar\system\CodeIgniter.php(432): CodeIgniter\CodeIgniter->runController(Object(App\Controllers\Report))
#8 C:\xampp\htdocs\ci-esptpd\dashboard_pasar\system\CodeIgniter.php(333): CodeIgniter\CodeIgniter->handleRequest(NULL, Object(Config\Cache), false)
#9 C:\xampp\htdocs\ci-esptpd\dashboard_pasar\index.php(43): CodeIgniter\CodeIgniter->run()
#10 {main}
CRITICAL - 2023-11-17 00:41:07 --> syntax error, unexpected 'echo' (T_ECHO)
#0 C:\xampp\htdocs\ci-esptpd\dashboard_pasar\system\Router\Router.php(170): CodeIgniter\Router\Router->autoRoute('report')
#1 C:\xampp\htdocs\ci-esptpd\dashboard_pasar\system\CodeIgniter.php(816): CodeIgniter\Router\Router->handle('report')
#2 C:\xampp\htdocs\ci-esptpd\dashboard_pasar\system\CodeIgniter.php(385): CodeIgniter\CodeIgniter->tryToRouteIt(Object(CodeIgniter\Router\RouteCollection))
#3 C:\xampp\htdocs\ci-esptpd\dashboard_pasar\system\CodeIgniter.php(333): CodeIgniter\CodeIgniter->handleRequest(NULL, Object(Config\Cache), false)
#4 C:\xampp\htdocs\ci-esptpd\dashboard_pasar\index.php(43): CodeIgniter\CodeIgniter->run()
#5 {main}
