CRITICAL - 2021-11-03 14:55:07 --> Call to a member function getError() on null
#0 E:\adon\Application\Website\Epotensi-Batu\system\CodeIgniter.php(936): App\Controllers\Hotel->simpanpendataanadmin()
#1 E:\adon\Application\Website\Epotensi-Batu\system\CodeIgniter.php(432): CodeIgniter\CodeIgniter->runController(Object(App\Controllers\Hotel))
#2 E:\adon\Application\Website\Epotensi-Batu\system\CodeIgniter.php(333): CodeIgniter\CodeIgniter->handleRequest(NULL, Object(Config\Cache), false)
#3 E:\adon\Application\Website\Epotensi-Batu\public\index.php(44): CodeIgniter\CodeIgniter->run()
#4 E:\adon\Application\Website\Epotensi-Batu\system\Commands\Server\rewrite.php(45): require_once('E:\\adon\\Applica...')
#5 {main}
CRITICAL - 2021-11-03 14:55:30 --> Call to a member function getError() on null
#0 E:\adon\Application\Website\Epotensi-Batu\system\CodeIgniter.php(936): App\Controllers\Hotel->simpanpendataanadmin()
#1 E:\adon\Application\Website\Epotensi-Batu\system\CodeIgniter.php(432): CodeIgniter\CodeIgniter->runController(Object(App\Controllers\Hotel))
#2 E:\adon\Application\Website\Epotensi-Batu\system\CodeIgniter.php(333): CodeIgniter\CodeIgniter->handleRequest(NULL, Object(Config\Cache), false)
#3 E:\adon\Application\Website\Epotensi-Batu\public\index.php(44): CodeIgniter\CodeIgniter->run()
#4 E:\adon\Application\Website\Epotensi-Batu\system\Commands\Server\rewrite.php(45): require_once('E:\\adon\\Applica...')
#5 {main}
CRITICAL - 2021-11-03 15:12:16 --> Call to a member function getError() on null
#0 E:\adon\Application\Website\Epotensi-Batu\system\CodeIgniter.php(936): App\Controllers\Hotel->simpanpendataanadmin()
#1 E:\adon\Application\Website\Epotensi-Batu\system\CodeIgniter.php(432): CodeIgniter\CodeIgniter->runController(Object(App\Controllers\Hotel))
#2 E:\adon\Application\Website\Epotensi-Batu\system\CodeIgniter.php(333): CodeIgniter\CodeIgniter->handleRequest(NULL, Object(Config\Cache), false)
#3 E:\adon\Application\Website\Epotensi-Batu\public\index.php(44): CodeIgniter\CodeIgniter->run()
#4 E:\adon\Application\Website\Epotensi-Batu\system\Commands\Server\rewrite.php(45): require_once('E:\\adon\\Applica...')
#5 {main}
CRITICAL - 2021-11-03 15:12:46 --> Call to a member function getError() on null
#0 E:\adon\Application\Website\Epotensi-Batu\system\CodeIgniter.php(936): App\Controllers\Hotel->simpanpendataanadmin()
#1 E:\adon\Application\Website\Epotensi-Batu\system\CodeIgniter.php(432): CodeIgniter\CodeIgniter->runController(Object(App\Controllers\Hotel))
#2 E:\adon\Application\Website\Epotensi-Batu\system\CodeIgniter.php(333): CodeIgniter\CodeIgniter->handleRequest(NULL, Object(Config\Cache), false)
#3 E:\adon\Application\Website\Epotensi-Batu\public\index.php(44): CodeIgniter\CodeIgniter->run()
#4 E:\adon\Application\Website\Epotensi-Batu\system\Commands\Server\rewrite.php(45): require_once('E:\\adon\\Applica...')
#5 {main}
CRITICAL - 2021-11-03 15:12:59 --> Call to a member function getError() on null
#0 E:\adon\Application\Website\Epotensi-Batu\system\CodeIgniter.php(936): App\Controllers\Hotel->simpanpendataanadmin()
#1 E:\adon\Application\Website\Epotensi-Batu\system\CodeIgniter.php(432): CodeIgniter\CodeIgniter->runController(Object(App\Controllers\Hotel))
#2 E:\adon\Application\Website\Epotensi-Batu\system\CodeIgniter.php(333): CodeIgniter\CodeIgniter->handleRequest(NULL, Object(Config\Cache), false)
#3 E:\adon\Application\Website\Epotensi-Batu\public\index.php(44): CodeIgniter\CodeIgniter->run()
#4 E:\adon\Application\Website\Epotensi-Batu\system\Commands\Server\rewrite.php(45): require_once('E:\\adon\\Applica...')
#5 {main}
CRITICAL - 2021-11-03 15:13:08 --> Call to a member function getError() on null
#0 E:\adon\Application\Website\Epotensi-Batu\system\CodeIgniter.php(936): App\Controllers\Hotel->simpanpendataanadmin()
#1 E:\adon\Application\Website\Epotensi-Batu\system\CodeIgniter.php(432): CodeIgniter\CodeIgniter->runController(Object(App\Controllers\Hotel))
#2 E:\adon\Application\Website\Epotensi-Batu\system\CodeIgniter.php(333): CodeIgniter\CodeIgniter->handleRequest(NULL, Object(Config\Cache), false)
#3 E:\adon\Application\Website\Epotensi-Batu\public\index.php(44): CodeIgniter\CodeIgniter->run()
#4 E:\adon\Application\Website\Epotensi-Batu\system\Commands\Server\rewrite.php(45): require_once('E:\\adon\\Applica...')
#5 {main}
CRITICAL - 2021-11-03 17:09:19 --> number_format() expects parameter 1 to be float, string given
#0 [internal function]: CodeIgniter\Debug\Exceptions->errorHandler(2, 'number_format()...', 'E:\\adon\\Applica...', 104, Array)
#1 E:\adon\Application\Website\Epotensi-Batu\app\Views\hotel\admin\detailpotensi.php(104): number_format('', 2, ',', '.')
#2 E:\adon\Application\Website\Epotensi-Batu\system\View\View.php(220): include('E:\\adon\\Applica...')
#3 E:\adon\Application\Website\Epotensi-Batu\system\View\View.php(222): CodeIgniter\View\View->CodeIgniter\View\{closure}()
#4 E:\adon\Application\Website\Epotensi-Batu\system\Common.php(1217): CodeIgniter\View\View->render('hotel/admin/det...', Array, true)
#5 E:\adon\Application\Website\Epotensi-Batu\app\Controllers\Hotel.php(396): view('hotel/admin/det...', Array)
#6 E:\adon\Application\Website\Epotensi-Batu\system\CodeIgniter.php(936): App\Controllers\Hotel->detailadmin('65')
#7 E:\adon\Application\Website\Epotensi-Batu\system\CodeIgniter.php(432): CodeIgniter\CodeIgniter->runController(Object(App\Controllers\Hotel))
#8 E:\adon\Application\Website\Epotensi-Batu\system\CodeIgniter.php(333): CodeIgniter\CodeIgniter->handleRequest(NULL, Object(Config\Cache), false)
#9 E:\adon\Application\Website\Epotensi-Batu\public\index.php(44): CodeIgniter\CodeIgniter->run()
#10 E:\adon\Application\Website\Epotensi-Batu\system\Commands\Server\rewrite.php(45): require_once('E:\\adon\\Applica...')
#11 {main}
