CRITICAL - 2021-07-05 00:26:00 --> Class 'App\Controllers\Modelproduk' not found
#0 C:\Users\dbi\Downloads\Compressed\pointofsales ci4_2\pointofsales ci4\ci4-pos\system\CodeIgniter.php(908): App\Controllers\PajakHotel->__construct()
#1 C:\Users\dbi\Downloads\Compressed\pointofsales ci4_2\pointofsales ci4\ci4-pos\system\CodeIgniter.php(422): CodeIgniter\CodeIgniter->createController()
#2 C:\Users\dbi\Downloads\Compressed\pointofsales ci4_2\pointofsales ci4\ci4-pos\system\CodeIgniter.php(333): CodeIgniter\CodeIgniter->handleRequest(NULL, Object(Config\Cache), false)
#3 C:\Users\dbi\Downloads\Compressed\pointofsales ci4_2\pointofsales ci4\ci4-pos\public\index.php(44): CodeIgniter\CodeIgniter->run()
#4 C:\Users\dbi\Downloads\Compressed\pointofsales ci4_2\pointofsales ci4\ci4-pos\system\Commands\Server\rewrite.php(45): require_once('C:\\Users\\dbi\\Do...')
#5 {main}
CRITICAL - 2021-07-05 00:26:34 --> Class 'App\Controllers\Modelhotel' not found
#0 C:\Users\dbi\Downloads\Compressed\pointofsales ci4_2\pointofsales ci4\ci4-pos\system\CodeIgniter.php(908): App\Controllers\PajakHotel->__construct()
#1 C:\Users\dbi\Downloads\Compressed\pointofsales ci4_2\pointofsales ci4\ci4-pos\system\CodeIgniter.php(422): CodeIgniter\CodeIgniter->createController()
#2 C:\Users\dbi\Downloads\Compressed\pointofsales ci4_2\pointofsales ci4\ci4-pos\system\CodeIgniter.php(333): CodeIgniter\CodeIgniter->handleRequest(NULL, Object(Config\Cache), false)
#3 C:\Users\dbi\Downloads\Compressed\pointofsales ci4_2\pointofsales ci4\ci4-pos\public\index.php(44): CodeIgniter\CodeIgniter->run()
#4 C:\Users\dbi\Downloads\Compressed\pointofsales ci4_2\pointofsales ci4\ci4-pos\system\Commands\Server\rewrite.php(45): require_once('C:\\Users\\dbi\\Do...')
#5 {main}
CRITICAL - 2021-07-05 00:26:40 --> Class 'App\Controllers\Modelhotel' not found
#0 C:\Users\dbi\Downloads\Compressed\pointofsales ci4_2\pointofsales ci4\ci4-pos\system\CodeIgniter.php(908): App\Controllers\PajakHotel->__construct()
#1 C:\Users\dbi\Downloads\Compressed\pointofsales ci4_2\pointofsales ci4\ci4-pos\system\CodeIgniter.php(422): CodeIgniter\CodeIgniter->createController()
#2 C:\Users\dbi\Downloads\Compressed\pointofsales ci4_2\pointofsales ci4\ci4-pos\system\CodeIgniter.php(333): CodeIgniter\CodeIgniter->handleRequest(NULL, Object(Config\Cache), false)
#3 C:\Users\dbi\Downloads\Compressed\pointofsales ci4_2\pointofsales ci4\ci4-pos\public\index.php(44): CodeIgniter\CodeIgniter->run()
#4 C:\Users\dbi\Downloads\Compressed\pointofsales ci4_2\pointofsales ci4\ci4-pos\system\Commands\Server\rewrite.php(45): require_once('C:\\Users\\dbi\\Do...')
#5 {main}
CRITICAL - 2021-07-05 00:27:23 --> Class 'App\Controllers\Modelhotel' not found
#0 C:\Users\dbi\Downloads\Compressed\pointofsales ci4_2\pointofsales ci4\ci4-pos\system\CodeIgniter.php(908): App\Controllers\PajakHotel->__construct()
#1 C:\Users\dbi\Downloads\Compressed\pointofsales ci4_2\pointofsales ci4\ci4-pos\system\CodeIgniter.php(422): CodeIgniter\CodeIgniter->createController()
#2 C:\Users\dbi\Downloads\Compressed\pointofsales ci4_2\pointofsales ci4\ci4-pos\system\CodeIgniter.php(333): CodeIgniter\CodeIgniter->handleRequest(NULL, Object(Config\Cache), false)
#3 C:\Users\dbi\Downloads\Compressed\pointofsales ci4_2\pointofsales ci4\ci4-pos\public\index.php(44): CodeIgniter\CodeIgniter->run()
#4 C:\Users\dbi\Downloads\Compressed\pointofsales ci4_2\pointofsales ci4\ci4-pos\system\Commands\Server\rewrite.php(45): require_once('C:\\Users\\dbi\\Do...')
#5 {main}
CRITICAL - 2021-07-05 00:27:24 --> Class 'App\Controllers\Modelhotel' not found
#0 C:\Users\dbi\Downloads\Compressed\pointofsales ci4_2\pointofsales ci4\ci4-pos\system\CodeIgniter.php(908): App\Controllers\PajakHotel->__construct()
#1 C:\Users\dbi\Downloads\Compressed\pointofsales ci4_2\pointofsales ci4\ci4-pos\system\CodeIgniter.php(422): CodeIgniter\CodeIgniter->createController()
#2 C:\Users\dbi\Downloads\Compressed\pointofsales ci4_2\pointofsales ci4\ci4-pos\system\CodeIgniter.php(333): CodeIgniter\CodeIgniter->handleRequest(NULL, Object(Config\Cache), false)
#3 C:\Users\dbi\Downloads\Compressed\pointofsales ci4_2\pointofsales ci4\ci4-pos\public\index.php(44): CodeIgniter\CodeIgniter->run()
#4 C:\Users\dbi\Downloads\Compressed\pointofsales ci4_2\pointofsales ci4\ci4-pos\system\Commands\Server\rewrite.php(45): require_once('C:\\Users\\dbi\\Do...')
#5 {main}
CRITICAL - 2021-07-05 00:28:19 --> Class 'App\Controllers\Modelhotel' not found
#0 C:\Users\dbi\Downloads\Compressed\pointofsales ci4_2\pointofsales ci4\ci4-pos\system\CodeIgniter.php(908): App\Controllers\PajakHotel->__construct()
#1 C:\Users\dbi\Downloads\Compressed\pointofsales ci4_2\pointofsales ci4\ci4-pos\system\CodeIgniter.php(422): CodeIgniter\CodeIgniter->createController()
#2 C:\Users\dbi\Downloads\Compressed\pointofsales ci4_2\pointofsales ci4\ci4-pos\system\CodeIgniter.php(333): CodeIgniter\CodeIgniter->handleRequest(NULL, Object(Config\Cache), false)
#3 C:\Users\dbi\Downloads\Compressed\pointofsales ci4_2\pointofsales ci4\ci4-pos\public\index.php(44): CodeIgniter\CodeIgniter->run()
#4 C:\Users\dbi\Downloads\Compressed\pointofsales ci4_2\pointofsales ci4\ci4-pos\system\Commands\Server\rewrite.php(45): require_once('C:\\Users\\dbi\\Do...')
#5 {main}
CRITICAL - 2021-07-05 00:28:20 --> Class 'App\Controllers\Modelhotel' not found
#0 C:\Users\dbi\Downloads\Compressed\pointofsales ci4_2\pointofsales ci4\ci4-pos\system\CodeIgniter.php(908): App\Controllers\PajakHotel->__construct()
#1 C:\Users\dbi\Downloads\Compressed\pointofsales ci4_2\pointofsales ci4\ci4-pos\system\CodeIgniter.php(422): CodeIgniter\CodeIgniter->createController()
#2 C:\Users\dbi\Downloads\Compressed\pointofsales ci4_2\pointofsales ci4\ci4-pos\system\CodeIgniter.php(333): CodeIgniter\CodeIgniter->handleRequest(NULL, Object(Config\Cache), false)
#3 C:\Users\dbi\Downloads\Compressed\pointofsales ci4_2\pointofsales ci4\ci4-pos\public\index.php(44): CodeIgniter\CodeIgniter->run()
#4 C:\Users\dbi\Downloads\Compressed\pointofsales ci4_2\pointofsales ci4\ci4-pos\system\Commands\Server\rewrite.php(45): require_once('C:\\Users\\dbi\\Do...')
#5 {main}
CRITICAL - 2021-07-05 00:28:22 --> Class 'App\Controllers\Modelhotel' not found
#0 C:\Users\dbi\Downloads\Compressed\pointofsales ci4_2\pointofsales ci4\ci4-pos\system\CodeIgniter.php(908): App\Controllers\PajakHotel->__construct()
#1 C:\Users\dbi\Downloads\Compressed\pointofsales ci4_2\pointofsales ci4\ci4-pos\system\CodeIgniter.php(422): CodeIgniter\CodeIgniter->createController()
#2 C:\Users\dbi\Downloads\Compressed\pointofsales ci4_2\pointofsales ci4\ci4-pos\system\CodeIgniter.php(333): CodeIgniter\CodeIgniter->handleRequest(NULL, Object(Config\Cache), false)
#3 C:\Users\dbi\Downloads\Compressed\pointofsales ci4_2\pointofsales ci4\ci4-pos\public\index.php(44): CodeIgniter\CodeIgniter->run()
#4 C:\Users\dbi\Downloads\Compressed\pointofsales ci4_2\pointofsales ci4\ci4-pos\system\Commands\Server\rewrite.php(45): require_once('C:\\Users\\dbi\\Do...')
#5 {main}
CRITICAL - 2021-07-05 00:58:00 --> Class 'App\Controllers\Modelhotel' not found
#0 C:\Users\dbi\Downloads\Compressed\pointofsales ci4_2\pointofsales ci4\ci4-pos\system\CodeIgniter.php(908): App\Controllers\PajakHotel->__construct()
#1 C:\Users\dbi\Downloads\Compressed\pointofsales ci4_2\pointofsales ci4\ci4-pos\system\CodeIgniter.php(422): CodeIgniter\CodeIgniter->createController()
#2 C:\Users\dbi\Downloads\Compressed\pointofsales ci4_2\pointofsales ci4\ci4-pos\system\CodeIgniter.php(333): CodeIgniter\CodeIgniter->handleRequest(NULL, Object(Config\Cache), false)
#3 C:\Users\dbi\Downloads\Compressed\pointofsales ci4_2\pointofsales ci4\ci4-pos\public\index.php(44): CodeIgniter\CodeIgniter->run()
#4 C:\Users\dbi\Downloads\Compressed\pointofsales ci4_2\pointofsales ci4\ci4-pos\system\Commands\Server\rewrite.php(45): require_once('C:\\Users\\dbi\\Do...')
#5 {main}
CRITICAL - 2021-07-05 03:47:18 --> Invalid file: pajakhotel/data_hotel.php
#0 C:\Users\dbi\Downloads\Compressed\pointofsales ci4_2\pointofsales ci4\ci4-pos\system\View\View.php(203): CodeIgniter\Exceptions\FrameworkException::forInvalidFile('pajakhotel/data...')
#1 C:\Users\dbi\Downloads\Compressed\pointofsales ci4_2\pointofsales ci4\ci4-pos\system\Common.php(1217): CodeIgniter\View\View->render('pajakhotel/data...', Array, true)
#2 C:\Users\dbi\Downloads\Compressed\pointofsales ci4_2\pointofsales ci4\ci4-pos\app\Controllers\PajakHotel.php(16): view('pajakhotel/data...')
#3 C:\Users\dbi\Downloads\Compressed\pointofsales ci4_2\pointofsales ci4\ci4-pos\system\CodeIgniter.php(936): App\Controllers\PajakHotel->index()
#4 C:\Users\dbi\Downloads\Compressed\pointofsales ci4_2\pointofsales ci4\ci4-pos\system\CodeIgniter.php(432): CodeIgniter\CodeIgniter->runController(Object(App\Controllers\PajakHotel))
#5 C:\Users\dbi\Downloads\Compressed\pointofsales ci4_2\pointofsales ci4\ci4-pos\system\CodeIgniter.php(333): CodeIgniter\CodeIgniter->handleRequest(NULL, Object(Config\Cache), false)
#6 C:\Users\dbi\Downloads\Compressed\pointofsales ci4_2\pointofsales ci4\ci4-pos\public\index.php(44): CodeIgniter\CodeIgniter->run()
#7 C:\Users\dbi\Downloads\Compressed\pointofsales ci4_2\pointofsales ci4\ci4-pos\system\Commands\Server\rewrite.php(45): require_once('C:\\Users\\dbi\\Do...')
#8 {main}
