CRITICAL - 2021-12-02 08:14:19 --> Illegal string offset 'jenis_pengambilan'
#0 C:\xampp\htdocs\e-potensi\app\Views\abt\admin\editpotensi.php(102): CodeIgniter\Debug\Exceptions->errorHandler(2, 'Illegal string ...', 'C:\\xampp\\htdocs...', 102, Array)
#1 C:\xampp\htdocs\e-potensi\system\View\View.php(220): include('C:\\xampp\\htdocs...')
#2 C:\xampp\htdocs\e-potensi\system\View\View.php(222): CodeIgniter\View\View->CodeIgniter\View\{closure}()
#3 C:\xampp\htdocs\e-potensi\system\Common.php(1217): CodeIgniter\View\View->render('abt/admin/editp...', Array, true)
#4 C:\xampp\htdocs\e-potensi\app\Controllers\Abt.php(434): view('abt/admin/editp...', Array)
#5 C:\xampp\htdocs\e-potensi\system\CodeIgniter.php(936): App\Controllers\Abt->editpotensiadmin('6')
#6 C:\xampp\htdocs\e-potensi\system\CodeIgniter.php(432): CodeIgniter\CodeIgniter->runController(Object(App\Controllers\Abt))
#7 C:\xampp\htdocs\e-potensi\system\CodeIgniter.php(333): CodeIgniter\CodeIgniter->handleRequest(NULL, Object(Config\Cache), false)
#8 C:\xampp\htdocs\e-potensi\public\index.php(44): CodeIgniter\CodeIgniter->run()
#9 {main}
CRITICAL - 2021-12-02 08:14:51 --> Illegal string offset 'jenis_kendaraan'
#0 C:\xampp\htdocs\e-potensi\app\Views\parkir\admin\editpotensi.php(97): CodeIgniter\Debug\Exceptions->errorHandler(2, 'Illegal string ...', 'C:\\xampp\\htdocs...', 97, Array)
#1 C:\xampp\htdocs\e-potensi\system\View\View.php(220): include('C:\\xampp\\htdocs...')
#2 C:\xampp\htdocs\e-potensi\system\View\View.php(222): CodeIgniter\View\View->CodeIgniter\View\{closure}()
#3 C:\xampp\htdocs\e-potensi\system\Common.php(1217): CodeIgniter\View\View->render('parkir/admin/ed...', Array, true)
#4 C:\xampp\htdocs\e-potensi\app\Controllers\Parkir.php(426): view('parkir/admin/ed...', Array)
#5 C:\xampp\htdocs\e-potensi\system\CodeIgniter.php(936): App\Controllers\Parkir->editpotensiadmin('7')
#6 C:\xampp\htdocs\e-potensi\system\CodeIgniter.php(432): CodeIgniter\CodeIgniter->runController(Object(App\Controllers\Parkir))
#7 C:\xampp\htdocs\e-potensi\system\CodeIgniter.php(333): CodeIgniter\CodeIgniter->handleRequest(NULL, Object(Config\Cache), false)
#8 C:\xampp\htdocs\e-potensi\public\index.php(44): CodeIgniter\CodeIgniter->run()
#9 {main}
CRITICAL - 2021-12-02 08:17:44 --> Object of class stdClass could not be converted to string
#0 C:\xampp\htdocs\e-potensi\system\View\View.php(220): include()
#1 C:\xampp\htdocs\e-potensi\system\View\View.php(222): CodeIgniter\View\View->CodeIgniter\View\{closure}()
#2 C:\xampp\htdocs\e-potensi\system\Common.php(1217): CodeIgniter\View\View->render('hotel/admin/edi...', Array, true)
#3 C:\xampp\htdocs\e-potensi\app\Controllers\Hotel.php(457): view('hotel/admin/edi...', Array)
#4 C:\xampp\htdocs\e-potensi\system\CodeIgniter.php(936): App\Controllers\Hotel->editpotensiadmin('28')
#5 C:\xampp\htdocs\e-potensi\system\CodeIgniter.php(432): CodeIgniter\CodeIgniter->runController(Object(App\Controllers\Hotel))
#6 C:\xampp\htdocs\e-potensi\system\CodeIgniter.php(333): CodeIgniter\CodeIgniter->handleRequest(NULL, Object(Config\Cache), false)
#7 C:\xampp\htdocs\e-potensi\public\index.php(44): CodeIgniter\CodeIgniter->run()
#8 {main}
CRITICAL - 2021-12-02 08:24:26 --> Cannot use object of type stdClass as array
#0 C:\xampp\htdocs\e-potensi\system\View\View.php(220): include()
#1 C:\xampp\htdocs\e-potensi\system\View\View.php(222): CodeIgniter\View\View->CodeIgniter\View\{closure}()
#2 C:\xampp\htdocs\e-potensi\system\Common.php(1217): CodeIgniter\View\View->render('hotel/admin/edi...', Array, true)
#3 C:\xampp\htdocs\e-potensi\app\Controllers\Hotel.php(457): view('hotel/admin/edi...', Array)
#4 C:\xampp\htdocs\e-potensi\system\CodeIgniter.php(936): App\Controllers\Hotel->editpotensiadmin('28')
#5 C:\xampp\htdocs\e-potensi\system\CodeIgniter.php(432): CodeIgniter\CodeIgniter->runController(Object(App\Controllers\Hotel))
#6 C:\xampp\htdocs\e-potensi\system\CodeIgniter.php(333): CodeIgniter\CodeIgniter->handleRequest(NULL, Object(Config\Cache), false)
#7 C:\xampp\htdocs\e-potensi\public\index.php(44): CodeIgniter\CodeIgniter->run()
#8 {main}
CRITICAL - 2021-12-02 08:25:04 --> Object of class stdClass could not be converted to string
#0 C:\xampp\htdocs\e-potensi\system\View\View.php(220): include()
#1 C:\xampp\htdocs\e-potensi\system\View\View.php(222): CodeIgniter\View\View->CodeIgniter\View\{closure}()
#2 C:\xampp\htdocs\e-potensi\system\Common.php(1217): CodeIgniter\View\View->render('hotel/admin/edi...', Array, true)
#3 C:\xampp\htdocs\e-potensi\app\Controllers\Hotel.php(457): view('hotel/admin/edi...', Array)
#4 C:\xampp\htdocs\e-potensi\system\CodeIgniter.php(936): App\Controllers\Hotel->editpotensiadmin('28')
#5 C:\xampp\htdocs\e-potensi\system\CodeIgniter.php(432): CodeIgniter\CodeIgniter->runController(Object(App\Controllers\Hotel))
#6 C:\xampp\htdocs\e-potensi\system\CodeIgniter.php(333): CodeIgniter\CodeIgniter->handleRequest(NULL, Object(Config\Cache), false)
#7 C:\xampp\htdocs\e-potensi\public\index.php(44): CodeIgniter\CodeIgniter->run()
#8 {main}
CRITICAL - 2021-12-02 08:25:11 --> Object of class stdClass could not be converted to string
#0 C:\xampp\htdocs\e-potensi\system\View\View.php(220): include()
#1 C:\xampp\htdocs\e-potensi\system\View\View.php(222): CodeIgniter\View\View->CodeIgniter\View\{closure}()
#2 C:\xampp\htdocs\e-potensi\system\Common.php(1217): CodeIgniter\View\View->render('hotel/admin/edi...', Array, true)
#3 C:\xampp\htdocs\e-potensi\app\Controllers\Hotel.php(457): view('hotel/admin/edi...', Array)
#4 C:\xampp\htdocs\e-potensi\system\CodeIgniter.php(936): App\Controllers\Hotel->editpotensiadmin('28')
#5 C:\xampp\htdocs\e-potensi\system\CodeIgniter.php(432): CodeIgniter\CodeIgniter->runController(Object(App\Controllers\Hotel))
#6 C:\xampp\htdocs\e-potensi\system\CodeIgniter.php(333): CodeIgniter\CodeIgniter->handleRequest(NULL, Object(Config\Cache), false)
#7 C:\xampp\htdocs\e-potensi\public\index.php(44): CodeIgniter\CodeIgniter->run()
#8 {main}
CRITICAL - 2021-12-02 08:25:52 --> Illegal string offset 'jenis_kamar'
#0 C:\xampp\htdocs\e-potensi\app\Views\hotel\admin\editpotensi.php(86): CodeIgniter\Debug\Exceptions->errorHandler(2, 'Illegal string ...', 'C:\\xampp\\htdocs...', 86, Array)
#1 C:\xampp\htdocs\e-potensi\system\View\View.php(220): include('C:\\xampp\\htdocs...')
#2 C:\xampp\htdocs\e-potensi\system\View\View.php(222): CodeIgniter\View\View->CodeIgniter\View\{closure}()
#3 C:\xampp\htdocs\e-potensi\system\Common.php(1217): CodeIgniter\View\View->render('hotel/admin/edi...', Array, true)
#4 C:\xampp\htdocs\e-potensi\app\Controllers\Hotel.php(457): view('hotel/admin/edi...', Array)
#5 C:\xampp\htdocs\e-potensi\system\CodeIgniter.php(936): App\Controllers\Hotel->editpotensiadmin('28')
#6 C:\xampp\htdocs\e-potensi\system\CodeIgniter.php(432): CodeIgniter\CodeIgniter->runController(Object(App\Controllers\Hotel))
#7 C:\xampp\htdocs\e-potensi\system\CodeIgniter.php(333): CodeIgniter\CodeIgniter->handleRequest(NULL, Object(Config\Cache), false)
#8 C:\xampp\htdocs\e-potensi\public\index.php(44): CodeIgniter\CodeIgniter->run()
#9 {main}
CRITICAL - 2021-12-02 08:26:15 --> Object of class stdClass could not be converted to string
#0 C:\xampp\htdocs\e-potensi\system\View\View.php(220): include()
#1 C:\xampp\htdocs\e-potensi\system\View\View.php(222): CodeIgniter\View\View->CodeIgniter\View\{closure}()
#2 C:\xampp\htdocs\e-potensi\system\Common.php(1217): CodeIgniter\View\View->render('hotel/admin/edi...', Array, true)
#3 C:\xampp\htdocs\e-potensi\app\Controllers\Hotel.php(457): view('hotel/admin/edi...', Array)
#4 C:\xampp\htdocs\e-potensi\system\CodeIgniter.php(936): App\Controllers\Hotel->editpotensiadmin('28')
#5 C:\xampp\htdocs\e-potensi\system\CodeIgniter.php(432): CodeIgniter\CodeIgniter->runController(Object(App\Controllers\Hotel))
#6 C:\xampp\htdocs\e-potensi\system\CodeIgniter.php(333): CodeIgniter\CodeIgniter->handleRequest(NULL, Object(Config\Cache), false)
#7 C:\xampp\htdocs\e-potensi\public\index.php(44): CodeIgniter\CodeIgniter->run()
#8 {main}
CRITICAL - 2021-12-02 09:40:27 --> Illegal string offset 'jenis_hiburan'
#0 C:\xampp\htdocs\e-potensi\app\Views\hiburan\admin\editpotensi.php(96): CodeIgniter\Debug\Exceptions->errorHandler(2, 'Illegal string ...', 'C:\\xampp\\htdocs...', 96, Array)
#1 C:\xampp\htdocs\e-potensi\system\View\View.php(220): include('C:\\xampp\\htdocs...')
#2 C:\xampp\htdocs\e-potensi\system\View\View.php(222): CodeIgniter\View\View->CodeIgniter\View\{closure}()
#3 C:\xampp\htdocs\e-potensi\system\Common.php(1217): CodeIgniter\View\View->render('hiburan/admin/e...', Array, true)
#4 C:\xampp\htdocs\e-potensi\app\Controllers\Hiburan.php(436): view('hiburan/admin/e...', Array)
#5 C:\xampp\htdocs\e-potensi\system\CodeIgniter.php(936): App\Controllers\Hiburan->editpotensiadmin('10')
#6 C:\xampp\htdocs\e-potensi\system\CodeIgniter.php(432): CodeIgniter\CodeIgniter->runController(Object(App\Controllers\Hiburan))
#7 C:\xampp\htdocs\e-potensi\system\CodeIgniter.php(333): CodeIgniter\CodeIgniter->handleRequest(NULL, Object(Config\Cache), false)
#8 C:\xampp\htdocs\e-potensi\public\index.php(44): CodeIgniter\CodeIgniter->run()
#9 {main}
CRITICAL - 2021-12-02 09:50:28 --> Illegal string offset 'jenis_reklame'
#0 C:\xampp\htdocs\e-potensi\app\Views\reklame\admin\editpotensi.php(105): CodeIgniter\Debug\Exceptions->errorHandler(2, 'Illegal string ...', 'C:\\xampp\\htdocs...', 105, Array)
#1 C:\xampp\htdocs\e-potensi\system\View\View.php(220): include('C:\\xampp\\htdocs...')
#2 C:\xampp\htdocs\e-potensi\system\View\View.php(222): CodeIgniter\View\View->CodeIgniter\View\{closure}()
#3 C:\xampp\htdocs\e-potensi\system\Common.php(1217): CodeIgniter\View\View->render('reklame/admin/e...', Array, true)
#4 C:\xampp\htdocs\e-potensi\app\Controllers\Reklame.php(426): view('reklame/admin/e...', Array)
#5 C:\xampp\htdocs\e-potensi\system\CodeIgniter.php(936): App\Controllers\Reklame->editpotensiadmin('6')
#6 C:\xampp\htdocs\e-potensi\system\CodeIgniter.php(432): CodeIgniter\CodeIgniter->runController(Object(App\Controllers\Reklame))
#7 C:\xampp\htdocs\e-potensi\system\CodeIgniter.php(333): CodeIgniter\CodeIgniter->handleRequest(NULL, Object(Config\Cache), false)
#8 C:\xampp\htdocs\e-potensi\public\index.php(44): CodeIgniter\CodeIgniter->run()
#9 {main}
CRITICAL - 2021-12-02 11:09:41 --> Illegal string offset 'jenis_reklame'
#0 C:\xampp\htdocs\e-potensi\app\Views\reklame\user\editpotensi.php(105): CodeIgniter\Debug\Exceptions->errorHandler(2, 'Illegal string ...', 'C:\\xampp\\htdocs...', 105, Array)
#1 C:\xampp\htdocs\e-potensi\system\View\View.php(220): include('C:\\xampp\\htdocs...')
#2 C:\xampp\htdocs\e-potensi\system\View\View.php(222): CodeIgniter\View\View->CodeIgniter\View\{closure}()
#3 C:\xampp\htdocs\e-potensi\system\Common.php(1217): CodeIgniter\View\View->render('reklame/user/ed...', Array, true)
#4 C:\xampp\htdocs\e-potensi\app\Controllers\Reklame.php(444): view('reklame/user/ed...', Array)
#5 C:\xampp\htdocs\e-potensi\system\CodeIgniter.php(936): App\Controllers\Reklame->editpotensiuser('6')
#6 C:\xampp\htdocs\e-potensi\system\CodeIgniter.php(432): CodeIgniter\CodeIgniter->runController(Object(App\Controllers\Reklame))
#7 C:\xampp\htdocs\e-potensi\system\CodeIgniter.php(333): CodeIgniter\CodeIgniter->handleRequest(NULL, Object(Config\Cache), false)
#8 C:\xampp\htdocs\e-potensi\public\index.php(44): CodeIgniter\CodeIgniter->run()
#9 {main}
CRITICAL - 2021-12-02 11:10:23 --> Illegal string offset 'jenis_reklame'
#0 C:\xampp\htdocs\e-potensi\app\Views\reklame\user\editpotensi.php(105): CodeIgniter\Debug\Exceptions->errorHandler(2, 'Illegal string ...', 'C:\\xampp\\htdocs...', 105, Array)
#1 C:\xampp\htdocs\e-potensi\system\View\View.php(220): include('C:\\xampp\\htdocs...')
#2 C:\xampp\htdocs\e-potensi\system\View\View.php(222): CodeIgniter\View\View->CodeIgniter\View\{closure}()
#3 C:\xampp\htdocs\e-potensi\system\Common.php(1217): CodeIgniter\View\View->render('reklame/user/ed...', Array, true)
#4 C:\xampp\htdocs\e-potensi\app\Controllers\Reklame.php(444): view('reklame/user/ed...', Array)
#5 C:\xampp\htdocs\e-potensi\system\CodeIgniter.php(936): App\Controllers\Reklame->editpotensiuser('6')
#6 C:\xampp\htdocs\e-potensi\system\CodeIgniter.php(432): CodeIgniter\CodeIgniter->runController(Object(App\Controllers\Reklame))
#7 C:\xampp\htdocs\e-potensi\system\CodeIgniter.php(333): CodeIgniter\CodeIgniter->handleRequest(NULL, Object(Config\Cache), false)
#8 C:\xampp\htdocs\e-potensi\public\index.php(44): CodeIgniter\CodeIgniter->run()
#9 {main}
CRITICAL - 2021-12-02 11:10:28 --> Illegal string offset 'jenis_reklame'
#0 C:\xampp\htdocs\e-potensi\app\Views\reklame\user\editpotensi.php(105): CodeIgniter\Debug\Exceptions->errorHandler(2, 'Illegal string ...', 'C:\\xampp\\htdocs...', 105, Array)
#1 C:\xampp\htdocs\e-potensi\system\View\View.php(220): include('C:\\xampp\\htdocs...')
#2 C:\xampp\htdocs\e-potensi\system\View\View.php(222): CodeIgniter\View\View->CodeIgniter\View\{closure}()
#3 C:\xampp\htdocs\e-potensi\system\Common.php(1217): CodeIgniter\View\View->render('reklame/user/ed...', Array, true)
#4 C:\xampp\htdocs\e-potensi\app\Controllers\Reklame.php(444): view('reklame/user/ed...', Array)
#5 C:\xampp\htdocs\e-potensi\system\CodeIgniter.php(936): App\Controllers\Reklame->editpotensiuser('7')
#6 C:\xampp\htdocs\e-potensi\system\CodeIgniter.php(432): CodeIgniter\CodeIgniter->runController(Object(App\Controllers\Reklame))
#7 C:\xampp\htdocs\e-potensi\system\CodeIgniter.php(333): CodeIgniter\CodeIgniter->handleRequest(NULL, Object(Config\Cache), false)
#8 C:\xampp\htdocs\e-potensi\public\index.php(44): CodeIgniter\CodeIgniter->run()
#9 {main}
CRITICAL - 2021-12-02 11:11:45 --> Illegal string offset 'jenis_reklame'
#0 C:\xampp\htdocs\e-potensi\app\Views\reklame\user\editpotensi.php(105): CodeIgniter\Debug\Exceptions->errorHandler(2, 'Illegal string ...', 'C:\\xampp\\htdocs...', 105, Array)
#1 C:\xampp\htdocs\e-potensi\system\View\View.php(220): include('C:\\xampp\\htdocs...')
#2 C:\xampp\htdocs\e-potensi\system\View\View.php(222): CodeIgniter\View\View->CodeIgniter\View\{closure}()
#3 C:\xampp\htdocs\e-potensi\system\Common.php(1217): CodeIgniter\View\View->render('reklame/user/ed...', Array, true)
#4 C:\xampp\htdocs\e-potensi\app\Controllers\Reklame.php(444): view('reklame/user/ed...', Array)
#5 C:\xampp\htdocs\e-potensi\system\CodeIgniter.php(936): App\Controllers\Reklame->editpotensiuser('6')
#6 C:\xampp\htdocs\e-potensi\system\CodeIgniter.php(432): CodeIgniter\CodeIgniter->runController(Object(App\Controllers\Reklame))
#7 C:\xampp\htdocs\e-potensi\system\CodeIgniter.php(333): CodeIgniter\CodeIgniter->handleRequest(NULL, Object(Config\Cache), false)
#8 C:\xampp\htdocs\e-potensi\public\index.php(44): CodeIgniter\CodeIgniter->run()
#9 {main}
CRITICAL - 2021-12-02 11:11:50 --> Illegal string offset 'jenis_reklame'
#0 C:\xampp\htdocs\e-potensi\app\Views\reklame\user\editpotensi.php(105): CodeIgniter\Debug\Exceptions->errorHandler(2, 'Illegal string ...', 'C:\\xampp\\htdocs...', 105, Array)
#1 C:\xampp\htdocs\e-potensi\system\View\View.php(220): include('C:\\xampp\\htdocs...')
#2 C:\xampp\htdocs\e-potensi\system\View\View.php(222): CodeIgniter\View\View->CodeIgniter\View\{closure}()
#3 C:\xampp\htdocs\e-potensi\system\Common.php(1217): CodeIgniter\View\View->render('reklame/user/ed...', Array, true)
#4 C:\xampp\htdocs\e-potensi\app\Controllers\Reklame.php(444): view('reklame/user/ed...', Array)
#5 C:\xampp\htdocs\e-potensi\system\CodeIgniter.php(936): App\Controllers\Reklame->editpotensiuser('6')
#6 C:\xampp\htdocs\e-potensi\system\CodeIgniter.php(432): CodeIgniter\CodeIgniter->runController(Object(App\Controllers\Reklame))
#7 C:\xampp\htdocs\e-potensi\system\CodeIgniter.php(333): CodeIgniter\CodeIgniter->handleRequest(NULL, Object(Config\Cache), false)
#8 C:\xampp\htdocs\e-potensi\public\index.php(44): CodeIgniter\CodeIgniter->run()
#9 {main}
CRITICAL - 2021-12-02 11:34:43 --> Illegal string offset 'jenis_kendaraan'
#0 C:\xampp\htdocs\e-potensi\app\Views\parkir\admin\editpotensi.php(94): CodeIgniter\Debug\Exceptions->errorHandler(2, 'Illegal string ...', 'C:\\xampp\\htdocs...', 94, Array)
#1 C:\xampp\htdocs\e-potensi\system\View\View.php(220): include('C:\\xampp\\htdocs...')
#2 C:\xampp\htdocs\e-potensi\system\View\View.php(222): CodeIgniter\View\View->CodeIgniter\View\{closure}()
#3 C:\xampp\htdocs\e-potensi\system\Common.php(1217): CodeIgniter\View\View->render('parkir/admin/ed...', Array, true)
#4 C:\xampp\htdocs\e-potensi\app\Controllers\Parkir.php(428): view('parkir/admin/ed...', Array)
#5 C:\xampp\htdocs\e-potensi\system\CodeIgniter.php(936): App\Controllers\Parkir->editpotensiadmin('7')
#6 C:\xampp\htdocs\e-potensi\system\CodeIgniter.php(432): CodeIgniter\CodeIgniter->runController(Object(App\Controllers\Parkir))
#7 C:\xampp\htdocs\e-potensi\system\CodeIgniter.php(333): CodeIgniter\CodeIgniter->handleRequest(NULL, Object(Config\Cache), false)
#8 C:\xampp\htdocs\e-potensi\public\index.php(44): CodeIgniter\CodeIgniter->run()
#9 {main}
