CRITICAL - 2023-11-16 14:19:49 --> Class 'App\Models\getModel' not found
#0 /Applications/MAMP/htdocs/dashboard_pasar/system/CodeIgniter.php(908): App\Controllers\Auth->__construct()
#1 /Applications/MAMP/htdocs/dashboard_pasar/system/CodeIgniter.php(422): CodeIgniter\CodeIgniter->createController()
#2 /Applications/MAMP/htdocs/dashboard_pasar/system/CodeIgniter.php(333): CodeIgniter\CodeIgniter->handleRequest(NULL, Object(Config\Cache), false)
#3 /Applications/MAMP/htdocs/dashboard_pasar/index.php(43): CodeIgniter\CodeIgniter->run()
#4 {main}
CRITICAL - 2023-11-16 14:24:52 --> You must set the database table to be used with your query.
#0 /Applications/MAMP/htdocs/dashboard_pasar/system/Model.php(615): CodeIgniter\Database\BaseConnection->table(NULL)
#1 /Applications/MAMP/htdocs/dashboard_pasar/system/Model.php(834): CodeIgniter\Model->builder()
#2 /Applications/MAMP/htdocs/dashboard_pasar/app/Controllers/Auth.php(30): CodeIgniter\Model->__call('getUsername', Array)
#3 /Applications/MAMP/htdocs/dashboard_pasar/system/CodeIgniter.php(936): App\Controllers\Auth->login()
#4 /Applications/MAMP/htdocs/dashboard_pasar/system/CodeIgniter.php(432): CodeIgniter\CodeIgniter->runController(Object(App\Controllers\Auth))
#5 /Applications/MAMP/htdocs/dashboard_pasar/system/CodeIgniter.php(333): CodeIgniter\CodeIgniter->handleRequest(NULL, Object(Config\Cache), false)
#6 /Applications/MAMP/htdocs/dashboard_pasar/index.php(43): CodeIgniter\CodeIgniter->run()
#7 {main}
ERROR - 2023-11-16 14:25:26 --> Error connecting to the database: pg_connect(): Unable to connect to PostgreSQL server: SCRAM authentication requires libpq version 10 or above
CRITICAL - 2023-11-16 14:25:26 --> Unable to connect to the database.
#0 /Applications/MAMP/htdocs/dashboard_pasar/system/Database/BaseConnection.php(599): CodeIgniter\Database\BaseConnection->initialize()
#1 /Applications/MAMP/htdocs/dashboard_pasar/app/Models/getModel.php(12): CodeIgniter\Database\BaseConnection->query('SELECT * FROM a...')
#2 /Applications/MAMP/htdocs/dashboard_pasar/app/Controllers/Auth.php(30): App\Models\getModel->getUsername('admin')
#3 /Applications/MAMP/htdocs/dashboard_pasar/system/CodeIgniter.php(936): App\Controllers\Auth->login()
#4 /Applications/MAMP/htdocs/dashboard_pasar/system/CodeIgniter.php(432): CodeIgniter\CodeIgniter->runController(Object(App\Controllers\Auth))
#5 /Applications/MAMP/htdocs/dashboard_pasar/system/CodeIgniter.php(333): CodeIgniter\CodeIgniter->handleRequest(NULL, Object(Config\Cache), false)
#6 /Applications/MAMP/htdocs/dashboard_pasar/index.php(43): CodeIgniter\CodeIgniter->run()
#7 {main}
ERROR - 2023-11-16 14:26:11 --> Error connecting to the database: pg_connect(): Unable to connect to PostgreSQL server: SCRAM authentication requires libpq version 10 or above
CRITICAL - 2023-11-16 14:26:11 --> Unable to connect to the database.
#0 /Applications/MAMP/htdocs/dashboard_pasar/system/Database/BaseConnection.php(599): CodeIgniter\Database\BaseConnection->initialize()
#1 /Applications/MAMP/htdocs/dashboard_pasar/app/Models/getModel.php(12): CodeIgniter\Database\BaseConnection->query('SELECT * FROM a...')
#2 /Applications/MAMP/htdocs/dashboard_pasar/app/Controllers/Auth.php(30): App\Models\getModel->getUsername('admin')
#3 /Applications/MAMP/htdocs/dashboard_pasar/system/CodeIgniter.php(936): App\Controllers\Auth->login()
#4 /Applications/MAMP/htdocs/dashboard_pasar/system/CodeIgniter.php(432): CodeIgniter\CodeIgniter->runController(Object(App\Controllers\Auth))
#5 /Applications/MAMP/htdocs/dashboard_pasar/system/CodeIgniter.php(333): CodeIgniter\CodeIgniter->handleRequest(NULL, Object(Config\Cache), false)
#6 /Applications/MAMP/htdocs/dashboard_pasar/index.php(43): CodeIgniter\CodeIgniter->run()
#7 {main}
ERROR - 2023-11-16 14:30:03 --> Error connecting to the database: pg_connect(): Unable to connect to PostgreSQL server: SCRAM authentication requires libpq version 10 or above
CRITICAL - 2023-11-16 14:30:03 --> Unable to connect to the database.
#0 /Applications/MAMP/htdocs/dashboard_pasar/system/Database/BaseConnection.php(599): CodeIgniter\Database\BaseConnection->initialize()
#1 /Applications/MAMP/htdocs/dashboard_pasar/app/Models/getModel.php(12): CodeIgniter\Database\BaseConnection->query('SELECT * FROM a...')
#2 /Applications/MAMP/htdocs/dashboard_pasar/app/Controllers/Auth.php(30): App\Models\getModel->getUsername('admin')
#3 /Applications/MAMP/htdocs/dashboard_pasar/system/CodeIgniter.php(936): App\Controllers\Auth->login()
#4 /Applications/MAMP/htdocs/dashboard_pasar/system/CodeIgniter.php(432): CodeIgniter\CodeIgniter->runController(Object(App\Controllers\Auth))
#5 /Applications/MAMP/htdocs/dashboard_pasar/system/CodeIgniter.php(333): CodeIgniter\CodeIgniter->handleRequest(NULL, Object(Config\Cache), false)
#6 /Applications/MAMP/htdocs/dashboard_pasar/index.php(43): CodeIgniter\CodeIgniter->run()
#7 {main}
ERROR - 2023-11-16 14:30:17 --> Error connecting to the database: pg_connect(): Unable to connect to PostgreSQL server: SCRAM authentication requires libpq version 10 or above
CRITICAL - 2023-11-16 14:30:17 --> Unable to connect to the database.
#0 /Applications/MAMP/htdocs/dashboard_pasar/system/Database/BaseConnection.php(599): CodeIgniter\Database\BaseConnection->initialize()
#1 /Applications/MAMP/htdocs/dashboard_pasar/app/Models/getModel.php(12): CodeIgniter\Database\BaseConnection->query('SELECT * FROM a...')
#2 /Applications/MAMP/htdocs/dashboard_pasar/app/Controllers/Auth.php(30): App\Models\getModel->getUsername('admin')
#3 /Applications/MAMP/htdocs/dashboard_pasar/system/CodeIgniter.php(936): App\Controllers\Auth->login()
#4 /Applications/MAMP/htdocs/dashboard_pasar/system/CodeIgniter.php(432): CodeIgniter\CodeIgniter->runController(Object(App\Controllers\Auth))
#5 /Applications/MAMP/htdocs/dashboard_pasar/system/CodeIgniter.php(333): CodeIgniter\CodeIgniter->handleRequest(NULL, Object(Config\Cache), false)
#6 /Applications/MAMP/htdocs/dashboard_pasar/index.php(43): CodeIgniter\CodeIgniter->run()
#7 {main}
ERROR - 2023-11-16 14:31:06 --> Error connecting to the database: pg_connect(): Unable to connect to PostgreSQL server: SCRAM authentication requires libpq version 10 or above
CRITICAL - 2023-11-16 14:31:06 --> Unable to connect to the database.
#0 /Applications/MAMP/htdocs/dashboard_pasar/system/Database/BaseConnection.php(599): CodeIgniter\Database\BaseConnection->initialize()
#1 /Applications/MAMP/htdocs/dashboard_pasar/app/Models/getModel.php(12): CodeIgniter\Database\BaseConnection->query('SELECT * FROM a...')
#2 /Applications/MAMP/htdocs/dashboard_pasar/app/Controllers/Auth.php(30): App\Models\getModel->getUsername('admin')
#3 /Applications/MAMP/htdocs/dashboard_pasar/system/CodeIgniter.php(936): App\Controllers\Auth->login()
#4 /Applications/MAMP/htdocs/dashboard_pasar/system/CodeIgniter.php(432): CodeIgniter\CodeIgniter->runController(Object(App\Controllers\Auth))
#5 /Applications/MAMP/htdocs/dashboard_pasar/system/CodeIgniter.php(333): CodeIgniter\CodeIgniter->handleRequest(NULL, Object(Config\Cache), false)
#6 /Applications/MAMP/htdocs/dashboard_pasar/index.php(43): CodeIgniter\CodeIgniter->run()
#7 {main}
ERROR - 2023-11-16 14:32:55 --> Error connecting to the database: pg_connect(): Unable to connect to PostgreSQL server: SCRAM authentication requires libpq version 10 or above
CRITICAL - 2023-11-16 14:32:55 --> Unable to connect to the database.
#0 /Applications/MAMP/htdocs/dashboard_pasar/system/Database/BaseConnection.php(599): CodeIgniter\Database\BaseConnection->initialize()
#1 /Applications/MAMP/htdocs/dashboard_pasar/app/Models/getModel.php(12): CodeIgniter\Database\BaseConnection->query('SELECT * FROM a...')
#2 /Applications/MAMP/htdocs/dashboard_pasar/app/Controllers/Auth.php(30): App\Models\getModel->getUsername('admin')
#3 /Applications/MAMP/htdocs/dashboard_pasar/system/CodeIgniter.php(936): App\Controllers\Auth->login()
#4 /Applications/MAMP/htdocs/dashboard_pasar/system/CodeIgniter.php(432): CodeIgniter\CodeIgniter->runController(Object(App\Controllers\Auth))
#5 /Applications/MAMP/htdocs/dashboard_pasar/system/CodeIgniter.php(333): CodeIgniter\CodeIgniter->handleRequest(NULL, Object(Config\Cache), false)
#6 /Applications/MAMP/htdocs/dashboard_pasar/index.php(43): CodeIgniter\CodeIgniter->run()
#7 {main}
ERROR - 2023-11-16 14:33:00 --> Error connecting to the database: pg_connect(): Unable to connect to PostgreSQL server: SCRAM authentication requires libpq version 10 or above
CRITICAL - 2023-11-16 14:33:00 --> Unable to connect to the database.
#0 /Applications/MAMP/htdocs/dashboard_pasar/system/Database/BaseConnection.php(599): CodeIgniter\Database\BaseConnection->initialize()
#1 /Applications/MAMP/htdocs/dashboard_pasar/app/Models/getModel.php(12): CodeIgniter\Database\BaseConnection->query('SELECT * FROM a...')
#2 /Applications/MAMP/htdocs/dashboard_pasar/app/Controllers/Auth.php(30): App\Models\getModel->getUsername('admin')
#3 /Applications/MAMP/htdocs/dashboard_pasar/system/CodeIgniter.php(936): App\Controllers\Auth->login()
#4 /Applications/MAMP/htdocs/dashboard_pasar/system/CodeIgniter.php(432): CodeIgniter\CodeIgniter->runController(Object(App\Controllers\Auth))
#5 /Applications/MAMP/htdocs/dashboard_pasar/system/CodeIgniter.php(333): CodeIgniter\CodeIgniter->handleRequest(NULL, Object(Config\Cache), false)
#6 /Applications/MAMP/htdocs/dashboard_pasar/index.php(43): CodeIgniter\CodeIgniter->run()
#7 {main}
ERROR - 2023-11-16 14:35:09 --> Error connecting to the database: pg_pconnect(): Unable to connect to PostgreSQL server: SCRAM authentication requires libpq version 10 or above
CRITICAL - 2023-11-16 14:35:09 --> Unable to connect to the database.
#0 /Applications/MAMP/htdocs/dashboard_pasar/system/Database/BaseConnection.php(599): CodeIgniter\Database\BaseConnection->initialize()
#1 /Applications/MAMP/htdocs/dashboard_pasar/app/Models/getModel.php(12): CodeIgniter\Database\BaseConnection->query('SELECT * FROM a...')
#2 /Applications/MAMP/htdocs/dashboard_pasar/app/Controllers/Auth.php(30): App\Models\getModel->getUsername('admin')
#3 /Applications/MAMP/htdocs/dashboard_pasar/system/CodeIgniter.php(936): App\Controllers\Auth->login()
#4 /Applications/MAMP/htdocs/dashboard_pasar/system/CodeIgniter.php(432): CodeIgniter\CodeIgniter->runController(Object(App\Controllers\Auth))
#5 /Applications/MAMP/htdocs/dashboard_pasar/system/CodeIgniter.php(333): CodeIgniter\CodeIgniter->handleRequest(NULL, Object(Config\Cache), false)
#6 /Applications/MAMP/htdocs/dashboard_pasar/index.php(43): CodeIgniter\CodeIgniter->run()
#7 {main}
CRITICAL - 2023-11-16 14:56:37 --> Undefined variable: user
#0 C:\xampp\htdocs\ci-esptpd\dashboard_pasar\app\Controllers\Auth.php(33): CodeIgniter\Debug\Exceptions->errorHandler(8, 'Undefined varia...', 'C:\\xampp\\htdocs...', 33, Array)
#1 C:\xampp\htdocs\ci-esptpd\dashboard_pasar\system\CodeIgniter.php(936): App\Controllers\Auth->login()
#2 C:\xampp\htdocs\ci-esptpd\dashboard_pasar\system\CodeIgniter.php(432): CodeIgniter\CodeIgniter->runController(Object(App\Controllers\Auth))
#3 C:\xampp\htdocs\ci-esptpd\dashboard_pasar\system\CodeIgniter.php(333): CodeIgniter\CodeIgniter->handleRequest(NULL, Object(Config\Cache), false)
#4 C:\xampp\htdocs\ci-esptpd\dashboard_pasar\index.php(43): CodeIgniter\CodeIgniter->run()
#5 {main}
CRITICAL - 2023-11-16 14:57:36 --> Undefined property: stdClass::$is_active
#0 C:\xampp\htdocs\ci-esptpd\dashboard_pasar\app\Controllers\Auth.php(35): CodeIgniter\Debug\Exceptions->errorHandler(8, 'Undefined prope...', 'C:\\xampp\\htdocs...', 35, Array)
#1 C:\xampp\htdocs\ci-esptpd\dashboard_pasar\system\CodeIgniter.php(936): App\Controllers\Auth->login()
#2 C:\xampp\htdocs\ci-esptpd\dashboard_pasar\system\CodeIgniter.php(432): CodeIgniter\CodeIgniter->runController(Object(App\Controllers\Auth))
#3 C:\xampp\htdocs\ci-esptpd\dashboard_pasar\system\CodeIgniter.php(333): CodeIgniter\CodeIgniter->handleRequest(NULL, Object(Config\Cache), false)
#4 C:\xampp\htdocs\ci-esptpd\dashboard_pasar\index.php(43): CodeIgniter\CodeIgniter->run()
#5 {main}
CRITICAL - 2023-11-16 16:11:06 --> Trying to get property 'password' of non-object
#0 C:\xampp\htdocs\ci-esptpd\dashboard_pasar\app\Controllers\Auth.php(32): CodeIgniter\Debug\Exceptions->errorHandler(8, 'Trying to get p...', 'C:\\xampp\\htdocs...', 32, Array)
#1 C:\xampp\htdocs\ci-esptpd\dashboard_pasar\system\CodeIgniter.php(936): App\Controllers\Auth->login()
#2 C:\xampp\htdocs\ci-esptpd\dashboard_pasar\system\CodeIgniter.php(432): CodeIgniter\CodeIgniter->runController(Object(App\Controllers\Auth))
#3 C:\xampp\htdocs\ci-esptpd\dashboard_pasar\system\CodeIgniter.php(333): CodeIgniter\CodeIgniter->handleRequest(NULL, Object(Config\Cache), false)
#4 C:\xampp\htdocs\ci-esptpd\dashboard_pasar\index.php(43): CodeIgniter\CodeIgniter->run()
#5 {main}
CRITICAL - 2023-11-16 17:51:42 --> Undefined variable: total_bayar
#0 C:\xampp\htdocs\ci-esptpd\dashboard_pasar\app\Views\dashboard.php(22): CodeIgniter\Debug\Exceptions->errorHandler(8, 'Undefined varia...', 'C:\\xampp\\htdocs...', 22, Array)
#1 C:\xampp\htdocs\ci-esptpd\dashboard_pasar\system\View\View.php(220): include('C:\\xampp\\htdocs...')
#2 C:\xampp\htdocs\ci-esptpd\dashboard_pasar\system\View\View.php(222): CodeIgniter\View\View->CodeIgniter\View\{closure}()
#3 C:\xampp\htdocs\ci-esptpd\dashboard_pasar\system\Common.php(1217): CodeIgniter\View\View->render('dashboard', Array, true)
#4 C:\xampp\htdocs\ci-esptpd\dashboard_pasar\app\Controllers\Report.php(24): view('dashboard', Array)
#5 C:\xampp\htdocs\ci-esptpd\dashboard_pasar\system\CodeIgniter.php(936): App\Controllers\Report->index()
#6 C:\xampp\htdocs\ci-esptpd\dashboard_pasar\system\CodeIgniter.php(432): CodeIgniter\CodeIgniter->runController(Object(App\Controllers\Report))
#7 C:\xampp\htdocs\ci-esptpd\dashboard_pasar\system\CodeIgniter.php(333): CodeIgniter\CodeIgniter->handleRequest(NULL, Object(Config\Cache), false)
#8 C:\xampp\htdocs\ci-esptpd\dashboard_pasar\index.php(43): CodeIgniter\CodeIgniter->run()
#9 {main}
CRITICAL - 2023-11-16 20:26:22 --> Trying to get property 'start' of non-object
#0 C:\xampp\htdocs\ci-esptpd\dashboard_pasar\app\Models\getModel.php(46): CodeIgniter\Debug\Exceptions->errorHandler(8, 'Trying to get p...', 'C:\\xampp\\htdocs...', 46, Array)
#1 C:\xampp\htdocs\ci-esptpd\dashboard_pasar\app\Controllers\Report.php(37): App\Models\getModel->getHasilRekap(Array)
#2 C:\xampp\htdocs\ci-esptpd\dashboard_pasar\system\CodeIgniter.php(936): App\Controllers\Report->hasilrekap()
#3 C:\xampp\htdocs\ci-esptpd\dashboard_pasar\system\CodeIgniter.php(432): CodeIgniter\CodeIgniter->runController(Object(App\Controllers\Report))
#4 C:\xampp\htdocs\ci-esptpd\dashboard_pasar\system\CodeIgniter.php(333): CodeIgniter\CodeIgniter->handleRequest(NULL, Object(Config\Cache), false)
#5 C:\xampp\htdocs\ci-esptpd\dashboard_pasar\index.php(43): CodeIgniter\CodeIgniter->run()
#6 {main}
CRITICAL - 2023-11-16 22:52:49 --> Cannot redeclare App\Models\getModel::getHasilRekap()
#0 [internal function]: CodeIgniter\Debug\Exceptions->shutdownHandler()
#1 {main}
CRITICAL - 2023-11-16 22:53:10 --> Cannot redeclare App\Models\getModel::getHasilRekap()
#0 [internal function]: CodeIgniter\Debug\Exceptions->shutdownHandler()
#1 {main}
