CRITICAL - 2021-08-20 01:25:54 --> Undefined variable: datahotel
#0 E:\titip\Application\ci4-pos\app\Views\hiburan\formpendataan.php(22): CodeIgniter\Debug\Exceptions->errorHandler(8, 'Undefined varia...', 'E:\\titip\\Applic...', 22, Array)
#1 E:\titip\Application\ci4-pos\system\View\View.php(220): include('E:\\titip\\Applic...')
#2 E:\titip\Application\ci4-pos\system\View\View.php(222): CodeIgniter\View\View->CodeIgniter\View\{closure}()
#3 E:\titip\Application\ci4-pos\system\Common.php(1217): CodeIgniter\View\View->render('hiburan/formpen...', Array, true)
#4 E:\titip\Application\ci4-pos\app\Controllers\Hiburan.php(141): view('hiburan/formpen...')
#5 E:\titip\Application\ci4-pos\system\CodeIgniter.php(936): App\Controllers\Hiburan->pendataan('1')
#6 E:\titip\Application\ci4-pos\system\CodeIgniter.php(432): CodeIgniter\CodeIgniter->runController(Object(App\Controllers\Hiburan))
#7 E:\titip\Application\ci4-pos\system\CodeIgniter.php(333): CodeIgniter\CodeIgniter->handleRequest(NULL, Object(Config\Cache), false)
#8 E:\titip\Application\ci4-pos\public\index.php(44): CodeIgniter\CodeIgniter->run()
#9 E:\titip\Application\ci4-pos\system\Commands\Server\rewrite.php(45): require_once('E:\\titip\\Applic...')
#10 {main}
CRITICAL - 2021-08-20 01:26:52 --> Undefined property: App\Controllers\Hiburan::$hotel
#0 E:\titip\Application\ci4-pos\app\Controllers\Hiburan.php(142): CodeIgniter\Debug\Exceptions->errorHandler(8, 'Undefined prope...', 'E:\\titip\\Applic...', 142, Array)
#1 E:\titip\Application\ci4-pos\system\CodeIgniter.php(936): App\Controllers\Hiburan->pendataan('1')
#2 E:\titip\Application\ci4-pos\system\CodeIgniter.php(432): CodeIgniter\CodeIgniter->runController(Object(App\Controllers\Hiburan))
#3 E:\titip\Application\ci4-pos\system\CodeIgniter.php(333): CodeIgniter\CodeIgniter->handleRequest(NULL, Object(Config\Cache), false)
#4 E:\titip\Application\ci4-pos\public\index.php(44): CodeIgniter\CodeIgniter->run()
#5 E:\titip\Application\ci4-pos\system\Commands\Server\rewrite.php(45): require_once('E:\\titip\\Applic...')
#6 {main}
CRITICAL - 2021-08-20 01:27:03 --> Undefined variable: id
#0 E:\titip\Application\ci4-pos\app\Controllers\Hiburan.php(142): CodeIgniter\Debug\Exceptions->errorHandler(8, 'Undefined varia...', 'E:\\titip\\Applic...', 142, Array)
#1 E:\titip\Application\ci4-pos\system\CodeIgniter.php(936): App\Controllers\Hiburan->pendataan('1')
#2 E:\titip\Application\ci4-pos\system\CodeIgniter.php(432): CodeIgniter\CodeIgniter->runController(Object(App\Controllers\Hiburan))
#3 E:\titip\Application\ci4-pos\system\CodeIgniter.php(333): CodeIgniter\CodeIgniter->handleRequest(NULL, Object(Config\Cache), false)
#4 E:\titip\Application\ci4-pos\public\index.php(44): CodeIgniter\CodeIgniter->run()
#5 E:\titip\Application\ci4-pos\system\Commands\Server\rewrite.php(45): require_once('E:\\titip\\Applic...')
#6 {main}
CRITICAL - 2021-08-20 01:27:13 --> Undefined variable: datahotel
#0 E:\titip\Application\ci4-pos\app\Views\hotel\formpendataan.php(23): CodeIgniter\Debug\Exceptions->errorHandler(8, 'Undefined varia...', 'E:\\titip\\Applic...', 23, Array)
#1 E:\titip\Application\ci4-pos\system\View\View.php(220): include('E:\\titip\\Applic...')
#2 E:\titip\Application\ci4-pos\system\View\View.php(222): CodeIgniter\View\View->CodeIgniter\View\{closure}()
#3 E:\titip\Application\ci4-pos\system\Common.php(1217): CodeIgniter\View\View->render('hotel/formpenda...', Array, true)
#4 E:\titip\Application\ci4-pos\app\Controllers\Hiburan.php(144): view('hotel/formpenda...', Array)
#5 E:\titip\Application\ci4-pos\system\CodeIgniter.php(936): App\Controllers\Hiburan->pendataan('1')
#6 E:\titip\Application\ci4-pos\system\CodeIgniter.php(432): CodeIgniter\CodeIgniter->runController(Object(App\Controllers\Hiburan))
#7 E:\titip\Application\ci4-pos\system\CodeIgniter.php(333): CodeIgniter\CodeIgniter->handleRequest(NULL, Object(Config\Cache), false)
#8 E:\titip\Application\ci4-pos\public\index.php(44): CodeIgniter\CodeIgniter->run()
#9 E:\titip\Application\ci4-pos\system\Commands\Server\rewrite.php(45): require_once('E:\\titip\\Applic...')
#10 {main}
CRITICAL - 2021-08-20 01:27:29 --> Undefined variable: datahotel
#0 E:\titip\Application\ci4-pos\app\Views\hotel\formpendataan.php(23): CodeIgniter\Debug\Exceptions->errorHandler(8, 'Undefined varia...', 'E:\\titip\\Applic...', 23, Array)
#1 E:\titip\Application\ci4-pos\system\View\View.php(220): include('E:\\titip\\Applic...')
#2 E:\titip\Application\ci4-pos\system\View\View.php(222): CodeIgniter\View\View->CodeIgniter\View\{closure}()
#3 E:\titip\Application\ci4-pos\system\Common.php(1217): CodeIgniter\View\View->render('hotel/formpenda...', Array, true)
#4 E:\titip\Application\ci4-pos\app\Controllers\Hiburan.php(144): view('hotel/formpenda...', Array)
#5 E:\titip\Application\ci4-pos\system\CodeIgniter.php(936): App\Controllers\Hiburan->pendataan('1')
#6 E:\titip\Application\ci4-pos\system\CodeIgniter.php(432): CodeIgniter\CodeIgniter->runController(Object(App\Controllers\Hiburan))
#7 E:\titip\Application\ci4-pos\system\CodeIgniter.php(333): CodeIgniter\CodeIgniter->handleRequest(NULL, Object(Config\Cache), false)
#8 E:\titip\Application\ci4-pos\public\index.php(44): CodeIgniter\CodeIgniter->run()
#9 E:\titip\Application\ci4-pos\system\Commands\Server\rewrite.php(45): require_once('E:\\titip\\Applic...')
#10 {main}
CRITICAL - 2021-08-20 01:27:47 --> Undefined variable: datahotel
#0 E:\titip\Application\ci4-pos\app\Views\hotel\formpendataan.php(23): CodeIgniter\Debug\Exceptions->errorHandler(8, 'Undefined varia...', 'E:\\titip\\Applic...', 23, Array)
#1 E:\titip\Application\ci4-pos\system\View\View.php(220): include('E:\\titip\\Applic...')
#2 E:\titip\Application\ci4-pos\system\View\View.php(222): CodeIgniter\View\View->CodeIgniter\View\{closure}()
#3 E:\titip\Application\ci4-pos\system\Common.php(1217): CodeIgniter\View\View->render('hotel/formpenda...', Array, true)
#4 E:\titip\Application\ci4-pos\app\Controllers\Hiburan.php(144): view('hotel/formpenda...', Array)
#5 E:\titip\Application\ci4-pos\system\CodeIgniter.php(936): App\Controllers\Hiburan->pendataan('1')
#6 E:\titip\Application\ci4-pos\system\CodeIgniter.php(432): CodeIgniter\CodeIgniter->runController(Object(App\Controllers\Hiburan))
#7 E:\titip\Application\ci4-pos\system\CodeIgniter.php(333): CodeIgniter\CodeIgniter->handleRequest(NULL, Object(Config\Cache), false)
#8 E:\titip\Application\ci4-pos\public\index.php(44): CodeIgniter\CodeIgniter->run()
#9 E:\titip\Application\ci4-pos\system\Commands\Server\rewrite.php(45): require_once('E:\\titip\\Applic...')
#10 {main}
CRITICAL - 2021-08-20 01:27:54 --> Undefined variable: datahotel
#0 E:\titip\Application\ci4-pos\app\Views\hotel\formpendataan.php(23): CodeIgniter\Debug\Exceptions->errorHandler(8, 'Undefined varia...', 'E:\\titip\\Applic...', 23, Array)
#1 E:\titip\Application\ci4-pos\system\View\View.php(220): include('E:\\titip\\Applic...')
#2 E:\titip\Application\ci4-pos\system\View\View.php(222): CodeIgniter\View\View->CodeIgniter\View\{closure}()
#3 E:\titip\Application\ci4-pos\system\Common.php(1217): CodeIgniter\View\View->render('hotel/formpenda...', Array, true)
#4 E:\titip\Application\ci4-pos\app\Controllers\Hiburan.php(144): view('hotel/formpenda...', Array)
#5 E:\titip\Application\ci4-pos\system\CodeIgniter.php(936): App\Controllers\Hiburan->pendataan('2')
#6 E:\titip\Application\ci4-pos\system\CodeIgniter.php(432): CodeIgniter\CodeIgniter->runController(Object(App\Controllers\Hiburan))
#7 E:\titip\Application\ci4-pos\system\CodeIgniter.php(333): CodeIgniter\CodeIgniter->handleRequest(NULL, Object(Config\Cache), false)
#8 E:\titip\Application\ci4-pos\public\index.php(44): CodeIgniter\CodeIgniter->run()
#9 E:\titip\Application\ci4-pos\system\Commands\Server\rewrite.php(45): require_once('E:\\titip\\Applic...')
#10 {main}
CRITICAL - 2021-08-20 01:28:16 --> Undefined variable: datahotel
#0 E:\titip\Application\ci4-pos\app\Views\hotel\formpendataan.php(23): CodeIgniter\Debug\Exceptions->errorHandler(8, 'Undefined varia...', 'E:\\titip\\Applic...', 23, Array)
#1 E:\titip\Application\ci4-pos\system\View\View.php(220): include('E:\\titip\\Applic...')
#2 E:\titip\Application\ci4-pos\system\View\View.php(222): CodeIgniter\View\View->CodeIgniter\View\{closure}()
#3 E:\titip\Application\ci4-pos\system\Common.php(1217): CodeIgniter\View\View->render('hotel/formpenda...', Array, true)
#4 E:\titip\Application\ci4-pos\app\Controllers\Hiburan.php(144): view('hotel/formpenda...', Array)
#5 E:\titip\Application\ci4-pos\system\CodeIgniter.php(936): App\Controllers\Hiburan->pendataan('1')
#6 E:\titip\Application\ci4-pos\system\CodeIgniter.php(432): CodeIgniter\CodeIgniter->runController(Object(App\Controllers\Hiburan))
#7 E:\titip\Application\ci4-pos\system\CodeIgniter.php(333): CodeIgniter\CodeIgniter->handleRequest(NULL, Object(Config\Cache), false)
#8 E:\titip\Application\ci4-pos\public\index.php(44): CodeIgniter\CodeIgniter->run()
#9 E:\titip\Application\ci4-pos\system\Commands\Server\rewrite.php(45): require_once('E:\\titip\\Applic...')
#10 {main}
