CRITICAL - 2021-08-09 02:04:36 --> Class 'Config\Servicess' not found
#0 E:\titip\Application\ci4-pos\system\CodeIgniter.php(936): App\Controllers\Hotel->simpanpendataan()
#1 E:\titip\Application\ci4-pos\system\CodeIgniter.php(432): CodeIgniter\CodeIgniter->runController(Object(App\Controllers\Hotel))
#2 E:\titip\Application\ci4-pos\system\CodeIgniter.php(333): CodeIgniter\CodeIgniter->handleRequest(NULL, Object(Config\Cache), false)
#3 E:\titip\Application\ci4-pos\public\index.php(44): CodeIgniter\CodeIgniter->run()
#4 E:\titip\Application\ci4-pos\system\Commands\Server\rewrite.php(45): require_once('E:\\titip\\Applic...')
#5 {main}
CRITICAL - 2021-08-09 02:12:05 --> Too few arguments to function App\Controllers\Hotel::pendataan(), 0 passed in E:\titip\Application\ci4-pos\system\CodeIgniter.php on line 936 and exactly 1 expected
#0 E:\titip\Application\ci4-pos\system\CodeIgniter.php(936): App\Controllers\Hotel->pendataan()
#1 E:\titip\Application\ci4-pos\system\CodeIgniter.php(432): CodeIgniter\CodeIgniter->runController(Object(App\Controllers\Hotel))
#2 E:\titip\Application\ci4-pos\system\CodeIgniter.php(333): CodeIgniter\CodeIgniter->handleRequest(NULL, Object(Config\Cache), false)
#3 E:\titip\Application\ci4-pos\public\index.php(44): CodeIgniter\CodeIgniter->run()
#4 E:\titip\Application\ci4-pos\system\Commands\Server\rewrite.php(45): require_once('E:\\titip\\Applic...')
#5 {main}
CRITICAL - 2021-08-09 02:12:18 --> Call to undefined method CodeIgniter\Validation\Validation::listError()
#0 E:\titip\Application\ci4-pos\system\View\View.php(220): include()
#1 E:\titip\Application\ci4-pos\system\View\View.php(222): CodeIgniter\View\View->CodeIgniter\View\{closure}()
#2 E:\titip\Application\ci4-pos\system\Common.php(1217): CodeIgniter\View\View->render('hotel/formpenda...', Array, true)
#3 E:\titip\Application\ci4-pos\app\Controllers\Hotel.php(148): view('hotel/formpenda...', Array)
#4 E:\titip\Application\ci4-pos\system\CodeIgniter.php(936): App\Controllers\Hotel->pendataan('4')
#5 E:\titip\Application\ci4-pos\system\CodeIgniter.php(432): CodeIgniter\CodeIgniter->runController(Object(App\Controllers\Hotel))
#6 E:\titip\Application\ci4-pos\system\CodeIgniter.php(333): CodeIgniter\CodeIgniter->handleRequest(NULL, Object(Config\Cache), false)
#7 E:\titip\Application\ci4-pos\public\index.php(44): CodeIgniter\CodeIgniter->run()
#8 E:\titip\Application\ci4-pos\system\Commands\Server\rewrite.php(45): require_once('E:\\titip\\Applic...')
#9 {main}
CRITICAL - 2021-08-09 02:12:51 --> Too few arguments to function App\Controllers\Hotel::pendataan(), 0 passed in E:\titip\Application\ci4-pos\system\CodeIgniter.php on line 936 and exactly 1 expected
#0 E:\titip\Application\ci4-pos\system\CodeIgniter.php(936): App\Controllers\Hotel->pendataan()
#1 E:\titip\Application\ci4-pos\system\CodeIgniter.php(432): CodeIgniter\CodeIgniter->runController(Object(App\Controllers\Hotel))
#2 E:\titip\Application\ci4-pos\system\CodeIgniter.php(333): CodeIgniter\CodeIgniter->handleRequest(NULL, Object(Config\Cache), false)
#3 E:\titip\Application\ci4-pos\public\index.php(44): CodeIgniter\CodeIgniter->run()
#4 E:\titip\Application\ci4-pos\system\Commands\Server\rewrite.php(45): require_once('E:\\titip\\Applic...')
#5 {main}
CRITICAL - 2021-08-09 02:14:10 --> Too few arguments to function App\Controllers\Hotel::pendataan(), 0 passed in E:\titip\Application\ci4-pos\system\CodeIgniter.php on line 936 and exactly 1 expected
#0 E:\titip\Application\ci4-pos\system\CodeIgniter.php(936): App\Controllers\Hotel->pendataan()
#1 E:\titip\Application\ci4-pos\system\CodeIgniter.php(432): CodeIgniter\CodeIgniter->runController(Object(App\Controllers\Hotel))
#2 E:\titip\Application\ci4-pos\system\CodeIgniter.php(333): CodeIgniter\CodeIgniter->handleRequest(NULL, Object(Config\Cache), false)
#3 E:\titip\Application\ci4-pos\public\index.php(44): CodeIgniter\CodeIgniter->run()
#4 E:\titip\Application\ci4-pos\system\Commands\Server\rewrite.php(45): require_once('E:\\titip\\Applic...')
#5 {main}
CRITICAL - 2021-08-09 02:15:02 --> Undefined variable: id
#0 E:\titip\Application\ci4-pos\app\Controllers\Hotel.php(145): CodeIgniter\Debug\Exceptions->errorHandler(8, 'Undefined varia...', 'E:\\titip\\Applic...', 145, Array)
#1 E:\titip\Application\ci4-pos\system\CodeIgniter.php(936): App\Controllers\Hotel->pendataan('4')
#2 E:\titip\Application\ci4-pos\system\CodeIgniter.php(432): CodeIgniter\CodeIgniter->runController(Object(App\Controllers\Hotel))
#3 E:\titip\Application\ci4-pos\system\CodeIgniter.php(333): CodeIgniter\CodeIgniter->handleRequest(NULL, Object(Config\Cache), false)
#4 E:\titip\Application\ci4-pos\public\index.php(44): CodeIgniter\CodeIgniter->run()
#5 E:\titip\Application\ci4-pos\system\Commands\Server\rewrite.php(45): require_once('E:\\titip\\Applic...')
#6 {main}
CRITICAL - 2021-08-09 02:15:23 --> Too few arguments to function App\Controllers\Hotel::pendataan(), 0 passed in E:\titip\Application\ci4-pos\system\CodeIgniter.php on line 936 and exactly 1 expected
#0 E:\titip\Application\ci4-pos\system\CodeIgniter.php(936): App\Controllers\Hotel->pendataan()
#1 E:\titip\Application\ci4-pos\system\CodeIgniter.php(432): CodeIgniter\CodeIgniter->runController(Object(App\Controllers\Hotel))
#2 E:\titip\Application\ci4-pos\system\CodeIgniter.php(333): CodeIgniter\CodeIgniter->handleRequest(NULL, Object(Config\Cache), false)
#3 E:\titip\Application\ci4-pos\public\index.php(44): CodeIgniter\CodeIgniter->run()
#4 E:\titip\Application\ci4-pos\system\Commands\Server\rewrite.php(45): require_once('E:\\titip\\Applic...')
#5 {main}
CRITICAL - 2021-08-09 02:16:14 --> Too few arguments to function App\Controllers\Hotel::pendataan(), 0 passed in E:\titip\Application\ci4-pos\system\CodeIgniter.php on line 936 and exactly 1 expected
#0 E:\titip\Application\ci4-pos\system\CodeIgniter.php(936): App\Controllers\Hotel->pendataan()
#1 E:\titip\Application\ci4-pos\system\CodeIgniter.php(432): CodeIgniter\CodeIgniter->runController(Object(App\Controllers\Hotel))
#2 E:\titip\Application\ci4-pos\system\CodeIgniter.php(333): CodeIgniter\CodeIgniter->handleRequest(NULL, Object(Config\Cache), false)
#3 E:\titip\Application\ci4-pos\public\index.php(44): CodeIgniter\CodeIgniter->run()
#4 E:\titip\Application\ci4-pos\system\Commands\Server\rewrite.php(45): require_once('E:\\titip\\Applic...')
#5 {main}
CRITICAL - 2021-08-09 02:16:24 --> Too few arguments to function App\Controllers\Hotel::pendataan(), 0 passed in E:\titip\Application\ci4-pos\system\CodeIgniter.php on line 936 and exactly 1 expected
#0 E:\titip\Application\ci4-pos\system\CodeIgniter.php(936): App\Controllers\Hotel->pendataan()
#1 E:\titip\Application\ci4-pos\system\CodeIgniter.php(432): CodeIgniter\CodeIgniter->runController(Object(App\Controllers\Hotel))
#2 E:\titip\Application\ci4-pos\system\CodeIgniter.php(333): CodeIgniter\CodeIgniter->handleRequest(NULL, Object(Config\Cache), false)
#3 E:\titip\Application\ci4-pos\public\index.php(44): CodeIgniter\CodeIgniter->run()
#4 E:\titip\Application\ci4-pos\system\Commands\Server\rewrite.php(45): require_once('E:\\titip\\Applic...')
#5 {main}
CRITICAL - 2021-08-09 02:16:56 --> Argument 1 passed to CodeIgniter\Config\Services::validation() must be an instance of Config\Validation or null, string given, called in E:\titip\Application\ci4-pos\system\Config\BaseService.php on line 171
#0 E:\titip\Application\ci4-pos\system\Config\BaseService.php(171): CodeIgniter\Config\Services::validation('4')
#1 E:\titip\Application\ci4-pos\app\Controllers\Hotel.php(146): CodeIgniter\Config\BaseService::__callStatic('validation', Array)
#2 E:\titip\Application\ci4-pos\system\CodeIgniter.php(936): App\Controllers\Hotel->pendataan('4')
#3 E:\titip\Application\ci4-pos\system\CodeIgniter.php(432): CodeIgniter\CodeIgniter->runController(Object(App\Controllers\Hotel))
#4 E:\titip\Application\ci4-pos\system\CodeIgniter.php(333): CodeIgniter\CodeIgniter->handleRequest(NULL, Object(Config\Cache), false)
#5 E:\titip\Application\ci4-pos\public\index.php(44): CodeIgniter\CodeIgniter->run()
#6 E:\titip\Application\ci4-pos\system\Commands\Server\rewrite.php(45): require_once('E:\\titip\\Applic...')
#7 {main}
CRITICAL - 2021-08-09 02:17:53 --> Undefined variable: validation
#0 E:\titip\Application\ci4-pos\app\Views\hotel\formpendataan.php(21): CodeIgniter\Debug\Exceptions->errorHandler(8, 'Undefined varia...', 'E:\\titip\\Applic...', 21, Array)
#1 E:\titip\Application\ci4-pos\system\View\View.php(220): include('E:\\titip\\Applic...')
#2 E:\titip\Application\ci4-pos\system\View\View.php(222): CodeIgniter\View\View->CodeIgniter\View\{closure}()
#3 E:\titip\Application\ci4-pos\system\Common.php(1217): CodeIgniter\View\View->render('hotel/formpenda...', Array, true)
#4 E:\titip\Application\ci4-pos\app\Controllers\Hotel.php(146): view('hotel/formpenda...', Array)
#5 E:\titip\Application\ci4-pos\system\CodeIgniter.php(936): App\Controllers\Hotel->pendataan('11')
#6 E:\titip\Application\ci4-pos\system\CodeIgniter.php(432): CodeIgniter\CodeIgniter->runController(Object(App\Controllers\Hotel))
#7 E:\titip\Application\ci4-pos\system\CodeIgniter.php(333): CodeIgniter\CodeIgniter->handleRequest(NULL, Object(Config\Cache), false)
#8 E:\titip\Application\ci4-pos\public\index.php(44): CodeIgniter\CodeIgniter->run()
#9 E:\titip\Application\ci4-pos\system\Commands\Server\rewrite.php(45): require_once('E:\\titip\\Applic...')
#10 {main}
CRITICAL - 2021-08-09 02:18:15 --> Too few arguments to function App\Controllers\Hotel::pendataan(), 0 passed in E:\titip\Application\ci4-pos\system\CodeIgniter.php on line 936 and exactly 1 expected
#0 E:\titip\Application\ci4-pos\system\CodeIgniter.php(936): App\Controllers\Hotel->pendataan()
#1 E:\titip\Application\ci4-pos\system\CodeIgniter.php(432): CodeIgniter\CodeIgniter->runController(Object(App\Controllers\Hotel))
#2 E:\titip\Application\ci4-pos\system\CodeIgniter.php(333): CodeIgniter\CodeIgniter->handleRequest(NULL, Object(Config\Cache), false)
#3 E:\titip\Application\ci4-pos\public\index.php(44): CodeIgniter\CodeIgniter->run()
#4 E:\titip\Application\ci4-pos\system\Commands\Server\rewrite.php(45): require_once('E:\\titip\\Applic...')
#5 {main}
CRITICAL - 2021-08-09 02:19:07 --> Too few arguments to function App\Controllers\Hotel::pendataan(), 0 passed in E:\titip\Application\ci4-pos\system\CodeIgniter.php on line 936 and exactly 1 expected
#0 E:\titip\Application\ci4-pos\system\CodeIgniter.php(936): App\Controllers\Hotel->pendataan()
#1 E:\titip\Application\ci4-pos\system\CodeIgniter.php(432): CodeIgniter\CodeIgniter->runController(Object(App\Controllers\Hotel))
#2 E:\titip\Application\ci4-pos\system\CodeIgniter.php(333): CodeIgniter\CodeIgniter->handleRequest(NULL, Object(Config\Cache), false)
#3 E:\titip\Application\ci4-pos\public\index.php(44): CodeIgniter\CodeIgniter->run()
#4 E:\titip\Application\ci4-pos\system\Commands\Server\rewrite.php(45): require_once('E:\\titip\\Applic...')
#5 {main}
CRITICAL - 2021-08-09 02:21:43 --> Undefined variable: validation
#0 E:\titip\Application\ci4-pos\app\Views\hotel\formpendataan.php(21): CodeIgniter\Debug\Exceptions->errorHandler(8, 'Undefined varia...', 'E:\\titip\\Applic...', 21, Array)
#1 E:\titip\Application\ci4-pos\system\View\View.php(220): include('E:\\titip\\Applic...')
#2 E:\titip\Application\ci4-pos\system\View\View.php(222): CodeIgniter\View\View->CodeIgniter\View\{closure}()
#3 E:\titip\Application\ci4-pos\system\Common.php(1217): CodeIgniter\View\View->render('hotel/formpenda...', Array, true)
#4 E:\titip\Application\ci4-pos\app\Controllers\Hotel.php(146): view('hotel/formpenda...', Array)
#5 E:\titip\Application\ci4-pos\system\CodeIgniter.php(936): App\Controllers\Hotel->pendataan('11')
#6 E:\titip\Application\ci4-pos\system\CodeIgniter.php(432): CodeIgniter\CodeIgniter->runController(Object(App\Controllers\Hotel))
#7 E:\titip\Application\ci4-pos\system\CodeIgniter.php(333): CodeIgniter\CodeIgniter->handleRequest(NULL, Object(Config\Cache), false)
#8 E:\titip\Application\ci4-pos\public\index.php(44): CodeIgniter\CodeIgniter->run()
#9 E:\titip\Application\ci4-pos\system\Commands\Server\rewrite.php(45): require_once('E:\\titip\\Applic...')
#10 {main}
CRITICAL - 2021-08-09 02:22:02 --> Too few arguments to function App\Controllers\Hotel::pendataan(), 0 passed in E:\titip\Application\ci4-pos\system\CodeIgniter.php on line 936 and exactly 1 expected
#0 E:\titip\Application\ci4-pos\system\CodeIgniter.php(936): App\Controllers\Hotel->pendataan()
#1 E:\titip\Application\ci4-pos\system\CodeIgniter.php(432): CodeIgniter\CodeIgniter->runController(Object(App\Controllers\Hotel))
#2 E:\titip\Application\ci4-pos\system\CodeIgniter.php(333): CodeIgniter\CodeIgniter->handleRequest(NULL, Object(Config\Cache), false)
#3 E:\titip\Application\ci4-pos\public\index.php(44): CodeIgniter\CodeIgniter->run()
#4 E:\titip\Application\ci4-pos\system\Commands\Server\rewrite.php(45): require_once('E:\\titip\\Applic...')
#5 {main}
CRITICAL - 2021-08-09 03:41:19 --> Too few arguments to function App\Controllers\Hotel::pendataan(), 0 passed in E:\titip\Application\ci4-pos\system\CodeIgniter.php on line 936 and exactly 1 expected
#0 E:\titip\Application\ci4-pos\system\CodeIgniter.php(936): App\Controllers\Hotel->pendataan()
#1 E:\titip\Application\ci4-pos\system\CodeIgniter.php(432): CodeIgniter\CodeIgniter->runController(Object(App\Controllers\Hotel))
#2 E:\titip\Application\ci4-pos\system\CodeIgniter.php(333): CodeIgniter\CodeIgniter->handleRequest(NULL, Object(Config\Cache), false)
#3 E:\titip\Application\ci4-pos\public\index.php(44): CodeIgniter\CodeIgniter->run()
#4 E:\titip\Application\ci4-pos\system\Commands\Server\rewrite.php(45): require_once('E:\\titip\\Applic...')
#5 {main}
CRITICAL - 2021-08-09 03:41:59 --> Too few arguments to function App\Controllers\Hotel::pendataan(), 0 passed in E:\titip\Application\ci4-pos\system\CodeIgniter.php on line 936 and exactly 1 expected
#0 E:\titip\Application\ci4-pos\system\CodeIgniter.php(936): App\Controllers\Hotel->pendataan()
#1 E:\titip\Application\ci4-pos\system\CodeIgniter.php(432): CodeIgniter\CodeIgniter->runController(Object(App\Controllers\Hotel))
#2 E:\titip\Application\ci4-pos\system\CodeIgniter.php(333): CodeIgniter\CodeIgniter->handleRequest(NULL, Object(Config\Cache), false)
#3 E:\titip\Application\ci4-pos\public\index.php(44): CodeIgniter\CodeIgniter->run()
#4 E:\titip\Application\ci4-pos\system\Commands\Server\rewrite.php(45): require_once('E:\\titip\\Applic...')
#5 {main}
CRITICAL - 2021-08-09 03:42:41 --> Too few arguments to function App\Controllers\Hotel::pendataan(), 0 passed in E:\titip\Application\ci4-pos\system\CodeIgniter.php on line 936 and exactly 1 expected
#0 E:\titip\Application\ci4-pos\system\CodeIgniter.php(936): App\Controllers\Hotel->pendataan()
#1 E:\titip\Application\ci4-pos\system\CodeIgniter.php(432): CodeIgniter\CodeIgniter->runController(Object(App\Controllers\Hotel))
#2 E:\titip\Application\ci4-pos\system\CodeIgniter.php(333): CodeIgniter\CodeIgniter->handleRequest(NULL, Object(Config\Cache), false)
#3 E:\titip\Application\ci4-pos\public\index.php(44): CodeIgniter\CodeIgniter->run()
#4 E:\titip\Application\ci4-pos\system\Commands\Server\rewrite.php(45): require_once('E:\\titip\\Applic...')
#5 {main}
CRITICAL - 2021-08-09 03:46:36 --> Trying to access array offset on value of type null
#0 E:\titip\Application\ci4-pos\app\Views\hotel\formpendataan.php(23): CodeIgniter\Debug\Exceptions->errorHandler(8, 'Trying to acces...', 'E:\\titip\\Applic...', 23, Array)
#1 E:\titip\Application\ci4-pos\system\View\View.php(220): include('E:\\titip\\Applic...')
#2 E:\titip\Application\ci4-pos\system\View\View.php(222): CodeIgniter\View\View->CodeIgniter\View\{closure}()
#3 E:\titip\Application\ci4-pos\system\Common.php(1217): CodeIgniter\View\View->render('hotel/formpenda...', Array, true)
#4 E:\titip\Application\ci4-pos\app\Controllers\Hotel.php(146): view('hotel/formpenda...', Array)
#5 E:\titip\Application\ci4-pos\system\CodeIgniter.php(936): App\Controllers\Hotel->pendataan('datahotel')
#6 E:\titip\Application\ci4-pos\system\CodeIgniter.php(432): CodeIgniter\CodeIgniter->runController(Object(App\Controllers\Hotel))
#7 E:\titip\Application\ci4-pos\system\CodeIgniter.php(333): CodeIgniter\CodeIgniter->handleRequest(NULL, Object(Config\Cache), false)
#8 E:\titip\Application\ci4-pos\public\index.php(44): CodeIgniter\CodeIgniter->run()
#9 E:\titip\Application\ci4-pos\system\Commands\Server\rewrite.php(45): require_once('E:\\titip\\Applic...')
#10 {main}
CRITICAL - 2021-08-09 20:57:39 --> Undefined variable: namaImages
#0 E:\titip\Application\ci4-pos\app\Controllers\Hotel.php(207): CodeIgniter\Debug\Exceptions->errorHandler(8, 'Undefined varia...', 'E:\\titip\\Applic...', 207, Array)
#1 E:\titip\Application\ci4-pos\system\CodeIgniter.php(936): App\Controllers\Hotel->simpanpendataan()
#2 E:\titip\Application\ci4-pos\system\CodeIgniter.php(432): CodeIgniter\CodeIgniter->runController(Object(App\Controllers\Hotel))
#3 E:\titip\Application\ci4-pos\system\CodeIgniter.php(333): CodeIgniter\CodeIgniter->handleRequest(NULL, Object(Config\Cache), false)
#4 E:\titip\Application\ci4-pos\public\index.php(44): CodeIgniter\CodeIgniter->run()
#5 E:\titip\Application\ci4-pos\system\Commands\Server\rewrite.php(45): require_once('E:\\titip\\Applic...')
#6 {main}
CRITICAL - 2021-08-09 21:20:42 --> Undefined variable: k
#0 E:\titip\Application\ci4-pos\app\Views\hotel\detailpotensi.php(39): CodeIgniter\Debug\Exceptions->errorHandler(8, 'Undefined varia...', 'E:\\titip\\Applic...', 39, Array)
#1 E:\titip\Application\ci4-pos\system\View\View.php(220): include('E:\\titip\\Applic...')
#2 E:\titip\Application\ci4-pos\system\View\View.php(222): CodeIgniter\View\View->CodeIgniter\View\{closure}()
#3 E:\titip\Application\ci4-pos\system\Common.php(1217): CodeIgniter\View\View->render('hotel/detailpot...', Array, true)
#4 E:\titip\Application\ci4-pos\app\Controllers\Hotel.php(266): view('hotel/detailpot...', Array)
#5 E:\titip\Application\ci4-pos\system\CodeIgniter.php(936): App\Controllers\Hotel->detail('34')
#6 E:\titip\Application\ci4-pos\system\CodeIgniter.php(432): CodeIgniter\CodeIgniter->runController(Object(App\Controllers\Hotel))
#7 E:\titip\Application\ci4-pos\system\CodeIgniter.php(333): CodeIgniter\CodeIgniter->handleRequest(NULL, Object(Config\Cache), false)
#8 E:\titip\Application\ci4-pos\public\index.php(44): CodeIgniter\CodeIgniter->run()
#9 E:\titip\Application\ci4-pos\system\Commands\Server\rewrite.php(45): require_once('E:\\titip\\Applic...')
#10 {main}
