ERROR - 2021-11-07 02:53:05 --> mysqli_sql_exception: Duplicate entry '84736fehd' for key 'npwpd' in E:\adon\Application\Website\Epotensi-Batu\system\Database\MySQLi\Connection.php:314
Stack trace:
#0 E:\adon\Application\Website\Epotensi-Batu\system\Database\MySQLi\Connection.php(314): mysqli->query('INSERT INTO `us...')
#1 E:\adon\Application\Website\Epotensi-Batu\system\Database\BaseConnection.php(713): CodeIgniter\Database\MySQLi\Connection->execute('INSERT INTO `us...')
#2 E:\adon\Application\Website\Epotensi-Batu\system\Database\BaseConnection.php(641): CodeIgniter\Database\BaseConnection->simpleQuery('INSERT INTO `us...')
#3 E:\adon\Application\Website\Epotensi-Batu\system\Database\BaseBuilder.php(2263): CodeIgniter\Database\BaseConnection->query('INSERT INTO `us...', Array, false)
#4 E:\adon\Application\Website\Epotensi-Batu\system\Model.php(278): CodeIgniter\Database\BaseBuilder->insert()
#5 E:\adon\Application\Website\Epotensi-Batu\system\BaseModel.php(758): CodeIgniter\Model->doInsert(Array)
#6 E:\adon\Application\Website\Epotensi-Batu\system\Model.php(705): CodeIgniter\BaseModel->insert(Array, false)
#7 E:\adon\Application\Website\Epotensi-Batu\system\BaseModel.php(667): CodeIgniter\Model->insert(Object(Myth\Auth\Entities\User), false)
#8 E:\adon\Application\Website\Epotensi-Batu\vendor\myth\auth\src\Controllers\AuthController.php(180): CodeIgniter\BaseModel->save(Object(Myth\Auth\Entities\User))
#9 E:\adon\Application\Website\Epotensi-Batu\system\CodeIgniter.php(936): Myth\Auth\Controllers\AuthController->attemptRegister()
#10 E:\adon\Application\Website\Epotensi-Batu\system\CodeIgniter.php(432): CodeIgniter\CodeIgniter->runController(Object(Myth\Auth\Controllers\AuthController))
#11 E:\adon\Application\Website\Epotensi-Batu\system\CodeIgniter.php(333): CodeIgniter\CodeIgniter->handleRequest(NULL, Object(Config\Cache), false)
#12 E:\adon\Application\Website\Epotensi-Batu\public\index.php(44): CodeIgniter\CodeIgniter->run()
#13 E:\adon\Application\Website\Epotensi-Batu\system\Commands\Server\rewrite.php(45): require_once('E:\\adon\\Applica...')
#14 {main}
CRITICAL - 2021-11-07 02:53:05 --> Duplicate entry '84736fehd' for key 'npwpd'
#0 E:\adon\Application\Website\Epotensi-Batu\system\Database\MySQLi\Connection.php(314): mysqli->query('INSERT INTO `us...')
#1 E:\adon\Application\Website\Epotensi-Batu\system\Database\BaseConnection.php(713): CodeIgniter\Database\MySQLi\Connection->execute('INSERT INTO `us...')
#2 E:\adon\Application\Website\Epotensi-Batu\system\Database\BaseConnection.php(641): CodeIgniter\Database\BaseConnection->simpleQuery('INSERT INTO `us...')
#3 E:\adon\Application\Website\Epotensi-Batu\system\Database\BaseBuilder.php(2263): CodeIgniter\Database\BaseConnection->query('INSERT INTO `us...', Array, false)
#4 E:\adon\Application\Website\Epotensi-Batu\system\Model.php(278): CodeIgniter\Database\BaseBuilder->insert()
#5 E:\adon\Application\Website\Epotensi-Batu\system\BaseModel.php(758): CodeIgniter\Model->doInsert(Array)
#6 E:\adon\Application\Website\Epotensi-Batu\system\Model.php(705): CodeIgniter\BaseModel->insert(Array, false)
#7 E:\adon\Application\Website\Epotensi-Batu\system\BaseModel.php(667): CodeIgniter\Model->insert(Object(Myth\Auth\Entities\User), false)
#8 E:\adon\Application\Website\Epotensi-Batu\vendor\myth\auth\src\Controllers\AuthController.php(180): CodeIgniter\BaseModel->save(Object(Myth\Auth\Entities\User))
#9 E:\adon\Application\Website\Epotensi-Batu\system\CodeIgniter.php(936): Myth\Auth\Controllers\AuthController->attemptRegister()
#10 E:\adon\Application\Website\Epotensi-Batu\system\CodeIgniter.php(432): CodeIgniter\CodeIgniter->runController(Object(Myth\Auth\Controllers\AuthController))
#11 E:\adon\Application\Website\Epotensi-Batu\system\CodeIgniter.php(333): CodeIgniter\CodeIgniter->handleRequest(NULL, Object(Config\Cache), false)
#12 E:\adon\Application\Website\Epotensi-Batu\public\index.php(44): CodeIgniter\CodeIgniter->run()
#13 E:\adon\Application\Website\Epotensi-Batu\system\Commands\Server\rewrite.php(45): require_once('E:\\adon\\Applica...')
#14 {main}
CRITICAL - 2021-11-07 04:11:30 --> Invalid file: restoran/admin/data.php
#0 E:\adon\Application\Website\Epotensi-Batu\system\View\View.php(203): CodeIgniter\Exceptions\FrameworkException::forInvalidFile('restoran/admin/...')
#1 E:\adon\Application\Website\Epotensi-Batu\system\Common.php(1217): CodeIgniter\View\View->render('restoran/admin/...', Array, true)
#2 E:\adon\Application\Website\Epotensi-Batu\app\Controllers\Restoran.php(47): view('restoran/admin/...', Array)
#3 E:\adon\Application\Website\Epotensi-Batu\system\CodeIgniter.php(936): App\Controllers\Restoran->dataadmin()
#4 E:\adon\Application\Website\Epotensi-Batu\system\CodeIgniter.php(432): CodeIgniter\CodeIgniter->runController(Object(App\Controllers\Restoran))
#5 E:\adon\Application\Website\Epotensi-Batu\system\CodeIgniter.php(333): CodeIgniter\CodeIgniter->handleRequest(NULL, Object(Config\Cache), false)
#6 E:\adon\Application\Website\Epotensi-Batu\public\index.php(44): CodeIgniter\CodeIgniter->run()
#7 E:\adon\Application\Website\Epotensi-Batu\system\Commands\Server\rewrite.php(45): require_once('E:\\adon\\Applica...')
#8 {main}
CRITICAL - 2021-11-07 05:35:08 --> Undefined variable: datarestoran
#0 E:\adon\Application\Website\Epotensi-Batu\app\Views\restoran\admin\data.php(58): CodeIgniter\Debug\Exceptions->errorHandler(8, 'Undefined varia...', 'E:\\adon\\Applica...', 58, Array)
#1 E:\adon\Application\Website\Epotensi-Batu\system\View\View.php(220): include('E:\\adon\\Applica...')
#2 E:\adon\Application\Website\Epotensi-Batu\system\View\View.php(222): CodeIgniter\View\View->CodeIgniter\View\{closure}()
#3 E:\adon\Application\Website\Epotensi-Batu\system\Common.php(1217): CodeIgniter\View\View->render('restoran/admin/...', Array, true)
#4 E:\adon\Application\Website\Epotensi-Batu\app\Controllers\Restoran.php(49): view('restoran/admin/...', Array)
#5 E:\adon\Application\Website\Epotensi-Batu\system\CodeIgniter.php(936): App\Controllers\Restoran->dataadmin()
#6 E:\adon\Application\Website\Epotensi-Batu\system\CodeIgniter.php(432): CodeIgniter\CodeIgniter->runController(Object(App\Controllers\Restoran))
#7 E:\adon\Application\Website\Epotensi-Batu\system\CodeIgniter.php(333): CodeIgniter\CodeIgniter->handleRequest(NULL, Object(Config\Cache), false)
#8 E:\adon\Application\Website\Epotensi-Batu\public\index.php(44): CodeIgniter\CodeIgniter->run()
#9 E:\adon\Application\Website\Epotensi-Batu\system\Commands\Server\rewrite.php(45): require_once('E:\\adon\\Applica...')
#10 {main}
CRITICAL - 2021-11-07 05:43:26 --> Undefined variable: datapotensi
#0 E:\adon\Application\Website\Epotensi-Batu\app\Views\restoran\admin\potensi.php(46): CodeIgniter\Debug\Exceptions->errorHandler(8, 'Undefined varia...', 'E:\\adon\\Applica...', 46, Array)
#1 E:\adon\Application\Website\Epotensi-Batu\system\View\View.php(220): include('E:\\adon\\Applica...')
#2 E:\adon\Application\Website\Epotensi-Batu\system\View\View.php(222): CodeIgniter\View\View->CodeIgniter\View\{closure}()
#3 E:\adon\Application\Website\Epotensi-Batu\system\Common.php(1217): CodeIgniter\View\View->render('restoran/admin/...', Array, true)
#4 E:\adon\Application\Website\Epotensi-Batu\app\Controllers\Restoran.php(342): view('restoran/admin/...', Array)
#5 E:\adon\Application\Website\Epotensi-Batu\system\CodeIgniter.php(936): App\Controllers\Restoran->potensiadmin()
#6 E:\adon\Application\Website\Epotensi-Batu\system\CodeIgniter.php(432): CodeIgniter\CodeIgniter->runController(Object(App\Controllers\Restoran))
#7 E:\adon\Application\Website\Epotensi-Batu\system\CodeIgniter.php(333): CodeIgniter\CodeIgniter->handleRequest(NULL, Object(Config\Cache), false)
#8 E:\adon\Application\Website\Epotensi-Batu\public\index.php(44): CodeIgniter\CodeIgniter->run()
#9 E:\adon\Application\Website\Epotensi-Batu\system\Commands\Server\rewrite.php(45): require_once('E:\\adon\\Applica...')
#10 {main}
CRITICAL - 2021-11-07 05:53:45 --> number_format() expects parameter 1 to be float, string given
#0 [internal function]: CodeIgniter\Debug\Exceptions->errorHandler(2, 'number_format()...', 'E:\\adon\\Applica...', 67, Array)
#1 E:\adon\Application\Website\Epotensi-Batu\app\Views\restoran\admin\potensi.php(67): number_format('', 2, ',', '.')
#2 E:\adon\Application\Website\Epotensi-Batu\system\View\View.php(220): include('E:\\adon\\Applica...')
#3 E:\adon\Application\Website\Epotensi-Batu\system\View\View.php(222): CodeIgniter\View\View->CodeIgniter\View\{closure}()
#4 E:\adon\Application\Website\Epotensi-Batu\system\Common.php(1217): CodeIgniter\View\View->render('restoran/admin/...', Array, true)
#5 E:\adon\Application\Website\Epotensi-Batu\app\Controllers\Restoran.php(342): view('restoran/admin/...', Array)
#6 E:\adon\Application\Website\Epotensi-Batu\system\CodeIgniter.php(936): App\Controllers\Restoran->potensiadmin()
#7 E:\adon\Application\Website\Epotensi-Batu\system\CodeIgniter.php(432): CodeIgniter\CodeIgniter->runController(Object(App\Controllers\Restoran))
#8 E:\adon\Application\Website\Epotensi-Batu\system\CodeIgniter.php(333): CodeIgniter\CodeIgniter->handleRequest(NULL, Object(Config\Cache), false)
#9 E:\adon\Application\Website\Epotensi-Batu\public\index.php(44): CodeIgniter\CodeIgniter->run()
#10 E:\adon\Application\Website\Epotensi-Batu\system\Commands\Server\rewrite.php(45): require_once('E:\\adon\\Applica...')
#11 {main}
CRITICAL - 2021-11-07 05:57:54 --> Invalid file: restoran/admin/rasio.php
#0 E:\adon\Application\Website\Epotensi-Batu\system\View\View.php(203): CodeIgniter\Exceptions\FrameworkException::forInvalidFile('restoran/admin/...')
#1 E:\adon\Application\Website\Epotensi-Batu\system\Common.php(1217): CodeIgniter\View\View->render('restoran/admin/...', Array, true)
#2 E:\adon\Application\Website\Epotensi-Batu\app\Controllers\Restoran.php(441): view('restoran/admin/...', Array)
#3 E:\adon\Application\Website\Epotensi-Batu\system\CodeIgniter.php(936): App\Controllers\Restoran->rasioadmin()
#4 E:\adon\Application\Website\Epotensi-Batu\system\CodeIgniter.php(432): CodeIgniter\CodeIgniter->runController(Object(App\Controllers\Restoran))
#5 E:\adon\Application\Website\Epotensi-Batu\system\CodeIgniter.php(333): CodeIgniter\CodeIgniter->handleRequest(NULL, Object(Config\Cache), false)
#6 E:\adon\Application\Website\Epotensi-Batu\public\index.php(44): CodeIgniter\CodeIgniter->run()
#7 E:\adon\Application\Website\Epotensi-Batu\system\Commands\Server\rewrite.php(45): require_once('E:\\adon\\Applica...')
#8 {main}
CRITICAL - 2021-11-07 19:05:43 --> Undefined variable: datahotel
#0 E:\adon\Application\Website\Epotensi-Batu\app\Views\restoran\admin\formpendataan.php(49): CodeIgniter\Debug\Exceptions->errorHandler(8, 'Undefined varia...', 'E:\\adon\\Applica...', 49, Array)
#1 E:\adon\Application\Website\Epotensi-Batu\system\View\View.php(220): include('E:\\adon\\Applica...')
#2 E:\adon\Application\Website\Epotensi-Batu\system\View\View.php(222): CodeIgniter\View\View->CodeIgniter\View\{closure}()
#3 E:\adon\Application\Website\Epotensi-Batu\system\Common.php(1217): CodeIgniter\View\View->render('restoran//admin...', Array, true)
#4 E:\adon\Application\Website\Epotensi-Batu\app\Controllers\Restoran.php(186): view('restoran//admin...', Array)
#5 E:\adon\Application\Website\Epotensi-Batu\system\CodeIgniter.php(936): App\Controllers\Restoran->pendataanadmin('1')
#6 E:\adon\Application\Website\Epotensi-Batu\system\CodeIgniter.php(432): CodeIgniter\CodeIgniter->runController(Object(App\Controllers\Restoran))
#7 E:\adon\Application\Website\Epotensi-Batu\system\CodeIgniter.php(333): CodeIgniter\CodeIgniter->handleRequest(NULL, Object(Config\Cache), false)
#8 E:\adon\Application\Website\Epotensi-Batu\public\index.php(44): CodeIgniter\CodeIgniter->run()
#9 E:\adon\Application\Website\Epotensi-Batu\system\Commands\Server\rewrite.php(45): require_once('E:\\adon\\Applica...')
#10 {main}
ERROR - 2021-11-07 19:25:42 --> mysqli_sql_exception: Column 'nama_objek' cannot be null in E:\adon\Application\Website\Epotensi-Batu\system\Database\MySQLi\Connection.php:314
Stack trace:
#0 E:\adon\Application\Website\Epotensi-Batu\system\Database\MySQLi\Connection.php(314): mysqli->query('INSERT INTO `po...')
#1 E:\adon\Application\Website\Epotensi-Batu\system\Database\BaseConnection.php(713): CodeIgniter\Database\MySQLi\Connection->execute('INSERT INTO `po...')
#2 E:\adon\Application\Website\Epotensi-Batu\system\Database\BaseConnection.php(641): CodeIgniter\Database\BaseConnection->simpleQuery('INSERT INTO `po...')
#3 E:\adon\Application\Website\Epotensi-Batu\system\Database\BaseBuilder.php(2263): CodeIgniter\Database\BaseConnection->query('INSERT INTO `po...', Array, false)
#4 E:\adon\Application\Website\Epotensi-Batu\system\Model.php(278): CodeIgniter\Database\BaseBuilder->insert()
#5 E:\adon\Application\Website\Epotensi-Batu\system\BaseModel.php(758): CodeIgniter\Model->doInsert(Array)
#6 E:\adon\Application\Website\Epotensi-Batu\system\Model.php(705): CodeIgniter\BaseModel->insert(Array, true)
#7 E:\adon\Application\Website\Epotensi-Batu\app\Controllers\Restoran.php(257): CodeIgniter\Model->insert(Array)
#8 E:\adon\Application\Website\Epotensi-Batu\system\CodeIgniter.php(936): App\Controllers\Restoran->simpanpendataanadmin()
#9 E:\adon\Application\Website\Epotensi-Batu\system\CodeIgniter.php(432): CodeIgniter\CodeIgniter->runController(Object(App\Controllers\Restoran))
#10 E:\adon\Application\Website\Epotensi-Batu\system\CodeIgniter.php(333): CodeIgniter\CodeIgniter->handleRequest(NULL, Object(Config\Cache), false)
#11 E:\adon\Application\Website\Epotensi-Batu\public\index.php(44): CodeIgniter\CodeIgniter->run()
#12 E:\adon\Application\Website\Epotensi-Batu\system\Commands\Server\rewrite.php(45): require_once('E:\\adon\\Applica...')
#13 {main}
CRITICAL - 2021-11-07 19:25:42 --> Column 'nama_objek' cannot be null
#0 E:\adon\Application\Website\Epotensi-Batu\system\Database\MySQLi\Connection.php(314): mysqli->query('INSERT INTO `po...')
#1 E:\adon\Application\Website\Epotensi-Batu\system\Database\BaseConnection.php(713): CodeIgniter\Database\MySQLi\Connection->execute('INSERT INTO `po...')
#2 E:\adon\Application\Website\Epotensi-Batu\system\Database\BaseConnection.php(641): CodeIgniter\Database\BaseConnection->simpleQuery('INSERT INTO `po...')
#3 E:\adon\Application\Website\Epotensi-Batu\system\Database\BaseBuilder.php(2263): CodeIgniter\Database\BaseConnection->query('INSERT INTO `po...', Array, false)
#4 E:\adon\Application\Website\Epotensi-Batu\system\Model.php(278): CodeIgniter\Database\BaseBuilder->insert()
#5 E:\adon\Application\Website\Epotensi-Batu\system\BaseModel.php(758): CodeIgniter\Model->doInsert(Array)
#6 E:\adon\Application\Website\Epotensi-Batu\system\Model.php(705): CodeIgniter\BaseModel->insert(Array, true)
#7 E:\adon\Application\Website\Epotensi-Batu\app\Controllers\Restoran.php(257): CodeIgniter\Model->insert(Array)
#8 E:\adon\Application\Website\Epotensi-Batu\system\CodeIgniter.php(936): App\Controllers\Restoran->simpanpendataanadmin()
#9 E:\adon\Application\Website\Epotensi-Batu\system\CodeIgniter.php(432): CodeIgniter\CodeIgniter->runController(Object(App\Controllers\Restoran))
#10 E:\adon\Application\Website\Epotensi-Batu\system\CodeIgniter.php(333): CodeIgniter\CodeIgniter->handleRequest(NULL, Object(Config\Cache), false)
#11 E:\adon\Application\Website\Epotensi-Batu\public\index.php(44): CodeIgniter\CodeIgniter->run()
#12 E:\adon\Application\Website\Epotensi-Batu\system\Commands\Server\rewrite.php(45): require_once('E:\\adon\\Applica...')
#13 {main}
CRITICAL - 2021-11-07 19:27:44 --> A non well formed numeric value encountered
#0 [internal function]: CodeIgniter\Debug\Exceptions->errorHandler(8, 'A non well form...', 'E:\\adon\\Applica...', 67, Array)
#1 E:\adon\Application\Website\Epotensi-Batu\app\Views\restoran\admin\potensi.php(67): number_format('600,000.00', 2, ',', '.')
#2 E:\adon\Application\Website\Epotensi-Batu\system\View\View.php(220): include('E:\\adon\\Applica...')
#3 E:\adon\Application\Website\Epotensi-Batu\system\View\View.php(222): CodeIgniter\View\View->CodeIgniter\View\{closure}()
#4 E:\adon\Application\Website\Epotensi-Batu\system\Common.php(1217): CodeIgniter\View\View->render('restoran/admin/...', Array, true)
#5 E:\adon\Application\Website\Epotensi-Batu\app\Controllers\Restoran.php(342): view('restoran/admin/...', Array)
#6 E:\adon\Application\Website\Epotensi-Batu\system\CodeIgniter.php(936): App\Controllers\Restoran->potensiadmin()
#7 E:\adon\Application\Website\Epotensi-Batu\system\CodeIgniter.php(432): CodeIgniter\CodeIgniter->runController(Object(App\Controllers\Restoran))
#8 E:\adon\Application\Website\Epotensi-Batu\system\CodeIgniter.php(333): CodeIgniter\CodeIgniter->handleRequest(NULL, Object(Config\Cache), false)
#9 E:\adon\Application\Website\Epotensi-Batu\public\index.php(44): CodeIgniter\CodeIgniter->run()
#10 E:\adon\Application\Website\Epotensi-Batu\system\Commands\Server\rewrite.php(45): require_once('E:\\adon\\Applica...')
#11 {main}
CRITICAL - 2021-11-07 19:39:56 --> Invalid file: restoran/admin/rasio.php
#0 E:\adon\Application\Website\Epotensi-Batu\system\View\View.php(203): CodeIgniter\Exceptions\FrameworkException::forInvalidFile('restoran/admin/...')
#1 E:\adon\Application\Website\Epotensi-Batu\system\Common.php(1217): CodeIgniter\View\View->render('restoran/admin/...', Array, true)
#2 E:\adon\Application\Website\Epotensi-Batu\app\Controllers\Restoran.php(453): view('restoran/admin/...', Array)
#3 E:\adon\Application\Website\Epotensi-Batu\system\CodeIgniter.php(936): App\Controllers\Restoran->rasioadmin()
#4 E:\adon\Application\Website\Epotensi-Batu\system\CodeIgniter.php(432): CodeIgniter\CodeIgniter->runController(Object(App\Controllers\Restoran))
#5 E:\adon\Application\Website\Epotensi-Batu\system\CodeIgniter.php(333): CodeIgniter\CodeIgniter->handleRequest(NULL, Object(Config\Cache), false)
#6 E:\adon\Application\Website\Epotensi-Batu\public\index.php(44): CodeIgniter\CodeIgniter->run()
#7 E:\adon\Application\Website\Epotensi-Batu\system\Commands\Server\rewrite.php(45): require_once('E:\\adon\\Applica...')
#8 {main}
CRITICAL - 2021-11-07 19:42:44 --> Undefined variable: datarestoran
#0 E:\adon\Application\Website\Epotensi-Batu\app\Views\restoran\user\data.php(58): CodeIgniter\Debug\Exceptions->errorHandler(8, 'Undefined varia...', 'E:\\adon\\Applica...', 58, Array)
#1 E:\adon\Application\Website\Epotensi-Batu\system\View\View.php(220): include('E:\\adon\\Applica...')
#2 E:\adon\Application\Website\Epotensi-Batu\system\View\View.php(222): CodeIgniter\View\View->CodeIgniter\View\{closure}()
#3 E:\adon\Application\Website\Epotensi-Batu\system\Common.php(1217): CodeIgniter\View\View->render('restoran/user/d...', Array, true)
#4 E:\adon\Application\Website\Epotensi-Batu\app\Controllers\Restoran.php(68): view('restoran/user/d...', Array)
#5 E:\adon\Application\Website\Epotensi-Batu\system\CodeIgniter.php(936): App\Controllers\Restoran->datauser('386362gfhfhf')
#6 E:\adon\Application\Website\Epotensi-Batu\system\CodeIgniter.php(432): CodeIgniter\CodeIgniter->runController(Object(App\Controllers\Restoran))
#7 E:\adon\Application\Website\Epotensi-Batu\system\CodeIgniter.php(333): CodeIgniter\CodeIgniter->handleRequest(NULL, Object(Config\Cache), false)
#8 E:\adon\Application\Website\Epotensi-Batu\public\index.php(44): CodeIgniter\CodeIgniter->run()
#9 E:\adon\Application\Website\Epotensi-Batu\system\Commands\Server\rewrite.php(45): require_once('E:\\adon\\Applica...')
#10 {main}
CRITICAL - 2021-11-07 19:47:33 --> Undefined variable: datarestoran
#0 E:\adon\Application\Website\Epotensi-Batu\app\Views\restoran\user\data.php(58): CodeIgniter\Debug\Exceptions->errorHandler(8, 'Undefined varia...', 'E:\\adon\\Applica...', 58, Array)
#1 E:\adon\Application\Website\Epotensi-Batu\system\View\View.php(220): include('E:\\adon\\Applica...')
#2 E:\adon\Application\Website\Epotensi-Batu\system\View\View.php(222): CodeIgniter\View\View->CodeIgniter\View\{closure}()
#3 E:\adon\Application\Website\Epotensi-Batu\system\Common.php(1217): CodeIgniter\View\View->render('restoran/user/d...', Array, true)
#4 E:\adon\Application\Website\Epotensi-Batu\app\Controllers\Restoran.php(68): view('restoran/user/d...', Array)
#5 E:\adon\Application\Website\Epotensi-Batu\system\CodeIgniter.php(936): App\Controllers\Restoran->datauser('386362gfhfhf')
#6 E:\adon\Application\Website\Epotensi-Batu\system\CodeIgniter.php(432): CodeIgniter\CodeIgniter->runController(Object(App\Controllers\Restoran))
#7 E:\adon\Application\Website\Epotensi-Batu\system\CodeIgniter.php(333): CodeIgniter\CodeIgniter->handleRequest(NULL, Object(Config\Cache), false)
#8 E:\adon\Application\Website\Epotensi-Batu\public\index.php(44): CodeIgniter\CodeIgniter->run()
#9 E:\adon\Application\Website\Epotensi-Batu\system\Commands\Server\rewrite.php(45): require_once('E:\\adon\\Applica...')
#10 {main}
CRITICAL - 2021-11-07 19:47:44 --> Undefined variable: datarestoran
#0 E:\adon\Application\Website\Epotensi-Batu\app\Views\restoran\user\data.php(58): CodeIgniter\Debug\Exceptions->errorHandler(8, 'Undefined varia...', 'E:\\adon\\Applica...', 58, Array)
#1 E:\adon\Application\Website\Epotensi-Batu\system\View\View.php(220): include('E:\\adon\\Applica...')
#2 E:\adon\Application\Website\Epotensi-Batu\system\View\View.php(222): CodeIgniter\View\View->CodeIgniter\View\{closure}()
#3 E:\adon\Application\Website\Epotensi-Batu\system\Common.php(1217): CodeIgniter\View\View->render('restoran/user/d...', Array, true)
#4 E:\adon\Application\Website\Epotensi-Batu\app\Controllers\Restoran.php(68): view('restoran/user/d...', Array)
#5 E:\adon\Application\Website\Epotensi-Batu\system\CodeIgniter.php(936): App\Controllers\Restoran->datauser('386362gfhfhf')
#6 E:\adon\Application\Website\Epotensi-Batu\system\CodeIgniter.php(432): CodeIgniter\CodeIgniter->runController(Object(App\Controllers\Restoran))
#7 E:\adon\Application\Website\Epotensi-Batu\system\CodeIgniter.php(333): CodeIgniter\CodeIgniter->handleRequest(NULL, Object(Config\Cache), false)
#8 E:\adon\Application\Website\Epotensi-Batu\public\index.php(44): CodeIgniter\CodeIgniter->run()
#9 E:\adon\Application\Website\Epotensi-Batu\system\Commands\Server\rewrite.php(45): require_once('E:\\adon\\Applica...')
#10 {main}
CRITICAL - 2021-11-07 19:48:20 --> Undefined variable: datarestoran
#0 E:\adon\Application\Website\Epotensi-Batu\app\Views\restoran\user\data.php(58): CodeIgniter\Debug\Exceptions->errorHandler(8, 'Undefined varia...', 'E:\\adon\\Applica...', 58, Array)
#1 E:\adon\Application\Website\Epotensi-Batu\system\View\View.php(220): include('E:\\adon\\Applica...')
#2 E:\adon\Application\Website\Epotensi-Batu\system\View\View.php(222): CodeIgniter\View\View->CodeIgniter\View\{closure}()
#3 E:\adon\Application\Website\Epotensi-Batu\system\Common.php(1217): CodeIgniter\View\View->render('restoran/user/d...', Array, true)
#4 E:\adon\Application\Website\Epotensi-Batu\app\Controllers\Restoran.php(68): view('restoran/user/d...', Array)
#5 E:\adon\Application\Website\Epotensi-Batu\system\CodeIgniter.php(936): App\Controllers\Restoran->datauser('386362gfhfhf')
#6 E:\adon\Application\Website\Epotensi-Batu\system\CodeIgniter.php(432): CodeIgniter\CodeIgniter->runController(Object(App\Controllers\Restoran))
#7 E:\adon\Application\Website\Epotensi-Batu\system\CodeIgniter.php(333): CodeIgniter\CodeIgniter->handleRequest(NULL, Object(Config\Cache), false)
#8 E:\adon\Application\Website\Epotensi-Batu\public\index.php(44): CodeIgniter\CodeIgniter->run()
#9 E:\adon\Application\Website\Epotensi-Batu\system\Commands\Server\rewrite.php(45): require_once('E:\\adon\\Applica...')
#10 {main}
ERROR - 2021-11-07 20:00:28 --> mysqli_sql_exception: Column 'nama_objek' cannot be null in E:\adon\Application\Website\Epotensi-Batu\system\Database\MySQLi\Connection.php:314
Stack trace:
#0 E:\adon\Application\Website\Epotensi-Batu\system\Database\MySQLi\Connection.php(314): mysqli->query('INSERT INTO `po...')
#1 E:\adon\Application\Website\Epotensi-Batu\system\Database\BaseConnection.php(713): CodeIgniter\Database\MySQLi\Connection->execute('INSERT INTO `po...')
#2 E:\adon\Application\Website\Epotensi-Batu\system\Database\BaseConnection.php(641): CodeIgniter\Database\BaseConnection->simpleQuery('INSERT INTO `po...')
#3 E:\adon\Application\Website\Epotensi-Batu\system\Database\BaseBuilder.php(2263): CodeIgniter\Database\BaseConnection->query('INSERT INTO `po...', Array, false)
#4 E:\adon\Application\Website\Epotensi-Batu\system\Model.php(278): CodeIgniter\Database\BaseBuilder->insert()
#5 E:\adon\Application\Website\Epotensi-Batu\system\BaseModel.php(758): CodeIgniter\Model->doInsert(Array)
#6 E:\adon\Application\Website\Epotensi-Batu\system\Model.php(705): CodeIgniter\BaseModel->insert(Array, true)
#7 E:\adon\Application\Website\Epotensi-Batu\app\Controllers\Restoran.php(314): CodeIgniter\Model->insert(Array)
#8 E:\adon\Application\Website\Epotensi-Batu\system\CodeIgniter.php(936): App\Controllers\Restoran->simpanpendataanuser()
#9 E:\adon\Application\Website\Epotensi-Batu\system\CodeIgniter.php(432): CodeIgniter\CodeIgniter->runController(Object(App\Controllers\Restoran))
#10 E:\adon\Application\Website\Epotensi-Batu\system\CodeIgniter.php(333): CodeIgniter\CodeIgniter->handleRequest(NULL, Object(Config\Cache), false)
#11 E:\adon\Application\Website\Epotensi-Batu\public\index.php(44): CodeIgniter\CodeIgniter->run()
#12 E:\adon\Application\Website\Epotensi-Batu\system\Commands\Server\rewrite.php(45): require_once('E:\\adon\\Applica...')
#13 {main}
CRITICAL - 2021-11-07 20:00:28 --> Column 'nama_objek' cannot be null
#0 E:\adon\Application\Website\Epotensi-Batu\system\Database\MySQLi\Connection.php(314): mysqli->query('INSERT INTO `po...')
#1 E:\adon\Application\Website\Epotensi-Batu\system\Database\BaseConnection.php(713): CodeIgniter\Database\MySQLi\Connection->execute('INSERT INTO `po...')
#2 E:\adon\Application\Website\Epotensi-Batu\system\Database\BaseConnection.php(641): CodeIgniter\Database\BaseConnection->simpleQuery('INSERT INTO `po...')
#3 E:\adon\Application\Website\Epotensi-Batu\system\Database\BaseBuilder.php(2263): CodeIgniter\Database\BaseConnection->query('INSERT INTO `po...', Array, false)
#4 E:\adon\Application\Website\Epotensi-Batu\system\Model.php(278): CodeIgniter\Database\BaseBuilder->insert()
#5 E:\adon\Application\Website\Epotensi-Batu\system\BaseModel.php(758): CodeIgniter\Model->doInsert(Array)
#6 E:\adon\Application\Website\Epotensi-Batu\system\Model.php(705): CodeIgniter\BaseModel->insert(Array, true)
#7 E:\adon\Application\Website\Epotensi-Batu\app\Controllers\Restoran.php(314): CodeIgniter\Model->insert(Array)
#8 E:\adon\Application\Website\Epotensi-Batu\system\CodeIgniter.php(936): App\Controllers\Restoran->simpanpendataanuser()
#9 E:\adon\Application\Website\Epotensi-Batu\system\CodeIgniter.php(432): CodeIgniter\CodeIgniter->runController(Object(App\Controllers\Restoran))
#10 E:\adon\Application\Website\Epotensi-Batu\system\CodeIgniter.php(333): CodeIgniter\CodeIgniter->handleRequest(NULL, Object(Config\Cache), false)
#11 E:\adon\Application\Website\Epotensi-Batu\public\index.php(44): CodeIgniter\CodeIgniter->run()
#12 E:\adon\Application\Website\Epotensi-Batu\system\Commands\Server\rewrite.php(45): require_once('E:\\adon\\Applica...')
#13 {main}
CRITICAL - 2021-11-07 20:42:21 --> Invalid file: hiburan/admin/data.php
#0 E:\adon\Application\Website\Epotensi-Batu\system\View\View.php(203): CodeIgniter\Exceptions\FrameworkException::forInvalidFile('hiburan/admin/d...')
#1 E:\adon\Application\Website\Epotensi-Batu\system\Common.php(1217): CodeIgniter\View\View->render('hiburan/admin/d...', Array, true)
#2 E:\adon\Application\Website\Epotensi-Batu\app\Controllers\Hiburan.php(34): view('hiburan/admin/d...', Array)
#3 E:\adon\Application\Website\Epotensi-Batu\system\CodeIgniter.php(936): App\Controllers\Hiburan->dataadmin()
#4 E:\adon\Application\Website\Epotensi-Batu\system\CodeIgniter.php(432): CodeIgniter\CodeIgniter->runController(Object(App\Controllers\Hiburan))
#5 E:\adon\Application\Website\Epotensi-Batu\system\CodeIgniter.php(333): CodeIgniter\CodeIgniter->handleRequest(NULL, Object(Config\Cache), false)
#6 E:\adon\Application\Website\Epotensi-Batu\public\index.php(44): CodeIgniter\CodeIgniter->run()
#7 E:\adon\Application\Website\Epotensi-Batu\system\Commands\Server\rewrite.php(45): require_once('E:\\adon\\Applica...')
#8 {main}
CRITICAL - 2021-11-07 21:19:09 --> Call to undefined method App\Models\Modelhiburan::search
#0 E:\adon\Application\Website\Epotensi-Batu\app\Controllers\Hiburan.php(22): CodeIgniter\Model->__call('search', Array)
#1 E:\adon\Application\Website\Epotensi-Batu\system\CodeIgniter.php(936): App\Controllers\Hiburan->dataadmin()
#2 E:\adon\Application\Website\Epotensi-Batu\system\CodeIgniter.php(432): CodeIgniter\CodeIgniter->runController(Object(App\Controllers\Hiburan))
#3 E:\adon\Application\Website\Epotensi-Batu\system\CodeIgniter.php(333): CodeIgniter\CodeIgniter->handleRequest(NULL, Object(Config\Cache), false)
#4 E:\adon\Application\Website\Epotensi-Batu\public\index.php(44): CodeIgniter\CodeIgniter->run()
#5 E:\adon\Application\Website\Epotensi-Batu\system\Commands\Server\rewrite.php(45): require_once('E:\\adon\\Applica...')
#6 {main}
CRITICAL - 2021-11-07 21:20:05 --> Call to undefined method App\Models\Modelhiburan::search
#0 E:\adon\Application\Website\Epotensi-Batu\app\Controllers\Hiburan.php(22): CodeIgniter\Model->__call('search', Array)
#1 E:\adon\Application\Website\Epotensi-Batu\system\CodeIgniter.php(936): App\Controllers\Hiburan->dataadmin()
#2 E:\adon\Application\Website\Epotensi-Batu\system\CodeIgniter.php(432): CodeIgniter\CodeIgniter->runController(Object(App\Controllers\Hiburan))
#3 E:\adon\Application\Website\Epotensi-Batu\system\CodeIgniter.php(333): CodeIgniter\CodeIgniter->handleRequest(NULL, Object(Config\Cache), false)
#4 E:\adon\Application\Website\Epotensi-Batu\public\index.php(44): CodeIgniter\CodeIgniter->run()
#5 E:\adon\Application\Website\Epotensi-Batu\system\Commands\Server\rewrite.php(45): require_once('E:\\adon\\Applica...')
#6 {main}
CRITICAL - 2021-11-07 22:46:56 --> Too few arguments to function App\Controllers\Hiburan::datauser(), 0 passed in E:\adon\Application\Website\Epotensi-Batu\system\CodeIgniter.php on line 936 and exactly 1 expected
#0 E:\adon\Application\Website\Epotensi-Batu\system\CodeIgniter.php(936): App\Controllers\Hiburan->datauser()
#1 E:\adon\Application\Website\Epotensi-Batu\system\CodeIgniter.php(432): CodeIgniter\CodeIgniter->runController(Object(App\Controllers\Hiburan))
#2 E:\adon\Application\Website\Epotensi-Batu\system\CodeIgniter.php(333): CodeIgniter\CodeIgniter->handleRequest(NULL, Object(Config\Cache), false)
#3 E:\adon\Application\Website\Epotensi-Batu\public\index.php(44): CodeIgniter\CodeIgniter->run()
#4 E:\adon\Application\Website\Epotensi-Batu\system\Commands\Server\rewrite.php(45): require_once('E:\\adon\\Applica...')
#5 {main}
CRITICAL - 2021-11-07 22:47:19 --> Too few arguments to function App\Controllers\Hiburan::datauser(), 0 passed in E:\adon\Application\Website\Epotensi-Batu\system\CodeIgniter.php on line 936 and exactly 1 expected
#0 E:\adon\Application\Website\Epotensi-Batu\system\CodeIgniter.php(936): App\Controllers\Hiburan->datauser()
#1 E:\adon\Application\Website\Epotensi-Batu\system\CodeIgniter.php(432): CodeIgniter\CodeIgniter->runController(Object(App\Controllers\Hiburan))
#2 E:\adon\Application\Website\Epotensi-Batu\system\CodeIgniter.php(333): CodeIgniter\CodeIgniter->handleRequest(NULL, Object(Config\Cache), false)
#3 E:\adon\Application\Website\Epotensi-Batu\public\index.php(44): CodeIgniter\CodeIgniter->run()
#4 E:\adon\Application\Website\Epotensi-Batu\system\Commands\Server\rewrite.php(45): require_once('E:\\adon\\Applica...')
#5 {main}
CRITICAL - 2021-11-07 22:49:53 --> Too few arguments to function App\Controllers\Hiburan::datauser(), 0 passed in E:\adon\Application\Website\Epotensi-Batu\system\CodeIgniter.php on line 936 and exactly 1 expected
#0 E:\adon\Application\Website\Epotensi-Batu\system\CodeIgniter.php(936): App\Controllers\Hiburan->datauser()
#1 E:\adon\Application\Website\Epotensi-Batu\system\CodeIgniter.php(432): CodeIgniter\CodeIgniter->runController(Object(App\Controllers\Hiburan))
#2 E:\adon\Application\Website\Epotensi-Batu\system\CodeIgniter.php(333): CodeIgniter\CodeIgniter->handleRequest(NULL, Object(Config\Cache), false)
#3 E:\adon\Application\Website\Epotensi-Batu\public\index.php(44): CodeIgniter\CodeIgniter->run()
#4 E:\adon\Application\Website\Epotensi-Batu\system\Commands\Server\rewrite.php(45): require_once('E:\\adon\\Applica...')
#5 {main}
CRITICAL - 2021-11-07 22:55:18 --> Too few arguments to function App\Controllers\Hiburan::datauser(), 0 passed in E:\adon\Application\Website\Epotensi-Batu\system\CodeIgniter.php on line 936 and exactly 1 expected
#0 E:\adon\Application\Website\Epotensi-Batu\system\CodeIgniter.php(936): App\Controllers\Hiburan->datauser()
#1 E:\adon\Application\Website\Epotensi-Batu\system\CodeIgniter.php(432): CodeIgniter\CodeIgniter->runController(Object(App\Controllers\Hiburan))
#2 E:\adon\Application\Website\Epotensi-Batu\system\CodeIgniter.php(333): CodeIgniter\CodeIgniter->handleRequest(NULL, Object(Config\Cache), false)
#3 E:\adon\Application\Website\Epotensi-Batu\public\index.php(44): CodeIgniter\CodeIgniter->run()
#4 E:\adon\Application\Website\Epotensi-Batu\system\Commands\Server\rewrite.php(45): require_once('E:\\adon\\Applica...')
#5 {main}
CRITICAL - 2021-11-07 22:55:30 --> Too few arguments to function App\Controllers\Hiburan::datauser(), 0 passed in E:\adon\Application\Website\Epotensi-Batu\system\CodeIgniter.php on line 936 and exactly 1 expected
#0 E:\adon\Application\Website\Epotensi-Batu\system\CodeIgniter.php(936): App\Controllers\Hiburan->datauser()
#1 E:\adon\Application\Website\Epotensi-Batu\system\CodeIgniter.php(432): CodeIgniter\CodeIgniter->runController(Object(App\Controllers\Hiburan))
#2 E:\adon\Application\Website\Epotensi-Batu\system\CodeIgniter.php(333): CodeIgniter\CodeIgniter->handleRequest(NULL, Object(Config\Cache), false)
#3 E:\adon\Application\Website\Epotensi-Batu\public\index.php(44): CodeIgniter\CodeIgniter->run()
#4 E:\adon\Application\Website\Epotensi-Batu\system\Commands\Server\rewrite.php(45): require_once('E:\\adon\\Applica...')
#5 {main}
CRITICAL - 2021-11-07 22:57:48 --> Too few arguments to function App\Controllers\Hiburan::datauser(), 0 passed in E:\adon\Application\Website\Epotensi-Batu\system\CodeIgniter.php on line 936 and exactly 1 expected
#0 E:\adon\Application\Website\Epotensi-Batu\system\CodeIgniter.php(936): App\Controllers\Hiburan->datauser()
#1 E:\adon\Application\Website\Epotensi-Batu\system\CodeIgniter.php(432): CodeIgniter\CodeIgniter->runController(Object(App\Controllers\Hiburan))
#2 E:\adon\Application\Website\Epotensi-Batu\system\CodeIgniter.php(333): CodeIgniter\CodeIgniter->handleRequest(NULL, Object(Config\Cache), false)
#3 E:\adon\Application\Website\Epotensi-Batu\public\index.php(44): CodeIgniter\CodeIgniter->run()
#4 E:\adon\Application\Website\Epotensi-Batu\system\Commands\Server\rewrite.php(45): require_once('E:\\adon\\Applica...')
#5 {main}
CRITICAL - 2021-11-07 22:58:48 --> Too few arguments to function App\Controllers\Hiburan::datauser(), 0 passed in E:\adon\Application\Website\Epotensi-Batu\system\CodeIgniter.php on line 936 and exactly 1 expected
#0 E:\adon\Application\Website\Epotensi-Batu\system\CodeIgniter.php(936): App\Controllers\Hiburan->datauser()
#1 E:\adon\Application\Website\Epotensi-Batu\system\CodeIgniter.php(432): CodeIgniter\CodeIgniter->runController(Object(App\Controllers\Hiburan))
#2 E:\adon\Application\Website\Epotensi-Batu\system\CodeIgniter.php(333): CodeIgniter\CodeIgniter->handleRequest(NULL, Object(Config\Cache), false)
#3 E:\adon\Application\Website\Epotensi-Batu\public\index.php(44): CodeIgniter\CodeIgniter->run()
#4 E:\adon\Application\Website\Epotensi-Batu\system\Commands\Server\rewrite.php(45): require_once('E:\\adon\\Applica...')
#5 {main}
CRITICAL - 2021-11-07 23:11:15 --> Undefined variable: datapotensi
#0 E:\adon\Application\Website\Epotensi-Batu\app\Views\hiburan\user\potensi.php(46): CodeIgniter\Debug\Exceptions->errorHandler(8, 'Undefined varia...', 'E:\\adon\\Applica...', 46, Array)
#1 E:\adon\Application\Website\Epotensi-Batu\system\View\View.php(220): include('E:\\adon\\Applica...')
#2 E:\adon\Application\Website\Epotensi-Batu\system\View\View.php(222): CodeIgniter\View\View->CodeIgniter\View\{closure}()
#3 E:\adon\Application\Website\Epotensi-Batu\system\Common.php(1217): CodeIgniter\View\View->render('hiburan/user/po...', Array, true)
#4 E:\adon\Application\Website\Epotensi-Batu\app\Controllers\Hiburan.php(399): view('hiburan/user/po...', Array)
#5 E:\adon\Application\Website\Epotensi-Batu\system\CodeIgniter.php(936): App\Controllers\Hiburan->potensiuser('45858ffh9470')
#6 E:\adon\Application\Website\Epotensi-Batu\system\CodeIgniter.php(432): CodeIgniter\CodeIgniter->runController(Object(App\Controllers\Hiburan))
#7 E:\adon\Application\Website\Epotensi-Batu\system\CodeIgniter.php(333): CodeIgniter\CodeIgniter->handleRequest(NULL, Object(Config\Cache), false)
#8 E:\adon\Application\Website\Epotensi-Batu\public\index.php(44): CodeIgniter\CodeIgniter->run()
#9 E:\adon\Application\Website\Epotensi-Batu\system\Commands\Server\rewrite.php(45): require_once('E:\\adon\\Applica...')
#10 {main}
