CRITICAL - 2021-11-26 11:41:21 --> Illegal string offset 'jenis_kamar'
#0 C:\xampp\htdocs\e-potensi\app\Views\hotel\admin\formpendataan.php(379): CodeIgniter\Debug\Exceptions->errorHandler(2, 'Illegal string ...', 'C:\\xampp\\htdocs...', 379, Array)
#1 C:\xampp\htdocs\e-potensi\system\View\View.php(220): include('C:\\xampp\\htdocs...')
#2 C:\xampp\htdocs\e-potensi\system\View\View.php(222): CodeIgniter\View\View->CodeIgniter\View\{closure}()
#3 C:\xampp\htdocs\e-potensi\system\Common.php(1217): CodeIgniter\View\View->render('hotel/admin/for...', Array, true)
#4 C:\xampp\htdocs\e-potensi\app\Controllers\Hotel.php(185): view('hotel/admin/for...', Array)
#5 C:\xampp\htdocs\e-potensi\system\CodeIgniter.php(936): App\Controllers\Hotel->pendataanadmin('1')
#6 C:\xampp\htdocs\e-potensi\system\CodeIgniter.php(432): CodeIgniter\CodeIgniter->runController(Object(App\Controllers\Hotel))
#7 C:\xampp\htdocs\e-potensi\system\CodeIgniter.php(333): CodeIgniter\CodeIgniter->handleRequest(NULL, Object(Config\Cache), false)
#8 C:\xampp\htdocs\e-potensi\public\index.php(44): CodeIgniter\CodeIgniter->run()
#9 {main}
CRITICAL - 2021-11-26 11:46:14 --> Illegal string offset 'jenis_kamar'
#0 C:\xampp\htdocs\e-potensi\app\Views\hotel\admin\formpendataan.php(379): CodeIgniter\Debug\Exceptions->errorHandler(2, 'Illegal string ...', 'C:\\xampp\\htdocs...', 379, Array)
#1 C:\xampp\htdocs\e-potensi\system\View\View.php(220): include('C:\\xampp\\htdocs...')
#2 C:\xampp\htdocs\e-potensi\system\View\View.php(222): CodeIgniter\View\View->CodeIgniter\View\{closure}()
#3 C:\xampp\htdocs\e-potensi\system\Common.php(1217): CodeIgniter\View\View->render('hotel/admin/for...', Array, true)
#4 C:\xampp\htdocs\e-potensi\app\Controllers\Hotel.php(185): view('hotel/admin/for...', Array)
#5 C:\xampp\htdocs\e-potensi\system\CodeIgniter.php(936): App\Controllers\Hotel->pendataanadmin('11')
#6 C:\xampp\htdocs\e-potensi\system\CodeIgniter.php(432): CodeIgniter\CodeIgniter->runController(Object(App\Controllers\Hotel))
#7 C:\xampp\htdocs\e-potensi\system\CodeIgniter.php(333): CodeIgniter\CodeIgniter->handleRequest(NULL, Object(Config\Cache), false)
#8 C:\xampp\htdocs\e-potensi\public\index.php(44): CodeIgniter\CodeIgniter->run()
#9 {main}
CRITICAL - 2021-11-26 11:47:36 --> Illegal string offset 'jenis_kamar'
#0 C:\xampp\htdocs\e-potensi\app\Views\hotel\admin\formpendataan.php(379): CodeIgniter\Debug\Exceptions->errorHandler(2, 'Illegal string ...', 'C:\\xampp\\htdocs...', 379, Array)
#1 C:\xampp\htdocs\e-potensi\system\View\View.php(220): include('C:\\xampp\\htdocs...')
#2 C:\xampp\htdocs\e-potensi\system\View\View.php(222): CodeIgniter\View\View->CodeIgniter\View\{closure}()
#3 C:\xampp\htdocs\e-potensi\system\Common.php(1217): CodeIgniter\View\View->render('hotel/admin/for...', Array, true)
#4 C:\xampp\htdocs\e-potensi\app\Controllers\Hotel.php(185): view('hotel/admin/for...', Array)
#5 C:\xampp\htdocs\e-potensi\system\CodeIgniter.php(936): App\Controllers\Hotel->pendataanadmin('11')
#6 C:\xampp\htdocs\e-potensi\system\CodeIgniter.php(432): CodeIgniter\CodeIgniter->runController(Object(App\Controllers\Hotel))
#7 C:\xampp\htdocs\e-potensi\system\CodeIgniter.php(333): CodeIgniter\CodeIgniter->handleRequest(NULL, Object(Config\Cache), false)
#8 C:\xampp\htdocs\e-potensi\public\index.php(44): CodeIgniter\CodeIgniter->run()
#9 {main}
ERROR - 2021-11-26 00:54:06 --> mysqli_sql_exception: Operand should contain 1 column(s) in C:\xampp\htdocs\e-potensi\system\Database\MySQLi\Connection.php:314
Stack trace:
#0 C:\xampp\htdocs\e-potensi\system\Database\MySQLi\Connection.php(314): mysqli->query('INSERT INTO `po...')
#1 C:\xampp\htdocs\e-potensi\system\Database\BaseConnection.php(713): CodeIgniter\Database\MySQLi\Connection->execute('INSERT INTO `po...')
#2 C:\xampp\htdocs\e-potensi\system\Database\BaseConnection.php(641): CodeIgniter\Database\BaseConnection->simpleQuery('INSERT INTO `po...')
#3 C:\xampp\htdocs\e-potensi\system\Database\BaseBuilder.php(2107): CodeIgniter\Database\BaseConnection->query('INSERT INTO `po...', Array, false)
#4 C:\xampp\htdocs\e-potensi\app\Controllers\Hotel.php(253): CodeIgniter\Database\BaseBuilder->insertBatch(Array)
#5 C:\xampp\htdocs\e-potensi\system\CodeIgniter.php(936): App\Controllers\Hotel->simpanpendataanadmin()
#6 C:\xampp\htdocs\e-potensi\system\CodeIgniter.php(432): CodeIgniter\CodeIgniter->runController(Object(App\Controllers\Hotel))
#7 C:\xampp\htdocs\e-potensi\system\CodeIgniter.php(333): CodeIgniter\CodeIgniter->handleRequest(NULL, Object(Config\Cache), false)
#8 C:\xampp\htdocs\e-potensi\public\index.php(44): CodeIgniter\CodeIgniter->run()
#9 {main}
CRITICAL - 2021-11-26 00:54:06 --> Operand should contain 1 column(s)
#0 C:\xampp\htdocs\e-potensi\system\Database\MySQLi\Connection.php(314): mysqli->query('INSERT INTO `po...')
#1 C:\xampp\htdocs\e-potensi\system\Database\BaseConnection.php(713): CodeIgniter\Database\MySQLi\Connection->execute('INSERT INTO `po...')
#2 C:\xampp\htdocs\e-potensi\system\Database\BaseConnection.php(641): CodeIgniter\Database\BaseConnection->simpleQuery('INSERT INTO `po...')
#3 C:\xampp\htdocs\e-potensi\system\Database\BaseBuilder.php(2107): CodeIgniter\Database\BaseConnection->query('INSERT INTO `po...', Array, false)
#4 C:\xampp\htdocs\e-potensi\app\Controllers\Hotel.php(253): CodeIgniter\Database\BaseBuilder->insertBatch(Array)
#5 C:\xampp\htdocs\e-potensi\system\CodeIgniter.php(936): App\Controllers\Hotel->simpanpendataanadmin()
#6 C:\xampp\htdocs\e-potensi\system\CodeIgniter.php(432): CodeIgniter\CodeIgniter->runController(Object(App\Controllers\Hotel))
#7 C:\xampp\htdocs\e-potensi\system\CodeIgniter.php(333): CodeIgniter\CodeIgniter->handleRequest(NULL, Object(Config\Cache), false)
#8 C:\xampp\htdocs\e-potensi\public\index.php(44): CodeIgniter\CodeIgniter->run()
#9 {main}
CRITICAL - 2021-11-26 01:05:07 --> Argument 2 passed to CodeIgniter\Database\BaseBuilder::set() must be of the type string or null, array given, called in C:\xampp\htdocs\e-potensi\system\Model.php on line 275
#0 C:\xampp\htdocs\e-potensi\system\Model.php(275): CodeIgniter\Database\BaseBuilder->set('golongan_kamar', Array, NULL)
#1 C:\xampp\htdocs\e-potensi\system\BaseModel.php(758): CodeIgniter\Model->doInsert(Array)
#2 C:\xampp\htdocs\e-potensi\system\Model.php(705): CodeIgniter\BaseModel->insert(Array, true)
#3 C:\xampp\htdocs\e-potensi\app\Controllers\Hotel.php(249): CodeIgniter\Model->insert(Array)
#4 C:\xampp\htdocs\e-potensi\system\CodeIgniter.php(936): App\Controllers\Hotel->simpanpendataanadmin()
#5 C:\xampp\htdocs\e-potensi\system\CodeIgniter.php(432): CodeIgniter\CodeIgniter->runController(Object(App\Controllers\Hotel))
#6 C:\xampp\htdocs\e-potensi\system\CodeIgniter.php(333): CodeIgniter\CodeIgniter->handleRequest(NULL, Object(Config\Cache), false)
#7 C:\xampp\htdocs\e-potensi\public\index.php(44): CodeIgniter\CodeIgniter->run()
#8 {main}
CRITICAL - 2021-11-26 01:05:25 --> Argument 2 passed to CodeIgniter\Database\BaseBuilder::set() must be of the type string or null, array given, called in C:\xampp\htdocs\e-potensi\system\Model.php on line 275
#0 C:\xampp\htdocs\e-potensi\system\Model.php(275): CodeIgniter\Database\BaseBuilder->set('golongan_kamar', Array, NULL)
#1 C:\xampp\htdocs\e-potensi\system\BaseModel.php(758): CodeIgniter\Model->doInsert(Array)
#2 C:\xampp\htdocs\e-potensi\system\Model.php(705): CodeIgniter\BaseModel->insert(Array, true)
#3 C:\xampp\htdocs\e-potensi\app\Controllers\Hotel.php(249): CodeIgniter\Model->insert(Array)
#4 C:\xampp\htdocs\e-potensi\system\CodeIgniter.php(936): App\Controllers\Hotel->simpanpendataanadmin()
#5 C:\xampp\htdocs\e-potensi\system\CodeIgniter.php(432): CodeIgniter\CodeIgniter->runController(Object(App\Controllers\Hotel))
#6 C:\xampp\htdocs\e-potensi\system\CodeIgniter.php(333): CodeIgniter\CodeIgniter->handleRequest(NULL, Object(Config\Cache), false)
#7 C:\xampp\htdocs\e-potensi\public\index.php(44): CodeIgniter\CodeIgniter->run()
#8 {main}
CRITICAL - 2021-11-26 03:25:24 --> Invalid argument supplied for foreach()
#0 C:\xampp\htdocs\e-potensi\app\Views\layout\admin.php(103): CodeIgniter\Debug\Exceptions->errorHandler(2, 'Invalid argumen...', 'C:\\xampp\\htdocs...', 103, Array)
#1 C:\xampp\htdocs\e-potensi\system\View\View.php(220): include('C:\\xampp\\htdocs...')
#2 C:\xampp\htdocs\e-potensi\system\View\View.php(222): CodeIgniter\View\View->CodeIgniter\View\{closure}()
#3 C:\xampp\htdocs\e-potensi\system\Common.php(1217): CodeIgniter\View\View->render('layout/admin', Array, true)
#4 C:\xampp\htdocs\e-potensi\app\Controllers\Admin.php(34): view('layout/admin', Array)
#5 C:\xampp\htdocs\e-potensi\system\CodeIgniter.php(936): App\Controllers\Admin->index()
#6 C:\xampp\htdocs\e-potensi\system\CodeIgniter.php(432): CodeIgniter\CodeIgniter->runController(Object(App\Controllers\Admin))
#7 C:\xampp\htdocs\e-potensi\system\CodeIgniter.php(333): CodeIgniter\CodeIgniter->handleRequest(NULL, Object(Config\Cache), false)
#8 C:\xampp\htdocs\e-potensi\public\index.php(44): CodeIgniter\CodeIgniter->run()
#9 {main}
CRITICAL - 2021-11-26 03:25:55 --> Invalid argument supplied for foreach()
#0 C:\xampp\htdocs\e-potensi\app\Views\layout\admin.php(105): CodeIgniter\Debug\Exceptions->errorHandler(2, 'Invalid argumen...', 'C:\\xampp\\htdocs...', 105, Array)
#1 C:\xampp\htdocs\e-potensi\system\View\View.php(220): include('C:\\xampp\\htdocs...')
#2 C:\xampp\htdocs\e-potensi\system\View\View.php(222): CodeIgniter\View\View->CodeIgniter\View\{closure}()
#3 C:\xampp\htdocs\e-potensi\system\Common.php(1217): CodeIgniter\View\View->render('layout/admin', Array, true)
#4 C:\xampp\htdocs\e-potensi\app\Controllers\Admin.php(34): view('layout/admin', Array)
#5 C:\xampp\htdocs\e-potensi\system\CodeIgniter.php(936): App\Controllers\Admin->index()
#6 C:\xampp\htdocs\e-potensi\system\CodeIgniter.php(432): CodeIgniter\CodeIgniter->runController(Object(App\Controllers\Admin))
#7 C:\xampp\htdocs\e-potensi\system\CodeIgniter.php(333): CodeIgniter\CodeIgniter->handleRequest(NULL, Object(Config\Cache), false)
#8 C:\xampp\htdocs\e-potensi\public\index.php(44): CodeIgniter\CodeIgniter->run()
#9 {main}
CRITICAL - 2021-11-26 03:37:49 --> substr() expects parameter 1 to be string, array given
#0 [internal function]: CodeIgniter\Debug\Exceptions->errorHandler(2, 'substr() expect...', 'C:\\xampp\\htdocs...', 303, Array)
#1 C:\xampp\htdocs\e-potensi\app\Controllers\Hotel.php(303): substr(Array, 0, -2)
#2 C:\xampp\htdocs\e-potensi\system\CodeIgniter.php(936): App\Controllers\Hotel->simpanpendataanuser()
#3 C:\xampp\htdocs\e-potensi\system\CodeIgniter.php(432): CodeIgniter\CodeIgniter->runController(Object(App\Controllers\Hotel))
#4 C:\xampp\htdocs\e-potensi\system\CodeIgniter.php(333): CodeIgniter\CodeIgniter->handleRequest(NULL, Object(Config\Cache), false)
#5 C:\xampp\htdocs\e-potensi\public\index.php(44): CodeIgniter\CodeIgniter->run()
#6 {main}
CRITICAL - 2021-11-26 23:33:06 --> Call to a member function insertBatch() on null
#0 C:\xampp\htdocs\e-potensi\system\CodeIgniter.php(936): App\Controllers\Pj->simpanpendataanadmin()
#1 C:\xampp\htdocs\e-potensi\system\CodeIgniter.php(432): CodeIgniter\CodeIgniter->runController(Object(App\Controllers\Pj))
#2 C:\xampp\htdocs\e-potensi\system\CodeIgniter.php(333): CodeIgniter\CodeIgniter->handleRequest(NULL, Object(Config\Cache), false)
#3 C:\xampp\htdocs\e-potensi\public\index.php(44): CodeIgniter\CodeIgniter->run()
#4 {main}
