CRITICAL - 2021-11-10 00:57:21 --> Argument 2 passed to CodeIgniter\Database\BaseBuilder::set() must be of the type string or null, array given, called in E:\adon\Application\Website\Epotensi-Batu\system\Model.php on line 275
#0 E:\adon\Application\Website\Epotensi-Batu\system\Model.php(275): CodeIgniter\Database\BaseBuilder->set('golongan_kamar', Array, NULL)
#1 E:\adon\Application\Website\Epotensi-Batu\system\BaseModel.php(758): CodeIgniter\Model->doInsert(Array)
#2 E:\adon\Application\Website\Epotensi-Batu\system\Model.php(705): CodeIgniter\BaseModel->insert(Array, true)
#3 E:\adon\Application\Website\Epotensi-Batu\app\Controllers\Hotel.php(256): CodeIgniter\Model->insert(Array)
#4 E:\adon\Application\Website\Epotensi-Batu\system\CodeIgniter.php(936): App\Controllers\Hotel->simpanpendataanadmin()
#5 E:\adon\Application\Website\Epotensi-Batu\system\CodeIgniter.php(432): CodeIgniter\CodeIgniter->runController(Object(App\Controllers\Hotel))
#6 E:\adon\Application\Website\Epotensi-Batu\system\CodeIgniter.php(333): CodeIgniter\CodeIgniter->handleRequest(NULL, Object(Config\Cache), false)
#7 E:\adon\Application\Website\Epotensi-Batu\public\index.php(44): CodeIgniter\CodeIgniter->run()
#8 E:\adon\Application\Website\Epotensi-Batu\system\Commands\Server\rewrite.php(45): require_once('E:\\adon\\Applica...')
#9 {main}
CRITICAL - 2021-11-10 00:57:53 --> Argument 2 passed to CodeIgniter\Database\BaseBuilder::set() must be of the type string or null, array given, called in E:\adon\Application\Website\Epotensi-Batu\system\Model.php on line 275
#0 E:\adon\Application\Website\Epotensi-Batu\system\Model.php(275): CodeIgniter\Database\BaseBuilder->set('golongan_kamar', Array, NULL)
#1 E:\adon\Application\Website\Epotensi-Batu\system\BaseModel.php(758): CodeIgniter\Model->doInsert(Array)
#2 E:\adon\Application\Website\Epotensi-Batu\system\Model.php(705): CodeIgniter\BaseModel->insert(Array, true)
#3 E:\adon\Application\Website\Epotensi-Batu\app\Controllers\Hotel.php(256): CodeIgniter\Model->insert(Array)
#4 E:\adon\Application\Website\Epotensi-Batu\system\CodeIgniter.php(936): App\Controllers\Hotel->simpanpendataanadmin()
#5 E:\adon\Application\Website\Epotensi-Batu\system\CodeIgniter.php(432): CodeIgniter\CodeIgniter->runController(Object(App\Controllers\Hotel))
#6 E:\adon\Application\Website\Epotensi-Batu\system\CodeIgniter.php(333): CodeIgniter\CodeIgniter->handleRequest(NULL, Object(Config\Cache), false)
#7 E:\adon\Application\Website\Epotensi-Batu\public\index.php(44): CodeIgniter\CodeIgniter->run()
#8 E:\adon\Application\Website\Epotensi-Batu\system\Commands\Server\rewrite.php(45): require_once('E:\\adon\\Applica...')
#9 {main}
CRITICAL - 2021-11-10 01:57:22 --> Class 'CodeIgniter\Database\oci8\Connection' not found
#0 E:\adon\Application\Website\Epotensi-Batu\system\Database\Database.php(69): CodeIgniter\Database\Database->initDriver('oci8', 'CodeIgniter\\Dat...', Array)
#1 E:\adon\Application\Website\Epotensi-Batu\system\Database\Config.php(87): CodeIgniter\Database\Database->load(Array, 'default')
#2 E:\adon\Application\Website\Epotensi-Batu\system\Model.php(111): CodeIgniter\Database\Config::connect('default')
#3 E:\adon\Application\Website\Epotensi-Batu\system\Config\Factories.php(114): CodeIgniter\Model->__construct(NULL)
#4 E:\adon\Application\Website\Epotensi-Batu\system\Common.php(847): CodeIgniter\Config\Factories::__callStatic('models', Array)
#5 E:\adon\Application\Website\Epotensi-Batu\vendor\myth\auth\src\Config\Services.php(27): model('Myth\\Auth\\Model...')
#6 E:\adon\Application\Website\Epotensi-Batu\system\Config\BaseService.php(100): Myth\Auth\Config\Services::authentication('local', NULL, NULL, false)
#7 E:\adon\Application\Website\Epotensi-Batu\vendor\myth\auth\src\Config\Services.php(24): CodeIgniter\Config\BaseService::getSharedInstance('authentication', 'local', NULL, NULL)
#8 E:\adon\Application\Website\Epotensi-Batu\system\Config\BaseService.php(171): Myth\Auth\Config\Services::authentication()
#9 E:\adon\Application\Website\Epotensi-Batu\system\Common.php(1030): CodeIgniter\Config\BaseService::__callStatic('authentication', Array)
#10 E:\adon\Application\Website\Epotensi-Batu\vendor\myth\auth\src\Filters\LoginFilter.php(44): service('authentication')
#11 E:\adon\Application\Website\Epotensi-Batu\system\Filters\Filters.php(181): Myth\Auth\Filters\LoginFilter->before(Object(CodeIgniter\HTTP\IncomingRequest), NULL)
#12 E:\adon\Application\Website\Epotensi-Batu\system\CodeIgniter.php(403): CodeIgniter\Filters\Filters->run('/', 'before')
#13 E:\adon\Application\Website\Epotensi-Batu\system\CodeIgniter.php(333): CodeIgniter\CodeIgniter->handleRequest(NULL, Object(Config\Cache), false)
#14 E:\adon\Application\Website\Epotensi-Batu\public\index.php(44): CodeIgniter\CodeIgniter->run()
#15 E:\adon\Application\Website\Epotensi-Batu\system\Commands\Server\rewrite.php(45): require_once('E:\\adon\\Applica...')
#16 {main}
CRITICAL - 2021-11-10 01:59:59 --> Class 'CodeIgniter\Database\oci12\Connection' not found
#0 E:\adon\Application\Website\Epotensi-Batu\system\Database\Database.php(69): CodeIgniter\Database\Database->initDriver('oci12', 'CodeIgniter\\Dat...', Array)
#1 E:\adon\Application\Website\Epotensi-Batu\system\Database\Config.php(87): CodeIgniter\Database\Database->load(Array, 'default')
#2 E:\adon\Application\Website\Epotensi-Batu\system\Model.php(111): CodeIgniter\Database\Config::connect('default')
#3 E:\adon\Application\Website\Epotensi-Batu\system\Config\Factories.php(114): CodeIgniter\Model->__construct(NULL)
#4 E:\adon\Application\Website\Epotensi-Batu\system\Common.php(847): CodeIgniter\Config\Factories::__callStatic('models', Array)
#5 E:\adon\Application\Website\Epotensi-Batu\vendor\myth\auth\src\Config\Services.php(27): model('Myth\\Auth\\Model...')
#6 E:\adon\Application\Website\Epotensi-Batu\system\Config\BaseService.php(100): Myth\Auth\Config\Services::authentication('local', NULL, NULL, false)
#7 E:\adon\Application\Website\Epotensi-Batu\vendor\myth\auth\src\Config\Services.php(24): CodeIgniter\Config\BaseService::getSharedInstance('authentication', 'local', NULL, NULL)
#8 E:\adon\Application\Website\Epotensi-Batu\system\Config\BaseService.php(171): Myth\Auth\Config\Services::authentication()
#9 E:\adon\Application\Website\Epotensi-Batu\system\Common.php(1030): CodeIgniter\Config\BaseService::__callStatic('authentication', Array)
#10 E:\adon\Application\Website\Epotensi-Batu\vendor\myth\auth\src\Filters\LoginFilter.php(44): service('authentication')
#11 E:\adon\Application\Website\Epotensi-Batu\system\Filters\Filters.php(181): Myth\Auth\Filters\LoginFilter->before(Object(CodeIgniter\HTTP\IncomingRequest), NULL)
#12 E:\adon\Application\Website\Epotensi-Batu\system\CodeIgniter.php(403): CodeIgniter\Filters\Filters->run('/', 'before')
#13 E:\adon\Application\Website\Epotensi-Batu\system\CodeIgniter.php(333): CodeIgniter\CodeIgniter->handleRequest(NULL, Object(Config\Cache), false)
#14 E:\adon\Application\Website\Epotensi-Batu\public\index.php(44): CodeIgniter\CodeIgniter->run()
#15 E:\adon\Application\Website\Epotensi-Batu\system\Commands\Server\rewrite.php(45): require_once('E:\\adon\\Applica...')
#16 {main}
CRITICAL - 2021-11-10 02:02:04 --> Class 'CodeIgniter\Database\oci8\Connection' not found
#0 E:\adon\Application\Website\Epotensi-Batu\system\Database\Database.php(69): CodeIgniter\Database\Database->initDriver('oci8', 'CodeIgniter\\Dat...', Array)
#1 E:\adon\Application\Website\Epotensi-Batu\system\Database\Config.php(87): CodeIgniter\Database\Database->load(Array, 'default')
#2 E:\adon\Application\Website\Epotensi-Batu\system\Model.php(111): CodeIgniter\Database\Config::connect('default')
#3 E:\adon\Application\Website\Epotensi-Batu\system\Config\Factories.php(114): CodeIgniter\Model->__construct(NULL)
#4 E:\adon\Application\Website\Epotensi-Batu\system\Common.php(847): CodeIgniter\Config\Factories::__callStatic('models', Array)
#5 E:\adon\Application\Website\Epotensi-Batu\vendor\myth\auth\src\Config\Services.php(27): model('Myth\\Auth\\Model...')
#6 E:\adon\Application\Website\Epotensi-Batu\system\Config\BaseService.php(100): Myth\Auth\Config\Services::authentication('local', NULL, NULL, false)
#7 E:\adon\Application\Website\Epotensi-Batu\vendor\myth\auth\src\Config\Services.php(24): CodeIgniter\Config\BaseService::getSharedInstance('authentication', 'local', NULL, NULL)
#8 E:\adon\Application\Website\Epotensi-Batu\system\Config\BaseService.php(171): Myth\Auth\Config\Services::authentication()
#9 E:\adon\Application\Website\Epotensi-Batu\system\Common.php(1030): CodeIgniter\Config\BaseService::__callStatic('authentication', Array)
#10 E:\adon\Application\Website\Epotensi-Batu\vendor\myth\auth\src\Filters\LoginFilter.php(44): service('authentication')
#11 E:\adon\Application\Website\Epotensi-Batu\system\Filters\Filters.php(181): Myth\Auth\Filters\LoginFilter->before(Object(CodeIgniter\HTTP\IncomingRequest), NULL)
#12 E:\adon\Application\Website\Epotensi-Batu\system\CodeIgniter.php(403): CodeIgniter\Filters\Filters->run('/', 'before')
#13 E:\adon\Application\Website\Epotensi-Batu\system\CodeIgniter.php(333): CodeIgniter\CodeIgniter->handleRequest(NULL, Object(Config\Cache), false)
#14 E:\adon\Application\Website\Epotensi-Batu\public\index.php(44): CodeIgniter\CodeIgniter->run()
#15 E:\adon\Application\Website\Epotensi-Batu\system\Commands\Server\rewrite.php(45): require_once('E:\\adon\\Applica...')
#16 {main}
CRITICAL - 2021-11-10 02:10:12 --> Class 'CodeIgniter\Database\oci8\Connection' not found
#0 E:\adon\Application\Website\Epotensi-Batu\system\Database\Database.php(69): CodeIgniter\Database\Database->initDriver('oci8', 'CodeIgniter\\Dat...', Array)
#1 E:\adon\Application\Website\Epotensi-Batu\system\Database\Config.php(87): CodeIgniter\Database\Database->load(Array, 'default')
#2 E:\adon\Application\Website\Epotensi-Batu\system\Model.php(111): CodeIgniter\Database\Config::connect('default')
#3 E:\adon\Application\Website\Epotensi-Batu\system\Config\Factories.php(114): CodeIgniter\Model->__construct(NULL)
#4 E:\adon\Application\Website\Epotensi-Batu\system\Common.php(847): CodeIgniter\Config\Factories::__callStatic('models', Array)
#5 E:\adon\Application\Website\Epotensi-Batu\vendor\myth\auth\src\Config\Services.php(27): model('Myth\\Auth\\Model...')
#6 E:\adon\Application\Website\Epotensi-Batu\system\Config\BaseService.php(100): Myth\Auth\Config\Services::authentication('local', NULL, NULL, false)
#7 E:\adon\Application\Website\Epotensi-Batu\vendor\myth\auth\src\Config\Services.php(24): CodeIgniter\Config\BaseService::getSharedInstance('authentication', 'local', NULL, NULL)
#8 E:\adon\Application\Website\Epotensi-Batu\system\Config\BaseService.php(171): Myth\Auth\Config\Services::authentication()
#9 E:\adon\Application\Website\Epotensi-Batu\system\Common.php(1030): CodeIgniter\Config\BaseService::__callStatic('authentication', Array)
#10 E:\adon\Application\Website\Epotensi-Batu\vendor\myth\auth\src\Filters\LoginFilter.php(44): service('authentication')
#11 E:\adon\Application\Website\Epotensi-Batu\system\Filters\Filters.php(181): Myth\Auth\Filters\LoginFilter->before(Object(CodeIgniter\HTTP\IncomingRequest), NULL)
#12 E:\adon\Application\Website\Epotensi-Batu\system\CodeIgniter.php(403): CodeIgniter\Filters\Filters->run('/', 'before')
#13 E:\adon\Application\Website\Epotensi-Batu\system\CodeIgniter.php(333): CodeIgniter\CodeIgniter->handleRequest(NULL, Object(Config\Cache), false)
#14 E:\adon\Application\Website\Epotensi-Batu\public\index.php(44): CodeIgniter\CodeIgniter->run()
#15 E:\adon\Application\Website\Epotensi-Batu\system\Commands\Server\rewrite.php(45): require_once('E:\\adon\\Applica...')
#16 {main}
CRITICAL - 2021-11-10 02:40:08 --> Class 'CodeIgniter\Database\oci8\Connection' not found
#0 E:\adon\Application\Website\Epotensi-Batu\system\Database\Database.php(69): CodeIgniter\Database\Database->initDriver('oci8', 'CodeIgniter\\Dat...', Array)
#1 E:\adon\Application\Website\Epotensi-Batu\system\Database\Config.php(87): CodeIgniter\Database\Database->load(Array, 'default')
#2 E:\adon\Application\Website\Epotensi-Batu\system\Model.php(111): CodeIgniter\Database\Config::connect('default')
#3 E:\adon\Application\Website\Epotensi-Batu\system\Config\Factories.php(114): CodeIgniter\Model->__construct(NULL)
#4 E:\adon\Application\Website\Epotensi-Batu\system\Common.php(847): CodeIgniter\Config\Factories::__callStatic('models', Array)
#5 E:\adon\Application\Website\Epotensi-Batu\vendor\myth\auth\src\Config\Services.php(27): model('Myth\\Auth\\Model...')
#6 E:\adon\Application\Website\Epotensi-Batu\system\Config\BaseService.php(100): Myth\Auth\Config\Services::authentication('local', NULL, NULL, false)
#7 E:\adon\Application\Website\Epotensi-Batu\vendor\myth\auth\src\Config\Services.php(24): CodeIgniter\Config\BaseService::getSharedInstance('authentication', 'local', NULL, NULL)
#8 E:\adon\Application\Website\Epotensi-Batu\system\Config\BaseService.php(171): Myth\Auth\Config\Services::authentication()
#9 E:\adon\Application\Website\Epotensi-Batu\system\Common.php(1030): CodeIgniter\Config\BaseService::__callStatic('authentication', Array)
#10 E:\adon\Application\Website\Epotensi-Batu\vendor\myth\auth\src\Filters\LoginFilter.php(44): service('authentication')
#11 E:\adon\Application\Website\Epotensi-Batu\system\Filters\Filters.php(181): Myth\Auth\Filters\LoginFilter->before(Object(CodeIgniter\HTTP\IncomingRequest), NULL)
#12 E:\adon\Application\Website\Epotensi-Batu\system\CodeIgniter.php(403): CodeIgniter\Filters\Filters->run('/', 'before')
#13 E:\adon\Application\Website\Epotensi-Batu\system\CodeIgniter.php(333): CodeIgniter\CodeIgniter->handleRequest(NULL, Object(Config\Cache), false)
#14 E:\adon\Application\Website\Epotensi-Batu\public\index.php(44): CodeIgniter\CodeIgniter->run()
#15 E:\adon\Application\Website\Epotensi-Batu\system\Commands\Server\rewrite.php(45): require_once('E:\\adon\\Applica...')
#16 {main}
CRITICAL - 2021-11-10 02:48:09 --> Class 'CodeIgniter\Database\oci8\Connection' not found
#0 E:\adon\Application\Website\Epotensi-Batu\system\Database\Database.php(69): CodeIgniter\Database\Database->initDriver('oci8', 'CodeIgniter\\Dat...', Array)
#1 E:\adon\Application\Website\Epotensi-Batu\system\Database\Config.php(87): CodeIgniter\Database\Database->load(Array, 'default')
#2 E:\adon\Application\Website\Epotensi-Batu\system\Model.php(111): CodeIgniter\Database\Config::connect('default')
#3 E:\adon\Application\Website\Epotensi-Batu\system\Config\Factories.php(114): CodeIgniter\Model->__construct(NULL)
#4 E:\adon\Application\Website\Epotensi-Batu\system\Common.php(847): CodeIgniter\Config\Factories::__callStatic('models', Array)
#5 E:\adon\Application\Website\Epotensi-Batu\vendor\myth\auth\src\Config\Services.php(27): model('Myth\\Auth\\Model...')
#6 E:\adon\Application\Website\Epotensi-Batu\system\Config\BaseService.php(100): Myth\Auth\Config\Services::authentication('local', NULL, NULL, false)
#7 E:\adon\Application\Website\Epotensi-Batu\vendor\myth\auth\src\Config\Services.php(24): CodeIgniter\Config\BaseService::getSharedInstance('authentication', 'local', NULL, NULL)
#8 E:\adon\Application\Website\Epotensi-Batu\system\Config\BaseService.php(171): Myth\Auth\Config\Services::authentication()
#9 E:\adon\Application\Website\Epotensi-Batu\system\Common.php(1030): CodeIgniter\Config\BaseService::__callStatic('authentication', Array)
#10 E:\adon\Application\Website\Epotensi-Batu\vendor\myth\auth\src\Filters\LoginFilter.php(44): service('authentication')
#11 E:\adon\Application\Website\Epotensi-Batu\system\Filters\Filters.php(181): Myth\Auth\Filters\LoginFilter->before(Object(CodeIgniter\HTTP\IncomingRequest), NULL)
#12 E:\adon\Application\Website\Epotensi-Batu\system\CodeIgniter.php(403): CodeIgniter\Filters\Filters->run('/', 'before')
#13 E:\adon\Application\Website\Epotensi-Batu\system\CodeIgniter.php(333): CodeIgniter\CodeIgniter->handleRequest(NULL, Object(Config\Cache), false)
#14 E:\adon\Application\Website\Epotensi-Batu\public\index.php(44): CodeIgniter\CodeIgniter->run()
#15 E:\adon\Application\Website\Epotensi-Batu\system\Commands\Server\rewrite.php(45): require_once('E:\\adon\\Applica...')
#16 {main}
CRITICAL - 2021-11-10 02:48:29 --> Class 'CodeIgniter\Database\oci8\Connection' not found
#0 E:\adon\Application\Website\Epotensi-Batu\system\Database\Database.php(69): CodeIgniter\Database\Database->initDriver('oci8', 'CodeIgniter\\Dat...', Array)
#1 E:\adon\Application\Website\Epotensi-Batu\system\Database\Config.php(87): CodeIgniter\Database\Database->load(Array, 'default')
#2 E:\adon\Application\Website\Epotensi-Batu\system\Model.php(111): CodeIgniter\Database\Config::connect('default')
#3 E:\adon\Application\Website\Epotensi-Batu\system\Config\Factories.php(114): CodeIgniter\Model->__construct(NULL)
#4 E:\adon\Application\Website\Epotensi-Batu\system\Common.php(847): CodeIgniter\Config\Factories::__callStatic('models', Array)
#5 E:\adon\Application\Website\Epotensi-Batu\vendor\myth\auth\src\Config\Services.php(27): model('Myth\\Auth\\Model...')
#6 E:\adon\Application\Website\Epotensi-Batu\system\Config\BaseService.php(100): Myth\Auth\Config\Services::authentication('local', NULL, NULL, false)
#7 E:\adon\Application\Website\Epotensi-Batu\vendor\myth\auth\src\Config\Services.php(24): CodeIgniter\Config\BaseService::getSharedInstance('authentication', 'local', NULL, NULL)
#8 E:\adon\Application\Website\Epotensi-Batu\system\Config\BaseService.php(171): Myth\Auth\Config\Services::authentication()
#9 E:\adon\Application\Website\Epotensi-Batu\system\Common.php(1030): CodeIgniter\Config\BaseService::__callStatic('authentication', Array)
#10 E:\adon\Application\Website\Epotensi-Batu\vendor\myth\auth\src\Filters\LoginFilter.php(44): service('authentication')
#11 E:\adon\Application\Website\Epotensi-Batu\system\Filters\Filters.php(181): Myth\Auth\Filters\LoginFilter->before(Object(CodeIgniter\HTTP\IncomingRequest), NULL)
#12 E:\adon\Application\Website\Epotensi-Batu\system\CodeIgniter.php(403): CodeIgniter\Filters\Filters->run('/', 'before')
#13 E:\adon\Application\Website\Epotensi-Batu\system\CodeIgniter.php(333): CodeIgniter\CodeIgniter->handleRequest(NULL, Object(Config\Cache), false)
#14 E:\adon\Application\Website\Epotensi-Batu\public\index.php(44): CodeIgniter\CodeIgniter->run()
#15 E:\adon\Application\Website\Epotensi-Batu\system\Commands\Server\rewrite.php(45): require_once('E:\\adon\\Applica...')
#16 {main}
