ERROR - 2021-10-18 21:29:39 --> Error connecting to the database: Access denied for user ''@'localhost' (using password: NO)
CRITICAL - 2021-10-18 21:29:39 --> Unable to connect to the database.
#0 E:\adon\Application\Website\Epotensi-Batu\system\Database\BaseConnection.php(618): CodeIgniter\Database\BaseConnection->initialize()
#1 E:\adon\Application\Website\Epotensi-Batu\system\Database\BaseBuilder.php(1866): CodeIgniter\Database\BaseConnection->query('SELECT *\nFROM `...', Array, false)
#2 E:\adon\Application\Website\Epotensi-Batu\system\Model.php(169): CodeIgniter\Database\BaseBuilder->get()
#3 E:\adon\Application\Website\Epotensi-Batu\system\BaseModel.php(518): CodeIgniter\Model->doFind(true, '17')
#4 E:\adon\Application\Website\Epotensi-Batu\vendor\myth\auth\src\Authentication\AuthenticationBase.php(137): CodeIgniter\BaseModel->find('17')
#5 E:\adon\Application\Website\Epotensi-Batu\vendor\myth\auth\src\Authentication\LocalAuthenticator.php(70): Myth\Auth\Authentication\AuthenticationBase->isLoggedIn()
#6 E:\adon\Application\Website\Epotensi-Batu\vendor\myth\auth\src\Filters\LoginFilter.php(45): Myth\Auth\Authentication\LocalAuthenticator->check()
#7 E:\adon\Application\Website\Epotensi-Batu\system\Filters\Filters.php(181): Myth\Auth\Filters\LoginFilter->before(Object(CodeIgniter\HTTP\IncomingRequest), NULL)
#8 E:\adon\Application\Website\Epotensi-Batu\system\CodeIgniter.php(403): CodeIgniter\Filters\Filters->run('hotel/index', 'before')
#9 E:\adon\Application\Website\Epotensi-Batu\system\CodeIgniter.php(333): CodeIgniter\CodeIgniter->handleRequest(NULL, Object(Config\Cache), false)
#10 E:\adon\Application\Website\Epotensi-Batu\public\index.php(44): CodeIgniter\CodeIgniter->run()
#11 E:\adon\Application\Website\Epotensi-Batu\system\Commands\Server\rewrite.php(45): require_once('E:\\adon\\Applica...')
#12 {main}
ERROR - 2021-10-18 21:33:45 --> Error connecting to the database: No connection could be made because the target machine actively refused it.

CRITICAL - 2021-10-18 21:33:45 --> Unable to connect to the database.
#0 E:\adon\Application\Website\Epotensi-Batu\system\Database\BaseConnection.php(618): CodeIgniter\Database\BaseConnection->initialize()
#1 E:\adon\Application\Website\Epotensi-Batu\system\Database\BaseBuilder.php(1866): CodeIgniter\Database\BaseConnection->query('SELECT *\nFROM `...', Array, false)
#2 E:\adon\Application\Website\Epotensi-Batu\system\Model.php(169): CodeIgniter\Database\BaseBuilder->get()
#3 E:\adon\Application\Website\Epotensi-Batu\system\BaseModel.php(518): CodeIgniter\Model->doFind(true, '17')
#4 E:\adon\Application\Website\Epotensi-Batu\vendor\myth\auth\src\Authentication\AuthenticationBase.php(137): CodeIgniter\BaseModel->find('17')
#5 E:\adon\Application\Website\Epotensi-Batu\vendor\myth\auth\src\Authentication\LocalAuthenticator.php(70): Myth\Auth\Authentication\AuthenticationBase->isLoggedIn()
#6 E:\adon\Application\Website\Epotensi-Batu\vendor\myth\auth\src\Filters\LoginFilter.php(45): Myth\Auth\Authentication\LocalAuthenticator->check()
#7 E:\adon\Application\Website\Epotensi-Batu\system\Filters\Filters.php(181): Myth\Auth\Filters\LoginFilter->before(Object(CodeIgniter\HTTP\IncomingRequest), NULL)
#8 E:\adon\Application\Website\Epotensi-Batu\system\CodeIgniter.php(403): CodeIgniter\Filters\Filters->run('hotel/index', 'before')
#9 E:\adon\Application\Website\Epotensi-Batu\system\CodeIgniter.php(333): CodeIgniter\CodeIgniter->handleRequest(NULL, Object(Config\Cache), false)
#10 E:\adon\Application\Website\Epotensi-Batu\public\index.php(44): CodeIgniter\CodeIgniter->run()
#11 E:\adon\Application\Website\Epotensi-Batu\system\Commands\Server\rewrite.php(45): require_once('E:\\adon\\Applica...')
#12 {main}
CRITICAL - 2021-10-18 21:35:16 --> Class 'CodeIgniter\Database\oci8\Connection' not found
#0 E:\adon\Application\Website\Epotensi-Batu\system\Database\Database.php(69): CodeIgniter\Database\Database->initDriver('oci8', 'CodeIgniter\\Dat...', Array)
#1 E:\adon\Application\Website\Epotensi-Batu\system\Database\Config.php(87): CodeIgniter\Database\Database->load(Array, 'default')
#2 E:\adon\Application\Website\Epotensi-Batu\system\Model.php(111): CodeIgniter\Database\Config::connect('default')
#3 E:\adon\Application\Website\Epotensi-Batu\system\Config\Factories.php(114): CodeIgniter\Model->__construct(NULL)
#4 E:\adon\Application\Website\Epotensi-Batu\system\Common.php(847): CodeIgniter\Config\Factories::__callStatic('models', Array)
#5 E:\adon\Application\Website\Epotensi-Batu\vendor\myth\auth\src\Config\Services.php(27): model('Myth\\Auth\\Model...')
#6 E:\adon\Application\Website\Epotensi-Batu\system\Config\BaseService.php(100): Myth\Auth\Config\Services::authentication('local', NULL, NULL, false)
#7 E:\adon\Application\Website\Epotensi-Batu\vendor\myth\auth\src\Config\Services.php(24): CodeIgniter\Config\BaseService::getSharedInstance('authentication', 'local', NULL, NULL)
#8 E:\adon\Application\Website\Epotensi-Batu\system\Config\BaseService.php(171): Myth\Auth\Config\Services::authentication()
#9 E:\adon\Application\Website\Epotensi-Batu\system\Common.php(1030): CodeIgniter\Config\BaseService::__callStatic('authentication', Array)
#10 E:\adon\Application\Website\Epotensi-Batu\vendor\myth\auth\src\Filters\LoginFilter.php(44): service('authentication')
#11 E:\adon\Application\Website\Epotensi-Batu\system\Filters\Filters.php(181): Myth\Auth\Filters\LoginFilter->before(Object(CodeIgniter\HTTP\IncomingRequest), NULL)
#12 E:\adon\Application\Website\Epotensi-Batu\system\CodeIgniter.php(403): CodeIgniter\Filters\Filters->run('hotel/index', 'before')
#13 E:\adon\Application\Website\Epotensi-Batu\system\CodeIgniter.php(333): CodeIgniter\CodeIgniter->handleRequest(NULL, Object(Config\Cache), false)
#14 E:\adon\Application\Website\Epotensi-Batu\public\index.php(44): CodeIgniter\CodeIgniter->run()
#15 E:\adon\Application\Website\Epotensi-Batu\system\Commands\Server\rewrite.php(45): require_once('E:\\adon\\Applica...')
#16 {main}
